{"/Users/duanguang/Documents/Front-End/legions/lerna-legion-library/packages/legions-thirdparty-plugin/src/index.ts": {"path":"/Users/duanguang/Documents/Front-End/legions/lerna-legion-library/packages/legions-thirdparty-plugin/src/index.ts","statementMap":{"0":{"start":{"line":11,"column":0},"end":{"line":11,"column":9}},"1":{"start":{"line":11,"column":9},"end":{"line":11,"column":38}},"2":{"start":{"line":12,"column":0},"end":{"line":12,"column":9}},"3":{"start":{"line":12,"column":9},"end":{"line":12,"column":47}},"4":{"start":{"line":13,"column":0},"end":{"line":13,"column":8}},"5":{"start":{"line":13,"column":8},"end":{"line":13,"column":29}},"6":{"start":{"line":13,"column":29},"end":{"line":13,"column":83}}},"fnMap":{"0":{"name":"(anonymous_0)","decl":{"start":{"line":11,"column":9},"end":{"line":11,"column":22}},"loc":{"start":{"line":11,"column":9},"end":{"line":11,"column":38}}},"1":{"name":"(anonymous_1)","decl":{"start":{"line":12,"column":9},"end":{"line":12,"column":19}},"loc":{"start":{"line":12,"column":9},"end":{"line":12,"column":47}}},"2":{"name":"(anonymous_2)","decl":{"start":{"line":13,"column":8},"end":{"line":13,"column":28}},"loc":{"start":{"line":13,"column":8},"end":{"line":13,"column":29}}},"3":{"name":"(anonymous_3)","decl":{"start":{"line":13,"column":29},"end":{"line":13,"column":46}},"loc":{"start":{"line":13,"column":29},"end":{"line":13,"column":83}}}},"branchMap":{},"s":{"0":1,"1":16,"2":1,"3":1,"4":1,"5":1,"6":1},"f":{"0":15,"1":0,"2":0,"3":0},"b":{}}
,"/Users/duanguang/Documents/Front-End/legions/lerna-legion-library/packages/legions-thirdparty-plugin/src/main/eventHub.ts": {"path":"/Users/duanguang/Documents/Front-End/legions/lerna-legion-library/packages/legions-thirdparty-plugin/src/main/eventHub.ts","statementMap":{"0":{"start":{"line":1,"column":0},"end":{"line":1,"column":43}},"1":{"start":{"line":2,"column":0},"end":{"line":2,"column":58}},"2":{"start":{"line":7,"column":0},"end":{"line":7,"column":13}},"3":{"start":{"line":9,"column":4},"end":{"line":9,"column":23}},"4":{"start":{"line":10,"column":4},"end":{"line":21,"column":null}},"5":{"start":{"line":11,"column":6},"end":{"line":20,"column":null}},"6":{"start":{"line":11,"column":36},"end":{"line":11,"column":54}},"7":{"start":{"line":12,"column":8},"end":{"line":15,"column":null}},"8":{"start":{"line":13,"column":10},"end":{"line":13,"column":62}},"9":{"start":{"line":14,"column":10},"end":{"line":14,"column":17}},"10":{"start":{"line":16,"column":8},"end":{"line":16,"column":58}},"11":{"start":{"line":17,"column":8},"end":{"line":17,"column":38}},"12":{"start":{"line":19,"column":8},"end":{"line":19,"column":37}},"13":{"start":{"line":22,"column":4},"end":{"line":35,"column":null}},"14":{"start":{"line":23,"column":6},"end":{"line":34,"column":null}},"15":{"start":{"line":27,"column":8},"end":{"line":33,"column":null}},"16":{"start":{"line":28,"column":24},"end":{"line":28,"column":57}},"17":{"start":{"line":29,"column":10},"end":{"line":29,"column":35}},"18":{"start":{"line":29,"column":28},"end":{"line":29,"column":35}},"19":{"start":{"line":30,"column":10},"end":{"line":30,"column":15}},"20":{"start":{"line":32,"column":10},"end":{"line":32,"column":51}},"21":{"start":{"line":32,"column":45},"end":{"line":32,"column":50}},"22":{"start":{"line":36,"column":4},"end":{"line":49,"column":null}},"23":{"start":{"line":37,"column":6},"end":{"line":48,"column":null}},"24":{"start":{"line":41,"column":8},"end":{"line":47,"column":null}},"25":{"start":{"line":42,"column":24},"end":{"line":42,"column":58}},"26":{"start":{"line":43,"column":10},"end":{"line":43,"column":35}},"27":{"start":{"line":43,"column":28},"end":{"line":43,"column":35}},"28":{"start":{"line":44,"column":10},"end":{"line":44,"column":49}},"29":{"start":{"line":46,"column":10},"end":{"line":46,"column":37}},"30":{"start":{"line":50,"column":2},"end":{"line":50,"column":null}},"31":{"start":{"line":7,"column":13},"end":{"line":7,"column":21}}},"fnMap":{"0":{"name":"(anonymous_0)","decl":{"start":{"line":7,"column":0},"end":{"line":7,"column":13}},"loc":{"start":{"line":7,"column":0},"end":{"line":50,"column":null}}},"1":{"name":"(anonymous_2)","decl":{"start":{"line":10,"column":4},"end":{"line":10,"column":6}},"loc":{"start":{"line":10,"column":47},"end":{"line":21,"column":5}}},"2":{"name":"(anonymous_3)","decl":{"start":{"line":11,"column":28},"end":{"line":11,"column":32}},"loc":{"start":{"line":11,"column":32},"end":{"line":11,"column":40}}},"3":{"name":"(anonymous_4)","decl":{"start":{"line":22,"column":4},"end":{"line":22,"column":8}},"loc":{"start":{"line":22,"column":50},"end":{"line":35,"column":5}}},"4":{"name":"(anonymous_5)","decl":{"start":{"line":32,"column":39},"end":{"line":32,"column":41}},"loc":{"start":{"line":32,"column":41},"end":{"line":32,"column":47}}},"5":{"name":"(anonymous_6)","decl":{"start":{"line":36,"column":4},"end":{"line":36,"column":7}},"loc":{"start":{"line":36,"column":50},"end":{"line":49,"column":5}}}},"branchMap":{"0":{"loc":{"start":{"line":11,"column":6},"end":{"line":20,"column":null}},"type":"if","locations":[{"start":{"line":11,"column":6},"end":{"line":20,"column":null}},{"start":{"line":11,"column":6},"end":{"line":20,"column":null}}]},"1":{"loc":{"start":{"line":12,"column":8},"end":{"line":15,"column":null}},"type":"if","locations":[{"start":{"line":12,"column":8},"end":{"line":15,"column":null}},{"start":{"line":12,"column":8},"end":{"line":15,"column":null}}]},"2":{"loc":{"start":{"line":16,"column":31},"end":{"line":16,"column":51}},"type":"binary-expr","locations":[{"start":{"line":16,"column":31},"end":{"line":16,"column":51}},{"start":{"line":16,"column":55},"end":{"line":16,"column":57}}]},"3":{"loc":{"start":{"line":23,"column":6},"end":{"line":34,"column":null}},"type":"if","locations":[{"start":{"line":23,"column":6},"end":{"line":34,"column":null}},{"start":{"line":23,"column":6},"end":{"line":34,"column":null}}]},"4":{"loc":{"start":{"line":24,"column":8},"end":{"line":24,"column":28}},"type":"binary-expr","locations":[{"start":{"line":24,"column":8},"end":{"line":24,"column":28}},{"start":{"line":25,"column":8},"end":{"line":25,"column":81}}]},"5":{"loc":{"start":{"line":27,"column":8},"end":{"line":33,"column":null}},"type":"if","locations":[{"start":{"line":27,"column":8},"end":{"line":33,"column":null}},{"start":{"line":27,"column":8},"end":{"line":33,"column":null}}]},"6":{"loc":{"start":{"line":29,"column":10},"end":{"line":29,"column":35}},"type":"if","locations":[{"start":{"line":29,"column":10},"end":{"line":29,"column":35}},{"start":{"line":29,"column":10},"end":{"line":29,"column":35}}]},"7":{"loc":{"start":{"line":37,"column":6},"end":{"line":48,"column":null}},"type":"if","locations":[{"start":{"line":37,"column":6},"end":{"line":48,"column":null}},{"start":{"line":37,"column":6},"end":{"line":48,"column":null}}]},"8":{"loc":{"start":{"line":38,"column":8},"end":{"line":38,"column":29}},"type":"binary-expr","locations":[{"start":{"line":38,"column":8},"end":{"line":38,"column":29}},{"start":{"line":39,"column":8},"end":{"line":39,"column":82}}]},"9":{"loc":{"start":{"line":41,"column":8},"end":{"line":47,"column":null}},"type":"if","locations":[{"start":{"line":41,"column":8},"end":{"line":47,"column":null}},{"start":{"line":41,"column":8},"end":{"line":47,"column":null}}]},"10":{"loc":{"start":{"line":41,"column":12},"end":{"line":41,"column":14}},"type":"binary-expr","locations":[{"start":{"line":41,"column":12},"end":{"line":41,"column":14}},{"start":{"line":41,"column":18},"end":{"line":41,"column":42}}]},"11":{"loc":{"start":{"line":43,"column":10},"end":{"line":43,"column":35}},"type":"if","locations":[{"start":{"line":43,"column":10},"end":{"line":43,"column":35}},{"start":{"line":43,"column":10},"end":{"line":43,"column":35}}]}},"s":{"0":1,"1":1,"2":1,"3":1,"4":1,"5":5,"6":24,"7":5,"8":0,"9":0,"10":5,"11":5,"12":0,"13":1,"14":5,"15":5,"16":0,"17":0,"18":0,"19":0,"20":5,"21":5,"22":1,"23":5,"24":5,"25":0,"26":0,"27":0,"28":0,"29":5,"30":1,"31":1},"f":{"0":2,"1":5,"2":24,"3":5,"4":5,"5":5},"b":{"0":[5,0],"1":[0,5],"2":[5,5],"3":[5,0],"4":[5,5],"5":[0,5],"6":[0,0],"7":[5,0],"8":[5,5],"9":[0,5],"10":[5,0],"11":[0,0]}}
,"/Users/duanguang/Documents/Front-End/legions/lerna-legion-library/packages/legions-thirdparty-plugin/src/main/index.ts": {"path":"/Users/duanguang/Documents/Front-End/legions/lerna-legion-library/packages/legions-thirdparty-plugin/src/main/index.ts","statementMap":{"0":{"start":{"line":2,"column":0},"end":{"line":2,"column":136}},"1":{"start":{"line":3,"column":0},"end":{"line":3,"column":39}},"2":{"start":{"line":4,"column":0},"end":{"line":4,"column":38}},"3":{"start":{"line":9,"column":0},"end":{"line":9,"column":72}},"4":{"start":{"line":11,"column":11},"end":{"line":11,"column":35}},"5":{"start":{"line":12,"column":22},"end":{"line":12,"column":26}},"6":{"start":{"line":13,"column":2},"end":{"line":17,"column":null}},"7":{"start":{"line":14,"column":4},"end":{"line":14,"column":67}},"8":{"start":{"line":16,"column":4},"end":{"line":16,"column":25}},"9":{"start":{"line":18,"column":2},"end":{"line":20,"column":null}},"10":{"start":{"line":19,"column":4},"end":{"line":19,"column":60}},"11":{"start":{"line":21,"column":2},"end":{"line":62,"column":null}},"12":{"start":{"line":22,"column":17},"end":{"line":22,"column":49}},"13":{"start":{"line":23,"column":4},"end":{"line":23,"column":19}},"14":{"start":{"line":24,"column":20},"end":{"line":24,"column":53}},"15":{"start":{"line":25,"column":4},"end":{"line":25,"column":33}},"16":{"start":{"line":26,"column":4},"end":{"line":26,"column":38}},"17":{"start":{"line":28,"column":4},"end":{"line":48,"column":6}},"18":{"start":{"line":31,"column":6},"end":{"line":47,"column":null}},"19":{"start":{"line":33,"column":8},"end":{"line":46,"column":null}},"20":{"start":{"line":34,"column":10},"end":{"line":43,"column":null}},"21":{"start":{"line":35,"column":12},"end":{"line":36,"column":67}},"22":{"start":{"line":37,"column":17},"end":{"line":43,"column":null}},"23":{"start":{"line":38,"column":12},"end":{"line":39,"column":68}},"24":{"start":{"line":41,"column":12},"end":{"line":42,"column":54}},"25":{"start":{"line":44,"column":10},"end":{"line":44,"column":43}},"26":{"start":{"line":45,"column":10},"end":{"line":45,"column":42}},"27":{"start":{"line":50,"column":4},"end":{"line":61,"column":null}},"28":{"start":{"line":54,"column":6},"end":{"line":60,"column":null}},"29":{"start":{"line":55,"column":8},"end":{"line":55,"column":76}},"30":{"start":{"line":56,"column":13},"end":{"line":60,"column":null}},"31":{"start":{"line":57,"column":8},"end":{"line":57,"column":77}},"32":{"start":{"line":59,"column":8},"end":{"line":59,"column":63}},"33":{"start":{"line":65,"column":23},"end":{"line":65,"column":37}},"34":{"start":{"line":66,"column":0},"end":{"line":66,"column":13}},"35":{"start":{"line":67,"column":2},"end":{"line":77,"column":null}},"36":{"start":{"line":68,"column":4},"end":{"line":76,"column":null}},"37":{"start":{"line":69,"column":6},"end":{"line":75,"column":null}},"38":{"start":{"line":70,"column":8},"end":{"line":72,"column":11}},"39":{"start":{"line":71,"column":10},"end":{"line":71,"column":29}},"40":{"start":{"line":74,"column":8},"end":{"line":74,"column":29}},"41":{"start":{"line":88,"column":2},"end":{"line":117,"column":null}},"42":{"start":{"line":89,"column":4},"end":{"line":116,"column":null}},"43":{"start":{"line":90,"column":6},"end":{"line":94,"column":null}},"44":{"start":{"line":91,"column":8},"end":{"line":91,"column":19}},"45":{"start":{"line":93,"column":8},"end":{"line":93,"column":42}},"46":{"start":{"line":95,"column":11},"end":{"line":116,"column":null}},"47":{"start":{"line":96,"column":58},"end":{"line":96,"column":60}},"48":{"start":{"line":97,"column":6},"end":{"line":99,"column":9}},"49":{"start":{"line":98,"column":8},"end":{"line":98,"column":74}},"50":{"start":{"line":100,"column":6},"end":{"line":115,"column":null}},"51":{"start":{"line":100,"column":29},"end":{"line":100,"column":40}},"52":{"start":{"line":101,"column":8},"end":{"line":101,"column":19}},"53":{"start":{"line":103,"column":8},"end":{"line":103,"column":18}},"54":{"start":{"line":104,"column":23},"end":{"line":114,"column":15}},"55":{"start":{"line":105,"column":10},"end":{"line":107,"column":13}},"56":{"start":{"line":106,"column":12},"end":{"line":106,"column":78}},"57":{"start":{"line":108,"column":10},"end":{"line":113,"column":null}},"58":{"start":{"line":108,"column":33},"end":{"line":108,"column":44}},"59":{"start":{"line":109,"column":12},"end":{"line":109,"column":23}},"60":{"start":{"line":110,"column":12},"end":{"line":110,"column":34}},"61":{"start":{"line":112,"column":12},"end":{"line":112,"column":22}},"62":{"start":{"line":118,"column":2},"end":{"line":120,"column":null}},"63":{"start":{"line":119,"column":4},"end":{"line":119,"column":42}},"64":{"start":{"line":121,"column":0},"end":{"line":121,"column":null}},"65":{"start":{"line":66,"column":13},"end":{"line":66,"column":29}},"66":{"start":{"line":122,"column":13},"end":{"line":122,"column":52}}},"fnMap":{"0":{"name":"onLoadScript","decl":{"start":{"line":10,"column":9},"end":{"line":10,"column":21}},"loc":{"start":{"line":10,"column":37},"end":{"line":63,"column":1}}},"1":{"name":"(anonymous_1)","decl":{"start":{"line":28,"column":48},"end":{"line":28,"column":null}},"loc":{"start":{"line":28,"column":48},"end":{"line":48,"column":5}}},"2":{"name":"(anonymous_2)","decl":{"start":{"line":66,"column":0},"end":{"line":66,"column":13}},"loc":{"start":{"line":66,"column":0},"end":{"line":121,"column":null}}},"3":{"name":"(anonymous_4)","decl":{"start":{"line":67,"column":2},"end":{"line":67,"column":5}},"loc":{"start":{"line":67,"column":33},"end":{"line":77,"column":3}}},"4":{"name":"(anonymous_5)","decl":{"start":{"line":70,"column":19},"end":{"line":70,"column":23}},"loc":{"start":{"line":70,"column":23},"end":{"line":72,"column":9}}},"5":{"name":"(anonymous_6)","decl":{"start":{"line":88,"column":2},"end":{"line":88,"column":11}},"loc":{"start":{"line":88,"column":75},"end":{"line":117,"column":3}}},"6":{"name":"(anonymous_7)","decl":{"start":{"line":97,"column":15},"end":{"line":97,"column":19}},"loc":{"start":{"line":97,"column":19},"end":{"line":99,"column":7}}},"7":{"name":"(anonymous_8)","decl":{"start":{"line":100,"column":21},"end":{"line":100,"column":25}},"loc":{"start":{"line":100,"column":25},"end":{"line":100,"column":33}}},"8":{"name":"(anonymous_9)","decl":{"start":{"line":104,"column":35},"end":{"line":104,"column":null}},"loc":{"start":{"line":104,"column":35},"end":{"line":114,"column":9}}},"9":{"name":"(anonymous_10)","decl":{"start":{"line":105,"column":19},"end":{"line":105,"column":23}},"loc":{"start":{"line":105,"column":23},"end":{"line":107,"column":11}}},"10":{"name":"(anonymous_11)","decl":{"start":{"line":108,"column":25},"end":{"line":108,"column":29}},"loc":{"start":{"line":108,"column":29},"end":{"line":108,"column":37}}},"11":{"name":"(anonymous_12)","decl":{"start":{"line":118,"column":2},"end":{"line":118,"column":6}},"loc":{"start":{"line":118,"column":2},"end":{"line":120,"column":3}}}},"branchMap":{"0":{"loc":{"start":{"line":18,"column":2},"end":{"line":20,"column":null}},"type":"if","locations":[{"start":{"line":18,"column":2},"end":{"line":20,"column":null}},{"start":{"line":18,"column":2},"end":{"line":20,"column":null}}]},"1":{"loc":{"start":{"line":21,"column":2},"end":{"line":62,"column":null}},"type":"if","locations":[{"start":{"line":21,"column":2},"end":{"line":62,"column":null}},{"start":{"line":21,"column":2},"end":{"line":62,"column":null}}]},"2":{"loc":{"start":{"line":21,"column":6},"end":{"line":21,"column":20}},"type":"binary-expr","locations":[{"start":{"line":21,"column":6},"end":{"line":21,"column":20}},{"start":{"line":21,"column":24},"end":{"line":21,"column":52}}]},"3":{"loc":{"start":{"line":31,"column":6},"end":{"line":47,"column":null}},"type":"if","locations":[{"start":{"line":31,"column":6},"end":{"line":47,"column":null}},{"start":{"line":31,"column":6},"end":{"line":47,"column":null}}]},"4":{"loc":{"start":{"line":31,"column":10},"end":{"line":31,"column":26}},"type":"binary-expr","locations":[{"start":{"line":31,"column":10},"end":{"line":31,"column":26}},{"start":{"line":31,"column":30},"end":{"line":31,"column":73}}]},"5":{"loc":{"start":{"line":33,"column":8},"end":{"line":46,"column":null}},"type":"if","locations":[{"start":{"line":33,"column":8},"end":{"line":46,"column":null}},{"start":{"line":33,"column":8},"end":{"line":46,"column":null}}]},"6":{"loc":{"start":{"line":34,"column":10},"end":{"line":43,"column":null}},"type":"if","locations":[{"start":{"line":34,"column":10},"end":{"line":43,"column":null}},{"start":{"line":34,"column":10},"end":{"line":43,"column":null}}]},"7":{"loc":{"start":{"line":37,"column":17},"end":{"line":43,"column":null}},"type":"if","locations":[{"start":{"line":37,"column":17},"end":{"line":43,"column":null}},{"start":{"line":37,"column":17},"end":{"line":43,"column":null}}]},"8":{"loc":{"start":{"line":50,"column":4},"end":{"line":61,"column":null}},"type":"if","locations":[{"start":{"line":50,"column":4},"end":{"line":61,"column":null}},{"start":{"line":50,"column":4},"end":{"line":61,"column":null}}]},"9":{"loc":{"start":{"line":54,"column":6},"end":{"line":60,"column":null}},"type":"if","locations":[{"start":{"line":54,"column":6},"end":{"line":60,"column":null}},{"start":{"line":54,"column":6},"end":{"line":60,"column":null}}]},"10":{"loc":{"start":{"line":56,"column":13},"end":{"line":60,"column":null}},"type":"if","locations":[{"start":{"line":56,"column":13},"end":{"line":60,"column":null}},{"start":{"line":56,"column":13},"end":{"line":60,"column":null}}]},"11":{"loc":{"start":{"line":68,"column":4},"end":{"line":76,"column":null}},"type":"if","locations":[{"start":{"line":68,"column":4},"end":{"line":76,"column":null}},{"start":{"line":68,"column":4},"end":{"line":76,"column":null}}]},"12":{"loc":{"start":{"line":69,"column":6},"end":{"line":75,"column":null}},"type":"if","locations":[{"start":{"line":69,"column":6},"end":{"line":75,"column":null}},{"start":{"line":69,"column":6},"end":{"line":75,"column":null}}]},"13":{"loc":{"start":{"line":89,"column":4},"end":{"line":116,"column":null}},"type":"if","locations":[{"start":{"line":89,"column":4},"end":{"line":116,"column":null}},{"start":{"line":89,"column":4},"end":{"line":116,"column":null}}]},"14":{"loc":{"start":{"line":90,"column":6},"end":{"line":94,"column":null}},"type":"if","locations":[{"start":{"line":90,"column":6},"end":{"line":94,"column":null}},{"start":{"line":90,"column":6},"end":{"line":94,"column":null}}]},"15":{"loc":{"start":{"line":95,"column":11},"end":{"line":116,"column":null}},"type":"if","locations":[{"start":{"line":95,"column":11},"end":{"line":116,"column":null}},{"start":{"line":95,"column":11},"end":{"line":116,"column":null}}]},"16":{"loc":{"start":{"line":100,"column":6},"end":{"line":115,"column":null}},"type":"if","locations":[{"start":{"line":100,"column":6},"end":{"line":115,"column":null}},{"start":{"line":100,"column":6},"end":{"line":115,"column":null}}]},"17":{"loc":{"start":{"line":108,"column":10},"end":{"line":113,"column":null}},"type":"if","locations":[{"start":{"line":108,"column":10},"end":{"line":113,"column":null}},{"start":{"line":108,"column":10},"end":{"line":113,"column":null}}]}},"s":{"0":1,"1":1,"2":1,"3":1,"4":5,"5":5,"6":5,"7":5,"8":0,"9":5,"10":5,"11":5,"12":5,"13":5,"14":5,"15":5,"16":5,"17":5,"18":5,"19":5,"20":5,"21":1,"22":4,"23":1,"24":3,"25":5,"26":5,"27":0,"28":0,"29":0,"30":0,"31":0,"32":0,"33":1,"34":1,"35":1,"36":5,"37":5,"38":5,"39":5,"40":0,"41":1,"42":5,"43":5,"44":0,"45":5,"46":0,"47":0,"48":0,"49":0,"50":0,"51":0,"52":0,"53":0,"54":0,"55":0,"56":0,"57":0,"58":0,"59":0,"60":0,"61":0,"62":1,"63":5,"64":1,"65":1,"66":1},"f":{"0":5,"1":5,"2":2,"3":5,"4":5,"5":5,"6":0,"7":0,"8":0,"9":0,"10":0,"11":5},"b":{"0":[5,0],"1":[5,0],"2":[5,5],"3":[5,0],"4":[5,0],"5":[5,0],"6":[1,4],"7":[1,3],"8":[0,0],"9":[0,0],"10":[0,0],"11":[5,0],"12":[5,0],"13":[5,0],"14":[0,5],"15":[0,0],"16":[0,0],"17":[0,0]}}
,"/Users/duanguang/Documents/Front-End/legions/lerna-legion-library/packages/legions-thirdparty-plugin/src/main/plugin.config.ts": {"path":"/Users/duanguang/Documents/Front-End/legions/lerna-legion-library/packages/legions-thirdparty-plugin/src/main/plugin.config.ts","statementMap":{"0":{"start":{"line":2,"column":0},"end":{"line":2,"column":36}},"1":{"start":{"line":5,"column":13},"end":{"line":11,"column":null}},"2":{"start":{"line":14,"column":13},"end":{"line":14,"column":79}},"3":{"start":{"line":15,"column":13},"end":{"line":15,"column":84}},"4":{"start":{"line":17,"column":13},"end":{"line":25,"column":2}}},"fnMap":{},"branchMap":{},"s":{"0":1,"1":1,"2":1,"3":1,"4":1},"f":{},"b":{}}
,"/Users/duanguang/Documents/Front-End/legions/lerna-legion-library/packages/legions-thirdparty-plugin/src/main/utils.ts": {"path":"/Users/duanguang/Documents/Front-End/legions/lerna-legion-library/packages/legions-thirdparty-plugin/src/main/utils.ts","statementMap":{"0":{"start":{"line":4,"column":4},"end":{"line":19,"column":6}},"1":{"start":{"line":3,"column":0},"end":{"line":3,"column":16}},"2":{"start":{"line":21,"column":28},"end":{"line":39,"column":1}},"3":{"start":{"line":25,"column":4},"end":{"line":38,"column":7}},"4":{"start":{"line":26,"column":6},"end":{"line":37,"column":9}},"5":{"start":{"line":30,"column":10},"end":{"line":34,"column":null}},"6":{"start":{"line":31,"column":12},"end":{"line":33,"column":14}},"7":{"start":{"line":35,"column":10},"end":{"line":35,"column":34}},"8":{"start":{"line":21,"column":13},"end":{"line":21,"column":28}}},"fnMap":{"0":{"name":"createObj","decl":{"start":{"line":3,"column":16},"end":{"line":3,"column":25}},"loc":{"start":{"line":3,"column":25},"end":{"line":20,"column":1}}},"1":{"name":"(anonymous_1)","decl":{"start":{"line":21,"column":28},"end":{"line":21,"column":null}},"loc":{"start":{"line":23,"column":41},"end":{"line":39,"column":1}}},"2":{"name":"(anonymous_2)","decl":{"start":{"line":25,"column":37},"end":{"line":25,"column":40}},"loc":{"start":{"line":25,"column":40},"end":{"line":38,"column":5}}},"3":{"name":"(anonymous_3)","decl":{"start":{"line":28,"column":13},"end":{"line":28,"column":null}},"loc":{"start":{"line":28,"column":13},"end":{"line":36,"column":9}}}},"branchMap":{"0":{"loc":{"start":{"line":30,"column":10},"end":{"line":34,"column":null}},"type":"if","locations":[{"start":{"line":30,"column":10},"end":{"line":34,"column":null}},{"start":{"line":30,"column":10},"end":{"line":34,"column":null}}]},"1":{"loc":{"start":{"line":30,"column":14},"end":{"line":30,"column":31}},"type":"binary-expr","locations":[{"start":{"line":30,"column":14},"end":{"line":30,"column":31}},{"start":{"line":30,"column":35},"end":{"line":30,"column":72}}]}},"s":{"0":2,"1":1,"2":1,"3":1,"4":7,"5":5,"6":0,"7":5,"8":1},"f":{"0":2,"1":1,"2":7,"3":5},"b":{"0":[0,5],"1":[5,0]}}
,"/Users/duanguang/Documents/Front-End/legions/lerna-legion-library/packages/legions-thirdparty-plugin/src/utils/dynamicLoadingScript.ts": {"path":"/Users/duanguang/Documents/Front-End/legions/lerna-legion-library/packages/legions-thirdparty-plugin/src/utils/dynamicLoadingScript.ts","statementMap":{"0":{"start":{"line":1,"column":0},"end":{"line":1,"column":42}},"1":{"start":{"line":3,"column":51},"end":{"line":3,"column":53}},"2":{"start":{"line":13,"column":2},"end":{"line":44,"column":null}},"3":{"start":{"line":14,"column":21},"end":{"line":14,"column":54}},"4":{"start":{"line":15,"column":24},"end":{"line":15,"column":51}},"5":{"start":{"line":16,"column":19},"end":{"line":37,"column":5}},"6":{"start":{"line":17,"column":19},"end":{"line":17,"column":51}},"7":{"start":{"line":18,"column":6},"end":{"line":18,"column":31}},"8":{"start":{"line":19,"column":6},"end":{"line":19,"column":27}},"9":{"start":{"line":20,"column":16},"end":{"line":20,"column":22}},"10":{"start":{"line":21,"column":6},"end":{"line":26,"column":null}},"11":{"start":{"line":23,"column":8},"end":{"line":23,"column":47}},"12":{"start":{"line":25,"column":8},"end":{"line":25,"column":42}},"13":{"start":{"line":27,"column":6},"end":{"line":36,"column":9}},"14":{"start":{"line":29,"column":8},"end":{"line":35,"column":null}},"15":{"start":{"line":30,"column":10},"end":{"line":30,"column":54}},"16":{"start":{"line":31,"column":10},"end":{"line":34,"column":null}},"17":{"start":{"line":33,"column":12},"end":{"line":33,"column":44}},"18":{"start":{"line":38,"column":23},"end":{"line":38,"column":56}},"19":{"start":{"line":39,"column":4},"end":{"line":43,"column":null}},"20":{"start":{"line":40,"column":6},"end":{"line":40,"column":15}},"21":{"start":{"line":41,"column":11},"end":{"line":43,"column":null}},"22":{"start":{"line":42,"column":6},"end":{"line":42,"column":45}},"23":{"start":{"line":5,"column":0},"end":{"line":5,"column":16}},"24":{"start":{"line":46,"column":19},"end":{"line":46,"column":null}},"25":{"start":{"line":55,"column":24},"end":{"line":108,"column":1}},"26":{"start":{"line":61,"column":17},"end":{"line":61,"column":44}},"27":{"start":{"line":62,"column":2},"end":{"line":107,"column":null}},"28":{"start":{"line":63,"column":4},"end":{"line":65,"column":null}},"29":{"start":{"line":64,"column":6},"end":{"line":64,"column":59}},"30":{"start":{"line":67,"column":18},"end":{"line":67,"column":22}},"31":{"start":{"line":68,"column":4},"end":{"line":106,"column":null}},"32":{"start":{"line":69,"column":6},"end":{"line":79,"column":null}},"33":{"start":{"line":73,"column":8},"end":{"line":73,"column":42}},"34":{"start":{"line":74,"column":13},"end":{"line":79,"column":null}},"35":{"start":{"line":78,"column":8},"end":{"line":78,"column":49}},"36":{"start":{"line":81,"column":6},"end":{"line":81,"column":40}},"37":{"start":{"line":83,"column":6},"end":{"line":105,"column":null}},"38":{"start":{"line":84,"column":8},"end":{"line":87,"column":null}},"39":{"start":{"line":86,"column":10},"end":{"line":86,"column":50}},"40":{"start":{"line":88,"column":37},"end":{"line":88,"column":null}},"41":{"start":{"line":88,"column":33},"end":{"line":88,"column":37}},"42":{"start":{"line":89,"column":8},"end":{"line":104,"column":11}},"43":{"start":{"line":92,"column":12},"end":{"line":96,"column":15}},"44":{"start":{"line":97,"column":12},"end":{"line":101,"column":15}},"45":{"start":{"line":98,"column":14},"end":{"line":100,"column":null}},"46":{"start":{"line":99,"column":16},"end":{"line":99,"column":28}},"47":{"start":{"line":102,"column":12},"end":{"line":102,"column":34}},"48":{"start":{"line":130,"column":31},"end":{"line":130,"column":null}},"49":{"start":{"line":130,"column":27},"end":{"line":130,"column":31}},"50":{"start":{"line":131,"column":2},"end":{"line":136,"column":5}},"51":{"start":{"line":133,"column":6},"end":{"line":133,"column":52}},"52":{"start":{"line":116,"column":0},"end":{"line":116,"column":16}}},"fnMap":{"0":{"name":"dynamicLoadingScript","decl":{"start":{"line":5,"column":16},"end":{"line":5,"column":36}},"loc":{"start":{"line":12,"column":1},"end":{"line":45,"column":1}}},"1":{"name":"(anonymous_1)","decl":{"start":{"line":16,"column":19},"end":{"line":16,"column":null}},"loc":{"start":{"line":16,"column":19},"end":{"line":37,"column":5}}},"2":{"name":"(anonymous_2)","decl":{"start":{"line":27,"column":33},"end":{"line":27,"column":null}},"loc":{"start":{"line":27,"column":33},"end":{"line":36,"column":7}}},"3":{"name":"(anonymous_3)","decl":{"start":{"line":55,"column":24},"end":{"line":55,"column":25}},"loc":{"start":{"line":60,"column":1},"end":{"line":108,"column":1}}},"4":{"name":"(anonymous_4)","decl":{"start":{"line":91,"column":20},"end":{"line":91,"column":21}},"loc":{"start":{"line":91,"column":26},"end":{"line":103,"column":11}}},"5":{"name":"(anonymous_5)","decl":{"start":{"line":97,"column":33},"end":{"line":97,"column":37}},"loc":{"start":{"line":97,"column":37},"end":{"line":101,"column":13}}},"6":{"name":"runDynamicScripts","decl":{"start":{"line":116,"column":16},"end":{"line":116,"column":33}},"loc":{"start":{"line":128,"column":3},"end":{"line":137,"column":1}}},"7":{"name":"(anonymous_7)","decl":{"start":{"line":132,"column":14},"end":{"line":132,"column":19}},"loc":{"start":{"line":132,"column":19},"end":{"line":134,"column":5}}}},"branchMap":{"0":{"loc":{"start":{"line":13,"column":2},"end":{"line":44,"column":null}},"type":"if","locations":[{"start":{"line":13,"column":2},"end":{"line":44,"column":null}},{"start":{"line":13,"column":2},"end":{"line":44,"column":null}}]},"1":{"loc":{"start":{"line":14,"column":21},"end":{"line":14,"column":37}},"type":"binary-expr","locations":[{"start":{"line":14,"column":21},"end":{"line":14,"column":37}},{"start":{"line":14,"column":39},"end":{"line":14,"column":54}}]},"2":{"loc":{"start":{"line":21,"column":6},"end":{"line":26,"column":null}},"type":"if","locations":[{"start":{"line":21,"column":6},"end":{"line":26,"column":null}},{"start":{"line":21,"column":6},"end":{"line":26,"column":null}}]},"3":{"loc":{"start":{"line":29,"column":8},"end":{"line":35,"column":null}},"type":"if","locations":[{"start":{"line":29,"column":8},"end":{"line":35,"column":null}},{"start":{"line":29,"column":8},"end":{"line":35,"column":null}}]},"4":{"loc":{"start":{"line":29,"column":12},"end":{"line":29,"column":28}},"type":"binary-expr","locations":[{"start":{"line":29,"column":12},"end":{"line":29,"column":28}},{"start":{"line":29,"column":32},"end":{"line":29,"column":75}}]},"5":{"loc":{"start":{"line":31,"column":10},"end":{"line":34,"column":null}},"type":"if","locations":[{"start":{"line":31,"column":10},"end":{"line":34,"column":null}},{"start":{"line":31,"column":10},"end":{"line":34,"column":null}}]},"6":{"loc":{"start":{"line":39,"column":4},"end":{"line":43,"column":null}},"type":"if","locations":[{"start":{"line":39,"column":4},"end":{"line":43,"column":null}},{"start":{"line":39,"column":4},"end":{"line":43,"column":null}}]},"7":{"loc":{"start":{"line":39,"column":8},"end":{"line":39,"column":19}},"type":"binary-expr","locations":[{"start":{"line":39,"column":8},"end":{"line":39,"column":19}},{"start":{"line":39,"column":23},"end":{"line":39,"column":37}}]},"8":{"loc":{"start":{"line":41,"column":11},"end":{"line":43,"column":null}},"type":"if","locations":[{"start":{"line":41,"column":11},"end":{"line":43,"column":null}},{"start":{"line":41,"column":11},"end":{"line":43,"column":null}}]},"9":{"loc":{"start":{"line":41,"column":15},"end":{"line":41,"column":25}},"type":"binary-expr","locations":[{"start":{"line":41,"column":15},"end":{"line":41,"column":25}},{"start":{"line":41,"column":29},"end":{"line":41,"column":43}}]},"10":{"loc":{"start":{"line":62,"column":2},"end":{"line":107,"column":null}},"type":"if","locations":[{"start":{"line":62,"column":2},"end":{"line":107,"column":null}},{"start":{"line":62,"column":2},"end":{"line":107,"column":null}}]},"11":{"loc":{"start":{"line":63,"column":4},"end":{"line":65,"column":null}},"type":"if","locations":[{"start":{"line":63,"column":4},"end":{"line":65,"column":null}},{"start":{"line":63,"column":4},"end":{"line":65,"column":null}}]},"12":{"loc":{"start":{"line":63,"column":8},"end":{"line":63,"column":15}},"type":"binary-expr","locations":[{"start":{"line":63,"column":8},"end":{"line":63,"column":15}},{"start":{"line":63,"column":19},"end":{"line":63,"column":57}}]},"13":{"loc":{"start":{"line":64,"column":6},"end":{"line":64,"column":22}},"type":"binary-expr","locations":[{"start":{"line":64,"column":6},"end":{"line":64,"column":22}},{"start":{"line":64,"column":26},"end":{"line":64,"column":58}}]},"14":{"loc":{"start":{"line":69,"column":6},"end":{"line":79,"column":null}},"type":"if","locations":[{"start":{"line":69,"column":6},"end":{"line":79,"column":null}},{"start":{"line":69,"column":6},"end":{"line":79,"column":null}}]},"15":{"loc":{"start":{"line":70,"column":8},"end":{"line":70,"column":31}},"type":"binary-expr","locations":[{"start":{"line":70,"column":8},"end":{"line":70,"column":31}},{"start":{"line":71,"column":8},"end":{"line":71,"column":55}}]},"16":{"loc":{"start":{"line":74,"column":13},"end":{"line":79,"column":null}},"type":"if","locations":[{"start":{"line":74,"column":13},"end":{"line":79,"column":null}},{"start":{"line":74,"column":13},"end":{"line":79,"column":null}}]},"17":{"loc":{"start":{"line":75,"column":8},"end":{"line":75,"column":38}},"type":"binary-expr","locations":[{"start":{"line":75,"column":8},"end":{"line":75,"column":38}},{"start":{"line":76,"column":8},"end":{"line":76,"column":62}}]},"18":{"loc":{"start":{"line":83,"column":6},"end":{"line":105,"column":null}},"type":"if","locations":[{"start":{"line":83,"column":6},"end":{"line":105,"column":null}},{"start":{"line":83,"column":6},"end":{"line":105,"column":null}}]},"19":{"loc":{"start":{"line":84,"column":8},"end":{"line":87,"column":null}},"type":"if","locations":[{"start":{"line":84,"column":8},"end":{"line":87,"column":null}},{"start":{"line":84,"column":8},"end":{"line":87,"column":null}}]},"20":{"loc":{"start":{"line":84,"column":12},"end":{"line":84,"column":19}},"type":"binary-expr","locations":[{"start":{"line":84,"column":12},"end":{"line":84,"column":19}},{"start":{"line":84,"column":23},"end":{"line":84,"column":61}}]},"21":{"loc":{"start":{"line":94,"column":24},"end":{"line":94,"column":40}},"type":"binary-expr","locations":[{"start":{"line":94,"column":24},"end":{"line":94,"column":40}},{"start":{"line":94,"column":42},"end":{"line":94,"column":57}}]},"22":{"loc":{"start":{"line":98,"column":14},"end":{"line":100,"column":null}},"type":"if","locations":[{"start":{"line":98,"column":14},"end":{"line":100,"column":null}},{"start":{"line":98,"column":14},"end":{"line":100,"column":null}}]},"23":{"loc":{"start":{"line":133,"column":6},"end":{"line":133,"column":23}},"type":"binary-expr","locations":[{"start":{"line":133,"column":6},"end":{"line":133,"column":23}},{"start":{"line":133,"column":27},"end":{"line":133,"column":51}}]}},"s":{"0":1,"1":1,"2":0,"3":0,"4":0,"5":0,"6":0,"7":0,"8":0,"9":0,"10":0,"11":0,"12":0,"13":0,"14":0,"15":0,"16":0,"17":0,"18":0,"19":0,"20":0,"21":0,"22":0,"23":1,"24":1,"25":1,"26":0,"27":0,"28":0,"29":0,"30":0,"31":0,"32":0,"33":0,"34":0,"35":0,"36":0,"37":0,"38":0,"39":0,"40":0,"41":0,"42":0,"43":0,"44":0,"45":0,"46":0,"47":0,"48":0,"49":0,"50":0,"51":0,"52":1},"f":{"0":0,"1":0,"2":0,"3":0,"4":0,"5":0,"6":0,"7":0},"b":{"0":[0,0],"1":[0,0],"2":[0,0],"3":[0,0],"4":[0,0],"5":[0,0],"6":[0,0],"7":[0,0],"8":[0,0],"9":[0,0],"10":[0,0],"11":[0,0],"12":[0,0],"13":[0,0],"14":[0,0],"15":[0,0],"16":[0,0],"17":[0,0],"18":[0,0],"19":[0,0],"20":[0,0],"21":[0,0],"22":[0,0],"23":[0,0]}}
,"/Users/duanguang/Documents/Front-End/legions/lerna-legion-library/packages/legions-thirdparty-plugin/src/utils/findWindow.ts": {"path":"/Users/duanguang/Documents/Front-End/legions/lerna-legion-library/packages/legions-thirdparty-plugin/src/utils/findWindow.ts","statementMap":{"0":{"start":{"line":3,"column":34},"end":{"line":3,"column":38}},"1":{"start":{"line":4,"column":4},"end":{"line":8,"column":null}},"2":{"start":{"line":5,"column":6},"end":{"line":5,"column":42}},"3":{"start":{"line":7,"column":6},"end":{"line":7,"column":27}},"4":{"start":{"line":9,"column":4},"end":{"line":11,"column":null}},"5":{"start":{"line":10,"column":6},"end":{"line":10,"column":35}},"6":{"start":{"line":12,"column":4},"end":{"line":12,"column":25}},"7":{"start":{"line":2,"column":0},"end":{"line":2,"column":16}}},"fnMap":{"0":{"name":"findWindow","decl":{"start":{"line":2,"column":16},"end":{"line":2,"column":26}},"loc":{"start":{"line":2,"column":47},"end":{"line":13,"column":3}}}},"branchMap":{"0":{"loc":{"start":{"line":9,"column":4},"end":{"line":11,"column":null}},"type":"if","locations":[{"start":{"line":9,"column":4},"end":{"line":11,"column":null}},{"start":{"line":9,"column":4},"end":{"line":11,"column":null}}]}},"s":{"0":0,"1":0,"2":0,"3":0,"4":0,"5":0,"6":0,"7":1},"f":{"0":0},"b":{"0":[0,0]}}
,"/Users/duanguang/Documents/Front-End/legions/lerna-legion-library/packages/legions-thirdparty-plugin/src/utils/indexof.js": {"path":"/Users/duanguang/Documents/Front-End/legions/lerna-legion-library/packages/legions-thirdparty-plugin/src/utils/indexof.js","statementMap":{"0":{"start":{"line":3,"column":2},"end":{"line":3,"column":35}},"1":{"start":{"line":3,"column":25},"end":{"line":3,"column":35}},"2":{"start":{"line":4,"column":14},"end":{"line":4,"column":16}},"3":{"start":{"line":5,"column":2},"end":{"line":10,"column":null}},"4":{"start":{"line":5,"column":15},"end":{"line":5,"column":16}},"5":{"start":{"line":6,"column":4},"end":{"line":9,"column":null}},"6":{"start":{"line":7,"column":6},"end":{"line":7,"column":16}},"7":{"start":{"line":8,"column":6},"end":{"line":8,"column":12}},"8":{"start":{"line":11,"column":2},"end":{"line":11,"column":15}},"9":{"start":{"line":2,"column":0},"end":{"line":2,"column":16}}},"fnMap":{"0":{"name":"indexOf","decl":{"start":{"line":2,"column":16},"end":{"line":2,"column":23}},"loc":{"start":{"line":2,"column":33},"end":{"line":12,"column":1}}}},"branchMap":{"0":{"loc":{"start":{"line":3,"column":2},"end":{"line":3,"column":35}},"type":"if","locations":[{"start":{"line":3,"column":2},"end":{"line":3,"column":35}},{"start":{"line":3,"column":2},"end":{"line":3,"column":35}}]},"1":{"loc":{"start":{"line":6,"column":4},"end":{"line":9,"column":null}},"type":"if","locations":[{"start":{"line":6,"column":4},"end":{"line":9,"column":null}},{"start":{"line":6,"column":4},"end":{"line":9,"column":null}}]}},"s":{"0":0,"1":0,"2":0,"3":0,"4":0,"5":0,"6":0,"7":0,"8":0,"9":1},"f":{"0":0},"b":{"0":[0,0],"1":[0,0]}}
}
