{"/Users/duanguang/Documents/Front-End/legions/lerna-legion-library/packages/legions-thirdparty-plugin/src/index.ts": {"path":"/Users/duanguang/Documents/Front-End/legions/lerna-legion-library/packages/legions-thirdparty-plugin/src/index.ts","statementMap":{"0":{"start":{"line":2,"column":0},"end":{"line":2,"column":42}},"1":{"start":{"line":3,"column":0},"end":{"line":3,"column":55}},"2":{"start":{"line":4,"column":18},"end":{"line":11,"column":11}},"3":{"start":{"line":23,"column":2},"end":{"line":36,"column":4}},"4":{"start":{"line":39,"column":60},"end":{"line":39,"column":71}},"5":{"start":{"line":40,"column":65},"end":{"line":40,"column":76}},"6":{"start":{"line":41,"column":21},"end":{"line":59,"column":1}},"7":{"start":{"line":45,"column":2},"end":{"line":58,"column":5}},"8":{"start":{"line":46,"column":4},"end":{"line":57,"column":7}},"9":{"start":{"line":50,"column":8},"end":{"line":54,"column":null}},"10":{"start":{"line":51,"column":10},"end":{"line":53,"column":12}},"11":{"start":{"line":55,"column":8},"end":{"line":55,"column":32}},"12":{"start":{"line":61,"column":0},"end":{"line":61,"column":72}},"13":{"start":{"line":63,"column":11},"end":{"line":63,"column":35}},"14":{"start":{"line":64,"column":22},"end":{"line":64,"column":26}},"15":{"start":{"line":65,"column":2},"end":{"line":69,"column":null}},"16":{"start":{"line":66,"column":4},"end":{"line":66,"column":67}},"17":{"start":{"line":68,"column":4},"end":{"line":68,"column":25}},"18":{"start":{"line":70,"column":2},"end":{"line":72,"column":null}},"19":{"start":{"line":71,"column":4},"end":{"line":71,"column":60}},"20":{"start":{"line":73,"column":2},"end":{"line":113,"column":null}},"21":{"start":{"line":74,"column":17},"end":{"line":74,"column":49}},"22":{"start":{"line":75,"column":4},"end":{"line":75,"column":19}},"23":{"start":{"line":76,"column":20},"end":{"line":76,"column":53}},"24":{"start":{"line":77,"column":4},"end":{"line":77,"column":46}},"25":{"start":{"line":78,"column":4},"end":{"line":78,"column":38}},"26":{"start":{"line":80,"column":4},"end":{"line":99,"column":6}},"27":{"start":{"line":83,"column":6},"end":{"line":98,"column":null}},"28":{"start":{"line":84,"column":8},"end":{"line":97,"column":null}},"29":{"start":{"line":85,"column":10},"end":{"line":94,"column":null}},"30":{"start":{"line":86,"column":12},"end":{"line":87,"column":67}},"31":{"start":{"line":88,"column":17},"end":{"line":94,"column":null}},"32":{"start":{"line":89,"column":12},"end":{"line":90,"column":68}},"33":{"start":{"line":92,"column":12},"end":{"line":93,"column":54}},"34":{"start":{"line":95,"column":10},"end":{"line":95,"column":43}},"35":{"start":{"line":96,"column":10},"end":{"line":96,"column":42}},"36":{"start":{"line":101,"column":4},"end":{"line":112,"column":null}},"37":{"start":{"line":105,"column":6},"end":{"line":111,"column":null}},"38":{"start":{"line":106,"column":8},"end":{"line":106,"column":76}},"39":{"start":{"line":107,"column":13},"end":{"line":111,"column":null}},"40":{"start":{"line":108,"column":8},"end":{"line":108,"column":77}},"41":{"start":{"line":110,"column":8},"end":{"line":110,"column":63}},"42":{"start":{"line":115,"column":0},"end":{"line":115,"column":null}},"43":{"start":{"line":117,"column":2},"end":{"line":117,"column":21}},"44":{"start":{"line":118,"column":2},"end":{"line":129,"column":null}},"45":{"start":{"line":119,"column":4},"end":{"line":128,"column":null}},"46":{"start":{"line":119,"column":36},"end":{"line":119,"column":54}},"47":{"start":{"line":120,"column":6},"end":{"line":123,"column":null}},"48":{"start":{"line":121,"column":8},"end":{"line":121,"column":60}},"49":{"start":{"line":122,"column":8},"end":{"line":122,"column":15}},"50":{"start":{"line":124,"column":6},"end":{"line":124,"column":56}},"51":{"start":{"line":125,"column":6},"end":{"line":125,"column":36}},"52":{"start":{"line":127,"column":6},"end":{"line":127,"column":35}},"53":{"start":{"line":130,"column":2},"end":{"line":143,"column":null}},"54":{"start":{"line":131,"column":4},"end":{"line":142,"column":null}},"55":{"start":{"line":135,"column":6},"end":{"line":141,"column":null}},"56":{"start":{"line":136,"column":22},"end":{"line":136,"column":55}},"57":{"start":{"line":137,"column":8},"end":{"line":137,"column":33}},"58":{"start":{"line":137,"column":26},"end":{"line":137,"column":33}},"59":{"start":{"line":138,"column":8},"end":{"line":138,"column":13}},"60":{"start":{"line":140,"column":8},"end":{"line":140,"column":49}},"61":{"start":{"line":140,"column":43},"end":{"line":140,"column":48}},"62":{"start":{"line":144,"column":2},"end":{"line":157,"column":null}},"63":{"start":{"line":145,"column":4},"end":{"line":156,"column":null}},"64":{"start":{"line":149,"column":6},"end":{"line":155,"column":null}},"65":{"start":{"line":150,"column":22},"end":{"line":150,"column":56}},"66":{"start":{"line":151,"column":8},"end":{"line":151,"column":33}},"67":{"start":{"line":151,"column":26},"end":{"line":151,"column":33}},"68":{"start":{"line":152,"column":8},"end":{"line":152,"column":47}},"69":{"start":{"line":154,"column":8},"end":{"line":154,"column":35}},"70":{"start":{"line":158,"column":0},"end":{"line":158,"column":null}},"71":{"start":{"line":159,"column":23},"end":{"line":159,"column":37}},"72":{"start":{"line":160,"column":0},"end":{"line":160,"column":13}},"73":{"start":{"line":161,"column":2},"end":{"line":171,"column":null}},"74":{"start":{"line":162,"column":4},"end":{"line":170,"column":null}},"75":{"start":{"line":163,"column":6},"end":{"line":169,"column":null}},"76":{"start":{"line":164,"column":8},"end":{"line":166,"column":11}},"77":{"start":{"line":165,"column":10},"end":{"line":165,"column":29}},"78":{"start":{"line":168,"column":8},"end":{"line":168,"column":29}},"79":{"start":{"line":182,"column":2},"end":{"line":211,"column":null}},"80":{"start":{"line":183,"column":4},"end":{"line":210,"column":null}},"81":{"start":{"line":184,"column":6},"end":{"line":188,"column":null}},"82":{"start":{"line":185,"column":8},"end":{"line":185,"column":19}},"83":{"start":{"line":187,"column":8},"end":{"line":187,"column":42}},"84":{"start":{"line":189,"column":11},"end":{"line":210,"column":null}},"85":{"start":{"line":190,"column":58},"end":{"line":190,"column":60}},"86":{"start":{"line":191,"column":6},"end":{"line":193,"column":9}},"87":{"start":{"line":192,"column":8},"end":{"line":192,"column":74}},"88":{"start":{"line":194,"column":6},"end":{"line":209,"column":null}},"89":{"start":{"line":194,"column":29},"end":{"line":194,"column":40}},"90":{"start":{"line":195,"column":8},"end":{"line":195,"column":19}},"91":{"start":{"line":197,"column":8},"end":{"line":197,"column":18}},"92":{"start":{"line":198,"column":23},"end":{"line":208,"column":15}},"93":{"start":{"line":199,"column":10},"end":{"line":201,"column":13}},"94":{"start":{"line":200,"column":12},"end":{"line":200,"column":78}},"95":{"start":{"line":202,"column":10},"end":{"line":207,"column":null}},"96":{"start":{"line":202,"column":33},"end":{"line":202,"column":44}},"97":{"start":{"line":203,"column":12},"end":{"line":203,"column":23}},"98":{"start":{"line":204,"column":12},"end":{"line":204,"column":34}},"99":{"start":{"line":206,"column":12},"end":{"line":206,"column":22}},"100":{"start":{"line":212,"column":2},"end":{"line":214,"column":null}},"101":{"start":{"line":213,"column":4},"end":{"line":213,"column":42}},"102":{"start":{"line":215,"column":0},"end":{"line":215,"column":null}},"103":{"start":{"line":160,"column":13},"end":{"line":160,"column":36}},"104":{"start":{"line":216,"column":13},"end":{"line":216,"column":69}},"105":{"start":{"line":218,"column":0},"end":{"line":218,"column":null}},"106":{"start":{"line":219,"column":2},"end":{"line":219,"column":null}},"107":{"start":{"line":220,"column":2},"end":{"line":220,"column":null}},"108":{"start":{"line":221,"column":2},"end":{"line":221,"column":null}},"109":{"start":{"line":222,"column":2},"end":{"line":222,"column":null}}},"fnMap":{"0":{"name":"createObj","decl":{"start":{"line":22,"column":9},"end":{"line":22,"column":18}},"loc":{"start":{"line":22,"column":18},"end":{"line":37,"column":1}}},"1":{"name":"(anonymous_1)","decl":{"start":{"line":41,"column":21},"end":{"line":41,"column":null}},"loc":{"start":{"line":43,"column":39},"end":{"line":59,"column":1}}},"2":{"name":"(anonymous_2)","decl":{"start":{"line":45,"column":35},"end":{"line":45,"column":38}},"loc":{"start":{"line":45,"column":38},"end":{"line":58,"column":3}}},"3":{"name":"(anonymous_3)","decl":{"start":{"line":48,"column":11},"end":{"line":48,"column":null}},"loc":{"start":{"line":48,"column":11},"end":{"line":56,"column":7}}},"4":{"name":"onLoadScript","decl":{"start":{"line":62,"column":9},"end":{"line":62,"column":21}},"loc":{"start":{"line":62,"column":37},"end":{"line":114,"column":1}}},"5":{"name":"(anonymous_5)","decl":{"start":{"line":80,"column":48},"end":{"line":80,"column":null}},"loc":{"start":{"line":80,"column":48},"end":{"line":99,"column":5}}},"6":{"name":"(anonymous_6)","decl":{"start":{"line":115,"column":0},"end":{"line":115,"column":null}},"loc":{"start":{"line":115,"column":0},"end":{"line":158,"column":null}}},"7":{"name":"(anonymous_8)","decl":{"start":{"line":118,"column":2},"end":{"line":118,"column":4}},"loc":{"start":{"line":118,"column":45},"end":{"line":129,"column":3}}},"8":{"name":"(anonymous_9)","decl":{"start":{"line":119,"column":28},"end":{"line":119,"column":32}},"loc":{"start":{"line":119,"column":32},"end":{"line":119,"column":40}}},"9":{"name":"(anonymous_10)","decl":{"start":{"line":130,"column":2},"end":{"line":130,"column":6}},"loc":{"start":{"line":130,"column":48},"end":{"line":143,"column":3}}},"10":{"name":"(anonymous_11)","decl":{"start":{"line":140,"column":37},"end":{"line":140,"column":39}},"loc":{"start":{"line":140,"column":39},"end":{"line":140,"column":45}}},"11":{"name":"(anonymous_12)","decl":{"start":{"line":144,"column":2},"end":{"line":144,"column":5}},"loc":{"start":{"line":144,"column":48},"end":{"line":157,"column":3}}},"12":{"name":"(anonymous_13)","decl":{"start":{"line":160,"column":0},"end":{"line":160,"column":13}},"loc":{"start":{"line":160,"column":0},"end":{"line":215,"column":null}}},"13":{"name":"(anonymous_15)","decl":{"start":{"line":161,"column":2},"end":{"line":161,"column":5}},"loc":{"start":{"line":161,"column":33},"end":{"line":171,"column":3}}},"14":{"name":"(anonymous_16)","decl":{"start":{"line":164,"column":19},"end":{"line":164,"column":23}},"loc":{"start":{"line":164,"column":23},"end":{"line":166,"column":9}}},"15":{"name":"(anonymous_17)","decl":{"start":{"line":182,"column":2},"end":{"line":182,"column":11}},"loc":{"start":{"line":182,"column":75},"end":{"line":211,"column":3}}},"16":{"name":"(anonymous_18)","decl":{"start":{"line":191,"column":15},"end":{"line":191,"column":19}},"loc":{"start":{"line":191,"column":19},"end":{"line":193,"column":7}}},"17":{"name":"(anonymous_19)","decl":{"start":{"line":194,"column":21},"end":{"line":194,"column":25}},"loc":{"start":{"line":194,"column":25},"end":{"line":194,"column":33}}},"18":{"name":"(anonymous_20)","decl":{"start":{"line":198,"column":35},"end":{"line":198,"column":null}},"loc":{"start":{"line":198,"column":35},"end":{"line":208,"column":9}}},"19":{"name":"(anonymous_21)","decl":{"start":{"line":199,"column":19},"end":{"line":199,"column":23}},"loc":{"start":{"line":199,"column":23},"end":{"line":201,"column":11}}},"20":{"name":"(anonymous_22)","decl":{"start":{"line":202,"column":25},"end":{"line":202,"column":29}},"loc":{"start":{"line":202,"column":29},"end":{"line":202,"column":37}}},"21":{"name":"(anonymous_23)","decl":{"start":{"line":212,"column":2},"end":{"line":212,"column":6}},"loc":{"start":{"line":212,"column":2},"end":{"line":214,"column":3}}},"22":{"name":"(anonymous_24)","decl":{"start":{"line":219,"column":2},"end":{"line":219,"column":23}},"loc":{"start":{"line":219,"column":2},"end":{"line":219,"column":null}}},"23":{"name":"(anonymous_25)","decl":{"start":{"line":220,"column":2},"end":{"line":220,"column":16}},"loc":{"start":{"line":220,"column":2},"end":{"line":220,"column":null}}},"24":{"name":"(anonymous_26)","decl":{"start":{"line":221,"column":2},"end":{"line":221,"column":22}},"loc":{"start":{"line":221,"column":2},"end":{"line":221,"column":null}}},"25":{"name":"(anonymous_27)","decl":{"start":{"line":222,"column":2},"end":{"line":222,"column":12}},"loc":{"start":{"line":222,"column":2},"end":{"line":222,"column":null}}}},"branchMap":{"0":{"loc":{"start":{"line":50,"column":8},"end":{"line":54,"column":null}},"type":"if","locations":[{"start":{"line":50,"column":8},"end":{"line":54,"column":null}},{"start":{"line":50,"column":8},"end":{"line":54,"column":null}}]},"1":{"loc":{"start":{"line":50,"column":12},"end":{"line":50,"column":29}},"type":"binary-expr","locations":[{"start":{"line":50,"column":12},"end":{"line":50,"column":29}},{"start":{"line":50,"column":33},"end":{"line":50,"column":70}}]},"2":{"loc":{"start":{"line":70,"column":2},"end":{"line":72,"column":null}},"type":"if","locations":[{"start":{"line":70,"column":2},"end":{"line":72,"column":null}},{"start":{"line":70,"column":2},"end":{"line":72,"column":null}}]},"3":{"loc":{"start":{"line":73,"column":2},"end":{"line":113,"column":null}},"type":"if","locations":[{"start":{"line":73,"column":2},"end":{"line":113,"column":null}},{"start":{"line":73,"column":2},"end":{"line":113,"column":null}}]},"4":{"loc":{"start":{"line":73,"column":6},"end":{"line":73,"column":20}},"type":"binary-expr","locations":[{"start":{"line":73,"column":6},"end":{"line":73,"column":20}},{"start":{"line":73,"column":24},"end":{"line":73,"column":52}}]},"5":{"loc":{"start":{"line":83,"column":6},"end":{"line":98,"column":null}},"type":"if","locations":[{"start":{"line":83,"column":6},"end":{"line":98,"column":null}},{"start":{"line":83,"column":6},"end":{"line":98,"column":null}}]},"6":{"loc":{"start":{"line":83,"column":10},"end":{"line":83,"column":26}},"type":"binary-expr","locations":[{"start":{"line":83,"column":10},"end":{"line":83,"column":26}},{"start":{"line":83,"column":30},"end":{"line":83,"column":73}}]},"7":{"loc":{"start":{"line":84,"column":8},"end":{"line":97,"column":null}},"type":"if","locations":[{"start":{"line":84,"column":8},"end":{"line":97,"column":null}},{"start":{"line":84,"column":8},"end":{"line":97,"column":null}}]},"8":{"loc":{"start":{"line":85,"column":10},"end":{"line":94,"column":null}},"type":"if","locations":[{"start":{"line":85,"column":10},"end":{"line":94,"column":null}},{"start":{"line":85,"column":10},"end":{"line":94,"column":null}}]},"9":{"loc":{"start":{"line":88,"column":17},"end":{"line":94,"column":null}},"type":"if","locations":[{"start":{"line":88,"column":17},"end":{"line":94,"column":null}},{"start":{"line":88,"column":17},"end":{"line":94,"column":null}}]},"10":{"loc":{"start":{"line":101,"column":4},"end":{"line":112,"column":null}},"type":"if","locations":[{"start":{"line":101,"column":4},"end":{"line":112,"column":null}},{"start":{"line":101,"column":4},"end":{"line":112,"column":null}}]},"11":{"loc":{"start":{"line":105,"column":6},"end":{"line":111,"column":null}},"type":"if","locations":[{"start":{"line":105,"column":6},"end":{"line":111,"column":null}},{"start":{"line":105,"column":6},"end":{"line":111,"column":null}}]},"12":{"loc":{"start":{"line":107,"column":13},"end":{"line":111,"column":null}},"type":"if","locations":[{"start":{"line":107,"column":13},"end":{"line":111,"column":null}},{"start":{"line":107,"column":13},"end":{"line":111,"column":null}}]},"13":{"loc":{"start":{"line":119,"column":4},"end":{"line":128,"column":null}},"type":"if","locations":[{"start":{"line":119,"column":4},"end":{"line":128,"column":null}},{"start":{"line":119,"column":4},"end":{"line":128,"column":null}}]},"14":{"loc":{"start":{"line":120,"column":6},"end":{"line":123,"column":null}},"type":"if","locations":[{"start":{"line":120,"column":6},"end":{"line":123,"column":null}},{"start":{"line":120,"column":6},"end":{"line":123,"column":null}}]},"15":{"loc":{"start":{"line":124,"column":29},"end":{"line":124,"column":49}},"type":"binary-expr","locations":[{"start":{"line":124,"column":29},"end":{"line":124,"column":49}},{"start":{"line":124,"column":53},"end":{"line":124,"column":55}}]},"16":{"loc":{"start":{"line":131,"column":4},"end":{"line":142,"column":null}},"type":"if","locations":[{"start":{"line":131,"column":4},"end":{"line":142,"column":null}},{"start":{"line":131,"column":4},"end":{"line":142,"column":null}}]},"17":{"loc":{"start":{"line":132,"column":6},"end":{"line":132,"column":26}},"type":"binary-expr","locations":[{"start":{"line":132,"column":6},"end":{"line":132,"column":26}},{"start":{"line":133,"column":6},"end":{"line":133,"column":79}}]},"18":{"loc":{"start":{"line":135,"column":6},"end":{"line":141,"column":null}},"type":"if","locations":[{"start":{"line":135,"column":6},"end":{"line":141,"column":null}},{"start":{"line":135,"column":6},"end":{"line":141,"column":null}}]},"19":{"loc":{"start":{"line":137,"column":8},"end":{"line":137,"column":33}},"type":"if","locations":[{"start":{"line":137,"column":8},"end":{"line":137,"column":33}},{"start":{"line":137,"column":8},"end":{"line":137,"column":33}}]},"20":{"loc":{"start":{"line":145,"column":4},"end":{"line":156,"column":null}},"type":"if","locations":[{"start":{"line":145,"column":4},"end":{"line":156,"column":null}},{"start":{"line":145,"column":4},"end":{"line":156,"column":null}}]},"21":{"loc":{"start":{"line":146,"column":6},"end":{"line":146,"column":27}},"type":"binary-expr","locations":[{"start":{"line":146,"column":6},"end":{"line":146,"column":27}},{"start":{"line":147,"column":6},"end":{"line":147,"column":80}}]},"22":{"loc":{"start":{"line":149,"column":6},"end":{"line":155,"column":null}},"type":"if","locations":[{"start":{"line":149,"column":6},"end":{"line":155,"column":null}},{"start":{"line":149,"column":6},"end":{"line":155,"column":null}}]},"23":{"loc":{"start":{"line":149,"column":10},"end":{"line":149,"column":12}},"type":"binary-expr","locations":[{"start":{"line":149,"column":10},"end":{"line":149,"column":12}},{"start":{"line":149,"column":16},"end":{"line":149,"column":40}}]},"24":{"loc":{"start":{"line":151,"column":8},"end":{"line":151,"column":33}},"type":"if","locations":[{"start":{"line":151,"column":8},"end":{"line":151,"column":33}},{"start":{"line":151,"column":8},"end":{"line":151,"column":33}}]},"25":{"loc":{"start":{"line":162,"column":4},"end":{"line":170,"column":null}},"type":"if","locations":[{"start":{"line":162,"column":4},"end":{"line":170,"column":null}},{"start":{"line":162,"column":4},"end":{"line":170,"column":null}}]},"26":{"loc":{"start":{"line":163,"column":6},"end":{"line":169,"column":null}},"type":"if","locations":[{"start":{"line":163,"column":6},"end":{"line":169,"column":null}},{"start":{"line":163,"column":6},"end":{"line":169,"column":null}}]},"27":{"loc":{"start":{"line":183,"column":4},"end":{"line":210,"column":null}},"type":"if","locations":[{"start":{"line":183,"column":4},"end":{"line":210,"column":null}},{"start":{"line":183,"column":4},"end":{"line":210,"column":null}}]},"28":{"loc":{"start":{"line":184,"column":6},"end":{"line":188,"column":null}},"type":"if","locations":[{"start":{"line":184,"column":6},"end":{"line":188,"column":null}},{"start":{"line":184,"column":6},"end":{"line":188,"column":null}}]},"29":{"loc":{"start":{"line":189,"column":11},"end":{"line":210,"column":null}},"type":"if","locations":[{"start":{"line":189,"column":11},"end":{"line":210,"column":null}},{"start":{"line":189,"column":11},"end":{"line":210,"column":null}}]},"30":{"loc":{"start":{"line":194,"column":6},"end":{"line":209,"column":null}},"type":"if","locations":[{"start":{"line":194,"column":6},"end":{"line":209,"column":null}},{"start":{"line":194,"column":6},"end":{"line":209,"column":null}}]},"31":{"loc":{"start":{"line":202,"column":10},"end":{"line":207,"column":null}},"type":"if","locations":[{"start":{"line":202,"column":10},"end":{"line":207,"column":null}},{"start":{"line":202,"column":10},"end":{"line":207,"column":null}}]}},"s":{"0":1,"1":1,"2":1,"3":2,"4":1,"5":1,"6":1,"7":1,"8":6,"9":1,"10":0,"11":1,"12":1,"13":1,"14":1,"15":1,"16":1,"17":0,"18":1,"19":1,"20":1,"21":1,"22":1,"23":1,"24":1,"25":1,"26":1,"27":1,"28":1,"29":1,"30":0,"31":1,"32":0,"33":1,"34":1,"35":1,"36":0,"37":0,"38":0,"39":0,"40":0,"41":0,"42":1,"43":1,"44":1,"45":1,"46":4,"47":1,"48":0,"49":0,"50":1,"51":1,"52":0,"53":1,"54":1,"55":1,"56":0,"57":0,"58":0,"59":0,"60":1,"61":1,"62":1,"63":1,"64":1,"65":0,"66":0,"67":0,"68":0,"69":1,"70":1,"71":1,"72":1,"73":1,"74":1,"75":1,"76":1,"77":1,"78":0,"79":1,"80":1,"81":1,"82":0,"83":1,"84":0,"85":0,"86":0,"87":0,"88":0,"89":0,"90":0,"91":0,"92":0,"93":0,"94":0,"95":0,"96":0,"97":0,"98":0,"99":0,"100":1,"101":1,"102":1,"103":1,"104":1,"105":1,"106":1,"107":1,"108":1,"109":1},"f":{"0":2,"1":1,"2":6,"3":1,"4":1,"5":1,"6":2,"7":1,"8":4,"9":1,"10":1,"11":1,"12":2,"13":1,"14":1,"15":1,"16":0,"17":0,"18":0,"19":0,"20":0,"21":1,"22":0,"23":0,"24":0,"25":0},"b":{"0":[0,1],"1":[1,0],"2":[1,0],"3":[1,0],"4":[1,1],"5":[1,0],"6":[1,0],"7":[1,0],"8":[0,1],"9":[0,1],"10":[0,0],"11":[0,0],"12":[0,0],"13":[1,0],"14":[0,1],"15":[1,1],"16":[1,0],"17":[1,1],"18":[0,1],"19":[0,0],"20":[1,0],"21":[1,1],"22":[0,1],"23":[1,0],"24":[0,0],"25":[1,0],"26":[1,0],"27":[1,0],"28":[0,1],"29":[0,0],"30":[0,0],"31":[0,0]}}
,"/Users/duanguang/Documents/Front-End/legions/lerna-legion-library/packages/legions-thirdparty-plugin/src/legions.plugin.sdk/legions.ts": {"path":"/Users/duanguang/Documents/Front-End/legions/lerna-legion-library/packages/legions-thirdparty-plugin/src/legions.plugin.sdk/legions.ts","statementMap":{"0":{"start":{"line":94,"column":49},"end":{"line":94,"column":51}},"1":{"start":{"line":96,"column":2},"end":{"line":100,"column":null}},"2":{"start":{"line":102,"column":11},"end":{"line":102,"column":31}},"3":{"start":{"line":103,"column":24},"end":{"line":103,"column":52}},"4":{"start":{"line":104,"column":2},"end":{"line":133,"column":null}},"5":{"start":{"line":105,"column":17},"end":{"line":105,"column":49}},"6":{"start":{"line":106,"column":4},"end":{"line":106,"column":19}},"7":{"start":{"line":107,"column":20},"end":{"line":107,"column":53}},"8":{"start":{"line":108,"column":4},"end":{"line":115,"column":null}},"9":{"start":{"line":109,"column":6},"end":{"line":109,"column":31}},"10":{"start":{"line":111,"column":6},"end":{"line":114,"column":90}},"11":{"start":{"line":116,"column":4},"end":{"line":116,"column":38}},"12":{"start":{"line":118,"column":4},"end":{"line":132,"column":6}},"13":{"start":{"line":121,"column":6},"end":{"line":131,"column":null}},"14":{"start":{"line":122,"column":22},"end":{"line":122,"column":38}},"15":{"start":{"line":123,"column":8},"end":{"line":123,"column":57}},"16":{"start":{"line":124,"column":8},"end":{"line":126,"column":null}},"17":{"start":{"line":125,"column":10},"end":{"line":125,"column":49}},"18":{"start":{"line":127,"column":8},"end":{"line":129,"column":11}},"19":{"start":{"line":128,"column":10},"end":{"line":128,"column":17}},"20":{"start":{"line":130,"column":8},"end":{"line":130,"column":37}},"21":{"start":{"line":136,"column":2},"end":{"line":138,"column":null}},"22":{"start":{"line":137,"column":4},"end":{"line":137,"column":11}},"23":{"start":{"line":139,"column":2},"end":{"line":143,"column":null}},"24":{"start":{"line":142,"column":4},"end":{"line":142,"column":11}},"25":{"start":{"line":144,"column":2},"end":{"line":156,"column":5}},"26":{"start":{"line":145,"column":17},"end":{"line":145,"column":45}},"27":{"start":{"line":146,"column":4},"end":{"line":155,"column":null}},"28":{"start":{"line":147,"column":6},"end":{"line":149,"column":null}},"29":{"start":{"line":148,"column":8},"end":{"line":148,"column":23}},"30":{"start":{"line":150,"column":6},"end":{"line":154,"column":null}},"31":{"start":{"line":151,"column":8},"end":{"line":151,"column":46}},"32":{"start":{"line":153,"column":8},"end":{"line":153,"column":43}},"33":{"start":{"line":158,"column":24},"end":{"line":203,"column":1}},"34":{"start":{"line":159,"column":17},"end":{"line":159,"column":21}},"35":{"start":{"line":160,"column":19},"end":{"line":201,"column":3}},"36":{"start":{"line":161,"column":4},"end":{"line":165,"column":null}},"37":{"start":{"line":167,"column":4},"end":{"line":174,"column":null}},"38":{"start":{"line":168,"column":6},"end":{"line":170,"column":null}},"39":{"start":{"line":169,"column":8},"end":{"line":169,"column":47}},"40":{"start":{"line":172,"column":6},"end":{"line":172,"column":34}},"41":{"start":{"line":173,"column":6},"end":{"line":173,"column":22}},"42":{"start":{"line":175,"column":18},"end":{"line":175,"column":22}},"43":{"start":{"line":176,"column":4},"end":{"line":198,"column":null}},"44":{"start":{"line":177,"column":6},"end":{"line":187,"column":null}},"45":{"start":{"line":181,"column":8},"end":{"line":181,"column":43}},"46":{"start":{"line":182,"column":13},"end":{"line":187,"column":null}},"47":{"start":{"line":186,"column":8},"end":{"line":186,"column":50}},"48":{"start":{"line":189,"column":6},"end":{"line":189,"column":41}},"49":{"start":{"line":191,"column":6},"end":{"line":197,"column":null}},"50":{"start":{"line":192,"column":8},"end":{"line":195,"column":null}},"51":{"start":{"line":194,"column":10},"end":{"line":194,"column":57}},"52":{"start":{"line":196,"column":8},"end":{"line":196,"column":30}},"53":{"start":{"line":199,"column":4},"end":{"line":199,"column":23}},"54":{"start":{"line":200,"column":4},"end":{"line":200,"column":20}},"55":{"start":{"line":202,"column":2},"end":{"line":202,"column":20}},"56":{"start":{"line":206,"column":13},"end":{"line":210,"column":41}},"57":{"start":{"line":219,"column":2},"end":{"line":226,"column":5}},"58":{"start":{"line":221,"column":22},"end":{"line":221,"column":38}},"59":{"start":{"line":222,"column":6},"end":{"line":224,"column":null}},"60":{"start":{"line":223,"column":8},"end":{"line":223,"column":40}},"61":{"start":{"line":216,"column":0},"end":{"line":216,"column":16}},"62":{"start":{"line":230,"column":32},"end":{"line":230,"column":36}},"63":{"start":{"line":231,"column":2},"end":{"line":235,"column":null}},"64":{"start":{"line":232,"column":4},"end":{"line":232,"column":40}},"65":{"start":{"line":234,"column":4},"end":{"line":234,"column":25}},"66":{"start":{"line":236,"column":2},"end":{"line":238,"column":null}},"67":{"start":{"line":237,"column":4},"end":{"line":237,"column":33}},"68":{"start":{"line":239,"column":2},"end":{"line":239,"column":23}},"69":{"start":{"line":229,"column":0},"end":{"line":229,"column":16}},"70":{"start":{"line":250,"column":2},"end":{"line":279,"column":null}},"71":{"start":{"line":251,"column":26},"end":{"line":251,"column":53}},"72":{"start":{"line":252,"column":19},"end":{"line":272,"column":5}},"73":{"start":{"line":253,"column":19},"end":{"line":253,"column":51}},"74":{"start":{"line":254,"column":6},"end":{"line":254,"column":31}},"75":{"start":{"line":255,"column":6},"end":{"line":255,"column":59}},"76":{"start":{"line":256,"column":16},"end":{"line":256,"column":22}},"77":{"start":{"line":257,"column":6},"end":{"line":262,"column":null}},"78":{"start":{"line":259,"column":8},"end":{"line":259,"column":47}},"79":{"start":{"line":261,"column":8},"end":{"line":261,"column":42}},"80":{"start":{"line":263,"column":6},"end":{"line":271,"column":9}},"81":{"start":{"line":265,"column":8},"end":{"line":270,"column":null}},"82":{"start":{"line":266,"column":10},"end":{"line":269,"column":null}},"83":{"start":{"line":268,"column":12},"end":{"line":268,"column":42}},"84":{"start":{"line":273,"column":23},"end":{"line":273,"column":64}},"85":{"start":{"line":274,"column":4},"end":{"line":278,"column":null}},"86":{"start":{"line":275,"column":6},"end":{"line":275,"column":15}},"87":{"start":{"line":276,"column":11},"end":{"line":278,"column":null}},"88":{"start":{"line":277,"column":6},"end":{"line":277,"column":45}},"89":{"start":{"line":242,"column":0},"end":{"line":242,"column":16}}},"fnMap":{"0":{"name":"onLoadScript","decl":{"start":{"line":95,"column":9},"end":{"line":95,"column":21}},"loc":{"start":{"line":100,"column":8},"end":{"line":134,"column":1}}},"1":{"name":"(anonymous_1)","decl":{"start":{"line":118,"column":48},"end":{"line":118,"column":null}},"loc":{"start":{"line":118,"column":48},"end":{"line":132,"column":5}}},"2":{"name":"(anonymous_2)","decl":{"start":{"line":127,"column":36},"end":{"line":127,"column":40}},"loc":{"start":{"line":127,"column":40},"end":{"line":129,"column":9}}},"3":{"name":"addBrowserMessage","decl":{"start":{"line":135,"column":9},"end":{"line":135,"column":26}},"loc":{"start":{"line":135,"column":77},"end":{"line":157,"column":1}}},"4":{"name":"(anonymous_4)","decl":{"start":{"line":144,"column":53},"end":{"line":144,"column":null}},"loc":{"start":{"line":144,"column":53},"end":{"line":156,"column":3}}},"5":{"name":"(anonymous_5)","decl":{"start":{"line":158,"column":24},"end":{"line":158,"column":null}},"loc":{"start":{"line":158,"column":24},"end":{"line":203,"column":1}}},"6":{"name":"(anonymous_6)","decl":{"start":{"line":160,"column":19},"end":{"line":160,"column":null}},"loc":{"start":{"line":165,"column":10},"end":{"line":201,"column":3}}},"7":{"name":"LegionsPluginsExecute","decl":{"start":{"line":216,"column":16},"end":{"line":216,"column":37}},"loc":{"start":{"line":217,"column":46},"end":{"line":227,"column":1}}},"8":{"name":"(anonymous_8)","decl":{"start":{"line":220,"column":14},"end":{"line":220,"column":null}},"loc":{"start":{"line":220,"column":14},"end":{"line":225,"column":5}}},"9":{"name":"findWindow","decl":{"start":{"line":229,"column":16},"end":{"line":229,"column":26}},"loc":{"start":{"line":229,"column":47},"end":{"line":240,"column":1}}},"10":{"name":"dynamicLoadingScript","decl":{"start":{"line":242,"column":16},"end":{"line":242,"column":36}},"loc":{"start":{"line":249,"column":1},"end":{"line":280,"column":1}}},"11":{"name":"(anonymous_11)","decl":{"start":{"line":252,"column":19},"end":{"line":252,"column":null}},"loc":{"start":{"line":252,"column":19},"end":{"line":272,"column":5}}},"12":{"name":"(anonymous_12)","decl":{"start":{"line":263,"column":33},"end":{"line":263,"column":null}},"loc":{"start":{"line":263,"column":33},"end":{"line":271,"column":7}}}},"branchMap":{"0":{"loc":{"start":{"line":96,"column":2},"end":{"line":100,"column":null}},"type":"if","locations":[{"start":{"line":96,"column":2},"end":{"line":100,"column":null}},{"start":{"line":96,"column":2},"end":{"line":100,"column":null}}]},"1":{"loc":{"start":{"line":104,"column":2},"end":{"line":133,"column":null}},"type":"if","locations":[{"start":{"line":104,"column":2},"end":{"line":133,"column":null}},{"start":{"line":104,"column":2},"end":{"line":133,"column":null}}]},"2":{"loc":{"start":{"line":104,"column":6},"end":{"line":104,"column":20}},"type":"binary-expr","locations":[{"start":{"line":104,"column":6},"end":{"line":104,"column":20}},{"start":{"line":104,"column":24},"end":{"line":104,"column":52}}]},"3":{"loc":{"start":{"line":108,"column":4},"end":{"line":115,"column":null}},"type":"if","locations":[{"start":{"line":108,"column":4},"end":{"line":115,"column":null}},{"start":{"line":108,"column":4},"end":{"line":115,"column":null}}]},"4":{"loc":{"start":{"line":108,"column":8},"end":{"line":108,"column":15}},"type":"binary-expr","locations":[{"start":{"line":108,"column":8},"end":{"line":108,"column":15}},{"start":{"line":108,"column":19},"end":{"line":108,"column":50}},{"start":{"line":108,"column":54},"end":{"line":108,"column":65}}]},"5":{"loc":{"start":{"line":113,"column":12},"end":{"line":113,"column":95}},"type":"cond-expr","locations":[{"start":{"line":113,"column":12},"end":{"line":113,"column":95}},{"start":{"line":114,"column":12},"end":{"line":114,"column":89}}]},"6":{"loc":{"start":{"line":121,"column":6},"end":{"line":131,"column":null}},"type":"if","locations":[{"start":{"line":121,"column":6},"end":{"line":131,"column":null}},{"start":{"line":121,"column":6},"end":{"line":131,"column":null}}]},"7":{"loc":{"start":{"line":121,"column":10},"end":{"line":121,"column":26}},"type":"binary-expr","locations":[{"start":{"line":121,"column":10},"end":{"line":121,"column":26}},{"start":{"line":121,"column":30},"end":{"line":121,"column":73}}]},"8":{"loc":{"start":{"line":124,"column":8},"end":{"line":126,"column":null}},"type":"if","locations":[{"start":{"line":124,"column":8},"end":{"line":126,"column":null}},{"start":{"line":124,"column":8},"end":{"line":126,"column":null}}]},"9":{"loc":{"start":{"line":124,"column":12},"end":{"line":124,"column":19}},"type":"binary-expr","locations":[{"start":{"line":124,"column":12},"end":{"line":124,"column":19}},{"start":{"line":124,"column":23},"end":{"line":124,"column":61}}]},"10":{"loc":{"start":{"line":125,"column":10},"end":{"line":125,"column":26}},"type":"binary-expr","locations":[{"start":{"line":125,"column":10},"end":{"line":125,"column":26}},{"start":{"line":125,"column":30},"end":{"line":125,"column":48}}]},"11":{"loc":{"start":{"line":136,"column":2},"end":{"line":138,"column":null}},"type":"if","locations":[{"start":{"line":136,"column":2},"end":{"line":138,"column":null}},{"start":{"line":136,"column":2},"end":{"line":138,"column":null}}]},"12":{"loc":{"start":{"line":139,"column":2},"end":{"line":143,"column":null}},"type":"if","locations":[{"start":{"line":139,"column":2},"end":{"line":143,"column":null}},{"start":{"line":139,"column":2},"end":{"line":143,"column":null}}]},"13":{"loc":{"start":{"line":146,"column":4},"end":{"line":155,"column":null}},"type":"if","locations":[{"start":{"line":146,"column":4},"end":{"line":155,"column":null}},{"start":{"line":146,"column":4},"end":{"line":155,"column":null}}]},"14":{"loc":{"start":{"line":147,"column":6},"end":{"line":149,"column":null}},"type":"if","locations":[{"start":{"line":147,"column":6},"end":{"line":149,"column":null}},{"start":{"line":147,"column":6},"end":{"line":149,"column":null}}]},"15":{"loc":{"start":{"line":150,"column":6},"end":{"line":154,"column":null}},"type":"if","locations":[{"start":{"line":150,"column":6},"end":{"line":154,"column":null}},{"start":{"line":150,"column":6},"end":{"line":154,"column":null}}]},"16":{"loc":{"start":{"line":161,"column":4},"end":{"line":165,"column":null}},"type":"if","locations":[{"start":{"line":161,"column":4},"end":{"line":165,"column":null}},{"start":{"line":161,"column":4},"end":{"line":165,"column":null}}]},"17":{"loc":{"start":{"line":167,"column":4},"end":{"line":174,"column":null}},"type":"if","locations":[{"start":{"line":167,"column":4},"end":{"line":174,"column":null}},{"start":{"line":167,"column":4},"end":{"line":174,"column":null}}]},"18":{"loc":{"start":{"line":168,"column":6},"end":{"line":170,"column":null}},"type":"if","locations":[{"start":{"line":168,"column":6},"end":{"line":170,"column":null}},{"start":{"line":168,"column":6},"end":{"line":170,"column":null}}]},"19":{"loc":{"start":{"line":168,"column":10},"end":{"line":168,"column":17}},"type":"binary-expr","locations":[{"start":{"line":168,"column":10},"end":{"line":168,"column":17}},{"start":{"line":168,"column":21},"end":{"line":168,"column":59}}]},"20":{"loc":{"start":{"line":169,"column":8},"end":{"line":169,"column":24}},"type":"binary-expr","locations":[{"start":{"line":169,"column":8},"end":{"line":169,"column":24}},{"start":{"line":169,"column":28},"end":{"line":169,"column":46}}]},"21":{"loc":{"start":{"line":177,"column":6},"end":{"line":187,"column":null}},"type":"if","locations":[{"start":{"line":177,"column":6},"end":{"line":187,"column":null}},{"start":{"line":177,"column":6},"end":{"line":187,"column":null}}]},"22":{"loc":{"start":{"line":178,"column":8},"end":{"line":178,"column":32}},"type":"binary-expr","locations":[{"start":{"line":178,"column":8},"end":{"line":178,"column":32}},{"start":{"line":179,"column":8},"end":{"line":179,"column":56}}]},"23":{"loc":{"start":{"line":182,"column":13},"end":{"line":187,"column":null}},"type":"if","locations":[{"start":{"line":182,"column":13},"end":{"line":187,"column":null}},{"start":{"line":182,"column":13},"end":{"line":187,"column":null}}]},"24":{"loc":{"start":{"line":183,"column":8},"end":{"line":183,"column":39}},"type":"binary-expr","locations":[{"start":{"line":183,"column":8},"end":{"line":183,"column":39}},{"start":{"line":184,"column":8},"end":{"line":184,"column":63}}]},"25":{"loc":{"start":{"line":191,"column":6},"end":{"line":197,"column":null}},"type":"if","locations":[{"start":{"line":191,"column":6},"end":{"line":197,"column":null}},{"start":{"line":191,"column":6},"end":{"line":197,"column":null}}]},"26":{"loc":{"start":{"line":192,"column":8},"end":{"line":195,"column":null}},"type":"if","locations":[{"start":{"line":192,"column":8},"end":{"line":195,"column":null}},{"start":{"line":192,"column":8},"end":{"line":195,"column":null}}]},"27":{"loc":{"start":{"line":192,"column":12},"end":{"line":192,"column":19}},"type":"binary-expr","locations":[{"start":{"line":192,"column":12},"end":{"line":192,"column":19}},{"start":{"line":192,"column":23},"end":{"line":192,"column":61}}]},"28":{"loc":{"start":{"line":222,"column":6},"end":{"line":224,"column":null}},"type":"if","locations":[{"start":{"line":222,"column":6},"end":{"line":224,"column":null}},{"start":{"line":222,"column":6},"end":{"line":224,"column":null}}]},"29":{"loc":{"start":{"line":223,"column":8},"end":{"line":223,"column":17}},"type":"binary-expr","locations":[{"start":{"line":223,"column":8},"end":{"line":223,"column":17}},{"start":{"line":223,"column":21},"end":{"line":223,"column":39}}]},"30":{"loc":{"start":{"line":236,"column":2},"end":{"line":238,"column":null}},"type":"if","locations":[{"start":{"line":236,"column":2},"end":{"line":238,"column":null}},{"start":{"line":236,"column":2},"end":{"line":238,"column":null}}]},"31":{"loc":{"start":{"line":250,"column":2},"end":{"line":279,"column":null}},"type":"if","locations":[{"start":{"line":250,"column":2},"end":{"line":279,"column":null}},{"start":{"line":250,"column":2},"end":{"line":279,"column":null}}]},"32":{"loc":{"start":{"line":255,"column":18},"end":{"line":255,"column":34}},"type":"binary-expr","locations":[{"start":{"line":255,"column":18},"end":{"line":255,"column":34}},{"start":{"line":255,"column":38},"end":{"line":255,"column":58}}]},"33":{"loc":{"start":{"line":257,"column":6},"end":{"line":262,"column":null}},"type":"if","locations":[{"start":{"line":257,"column":6},"end":{"line":262,"column":null}},{"start":{"line":257,"column":6},"end":{"line":262,"column":null}}]},"34":{"loc":{"start":{"line":265,"column":8},"end":{"line":270,"column":null}},"type":"if","locations":[{"start":{"line":265,"column":8},"end":{"line":270,"column":null}},{"start":{"line":265,"column":8},"end":{"line":270,"column":null}}]},"35":{"loc":{"start":{"line":265,"column":12},"end":{"line":265,"column":28}},"type":"binary-expr","locations":[{"start":{"line":265,"column":12},"end":{"line":265,"column":28}},{"start":{"line":265,"column":32},"end":{"line":265,"column":75}}]},"36":{"loc":{"start":{"line":266,"column":10},"end":{"line":269,"column":null}},"type":"if","locations":[{"start":{"line":266,"column":10},"end":{"line":269,"column":null}},{"start":{"line":266,"column":10},"end":{"line":269,"column":null}}]},"37":{"loc":{"start":{"line":274,"column":4},"end":{"line":278,"column":null}},"type":"if","locations":[{"start":{"line":274,"column":4},"end":{"line":278,"column":null}},{"start":{"line":274,"column":4},"end":{"line":278,"column":null}}]},"38":{"loc":{"start":{"line":274,"column":8},"end":{"line":274,"column":19}},"type":"binary-expr","locations":[{"start":{"line":274,"column":8},"end":{"line":274,"column":19}},{"start":{"line":274,"column":23},"end":{"line":274,"column":37}}]},"39":{"loc":{"start":{"line":276,"column":11},"end":{"line":278,"column":null}},"type":"if","locations":[{"start":{"line":276,"column":11},"end":{"line":278,"column":null}},{"start":{"line":276,"column":11},"end":{"line":278,"column":null}}]},"40":{"loc":{"start":{"line":276,"column":15},"end":{"line":276,"column":25}},"type":"binary-expr","locations":[{"start":{"line":276,"column":15},"end":{"line":276,"column":25}},{"start":{"line":276,"column":29},"end":{"line":276,"column":43}}]}},"s":{"0":1,"1":0,"2":0,"3":0,"4":0,"5":0,"6":0,"7":0,"8":0,"9":0,"10":0,"11":0,"12":0,"13":0,"14":0,"15":0,"16":0,"17":0,"18":0,"19":0,"20":0,"21":0,"22":0,"23":0,"24":0,"25":0,"26":0,"27":0,"28":0,"29":0,"30":0,"31":0,"32":0,"33":1,"34":1,"35":1,"36":0,"37":0,"38":0,"39":0,"40":0,"41":0,"42":0,"43":0,"44":0,"45":0,"46":0,"47":0,"48":0,"49":0,"50":0,"51":0,"52":0,"53":0,"54":0,"55":1,"56":1,"57":0,"58":0,"59":0,"60":0,"61":1,"62":0,"63":0,"64":0,"65":0,"66":0,"67":0,"68":0,"69":1,"70":0,"71":0,"72":0,"73":0,"74":0,"75":0,"76":0,"77":0,"78":0,"79":0,"80":0,"81":0,"82":0,"83":0,"84":0,"85":0,"86":0,"87":0,"88":0,"89":1},"f":{"0":0,"1":0,"2":0,"3":0,"4":0,"5":1,"6":0,"7":0,"8":0,"9":0,"10":0,"11":0,"12":0},"b":{"0":[0,0],"1":[0,0],"2":[0,0],"3":[0,0],"4":[0,0,0],"5":[0,0],"6":[0,0],"7":[0,0],"8":[0,0],"9":[0,0],"10":[0,0],"11":[0,0],"12":[0,0],"13":[0,0],"14":[0,0],"15":[0,0],"16":[0,0],"17":[0,0],"18":[0,0],"19":[0,0],"20":[0,0],"21":[0,0],"22":[0,0],"23":[0,0],"24":[0,0],"25":[0,0],"26":[0,0],"27":[0,0],"28":[0,0],"29":[0,0],"30":[0,0],"31":[0,0],"32":[0,0],"33":[0,0],"34":[0,0],"35":[0,0],"36":[0,0],"37":[0,0],"38":[0,0],"39":[0,0],"40":[0,0]}}
,"/Users/duanguang/Documents/Front-End/legions/lerna-legion-library/packages/legions-thirdparty-plugin/src/utils/constants.ts": {"path":"/Users/duanguang/Documents/Front-End/legions/lerna-legion-library/packages/legions-thirdparty-plugin/src/utils/constants.ts","statementMap":{"0":{"start":{"line":3,"column":13},"end":{"line":10,"column":2}}},"fnMap":{},"branchMap":{},"s":{"0":1},"f":{},"b":{}}
,"/Users/duanguang/Documents/Front-End/legions/lerna-legion-library/packages/legions-thirdparty-plugin/src/utils/indexof.js": {"path":"/Users/duanguang/Documents/Front-End/legions/lerna-legion-library/packages/legions-thirdparty-plugin/src/utils/indexof.js","statementMap":{"0":{"start":{"line":3,"column":2},"end":{"line":3,"column":35}},"1":{"start":{"line":3,"column":25},"end":{"line":3,"column":35}},"2":{"start":{"line":4,"column":14},"end":{"line":4,"column":16}},"3":{"start":{"line":5,"column":2},"end":{"line":10,"column":null}},"4":{"start":{"line":5,"column":15},"end":{"line":5,"column":16}},"5":{"start":{"line":6,"column":4},"end":{"line":9,"column":null}},"6":{"start":{"line":7,"column":6},"end":{"line":7,"column":16}},"7":{"start":{"line":8,"column":6},"end":{"line":8,"column":12}},"8":{"start":{"line":11,"column":2},"end":{"line":11,"column":15}},"9":{"start":{"line":2,"column":0},"end":{"line":2,"column":16}}},"fnMap":{"0":{"name":"indexOf","decl":{"start":{"line":2,"column":16},"end":{"line":2,"column":23}},"loc":{"start":{"line":2,"column":33},"end":{"line":12,"column":1}}}},"branchMap":{"0":{"loc":{"start":{"line":3,"column":2},"end":{"line":3,"column":35}},"type":"if","locations":[{"start":{"line":3,"column":2},"end":{"line":3,"column":35}},{"start":{"line":3,"column":2},"end":{"line":3,"column":35}}]},"1":{"loc":{"start":{"line":6,"column":4},"end":{"line":9,"column":null}},"type":"if","locations":[{"start":{"line":6,"column":4},"end":{"line":9,"column":null}},{"start":{"line":6,"column":4},"end":{"line":9,"column":null}}]}},"s":{"0":0,"1":0,"2":0,"3":0,"4":0,"5":0,"6":0,"7":0,"8":0,"9":1},"f":{"0":0},"b":{"0":[0,0],"1":[0,0]}}
}
