TN:
SF:/Users/duanguang/Documents/Front-End/legions/lerna-legion-library/packages/legions-thirdparty-plugin/src/index.ts
FN:2,(anonymous_0)
FN:2,(anonymous_1)
FN:3,(anonymous_2)
FN:4,(anonymous_3)
FN:4,(anonymous_4)
FNF:5
FNH:2
FNDA:0,(anonymous_0)
FNDA:3,(anonymous_1)
FNDA:0,(anonymous_2)
FNDA:0,(anonymous_3)
FNDA:4,(anonymous_4)
DA:2,5
DA:3,2
DA:4,6
LF:3
LH:3
BRF:0
BRH:0
end_of_record
TN:
SF:/Users/duanguang/Documents/Front-End/legions/lerna-legion-library/packages/legions-thirdparty-plugin/src/main/eventHub.ts
FN:7,(anonymous_0)
FN:10,(anonymous_2)
FN:11,(anonymous_3)
FN:22,(anonymous_4)
FN:32,(anonymous_5)
FN:36,(anonymous_6)
FNF:6
FNH:6
FNDA:4,(anonymous_0)
FNDA:1,(anonymous_2)
FNDA:4,(anonymous_3)
FNDA:1,(anonymous_4)
FNDA:1,(anonymous_5)
FNDA:1,(anonymous_6)
DA:1,2
DA:2,2
DA:7,2
DA:9,2
DA:10,2
DA:11,4
DA:12,1
DA:13,0
DA:14,0
DA:16,1
DA:17,1
DA:19,0
DA:22,2
DA:23,1
DA:27,1
DA:28,0
DA:29,0
DA:30,0
DA:32,1
DA:36,2
DA:37,1
DA:41,1
DA:42,0
DA:43,0
DA:44,0
DA:46,1
DA:50,2
LF:27
LH:18
BRDA:11,0,0,1
BRDA:11,0,1,0
BRDA:12,1,0,0
BRDA:12,1,1,1
BRDA:16,2,0,1
BRDA:16,2,1,1
BRDA:23,3,0,1
BRDA:23,3,1,0
BRDA:24,4,0,1
BRDA:24,4,1,1
BRDA:27,5,0,0
BRDA:27,5,1,1
BRDA:29,6,0,0
BRDA:29,6,1,0
BRDA:37,7,0,1
BRDA:37,7,1,0
BRDA:38,8,0,1
BRDA:38,8,1,1
BRDA:41,9,0,0
BRDA:41,9,1,1
BRDA:41,10,0,1
BRDA:41,10,1,0
BRDA:43,11,0,0
BRDA:43,11,1,0
BRF:24
BRH:13
end_of_record
TN:
SF:/Users/duanguang/Documents/Front-End/legions/lerna-legion-library/packages/legions-thirdparty-plugin/src/main/index.ts
FN:10,onLoadScript
FN:28,(anonymous_1)
FN:65,(anonymous_2)
FN:66,(anonymous_4)
FN:69,(anonymous_5)
FN:87,(anonymous_6)
FN:96,(anonymous_7)
FN:99,(anonymous_8)
FN:103,(anonymous_9)
FN:104,(anonymous_10)
FN:107,(anonymous_11)
FN:117,(anonymous_12)
FNF:12
FNH:7
FNDA:1,onLoadScript
FNDA:1,(anonymous_1)
FNDA:4,(anonymous_2)
FNDA:1,(anonymous_4)
FNDA:1,(anonymous_5)
FNDA:1,(anonymous_6)
FNDA:0,(anonymous_7)
FNDA:0,(anonymous_8)
FNDA:0,(anonymous_9)
FNDA:0,(anonymous_10)
FNDA:0,(anonymous_11)
FNDA:1,(anonymous_12)
DA:2,2
DA:3,2
DA:4,2
DA:9,2
DA:11,1
DA:12,1
DA:13,1
DA:14,1
DA:16,0
DA:18,1
DA:19,1
DA:21,1
DA:22,1
DA:23,1
DA:24,1
DA:25,1
DA:26,1
DA:28,1
DA:31,1
DA:32,1
DA:33,1
DA:34,0
DA:36,1
DA:37,0
DA:40,1
DA:43,1
DA:44,1
DA:49,0
DA:53,0
DA:54,0
DA:55,0
DA:56,0
DA:58,0
DA:64,2
DA:65,2
DA:66,2
DA:67,1
DA:68,1
DA:69,1
DA:70,1
DA:73,0
DA:87,2
DA:88,1
DA:89,1
DA:90,0
DA:92,1
DA:94,0
DA:95,0
DA:96,0
DA:97,0
DA:99,0
DA:100,0
DA:102,0
DA:103,0
DA:104,0
DA:105,0
DA:107,0
DA:108,0
DA:109,0
DA:111,0
DA:117,2
DA:118,1
DA:120,2
DA:121,2
DA:122,2
LF:65
LH:40
BRDA:18,0,0,1
BRDA:18,0,1,0
BRDA:21,1,0,1
BRDA:21,1,1,0
BRDA:21,2,0,1
BRDA:21,2,1,1
BRDA:31,3,0,1
BRDA:31,3,1,0
BRDA:31,4,0,1
BRDA:31,4,1,0
BRDA:32,5,0,1
BRDA:32,5,1,0
BRDA:33,6,0,0
BRDA:33,6,1,1
BRDA:36,7,0,0
BRDA:36,7,1,1
BRDA:49,8,0,0
BRDA:49,8,1,0
BRDA:53,9,0,0
BRDA:53,9,1,0
BRDA:55,10,0,0
BRDA:55,10,1,0
BRDA:67,11,0,1
BRDA:67,11,1,0
BRDA:68,12,0,1
BRDA:68,12,1,0
BRDA:88,13,0,1
BRDA:88,13,1,0
BRDA:89,14,0,0
BRDA:89,14,1,1
BRDA:94,15,0,0
BRDA:94,15,1,0
BRDA:99,16,0,0
BRDA:99,16,1,0
BRDA:107,17,0,0
BRDA:107,17,1,0
BRF:36
BRH:13
end_of_record
TN:
SF:/Users/duanguang/Documents/Front-End/legions/lerna-legion-library/packages/legions-thirdparty-plugin/src/main/plugin.config.ts
FNF:0
FNH:0
DA:2,2
DA:5,2
DA:13,2
DA:14,2
DA:16,2
LF:5
LH:5
BRF:0
BRH:0
end_of_record
TN:
SF:/Users/duanguang/Documents/Front-End/legions/lerna-legion-library/packages/legions-thirdparty-plugin/src/main/utils.ts
FN:3,createObj
FN:19,(anonymous_1)
FN:23,(anonymous_2)
FN:26,(anonymous_3)
FNF:4
FNH:4
FNDA:4,createObj
FNDA:2,(anonymous_1)
FNDA:12,(anonymous_2)
FNDA:1,(anonymous_3)
DA:3,2
DA:4,4
DA:19,2
DA:23,2
DA:24,12
DA:28,1
DA:29,0
DA:33,1
LF:8
LH:7
BRDA:28,0,0,0
BRDA:28,0,1,1
BRDA:28,1,0,1
BRDA:28,1,1,0
BRF:4
BRH:2
end_of_record
TN:
SF:/Users/duanguang/Documents/Front-End/legions/lerna-legion-library/packages/legions-thirdparty-plugin/src/utils/dynamicLoadingScript.ts
FN:5,dynamicLoadingScript
FN:16,(anonymous_1)
FN:27,(anonymous_2)
FN:55,(anonymous_3)
FN:91,(anonymous_4)
FN:97,(anonymous_5)
FN:116,runDynamicScripts
FN:132,(anonymous_7)
FNF:8
FNH:8
FNDA:1,dynamicLoadingScript
FNDA:1,(anonymous_1)
FNDA:1,(anonymous_2)
FNDA:4,(anonymous_3)
FNDA:1,(anonymous_4)
FNDA:1,(anonymous_5)
FNDA:4,runDynamicScripts
FNDA:4,(anonymous_7)
DA:1,2
DA:3,2
DA:5,2
DA:13,1
DA:14,1
DA:15,1
DA:16,1
DA:17,1
DA:18,1
DA:19,1
DA:20,1
DA:21,1
DA:23,0
DA:25,1
DA:27,1
DA:29,1
DA:30,1
DA:31,1
DA:33,1
DA:38,1
DA:39,1
DA:40,1
DA:41,0
DA:42,0
DA:46,2
DA:55,2
DA:61,4
DA:62,4
DA:63,3
DA:64,3
DA:67,1
DA:68,1
DA:69,1
DA:73,0
DA:74,1
DA:78,0
DA:81,0
DA:83,1
DA:84,1
DA:86,1
DA:88,1
DA:89,1
DA:92,1
DA:97,1
DA:98,1
DA:99,1
DA:102,1
DA:116,2
DA:130,4
DA:131,4
DA:133,4
LF:51
LH:45
BRDA:13,0,0,1
BRDA:13,0,1,0
BRDA:14,1,0,1
BRDA:14,1,1,0
BRDA:21,2,0,0
BRDA:21,2,1,1
BRDA:29,3,0,1
BRDA:29,3,1,0
BRDA:29,4,0,1
BRDA:29,4,1,0
BRDA:31,5,0,1
BRDA:31,5,1,0
BRDA:39,6,0,1
BRDA:39,6,1,0
BRDA:39,7,0,1
BRDA:39,7,1,1
BRDA:41,8,0,0
BRDA:41,8,1,0
BRDA:41,9,0,0
BRDA:41,9,1,0
BRDA:62,10,0,3
BRDA:62,10,1,1
BRDA:63,11,0,3
BRDA:63,11,1,0
BRDA:63,12,0,3
BRDA:63,12,1,3
BRDA:64,13,0,3
BRDA:64,13,1,3
BRDA:69,14,0,0
BRDA:69,14,1,1
BRDA:70,15,0,1
BRDA:70,15,1,0
BRDA:74,16,0,0
BRDA:74,16,1,1
BRDA:75,17,0,1
BRDA:75,17,1,0
BRDA:83,18,0,1
BRDA:83,18,1,0
BRDA:84,19,0,1
BRDA:84,19,1,0
BRDA:84,20,0,1
BRDA:84,20,1,1
BRDA:94,21,0,1
BRDA:94,21,1,0
BRDA:98,22,0,1
BRDA:98,22,1,0
BRDA:133,23,0,4
BRDA:133,23,1,4
BRF:48
BRH:28
end_of_record
TN:
SF:/Users/duanguang/Documents/Front-End/legions/lerna-legion-library/packages/legions-thirdparty-plugin/src/utils/findWindow.ts
FN:2,findWindow
FNF:1
FNH:1
FNDA:2,findWindow
DA:2,2
DA:3,2
DA:4,2
DA:5,2
DA:7,0
DA:9,2
DA:10,1
DA:12,2
LF:8
LH:7
BRDA:9,0,0,1
BRDA:9,0,1,1
BRF:2
BRH:2
end_of_record
TN:
SF:/Users/duanguang/Documents/Front-End/legions/lerna-legion-library/packages/legions-thirdparty-plugin/src/utils/indexof.js
FN:2,indexOf
FNF:1
FNH:0
FNDA:0,indexOf
DA:2,2
DA:3,0
DA:4,0
DA:5,0
DA:6,0
DA:7,0
DA:8,0
DA:11,0
LF:8
LH:1
BRDA:3,0,0,0
BRDA:3,0,1,0
BRDA:6,1,0,0
BRDA:6,1,1,0
BRF:4
BRH:0
end_of_record
