TN:
SF:/Users/duanguang/Documents/Front-End/legions/lerna-legion-library/packages/legions-thirdparty-plugin/src/index.ts
FN:22,createObj
FN:41,(anonymous_1)
FN:45,(anonymous_2)
FN:48,(anonymous_3)
FN:62,onLoadScript
FN:80,(anonymous_5)
FN:115,(anonymous_6)
FN:118,(anonymous_8)
FN:119,(anonymous_9)
FN:130,(anonymous_10)
FN:140,(anonymous_11)
FN:144,(anonymous_12)
FN:160,(anonymous_13)
FN:161,(anonymous_15)
FN:164,(anonymous_16)
FN:182,(anonymous_17)
FN:191,(anonymous_18)
FN:194,(anonymous_19)
FN:198,(anonymous_20)
FN:199,(anonymous_21)
FN:202,(anonymous_22)
FN:212,(anonymous_23)
FN:219,(anonymous_24)
FN:220,(anonymous_25)
FN:221,(anonymous_26)
FN:222,(anonymous_27)
FNF:26
FNH:17
FNDA:2,createObj
FNDA:1,(anonymous_1)
FNDA:6,(anonymous_2)
FNDA:1,(anonymous_3)
FNDA:1,onLoadScript
FNDA:1,(anonymous_5)
FNDA:2,(anonymous_6)
FNDA:1,(anonymous_8)
FNDA:4,(anonymous_9)
FNDA:1,(anonymous_10)
FNDA:1,(anonymous_11)
FNDA:1,(anonymous_12)
FNDA:2,(anonymous_13)
FNDA:1,(anonymous_15)
FNDA:1,(anonymous_16)
FNDA:1,(anonymous_17)
FNDA:0,(anonymous_18)
FNDA:0,(anonymous_19)
FNDA:0,(anonymous_20)
FNDA:0,(anonymous_21)
FNDA:0,(anonymous_22)
FNDA:1,(anonymous_23)
FNDA:0,(anonymous_24)
FNDA:0,(anonymous_25)
FNDA:0,(anonymous_26)
FNDA:0,(anonymous_27)
DA:2,1
DA:3,1
DA:4,1
DA:23,2
DA:39,1
DA:40,1
DA:41,1
DA:45,1
DA:46,6
DA:50,1
DA:51,0
DA:55,1
DA:61,1
DA:63,1
DA:64,1
DA:65,1
DA:66,1
DA:68,0
DA:70,1
DA:71,1
DA:73,1
DA:74,1
DA:75,1
DA:76,1
DA:77,1
DA:78,1
DA:80,1
DA:83,1
DA:84,1
DA:85,1
DA:86,0
DA:88,1
DA:89,0
DA:92,1
DA:95,1
DA:96,1
DA:101,0
DA:105,0
DA:106,0
DA:107,0
DA:108,0
DA:110,0
DA:115,1
DA:117,1
DA:118,1
DA:119,4
DA:120,1
DA:121,0
DA:122,0
DA:124,1
DA:125,1
DA:127,0
DA:130,1
DA:131,1
DA:135,1
DA:136,0
DA:137,0
DA:138,0
DA:140,1
DA:144,1
DA:145,1
DA:149,1
DA:150,0
DA:151,0
DA:152,0
DA:154,1
DA:158,1
DA:159,1
DA:160,1
DA:161,1
DA:162,1
DA:163,1
DA:164,1
DA:165,1
DA:168,0
DA:182,1
DA:183,1
DA:184,1
DA:185,0
DA:187,1
DA:189,0
DA:190,0
DA:191,0
DA:192,0
DA:194,0
DA:195,0
DA:197,0
DA:198,0
DA:199,0
DA:200,0
DA:202,0
DA:203,0
DA:204,0
DA:206,0
DA:212,1
DA:213,1
DA:215,1
DA:216,1
DA:218,1
DA:219,1
DA:220,1
DA:221,1
DA:222,1
LF:103
LH:68
BRDA:50,0,0,0
BRDA:50,0,1,1
BRDA:50,1,0,1
BRDA:50,1,1,0
BRDA:70,2,0,1
BRDA:70,2,1,0
BRDA:73,3,0,1
BRDA:73,3,1,0
BRDA:73,4,0,1
BRDA:73,4,1,1
BRDA:83,5,0,1
BRDA:83,5,1,0
BRDA:83,6,0,1
BRDA:83,6,1,0
BRDA:84,7,0,1
BRDA:84,7,1,0
BRDA:85,8,0,0
BRDA:85,8,1,1
BRDA:88,9,0,0
BRDA:88,9,1,1
BRDA:101,10,0,0
BRDA:101,10,1,0
BRDA:105,11,0,0
BRDA:105,11,1,0
BRDA:107,12,0,0
BRDA:107,12,1,0
BRDA:119,13,0,1
BRDA:119,13,1,0
BRDA:120,14,0,0
BRDA:120,14,1,1
BRDA:124,15,0,1
BRDA:124,15,1,1
BRDA:131,16,0,1
BRDA:131,16,1,0
BRDA:132,17,0,1
BRDA:132,17,1,1
BRDA:135,18,0,0
BRDA:135,18,1,1
BRDA:137,19,0,0
BRDA:137,19,1,0
BRDA:145,20,0,1
BRDA:145,20,1,0
BRDA:146,21,0,1
BRDA:146,21,1,1
BRDA:149,22,0,0
BRDA:149,22,1,1
BRDA:149,23,0,1
BRDA:149,23,1,0
BRDA:151,24,0,0
BRDA:151,24,1,0
BRDA:162,25,0,1
BRDA:162,25,1,0
BRDA:163,26,0,1
BRDA:163,26,1,0
BRDA:183,27,0,1
BRDA:183,27,1,0
BRDA:184,28,0,0
BRDA:184,28,1,1
BRDA:189,29,0,0
BRDA:189,29,1,0
BRDA:194,30,0,0
BRDA:194,30,1,0
BRDA:202,31,0,0
BRDA:202,31,1,0
BRF:64
BRH:28
end_of_record
TN:
SF:/Users/duanguang/Documents/Front-End/legions/lerna-legion-library/packages/legions-thirdparty-plugin/src/legions.plugin.sdk/legions.ts
FN:95,onLoadScript
FN:118,(anonymous_1)
FN:127,(anonymous_2)
FN:135,addBrowserMessage
FN:144,(anonymous_4)
FN:158,(anonymous_5)
FN:160,(anonymous_6)
FN:216,LegionsPluginsExecute
FN:220,(anonymous_8)
FN:229,findWindow
FN:242,dynamicLoadingScript
FN:252,(anonymous_11)
FN:263,(anonymous_12)
FNF:13
FNH:1
FNDA:0,onLoadScript
FNDA:0,(anonymous_1)
FNDA:0,(anonymous_2)
FNDA:0,addBrowserMessage
FNDA:0,(anonymous_4)
FNDA:1,(anonymous_5)
FNDA:0,(anonymous_6)
FNDA:0,LegionsPluginsExecute
FNDA:0,(anonymous_8)
FNDA:0,findWindow
FNDA:0,dynamicLoadingScript
FNDA:0,(anonymous_11)
FNDA:0,(anonymous_12)
DA:94,1
DA:96,0
DA:102,0
DA:103,0
DA:104,0
DA:105,0
DA:106,0
DA:107,0
DA:108,0
DA:109,0
DA:111,0
DA:116,0
DA:118,0
DA:121,0
DA:122,0
DA:123,0
DA:124,0
DA:125,0
DA:127,0
DA:128,0
DA:130,0
DA:136,0
DA:137,0
DA:139,0
DA:142,0
DA:144,0
DA:145,0
DA:146,0
DA:147,0
DA:148,0
DA:150,0
DA:151,0
DA:153,0
DA:158,1
DA:159,1
DA:160,1
DA:161,0
DA:167,0
DA:168,0
DA:169,0
DA:172,0
DA:173,0
DA:175,0
DA:176,0
DA:177,0
DA:181,0
DA:182,0
DA:186,0
DA:189,0
DA:191,0
DA:192,0
DA:194,0
DA:196,0
DA:199,0
DA:200,0
DA:202,1
DA:206,1
DA:216,1
DA:219,0
DA:221,0
DA:222,0
DA:223,0
DA:229,1
DA:230,0
DA:231,0
DA:232,0
DA:234,0
DA:236,0
DA:237,0
DA:239,0
DA:242,1
DA:250,0
DA:251,0
DA:252,0
DA:253,0
DA:254,0
DA:255,0
DA:256,0
DA:257,0
DA:259,0
DA:261,0
DA:263,0
DA:265,0
DA:266,0
DA:268,0
DA:273,0
DA:274,0
DA:275,0
DA:276,0
DA:277,0
LF:90
LH:9
BRDA:96,0,0,0
BRDA:96,0,1,0
BRDA:104,1,0,0
BRDA:104,1,1,0
BRDA:104,2,0,0
BRDA:104,2,1,0
BRDA:108,3,0,0
BRDA:108,3,1,0
BRDA:108,4,0,0
BRDA:108,4,1,0
BRDA:108,4,2,0
BRDA:113,5,0,0
BRDA:113,5,1,0
BRDA:121,6,0,0
BRDA:121,6,1,0
BRDA:121,7,0,0
BRDA:121,7,1,0
BRDA:124,8,0,0
BRDA:124,8,1,0
BRDA:124,9,0,0
BRDA:124,9,1,0
BRDA:125,10,0,0
BRDA:125,10,1,0
BRDA:136,11,0,0
BRDA:136,11,1,0
BRDA:139,12,0,0
BRDA:139,12,1,0
BRDA:146,13,0,0
BRDA:146,13,1,0
BRDA:147,14,0,0
BRDA:147,14,1,0
BRDA:150,15,0,0
BRDA:150,15,1,0
BRDA:161,16,0,0
BRDA:161,16,1,0
BRDA:167,17,0,0
BRDA:167,17,1,0
BRDA:168,18,0,0
BRDA:168,18,1,0
BRDA:168,19,0,0
BRDA:168,19,1,0
BRDA:169,20,0,0
BRDA:169,20,1,0
BRDA:177,21,0,0
BRDA:177,21,1,0
BRDA:178,22,0,0
BRDA:178,22,1,0
BRDA:182,23,0,0
BRDA:182,23,1,0
BRDA:183,24,0,0
BRDA:183,24,1,0
BRDA:191,25,0,0
BRDA:191,25,1,0
BRDA:192,26,0,0
BRDA:192,26,1,0
BRDA:192,27,0,0
BRDA:192,27,1,0
BRDA:222,28,0,0
BRDA:222,28,1,0
BRDA:223,29,0,0
BRDA:223,29,1,0
BRDA:236,30,0,0
BRDA:236,30,1,0
BRDA:250,31,0,0
BRDA:250,31,1,0
BRDA:255,32,0,0
BRDA:255,32,1,0
BRDA:257,33,0,0
BRDA:257,33,1,0
BRDA:265,34,0,0
BRDA:265,34,1,0
BRDA:265,35,0,0
BRDA:265,35,1,0
BRDA:266,36,0,0
BRDA:266,36,1,0
BRDA:274,37,0,0
BRDA:274,37,1,0
BRDA:274,38,0,0
BRDA:274,38,1,0
BRDA:276,39,0,0
BRDA:276,39,1,0
BRDA:276,40,0,0
BRDA:276,40,1,0
BRF:83
BRH:0
end_of_record
TN:
SF:/Users/duanguang/Documents/Front-End/legions/lerna-legion-library/packages/legions-thirdparty-plugin/src/utils/constants.ts
FNF:0
FNH:0
DA:3,1
LF:1
LH:1
BRF:0
BRH:0
end_of_record
TN:
SF:/Users/duanguang/Documents/Front-End/legions/lerna-legion-library/packages/legions-thirdparty-plugin/src/utils/indexof.js
FN:2,indexOf
FNF:1
FNH:0
FNDA:0,indexOf
DA:2,1
DA:3,0
DA:4,0
DA:5,0
DA:6,0
DA:7,0
DA:8,0
DA:11,0
LF:8
LH:1
BRDA:3,0,0,0
BRDA:3,0,1,0
BRDA:6,1,0,0
BRDA:6,1,1,0
BRF:4
BRH:0
end_of_record
