{"/Users/duanguang/Documents/Front-End/legions/lerna-legion-library/packages/legions-micro-service/src/sandbox/index.ts": {"path":"/Users/duanguang/Documents/Front-End/legions/lerna-legion-library/packages/legions-micro-service/src/sandbox/index.ts","statementMap":{"0":{"start":{"line":1,"column":0},"end":{"line":1,"column":39}},"1":{"start":{"line":2,"column":12},"end":{"line":2,"column":17}},"2":{"start":{"line":15,"column":4},"end":{"line":17,"column":55}},"3":{"start":{"line":19,"column":22},"end":{"line":19,"column":54}},"4":{"start":{"line":20,"column":25},"end":{"line":20,"column":44}},"5":{"start":{"line":22,"column":2},"end":{"line":28,"column":4}},"6":{"start":{"line":33,"column":2},"end":{"line":33,"column":68}},"7":{"start":{"line":36,"column":0},"end":{"line":36,"column":null}},"8":{"start":{"line":54,"column":14},"end":{"line":54,"column":null}},"9":{"start":{"line":39,"column":10},"end":{"line":39,"column":37}},"10":{"start":{"line":41,"column":10},"end":{"line":41,"column":30}},"11":{"start":{"line":43,"column":10},"end":{"line":43,"column":36}},"12":{"start":{"line":45,"column":10},"end":{"line":45,"column":37}},"13":{"start":{"line":47,"column":10},"end":{"line":47,"column":29}},"14":{"start":{"line":49,"column":10},"end":{"line":49,"column":30}},"15":{"start":{"line":55,"column":26},"end":{"line":55,"column":32}},"16":{"start":{"line":56,"column":4},"end":{"line":61,"column":null}},"17":{"start":{"line":57,"column":6},"end":{"line":57,"column":70}},"18":{"start":{"line":60,"column":6},"end":{"line":60,"column":27}},"19":{"start":{"line":64,"column":4},"end":{"line":64,"column":31}},"20":{"start":{"line":66,"column":4},"end":{"line":66,"column":24}},"21":{"start":{"line":69,"column":2},"end":{"line":165,"column":null}},"22":{"start":{"line":69,"column":2},"end":{"line":69,"column":20}},"23":{"start":{"line":70,"column":57},"end":{"line":70,"column":61}},"24":{"start":{"line":70,"column":25},"end":{"line":70,"column":27}},"25":{"start":{"line":70,"column":41},"end":{"line":70,"column":43}},"26":{"start":{"line":70,"column":52},"end":{"line":70,"column":57}},"27":{"start":{"line":71,"column":24},"end":{"line":71,"column":53}},"28":{"start":{"line":72,"column":27},"end":{"line":72,"column":33}},"29":{"start":{"line":73,"column":37},"end":{"line":73,"column":60}},"30":{"start":{"line":74,"column":40},"end":{"line":74,"column":66}},"31":{"start":{"line":75,"column":31},"end":{"line":75,"column":49}},"32":{"start":{"line":76,"column":31},"end":{"line":76,"column":48}},"33":{"start":{"line":78,"column":4},"end":{"line":86,"column":6}},"34":{"start":{"line":78,"column":51},"end":{"line":78,"column":58}},"35":{"start":{"line":79,"column":24},"end":{"line":79,"column":60}},"36":{"start":{"line":80,"column":6},"end":{"line":80,"column":25}},"37":{"start":{"line":81,"column":6},"end":{"line":85,"column":9}},"38":{"start":{"line":88,"column":4},"end":{"line":98,"column":6}},"39":{"start":{"line":88,"column":54},"end":{"line":88,"column":61}},"40":{"start":{"line":89,"column":24},"end":{"line":89,"column":60}},"41":{"start":{"line":90,"column":6},"end":{"line":92,"column":null}},"42":{"start":{"line":91,"column":8},"end":{"line":91,"column":51}},"43":{"start":{"line":93,"column":6},"end":{"line":97,"column":9}},"44":{"start":{"line":100,"column":4},"end":{"line":104,"column":6}},"45":{"start":{"line":100,"column":30},"end":{"line":100,"column":37}},"46":{"start":{"line":101,"column":22},"end":{"line":101,"column":49}},"47":{"start":{"line":102,"column":6},"end":{"line":102,"column":36}},"48":{"start":{"line":103,"column":6},"end":{"line":103,"column":21}},"49":{"start":{"line":106,"column":4},"end":{"line":110,"column":6}},"50":{"start":{"line":106,"column":31},"end":{"line":106,"column":38}},"51":{"start":{"line":107,"column":25},"end":{"line":107,"column":52}},"52":{"start":{"line":108,"column":6},"end":{"line":108,"column":40}},"53":{"start":{"line":109,"column":6},"end":{"line":109,"column":24}},"54":{"start":{"line":112,"column":20},"end":{"line":163,"column":6}},"55":{"start":{"line":115,"column":8},"end":{"line":122,"column":null}},"56":{"start":{"line":117,"column":10},"end":{"line":117,"column":35}},"57":{"start":{"line":119,"column":15},"end":{"line":122,"column":null}},"58":{"start":{"line":121,"column":10},"end":{"line":121,"column":48}},"59":{"start":{"line":124,"column":8},"end":{"line":126,"column":null}},"60":{"start":{"line":125,"column":10},"end":{"line":125,"column":36}},"61":{"start":{"line":128,"column":8},"end":{"line":128,"column":26}},"62":{"start":{"line":129,"column":8},"end":{"line":129,"column":20}},"63":{"start":{"line":132,"column":8},"end":{"line":134,"column":null}},"64":{"start":{"line":133,"column":10},"end":{"line":133,"column":27}},"65":{"start":{"line":136,"column":8},"end":{"line":138,"column":null}},"66":{"start":{"line":137,"column":10},"end":{"line":137,"column":25}},"67":{"start":{"line":140,"column":8},"end":{"line":144,"column":null}},"68":{"start":{"line":142,"column":10},"end":{"line":143,"column":64}},"69":{"start":{"line":143,"column":12},"end":{"line":143,"column":64}},"70":{"start":{"line":145,"column":28},"end":{"line":145,"column":37}},"71":{"start":{"line":146,"column":8},"end":{"line":158,"column":null}},"72":{"start":{"line":148,"column":10},"end":{"line":148,"column":29}},"73":{"start":{"line":150,"column":24},"end":{"line":150,"column":41}},"74":{"start":{"line":151,"column":10},"end":{"line":157,"column":null}},"75":{"start":{"line":153,"column":12},"end":{"line":153,"column":46}},"76":{"start":{"line":156,"column":12},"end":{"line":156,"column":25}},"77":{"start":{"line":161,"column":8},"end":{"line":161,"column":50}},"78":{"start":{"line":164,"column":4},"end":{"line":164,"column":27}},"79":{"start":{"line":167,"column":2},"end":{"line":169,"column":null}},"80":{"start":{"line":168,"column":4},"end":{"line":168,"column":24}},"81":{"start":{"line":171,"column":2},"end":{"line":188,"column":null}},"82":{"start":{"line":172,"column":4},"end":{"line":187,"column":null}},"83":{"start":{"line":174,"column":6},"end":{"line":176,"column":null}},"84":{"start":{"line":175,"column":8},"end":{"line":175,"column":34}},"85":{"start":{"line":177,"column":6},"end":{"line":186,"column":null}},"86":{"start":{"line":178,"column":27},"end":{"line":178,"column":58}},"87":{"start":{"line":180,"column":21},"end":{"line":180,"column":75}},"88":{"start":{"line":182,"column":8},"end":{"line":182,"column":27}},"89":{"start":{"line":184,"column":8},"end":{"line":184,"column":79}},"90":{"start":{"line":185,"column":8},"end":{"line":185,"column":20}},"91":{"start":{"line":190,"column":2},"end":{"line":209,"column":null}},"92":{"start":{"line":190,"column":2},"end":{"line":190,"column":7}},"93":{"start":{"line":191,"column":4},"end":{"line":208,"column":null}},"94":{"start":{"line":193,"column":6},"end":{"line":197,"column":9}},"95":{"start":{"line":194,"column":8},"end":{"line":196,"column":11}},"96":{"start":{"line":195,"column":10},"end":{"line":195,"column":58}},"97":{"start":{"line":199,"column":6},"end":{"line":199,"column":61}},"98":{"start":{"line":199,"column":36},"end":{"line":199,"column":60}},"99":{"start":{"line":200,"column":6},"end":{"line":200,"column":63}},"100":{"start":{"line":200,"column":37},"end":{"line":200,"column":62}},"101":{"start":{"line":202,"column":6},"end":{"line":204,"column":9}},"102":{"start":{"line":203,"column":8},"end":{"line":203,"column":47}},"103":{"start":{"line":205,"column":6},"end":{"line":207,"column":9}},"104":{"start":{"line":206,"column":8},"end":{"line":206,"column":27}},"105":{"start":{"line":210,"column":0},"end":{"line":210,"column":null}}},"fnMap":{"0":{"name":"isConstructor","decl":{"start":{"line":12,"column":9},"end":{"line":12,"column":22}},"loc":{"start":{"line":12,"column":25},"end":{"line":29,"column":1}}},"1":{"name":"isWindowFunction","decl":{"start":{"line":32,"column":9},"end":{"line":32,"column":25}},"loc":{"start":{"line":32,"column":30},"end":{"line":34,"column":1}}},"2":{"name":"(anonymous_2)","decl":{"start":{"line":36,"column":0},"end":{"line":36,"column":null}},"loc":{"start":{"line":36,"column":0},"end":{"line":210,"column":null}}},"3":{"name":"Sandbox","decl":{"start":{"line":54,"column":2},"end":{"line":54,"column":14}},"loc":{"start":{"line":54,"column":38},"end":{"line":67,"column":3}}},"4":{"name":"(anonymous_4)","decl":{"start":{"line":69,"column":2},"end":{"line":69,"column":20}},"loc":{"start":{"line":69,"column":2},"end":{"line":165,"column":3}}},"5":{"name":"(anonymous_5)","decl":{"start":{"line":78,"column":35},"end":{"line":78,"column":36}},"loc":{"start":{"line":78,"column":49},"end":{"line":86,"column":5}}},"6":{"name":"(anonymous_6)","decl":{"start":{"line":88,"column":38},"end":{"line":88,"column":39}},"loc":{"start":{"line":88,"column":52},"end":{"line":98,"column":5}}},"7":{"name":"(anonymous_7)","decl":{"start":{"line":100,"column":29},"end":{"line":100,"column":30}},"loc":{"start":{"line":100,"column":29},"end":{"line":104,"column":5}}},"8":{"name":"(anonymous_8)","decl":{"start":{"line":106,"column":30},"end":{"line":106,"column":31}},"loc":{"start":{"line":106,"column":30},"end":{"line":110,"column":5}}},"9":{"name":"(anonymous_9)","decl":{"start":{"line":113,"column":6},"end":{"line":113,"column":9}},"loc":{"start":{"line":113,"column":52},"end":{"line":130,"column":7}}},"10":{"name":"(anonymous_10)","decl":{"start":{"line":131,"column":6},"end":{"line":131,"column":9}},"loc":{"start":{"line":131,"column":40},"end":{"line":159,"column":7}}},"11":{"name":"(anonymous_11)","decl":{"start":{"line":142,"column":17},"end":{"line":142,"column":18}},"loc":{"start":{"line":142,"column":34},"end":{"line":143,"column":13}}},"12":{"name":"(anonymous_12)","decl":{"start":{"line":160,"column":6},"end":{"line":160,"column":9}},"loc":{"start":{"line":160,"column":40},"end":{"line":162,"column":7}}},"13":{"name":"(anonymous_13)","decl":{"start":{"line":167,"column":2},"end":{"line":167,"column":12}},"loc":{"start":{"line":167,"column":2},"end":{"line":169,"column":3}}},"14":{"name":"(anonymous_14)","decl":{"start":{"line":171,"column":2},"end":{"line":171,"column":21}},"loc":{"start":{"line":171,"column":36},"end":{"line":188,"column":3}}},"15":{"name":"(anonymous_15)","decl":{"start":{"line":190,"column":2},"end":{"line":190,"column":7}},"loc":{"start":{"line":190,"column":2},"end":{"line":209,"column":3}}},"16":{"name":"(anonymous_16)","decl":{"start":{"line":193,"column":47},"end":{"line":193,"column":56}},"loc":{"start":{"line":193,"column":56},"end":{"line":197,"column":7}}},"17":{"name":"(anonymous_17)","decl":{"start":{"line":194,"column":55},"end":{"line":194,"column":63}},"loc":{"start":{"line":194,"column":63},"end":{"line":196,"column":9}}},"18":{"name":"(anonymous_18)","decl":{"start":{"line":199,"column":30},"end":{"line":199,"column":32}},"loc":{"start":{"line":199,"column":32},"end":{"line":199,"column":42}}},"19":{"name":"(anonymous_19)","decl":{"start":{"line":200,"column":31},"end":{"line":200,"column":33}},"loc":{"start":{"line":200,"column":33},"end":{"line":200,"column":43}}},"20":{"name":"(anonymous_20)","decl":{"start":{"line":202,"column":47},"end":{"line":202,"column":50}},"loc":{"start":{"line":202,"column":50},"end":{"line":204,"column":7}}},"21":{"name":"(anonymous_21)","decl":{"start":{"line":205,"column":46},"end":{"line":205,"column":49}},"loc":{"start":{"line":205,"column":49},"end":{"line":207,"column":7}}}},"branchMap":{"0":{"loc":{"start":{"line":15,"column":4},"end":{"line":15,"column":16}},"type":"binary-expr","locations":[{"start":{"line":15,"column":4},"end":{"line":15,"column":16}},{"start":{"line":16,"column":4},"end":{"line":16,"column":35}},{"start":{"line":17,"column":4},"end":{"line":17,"column":55}}]},"1":{"loc":{"start":{"line":19,"column":22},"end":{"line":19,"column":37}},"type":"binary-expr","locations":[{"start":{"line":19,"column":22},"end":{"line":19,"column":37}},{"start":{"line":19,"column":41},"end":{"line":19,"column":54}}]},"2":{"loc":{"start":{"line":23,"column":4},"end":{"line":23,"column":18}},"type":"binary-expr","locations":[{"start":{"line":23,"column":4},"end":{"line":23,"column":18}},{"start":{"line":25,"column":4},"end":{"line":25,"column":36}},{"start":{"line":27,"column":4},"end":{"line":27,"column":39}}]},"3":{"loc":{"start":{"line":33,"column":9},"end":{"line":33,"column":13}},"type":"binary-expr","locations":[{"start":{"line":33,"column":9},"end":{"line":33,"column":13}},{"start":{"line":33,"column":17},"end":{"line":33,"column":43}},{"start":{"line":33,"column":47},"end":{"line":33,"column":67}}]},"4":{"loc":{"start":{"line":54,"column":14},"end":{"line":54,"column":null}},"type":"if","locations":[{"start":{"line":54,"column":14},"end":{"line":54,"column":null}},{"start":{"line":54,"column":14},"end":{"line":54,"column":null}}]},"5":{"loc":{"start":{"line":56,"column":4},"end":{"line":61,"column":null}},"type":"if","locations":[{"start":{"line":56,"column":4},"end":{"line":61,"column":null}},{"start":{"line":56,"column":4},"end":{"line":61,"column":null}}]},"6":{"loc":{"start":{"line":79,"column":24},"end":{"line":79,"column":54}},"type":"binary-expr","locations":[{"start":{"line":79,"column":24},"end":{"line":79,"column":54}},{"start":{"line":79,"column":58},"end":{"line":79,"column":60}}]},"7":{"loc":{"start":{"line":89,"column":24},"end":{"line":89,"column":54}},"type":"binary-expr","locations":[{"start":{"line":89,"column":24},"end":{"line":89,"column":54}},{"start":{"line":89,"column":58},"end":{"line":89,"column":60}}]},"8":{"loc":{"start":{"line":90,"column":6},"end":{"line":92,"column":null}},"type":"if","locations":[{"start":{"line":90,"column":6},"end":{"line":92,"column":null}},{"start":{"line":90,"column":6},"end":{"line":92,"column":null}}]},"9":{"loc":{"start":{"line":115,"column":8},"end":{"line":122,"column":null}},"type":"if","locations":[{"start":{"line":115,"column":8},"end":{"line":122,"column":null}},{"start":{"line":115,"column":8},"end":{"line":122,"column":null}}]},"10":{"loc":{"start":{"line":119,"column":15},"end":{"line":122,"column":null}},"type":"if","locations":[{"start":{"line":119,"column":15},"end":{"line":122,"column":null}},{"start":{"line":119,"column":15},"end":{"line":122,"column":null}}]},"11":{"loc":{"start":{"line":124,"column":8},"end":{"line":126,"column":null}},"type":"if","locations":[{"start":{"line":124,"column":8},"end":{"line":126,"column":null}},{"start":{"line":124,"column":8},"end":{"line":126,"column":null}}]},"12":{"loc":{"start":{"line":132,"column":8},"end":{"line":134,"column":null}},"type":"if","locations":[{"start":{"line":132,"column":8},"end":{"line":134,"column":null}},{"start":{"line":132,"column":8},"end":{"line":134,"column":null}}]},"13":{"loc":{"start":{"line":136,"column":8},"end":{"line":138,"column":null}},"type":"if","locations":[{"start":{"line":136,"column":8},"end":{"line":138,"column":null}},{"start":{"line":136,"column":8},"end":{"line":138,"column":null}}]},"14":{"loc":{"start":{"line":140,"column":8},"end":{"line":144,"column":null}},"type":"if","locations":[{"start":{"line":140,"column":8},"end":{"line":144,"column":null}},{"start":{"line":140,"column":8},"end":{"line":144,"column":null}}]},"15":{"loc":{"start":{"line":143,"column":12},"end":{"line":143,"column":25}},"type":"binary-expr","locations":[{"start":{"line":143,"column":12},"end":{"line":143,"column":25}},{"start":{"line":143,"column":29},"end":{"line":143,"column":63}}]},"16":{"loc":{"start":{"line":146,"column":8},"end":{"line":158,"column":null}},"type":"if","locations":[{"start":{"line":146,"column":8},"end":{"line":158,"column":null}},{"start":{"line":146,"column":8},"end":{"line":158,"column":null}}]},"17":{"loc":{"start":{"line":151,"column":10},"end":{"line":157,"column":null}},"type":"if","locations":[{"start":{"line":151,"column":10},"end":{"line":157,"column":null}},{"start":{"line":151,"column":10},"end":{"line":157,"column":null}}]},"18":{"loc":{"start":{"line":161,"column":15},"end":{"line":161,"column":26}},"type":"binary-expr","locations":[{"start":{"line":161,"column":15},"end":{"line":161,"column":26}},{"start":{"line":161,"column":30},"end":{"line":161,"column":49}}]},"19":{"loc":{"start":{"line":172,"column":4},"end":{"line":187,"column":null}},"type":"if","locations":[{"start":{"line":172,"column":4},"end":{"line":187,"column":null}},{"start":{"line":172,"column":4},"end":{"line":187,"column":null}}]},"20":{"loc":{"start":{"line":174,"column":6},"end":{"line":176,"column":null}},"type":"if","locations":[{"start":{"line":174,"column":6},"end":{"line":176,"column":null}},{"start":{"line":174,"column":6},"end":{"line":176,"column":null}}]},"21":{"loc":{"start":{"line":191,"column":4},"end":{"line":208,"column":null}},"type":"if","locations":[{"start":{"line":191,"column":4},"end":{"line":208,"column":null}},{"start":{"line":191,"column":4},"end":{"line":208,"column":null}}]},"22":{"loc":{"start":{"line":194,"column":9},"end":{"line":194,"column":39}},"type":"binary-expr","locations":[{"start":{"line":194,"column":9},"end":{"line":194,"column":39}},{"start":{"line":194,"column":43},"end":{"line":194,"column":45}}]}},"s":{"0":1,"1":1,"2":0,"3":0,"4":0,"5":0,"6":0,"7":1,"8":1,"9":1,"10":1,"11":1,"12":1,"13":1,"14":1,"15":1,"16":1,"17":0,"18":1,"19":1,"20":1,"21":1,"22":1,"23":1,"24":1,"25":1,"26":1,"27":1,"28":1,"29":1,"30":1,"31":1,"32":1,"33":1,"34":0,"35":0,"36":0,"37":0,"38":1,"39":0,"40":0,"41":0,"42":0,"43":0,"44":1,"45":0,"46":0,"47":0,"48":0,"49":1,"50":0,"51":0,"52":0,"53":0,"54":1,"55":1,"56":1,"57":0,"58":0,"59":1,"60":1,"61":1,"62":1,"63":5,"64":2,"65":3,"66":2,"67":1,"68":0,"69":0,"70":1,"71":1,"72":1,"73":0,"74":0,"75":0,"76":0,"77":3,"78":1,"79":1,"80":0,"81":1,"82":1,"83":1,"84":1,"85":1,"86":1,"87":1,"88":1,"89":0,"90":0,"91":1,"92":1,"93":1,"94":1,"95":0,"96":0,"97":1,"98":0,"99":1,"100":0,"101":1,"102":0,"103":1,"104":1,"105":1},"f":{"0":0,"1":0,"2":1,"3":1,"4":1,"5":0,"6":0,"7":0,"8":0,"9":1,"10":5,"11":0,"12":3,"13":0,"14":1,"15":1,"16":0,"17":0,"18":0,"19":0,"20":0,"21":1},"b":{"0":[0,0,0],"1":[0,0],"2":[0,0,0],"3":[0,0,0],"4":[0,1],"5":[0,1],"6":[0,0],"7":[0,0],"8":[0,0],"9":[1,0],"10":[0,0],"11":[1,0],"12":[2,3],"13":[2,1],"14":[0,1],"15":[0,0],"16":[1,0],"17":[0,0],"18":[3,3],"19":[1,0],"20":[1,0],"21":[1,0],"22":[0,0]}}
}
