TN:
SF:/Users/duanguang/Documents/Front-End/legions/lerna-legion-library/packages/legions-micro-service/src/sandbox/index.ts
FN:12,isConstructor
FN:32,isWindowFunction
FN:36,(anonymous_2)
FN:54,Sandbox
FN:69,(anonymous_4)
FN:78,(anonymous_5)
FN:88,(anonymous_6)
FN:100,(anonymous_7)
FN:106,(anonymous_8)
FN:113,(anonymous_9)
FN:131,(anonymous_10)
FN:142,(anonymous_11)
FN:160,(anonymous_12)
FN:167,(anonymous_13)
FN:171,(anonymous_14)
FN:190,(anonymous_15)
FN:193,(anonymous_16)
FN:194,(anonymous_17)
FN:199,(anonymous_18)
FN:200,(anonymous_19)
FN:202,(anonymous_20)
FN:205,(anonymous_21)
FNF:22
FNH:9
FNDA:0,isConstructor
FNDA:0,isWindowFunction
FNDA:1,(anonymous_2)
FNDA:1,Sandbox
FNDA:1,(anonymous_4)
FNDA:0,(anonymous_5)
FNDA:0,(anonymous_6)
FNDA:0,(anonymous_7)
FNDA:0,(anonymous_8)
FNDA:1,(anonymous_9)
FNDA:5,(anonymous_10)
FNDA:0,(anonymous_11)
FNDA:3,(anonymous_12)
FNDA:0,(anonymous_13)
FNDA:1,(anonymous_14)
FNDA:1,(anonymous_15)
FNDA:0,(anonymous_16)
FNDA:0,(anonymous_17)
FNDA:0,(anonymous_18)
FNDA:0,(anonymous_19)
FNDA:0,(anonymous_20)
FNDA:1,(anonymous_21)
DA:1,1
DA:2,1
DA:15,0
DA:19,0
DA:20,0
DA:22,0
DA:33,0
DA:36,1
DA:39,1
DA:41,1
DA:43,1
DA:45,1
DA:47,1
DA:49,1
DA:54,1
DA:55,1
DA:56,1
DA:57,0
DA:60,1
DA:64,1
DA:66,1
DA:69,1
DA:70,1
DA:71,1
DA:72,1
DA:73,1
DA:74,1
DA:75,1
DA:76,1
DA:78,1
DA:79,0
DA:80,0
DA:81,0
DA:88,1
DA:89,0
DA:90,0
DA:91,0
DA:93,0
DA:100,1
DA:101,0
DA:102,0
DA:103,0
DA:106,1
DA:107,0
DA:108,0
DA:109,0
DA:112,1
DA:115,1
DA:117,1
DA:119,0
DA:121,0
DA:124,1
DA:125,1
DA:128,1
DA:129,1
DA:132,5
DA:133,2
DA:136,3
DA:137,2
DA:140,1
DA:142,0
DA:143,0
DA:145,1
DA:146,1
DA:148,1
DA:150,0
DA:151,0
DA:153,0
DA:156,0
DA:161,3
DA:164,1
DA:167,1
DA:168,0
DA:171,1
DA:172,1
DA:174,1
DA:175,1
DA:177,1
DA:178,1
DA:180,1
DA:182,1
DA:184,0
DA:185,0
DA:190,1
DA:191,1
DA:193,1
DA:194,0
DA:195,0
DA:199,1
DA:200,1
DA:202,1
DA:203,0
DA:205,1
DA:206,1
DA:210,1
LF:95
LH:62
BRDA:15,0,0,0
BRDA:15,0,1,0
BRDA:15,0,2,0
BRDA:19,1,0,0
BRDA:19,1,1,0
BRDA:23,2,0,0
BRDA:23,2,1,0
BRDA:23,2,2,0
BRDA:33,3,0,0
BRDA:33,3,1,0
BRDA:33,3,2,0
BRDA:54,4,0,0
BRDA:54,4,1,1
BRDA:56,5,0,0
BRDA:56,5,1,1
BRDA:79,6,0,0
BRDA:79,6,1,0
BRDA:89,7,0,0
BRDA:89,7,1,0
BRDA:90,8,0,0
BRDA:90,8,1,0
BRDA:115,9,0,1
BRDA:115,9,1,0
BRDA:119,10,0,0
BRDA:119,10,1,0
BRDA:124,11,0,1
BRDA:124,11,1,0
BRDA:132,12,0,2
BRDA:132,12,1,3
BRDA:136,13,0,2
BRDA:136,13,1,1
BRDA:140,14,0,0
BRDA:140,14,1,1
BRDA:143,15,0,0
BRDA:143,15,1,0
BRDA:146,16,0,1
BRDA:146,16,1,0
BRDA:151,17,0,0
BRDA:151,17,1,0
BRDA:161,18,0,3
BRDA:161,18,1,3
BRDA:172,19,0,1
BRDA:172,19,1,0
BRDA:174,20,0,1
BRDA:174,20,1,0
BRDA:191,21,0,1
BRDA:191,21,1,0
BRDA:194,22,0,0
BRDA:194,22,1,0
BRF:49
BRH:15
end_of_record
