<?xml version="1.0" encoding="UTF-8"?>
<coverage generated="1600841261749" clover="3.2.0">
  <project timestamp="1600841261749" name="All files">
    <metrics statements="1329" coveredstatements="644" conditionals="449" coveredconditionals="152" methods="412" coveredmethods="124" elements="2190" coveredelements="920" complexity="0" loc="1329" ncloc="1329" packages="2" files="2" classes="2"/>
    <package name="dist">
      <metrics statements="1328" coveredstatements="643" conditionals="449" coveredconditionals="152" methods="412" coveredmethods="124"/>
      <file name="legions-control-container.umd.js" path="/Users/duanguang/Documents/Front-End/legions/lerna-legion-library/packages/legions-control-container/dist/legions-control-container.umd.js">
        <metrics statements="1328" coveredstatements="643" conditionals="449" coveredconditionals="152" methods="412" coveredmethods="124"/>
        <line num="6" count="1" type="stmt"/>
        <line num="7" count="1" type="cond" truecount="3" falsecount="1"/>
        <line num="12" count="1" type="stmt"/>
        <line num="13" count="1" type="stmt"/>
        <line num="14" count="1" type="stmt"/>
        <line num="15" count="1" type="stmt"/>
        <line num="16" count="1" type="stmt"/>
        <line num="17" count="1" type="stmt"/>
        <line num="18" count="1" type="stmt"/>
        <line num="19" count="1" type="stmt"/>
        <line num="20" count="1" type="stmt"/>
        <line num="21" count="1" type="stmt"/>
        <line num="22" count="1" type="stmt"/>
        <line num="24" count="1" type="stmt"/>
        <line num="39" count="1" type="stmt"/>
        <line num="44" count="1" type="stmt"/>
        <line num="54" count="1" type="stmt"/>
        <line num="60" count="1" type="stmt"/>
        <line num="62" count="33" type="stmt"/>
        <line num="65" count="1" type="stmt"/>
        <line num="67" count="6" type="stmt"/>
        <line num="68" count="6" type="stmt"/>
        <line num="69" count="6" type="stmt"/>
        <line num="70" count="6" type="stmt"/>
        <line num="71" count="6" type="stmt"/>
        <line num="72" count="6" type="stmt"/>
        <line num="73" count="6" type="stmt"/>
        <line num="74" count="6" type="stmt"/>
        <line num="75" count="6" type="stmt"/>
        <line num="76" count="6" type="stmt"/>
        <line num="77" count="6" type="stmt"/>
        <line num="78" count="6" type="stmt"/>
        <line num="80" count="1" type="stmt"/>
        <line num="81" count="0" type="stmt"/>
        <line num="82" count="0" type="stmt"/>
        <line num="83" count="0" type="stmt"/>
        <line num="84" count="0" type="stmt"/>
        <line num="85" count="0" type="stmt"/>
        <line num="86" count="0" type="stmt"/>
        <line num="87" count="0" type="stmt"/>
        <line num="88" count="0" type="stmt"/>
        <line num="89" count="0" type="stmt"/>
        <line num="90" count="0" type="stmt"/>
        <line num="91" count="0" type="stmt"/>
        <line num="92" count="0" type="stmt"/>
        <line num="94" count="1" type="stmt"/>
        <line num="97" count="1" type="stmt"/>
        <line num="98" count="1" type="stmt"/>
        <line num="99" count="1" type="stmt"/>
        <line num="100" count="1" type="stmt"/>
        <line num="101" count="1" type="stmt"/>
        <line num="102" count="1" type="stmt"/>
        <line num="103" count="1" type="stmt"/>
        <line num="104" count="1" type="stmt"/>
        <line num="105" count="1" type="stmt"/>
        <line num="106" count="1" type="stmt"/>
        <line num="107" count="0" type="stmt"/>
        <line num="111" count="1" type="stmt"/>
        <line num="112" count="1" type="stmt"/>
        <line num="113" count="1" type="stmt"/>
        <line num="114" count="1" type="stmt"/>
        <line num="115" count="1" type="stmt"/>
        <line num="116" count="1" type="stmt"/>
        <line num="118" count="1" type="stmt"/>
        <line num="120" count="1" type="stmt"/>
        <line num="121" count="0" type="stmt"/>
        <line num="122" count="0" type="stmt"/>
        <line num="123" count="0" type="stmt"/>
        <line num="125" count="0" type="stmt"/>
        <line num="128" count="1" type="stmt"/>
        <line num="130" count="1" type="stmt"/>
        <line num="132" count="1" type="stmt"/>
        <line num="134" count="1" type="stmt"/>
        <line num="136" count="1" type="stmt"/>
        <line num="137" count="0" type="stmt"/>
        <line num="138" count="0" type="stmt"/>
        <line num="139" count="0" type="stmt"/>
        <line num="141" count="0" type="stmt"/>
        <line num="143" count="1" type="stmt"/>
        <line num="144" count="0" type="stmt"/>
        <line num="145" count="0" type="stmt"/>
        <line num="146" count="0" type="stmt"/>
        <line num="148" count="0" type="stmt"/>
        <line num="152" count="1" type="stmt"/>
        <line num="154" count="1" type="stmt"/>
        <line num="157" count="1" type="stmt"/>
        <line num="158" count="6" type="stmt"/>
        <line num="159" count="6" type="stmt"/>
        <line num="160" count="6" type="stmt"/>
        <line num="165" count="1" type="stmt"/>
        <line num="166" count="6" type="cond" truecount="2" falsecount="0"/>
        <line num="167" count="6" type="stmt"/>
        <line num="169" count="1" type="stmt"/>
        <line num="172" count="1" type="stmt"/>
        <line num="179" count="0" type="cond" truecount="0" falsecount="2"/>
        <line num="184" count="0" type="cond" truecount="0" falsecount="2"/>
        <line num="185" count="0" type="stmt"/>
        <line num="186" count="0" type="stmt"/>
        <line num="188" count="0" type="cond" truecount="0" falsecount="2"/>
        <line num="189" count="0" type="stmt"/>
        <line num="192" count="0" type="stmt"/>
        <line num="193" count="0" type="stmt"/>
        <line num="197" count="0" type="stmt"/>
        <line num="198" count="0" type="stmt"/>
        <line num="199" count="0" type="cond" truecount="0" falsecount="2"/>
        <line num="200" count="0" type="stmt"/>
        <line num="201" count="0" type="stmt"/>
        <line num="202" count="0" type="stmt"/>
        <line num="203" count="0" type="cond" truecount="0" falsecount="2"/>
        <line num="204" count="0" type="stmt"/>
        <line num="206" count="0" type="stmt"/>
        <line num="207" count="0" type="cond" truecount="0" falsecount="2"/>
        <line num="208" count="0" type="stmt"/>
        <line num="212" count="0" type="stmt"/>
        <line num="215" count="0" type="cond" truecount="0" falsecount="2"/>
        <line num="216" count="0" type="stmt"/>
        <line num="218" count="0" type="cond" truecount="0" falsecount="2"/>
        <line num="219" count="0" type="stmt"/>
        <line num="222" count="0" type="stmt"/>
        <line num="227" count="0" type="cond" truecount="0" falsecount="2"/>
        <line num="228" count="0" type="stmt"/>
        <line num="229" count="0" type="stmt"/>
        <line num="230" count="0" type="cond" truecount="0" falsecount="2"/>
        <line num="231" count="0" type="stmt"/>
        <line num="233" count="0" type="stmt"/>
        <line num="235" count="0" type="stmt"/>
        <line num="236" count="0" type="stmt"/>
        <line num="239" count="0" type="stmt"/>
        <line num="240" count="0" type="cond" truecount="0" falsecount="2"/>
        <line num="241" count="0" type="stmt"/>
        <line num="242" count="0" type="stmt"/>
        <line num="245" count="0" type="stmt"/>
        <line num="250" count="0" type="cond" truecount="0" falsecount="4"/>
        <line num="251" count="0" type="stmt"/>
        <line num="252" count="0" type="stmt"/>
        <line num="253" count="0" type="stmt"/>
        <line num="254" count="0" type="cond" truecount="0" falsecount="2"/>
        <line num="255" count="0" type="stmt"/>
        <line num="257" count="0" type="cond" truecount="0" falsecount="2"/>
        <line num="258" count="0" type="stmt"/>
        <line num="259" count="0" type="stmt"/>
        <line num="262" count="0" type="stmt"/>
        <line num="265" count="0" type="stmt"/>
        <line num="269" count="6" type="cond" truecount="1" falsecount="1"/>
        <line num="270" count="6" type="stmt"/>
        <line num="273" count="0" type="stmt"/>
        <line num="274" count="0" type="stmt"/>
        <line num="275" count="0" type="cond" truecount="0" falsecount="2"/>
        <line num="279" count="1" type="stmt"/>
        <line num="281" count="2" type="stmt"/>
        <line num="282" count="2" type="stmt"/>
        <line num="284" count="1" type="stmt"/>
        <line num="285" count="2" type="stmt"/>
        <line num="287" count="1" type="stmt"/>
        <line num="288" count="6" type="stmt"/>
        <line num="290" count="1" type="stmt"/>
        <line num="293" count="1" type="stmt"/>
        <line num="295" count="4" type="stmt"/>
        <line num="296" count="4" type="stmt"/>
        <line num="298" count="1" type="stmt"/>
        <line num="299" count="0" type="cond" truecount="0" falsecount="2"/>
        <line num="300" count="0" type="stmt"/>
        <line num="303" count="0" type="stmt"/>
        <line num="306" count="1" type="stmt"/>
        <line num="309" count="1" type="stmt"/>
        <line num="311" count="2" type="stmt"/>
        <line num="312" count="2" type="stmt"/>
        <line num="314" count="1" type="stmt"/>
        <line num="318" count="2" type="stmt"/>
        <line num="319" count="2" type="stmt"/>
        <line num="322" count="0" type="stmt"/>
        <line num="323" count="0" type="stmt"/>
        <line num="326" count="2" type="stmt"/>
        <line num="327" count="2" type="stmt"/>
        <line num="328" count="2" type="cond" truecount="3" falsecount="1"/>
        <line num="329" count="2" type="cond" truecount="3" falsecount="1"/>
        <line num="330" count="0" type="stmt"/>
        <line num="332" count="2" type="cond" truecount="2" falsecount="0"/>
        <line num="333" count="1" type="stmt"/>
        <line num="335" count="2" type="stmt"/>
        <line num="336" count="2" type="cond" truecount="1" falsecount="1"/>
        <line num="337" count="2" type="stmt"/>
        <line num="340" count="0" type="stmt"/>
        <line num="341" count="0" type="stmt"/>
        <line num="342" count="0" type="cond" truecount="0" falsecount="2"/>
        <line num="343" count="0" type="stmt"/>
        <line num="347" count="2" type="stmt"/>
        <line num="348" count="2" type="stmt"/>
        <line num="349" count="2" type="stmt"/>
        <line num="352" count="12" type="stmt"/>
        <line num="355" count="0" type="stmt"/>
        <line num="358" count="12" type="cond" truecount="1" falsecount="1"/>
        <line num="359" count="0" type="stmt"/>
        <line num="361" count="12" type="cond" truecount="1" falsecount="1"/>
        <line num="362" count="0" type="stmt"/>
        <line num="365" count="12" type="stmt"/>
        <line num="369" count="1" type="stmt"/>
        <line num="371" count="0" type="stmt"/>
        <line num="373" count="1" type="stmt"/>
        <line num="374" count="0" type="stmt"/>
        <line num="376" count="1" type="stmt"/>
        <line num="379" count="2" type="stmt"/>
        <line num="380" count="2" type="cond" truecount="1" falsecount="1"/>
        <line num="381" count="0" type="stmt"/>
        <line num="383" count="2" type="stmt"/>
        <line num="384" count="2" type="cond" truecount="1" falsecount="1"/>
        <line num="385" count="2" type="stmt"/>
        <line num="388" count="0" type="stmt"/>
        <line num="393" count="1" type="stmt"/>
        <line num="395" count="6" type="stmt"/>
        <line num="397" count="1" type="stmt"/>
        <line num="398" count="0" type="stmt"/>
        <line num="400" count="1" type="stmt"/>
        <line num="401" count="0" type="stmt"/>
        <line num="402" count="0" type="stmt"/>
        <line num="403" count="0" type="stmt"/>
        <line num="404" count="0" type="stmt"/>
        <line num="406" count="1" type="stmt"/>
        <line num="407" count="0" type="stmt"/>
        <line num="409" count="1" type="stmt"/>
        <line num="410" count="0" type="stmt"/>
        <line num="412" count="1" type="stmt"/>
        <line num="413" count="0" type="stmt"/>
        <line num="415" count="1" type="stmt"/>
        <line num="418" count="1" type="stmt"/>
        <line num="420" count="6" type="stmt"/>
        <line num="421" count="6" type="stmt"/>
        <line num="422" count="6" type="stmt"/>
        <line num="423" count="6" type="cond" truecount="2" falsecount="0"/>
        <line num="424" count="6" type="stmt"/>
        <line num="425" count="6" type="stmt"/>
        <line num="426" count="6" type="cond" truecount="1" falsecount="1"/>
        <line num="427" count="0" type="stmt"/>
        <line num="429" count="6" type="cond" truecount="2" falsecount="0"/>
        <line num="430" count="2" type="stmt"/>
        <line num="432" count="6" type="cond" truecount="2" falsecount="0"/>
        <line num="433" count="2" type="stmt"/>
        <line num="436" count="1" type="stmt"/>
        <line num="437" count="18" type="stmt"/>
        <line num="438" count="12" type="stmt"/>
        <line num="439" count="12" type="cond" truecount="1" falsecount="1"/>
        <line num="440" count="0" type="stmt"/>
        <line num="443" count="18" type="stmt"/>
        <line num="445" count="1" type="stmt"/>
        <line num="446" count="18" type="stmt"/>
        <line num="448" count="1" type="stmt"/>
        <line num="449" count="4" type="stmt"/>
        <line num="451" count="1" type="stmt"/>
        <line num="452" count="0" type="stmt"/>
        <line num="454" count="1" type="stmt"/>
        <line num="455" count="0" type="stmt"/>
        <line num="456" count="0" type="cond" truecount="0" falsecount="5"/>
        <line num="463" count="1" type="stmt"/>
        <line num="464" count="6" type="stmt"/>
        <line num="466" count="1" type="stmt"/>
        <line num="467" count="0" type="cond" truecount="0" falsecount="2"/>
        <line num="468" count="0" type="stmt"/>
        <line num="470" count="0" type="stmt"/>
        <line num="472" count="1" type="stmt"/>
        <line num="473" count="0" type="cond" truecount="0" falsecount="2"/>
        <line num="474" count="0" type="stmt"/>
        <line num="475" count="0" type="cond" truecount="0" falsecount="5"/>
        <line num="482" count="0" type="stmt"/>
        <line num="484" count="1" type="stmt"/>
        <line num="485" count="0" type="stmt"/>
        <line num="487" count="1" type="stmt"/>
        <line num="488" count="10" type="stmt"/>
        <line num="489" count="10" type="stmt"/>
        <line num="490" count="10" type="stmt"/>
        <line num="491" count="8" type="stmt"/>
        <line num="492" count="8" type="cond" truecount="2" falsecount="2"/>
        <line num="493" count="0" type="stmt"/>
        <line num="496" count="10" type="stmt"/>
        <line num="499" count="1" type="stmt"/>
        <line num="503" count="6" type="stmt"/>
        <line num="504" count="6" type="stmt"/>
        <line num="505" count="6" type="stmt"/>
        <line num="508" count="6" type="stmt"/>
        <line num="509" count="6" type="stmt"/>
        <line num="510" count="6" type="cond" truecount="1" falsecount="1"/>
        <line num="511" count="0" type="stmt"/>
        <line num="512" count="0" type="stmt"/>
        <line num="514" count="6" type="stmt"/>
        <line num="515" count="6" type="stmt"/>
        <line num="516" count="6" type="cond" truecount="2" falsecount="0"/>
        <line num="517" count="6" type="cond" truecount="1" falsecount="1"/>
        <line num="518" count="6" type="stmt"/>
        <line num="519" count="6" type="stmt"/>
        <line num="520" count="6" type="stmt"/>
        <line num="521" count="6" type="stmt"/>
        <line num="524" count="4" type="cond" truecount="2" falsecount="0"/>
        <line num="525" count="4" type="stmt"/>
        <line num="526" count="4" type="stmt"/>
        <line num="527" count="4" type="stmt"/>
        <line num="528" count="4" type="cond" truecount="2" falsecount="0"/>
        <line num="529" count="4" type="cond" truecount="2" falsecount="0"/>
        <line num="530" count="4" type="cond" truecount="1" falsecount="1"/>
        <line num="531" count="0" type="stmt"/>
        <line num="533" count="4" type="cond" truecount="1" falsecount="1"/>
        <line num="534" count="4" type="stmt"/>
        <line num="535" count="4" type="stmt"/>
        <line num="536" count="4" type="stmt"/>
        <line num="537" count="4" type="cond" truecount="3" falsecount="0"/>
        <line num="538" count="4" type="cond" truecount="3" falsecount="1"/>
        <line num="539" count="0" type="stmt"/>
        <line num="540" count="0" type="stmt"/>
        <line num="542" count="4" type="stmt"/>
        <line num="543" count="4" type="stmt"/>
        <line num="544" count="4" type="stmt"/>
        <line num="546" count="0" type="stmt"/>
        <line num="549" count="6" type="stmt"/>
        <line num="550" count="6" type="stmt"/>
        <line num="551" count="4" type="stmt"/>
        <line num="552" count="4" type="stmt"/>
        <line num="553" count="4" type="cond" truecount="1" falsecount="1"/>
        <line num="554" count="4" type="stmt"/>
        <line num="557" count="6" type="stmt"/>
        <line num="560" count="6" type="stmt"/>
        <line num="561" count="6" type="stmt"/>
        <line num="562" count="6" type="stmt"/>
        <line num="563" count="6" type="stmt"/>
        <line num="564" count="0" type="stmt"/>
        <line num="565" count="0" type="stmt"/>
        <line num="566" count="0" type="stmt"/>
        <line num="567" count="0" type="cond" truecount="0" falsecount="2"/>
        <line num="568" count="0" type="cond" truecount="0" falsecount="2"/>
        <line num="569" count="0" type="stmt"/>
        <line num="570" count="0" type="stmt"/>
        <line num="571" count="0" type="stmt"/>
        <line num="573" count="6" type="stmt"/>
        <line num="574" count="6" type="cond" truecount="1" falsecount="1"/>
        <line num="575" count="0" type="stmt"/>
        <line num="576" count="0" type="stmt"/>
        <line num="578" count="6" type="stmt"/>
        <line num="581" count="0" type="stmt"/>
        <line num="582" count="0" type="cond" truecount="0" falsecount="2"/>
        <line num="583" count="0" type="stmt"/>
        <line num="584" count="0" type="stmt"/>
        <line num="585" count="0" type="stmt"/>
        <line num="586" count="0" type="stmt"/>
        <line num="587" count="0" type="stmt"/>
        <line num="590" count="0" type="stmt"/>
        <line num="591" count="0" type="stmt"/>
        <line num="592" count="0" type="cond" truecount="0" falsecount="2"/>
        <line num="593" count="0" type="stmt"/>
        <line num="596" count="0" type="stmt"/>
        <line num="600" count="0" type="stmt"/>
        <line num="604" count="4" type="stmt"/>
        <line num="605" count="4" type="stmt"/>
        <line num="606" count="2" type="stmt"/>
        <line num="608" count="4" type="stmt"/>
        <line num="616" count="1" type="stmt"/>
        <line num="618" count="12" type="stmt"/>
        <line num="619" count="12" type="stmt"/>
        <line num="620" count="12" type="stmt"/>
        <line num="621" count="12" type="stmt"/>
        <line num="622" count="12" type="stmt"/>
        <line num="623" count="12" type="stmt"/>
        <line num="624" count="12" type="cond" truecount="2" falsecount="0"/>
        <line num="625" count="12" type="stmt"/>
        <line num="629" count="1" type="stmt"/>
        <line num="630" count="4" type="stmt"/>
        <line num="631" count="4" type="stmt"/>
        <line num="632" count="4" type="stmt"/>
        <line num="634" count="1" type="stmt"/>
        <line num="638" count="6" type="stmt"/>
        <line num="641" count="2" type="cond" truecount="1" falsecount="1"/>
        <line num="642" count="2" type="stmt"/>
        <line num="643" count="2" type="stmt"/>
        <line num="644" count="2" type="cond" truecount="1" falsecount="1"/>
        <line num="645" count="0" type="stmt"/>
        <line num="646" count="0" type="stmt"/>
        <line num="648" count="2" type="stmt"/>
        <line num="651" count="6" type="stmt"/>
        <line num="652" count="6" type="stmt"/>
        <line num="653" count="6" type="cond" truecount="2" falsecount="4"/>
        <line num="657" count="0" type="stmt"/>
        <line num="658" count="0" type="stmt"/>
        <line num="660" count="6" type="cond" truecount="1" falsecount="1"/>
        <line num="661" count="6" type="stmt"/>
        <line num="662" count="6" type="stmt"/>
        <line num="663" count="6" type="stmt"/>
        <line num="667" count="0" type="stmt"/>
        <line num="669" count="6" type="stmt"/>
        <line num="670" count="6" type="stmt"/>
        <line num="673" count="6" type="stmt"/>
        <line num="675" count="0" type="cond" truecount="0" falsecount="2"/>
        <line num="676" count="0" type="stmt"/>
        <line num="679" count="0" type="stmt"/>
        <line num="680" count="0" type="stmt"/>
        <line num="681" count="0" type="stmt"/>
        <line num="682" count="0" type="stmt"/>
        <line num="683" count="0" type="stmt"/>
        <line num="686" count="6" type="cond" truecount="1" falsecount="1"/>
        <line num="687" count="6" type="stmt"/>
        <line num="691" count="0" type="cond" truecount="0" falsecount="2"/>
        <line num="692" count="0" type="stmt"/>
        <line num="693" count="0" type="stmt"/>
        <line num="694" count="0" type="stmt"/>
        <line num="695" count="0" type="stmt"/>
        <line num="698" count="0" type="stmt"/>
        <line num="705" count="6" type="cond" truecount="2" falsecount="0"/>
        <line num="706" count="2" type="stmt"/>
        <line num="707" count="2" type="stmt"/>
        <line num="708" count="2" type="stmt"/>
        <line num="709" count="2" type="stmt"/>
        <line num="712" count="4" type="stmt"/>
        <line num="713" count="4" type="stmt"/>
        <line num="715" count="6" type="stmt"/>
        <line num="716" count="6" type="stmt"/>
        <line num="717" count="6" type="cond" truecount="1" falsecount="1"/>
        <line num="718" count="0" type="stmt"/>
        <line num="721" count="6" type="cond" truecount="1" falsecount="1"/>
        <line num="722" count="0" type="stmt"/>
        <line num="724" count="6" type="stmt"/>
        <line num="726" count="6" type="cond" truecount="3" falsecount="1"/>
        <line num="727" count="6" type="stmt"/>
        <line num="728" count="6" type="cond" truecount="1" falsecount="1"/>
        <line num="729" count="0" type="stmt"/>
        <line num="730" count="0" type="cond" truecount="0" falsecount="2"/>
        <line num="731" count="0" type="stmt"/>
        <line num="732" count="0" type="stmt"/>
        <line num="735" count="6" type="stmt"/>
        <line num="736" count="4" type="stmt"/>
        <line num="742" count="6" type="stmt"/>
        <line num="743" count="6" type="stmt"/>
        <line num="744" count="6" type="cond" truecount="1" falsecount="1"/>
        <line num="745" count="6" type="stmt"/>
        <line num="747" count="0" type="cond" truecount="0" falsecount="2"/>
        <line num="748" count="0" type="stmt"/>
        <line num="750" count="6" type="stmt"/>
        <line num="753" count="2" type="cond" truecount="1" falsecount="1"/>
        <line num="754" count="2" type="stmt"/>
        <line num="755" count="2" type="stmt"/>
        <line num="756" count="2" type="stmt"/>
        <line num="757" count="2" type="stmt"/>
        <line num="758" count="2" type="stmt"/>
        <line num="761" count="0" type="cond" truecount="0" falsecount="2"/>
        <line num="762" count="0" type="cond" truecount="0" falsecount="2"/>
        <line num="763" count="0" type="stmt"/>
        <line num="766" count="0" type="stmt"/>
        <line num="770" count="0" type="stmt"/>
        <line num="771" count="0" type="stmt"/>
        <line num="772" count="0" type="stmt"/>
        <line num="773" count="0" type="stmt"/>
        <line num="777" count="2" type="stmt"/>
        <line num="778" count="4" type="cond" truecount="2" falsecount="0"/>
        <line num="781" count="2" type="stmt"/>
        <line num="782" count="2" type="stmt"/>
        <line num="783" count="0" type="stmt"/>
        <line num="784" count="0" type="stmt"/>
        <line num="785" count="0" type="stmt"/>
        <line num="786" count="0" type="stmt"/>
        <line num="788" count="2" type="stmt"/>
        <line num="791" count="2" type="stmt"/>
        <line num="794" count="6" type="cond" truecount="1" falsecount="1"/>
        <line num="795" count="0" type="stmt"/>
        <line num="796" count="0" type="stmt"/>
        <line num="797" count="0" type="stmt"/>
        <line num="800" count="0" type="stmt"/>
        <line num="805" count="6" type="stmt"/>
        <line num="806" count="6" type="cond" truecount="2" falsecount="0"/>
        <line num="807" count="2" type="stmt"/>
        <line num="808" count="4" type="cond" truecount="2" falsecount="0"/>
        <line num="810" count="2" type="stmt"/>
        <line num="811" count="2" type="stmt"/>
        <line num="812" count="2" type="stmt"/>
        <line num="815" count="4" type="stmt"/>
        <line num="817" count="6" type="stmt"/>
        <line num="818" count="6" type="stmt"/>
        <line num="821" count="1" type="stmt"/>
        <line num="822" count="0" type="stmt"/>
        <line num="823" count="0" type="stmt"/>
        <line num="826" count="0" type="cond" truecount="0" falsecount="2"/>
        <line num="827" count="0" type="stmt"/>
        <line num="830" count="0" type="stmt"/>
        <line num="834" count="1" type="stmt"/>
        <line num="835" count="8" type="stmt"/>
        <line num="836" count="6" type="stmt"/>
        <line num="837" count="6" type="stmt"/>
        <line num="838" count="6" type="stmt"/>
        <line num="839" count="6" type="cond" truecount="2" falsecount="0"/>
        <line num="840" count="6" type="cond" truecount="4" falsecount="0"/>
        <line num="844" count="6" type="cond" truecount="2" falsecount="2"/>
        <line num="845" count="0" type="stmt"/>
        <line num="846" count="0" type="stmt"/>
        <line num="847" count="0" type="stmt"/>
        <line num="851" count="6" type="stmt"/>
        <line num="852" count="6" type="cond" truecount="2" falsecount="2"/>
        <line num="853" count="0" type="stmt"/>
        <line num="855" count="6" type="stmt"/>
        <line num="856" count="6" type="stmt"/>
        <line num="857" count="6" type="stmt"/>
        <line num="858" count="6" type="cond" truecount="2" falsecount="2"/>
        <line num="859" count="0" type="stmt"/>
        <line num="861" count="6" type="cond" truecount="2" falsecount="3"/>
        <line num="864" count="0" type="stmt"/>
        <line num="866" count="6" type="cond" truecount="1" falsecount="1"/>
        <line num="867" count="0" type="stmt"/>
        <line num="869" count="6" type="cond" truecount="1" falsecount="1"/>
        <line num="870" count="0" type="stmt"/>
        <line num="872" count="6" type="cond" truecount="1" falsecount="1"/>
        <line num="873" count="0" type="stmt"/>
        <line num="875" count="6" type="cond" truecount="2" falsecount="2"/>
        <line num="876" count="0" type="stmt"/>
        <line num="878" count="6" type="cond" truecount="2" falsecount="2"/>
        <line num="879" count="0" type="stmt"/>
        <line num="881" count="6" type="cond" truecount="2" falsecount="2"/>
        <line num="882" count="0" type="stmt"/>
        <line num="884" count="6" type="cond" truecount="3" falsecount="1"/>
        <line num="885" count="6" type="stmt"/>
        <line num="888" count="0" type="stmt"/>
        <line num="889" count="0" type="stmt"/>
        <line num="891" count="6" type="cond" truecount="1" falsecount="1"/>
        <line num="892" count="0" type="stmt"/>
        <line num="894" count="6" type="cond" truecount="1" falsecount="1"/>
        <line num="895" count="0" type="stmt"/>
        <line num="896" count="0" type="stmt"/>
        <line num="898" count="6" type="cond" truecount="2" falsecount="3"/>
        <line num="901" count="0" type="stmt"/>
        <line num="903" count="6" type="stmt"/>
        <line num="908" count="2" type="stmt"/>
        <line num="909" count="2" type="stmt"/>
        <line num="912" count="1" type="stmt"/>
        <line num="913" count="0" type="stmt"/>
        <line num="914" count="0" type="cond" truecount="0" falsecount="2"/>
        <line num="915" count="0" type="cond" truecount="0" falsecount="2"/>
        <line num="918" count="0" type="stmt"/>
        <line num="921" count="1" type="stmt"/>
        <line num="922" count="0" type="stmt"/>
        <line num="923" count="0" type="cond" truecount="0" falsecount="3"/>
        <line num="925" count="0" type="stmt"/>
        <line num="926" count="0" type="stmt"/>
        <line num="928" count="1" type="stmt"/>
        <line num="929" count="1" type="stmt"/>
        <line num="930" count="0" type="stmt"/>
        <line num="931" count="0" type="cond" truecount="0" falsecount="2"/>
        <line num="932" count="0" type="stmt"/>
        <line num="933" count="0" type="cond" truecount="0" falsecount="2"/>
        <line num="934" count="0" type="stmt"/>
        <line num="935" count="0" type="stmt"/>
        <line num="938" count="0" type="stmt"/>
        <line num="939" count="0" type="stmt"/>
        <line num="942" count="0" type="stmt"/>
        <line num="945" count="1" type="stmt"/>
        <line num="947" count="6" type="stmt"/>
        <line num="949" count="1" type="stmt"/>
        <line num="950" count="0" type="stmt"/>
        <line num="951" count="0" type="stmt"/>
        <line num="953" count="1" type="stmt"/>
        <line num="954" count="0" type="stmt"/>
        <line num="955" count="0" type="stmt"/>
        <line num="957" count="1" type="stmt"/>
        <line num="958" count="0" type="stmt"/>
        <line num="959" count="0" type="cond" truecount="0" falsecount="3"/>
        <line num="962" count="0" type="stmt"/>
        <line num="964" count="0" type="stmt"/>
        <line num="966" count="1" type="stmt"/>
        <line num="967" count="0" type="stmt"/>
        <line num="968" count="0" type="stmt"/>
        <line num="970" count="1" type="stmt"/>
        <line num="971" count="0" type="stmt"/>
        <line num="972" count="0" type="stmt"/>
        <line num="974" count="0" type="stmt"/>
        <line num="976" count="1" type="stmt"/>
        <line num="977" count="0" type="stmt"/>
        <line num="978" count="0" type="stmt"/>
        <line num="980" count="0" type="stmt"/>
        <line num="982" count="1" type="stmt"/>
        <line num="983" count="0" type="stmt"/>
        <line num="984" count="0" type="stmt"/>
        <line num="986" count="0" type="stmt"/>
        <line num="988" count="1" type="stmt"/>
        <line num="989" count="0" type="stmt"/>
        <line num="990" count="0" type="stmt"/>
        <line num="992" count="0" type="stmt"/>
        <line num="994" count="1" type="stmt"/>
        <line num="995" count="0" type="stmt"/>
        <line num="996" count="0" type="stmt"/>
        <line num="998" count="0" type="stmt"/>
        <line num="1000" count="1" type="stmt"/>
        <line num="1001" count="0" type="stmt"/>
        <line num="1002" count="0" type="stmt"/>
        <line num="1004" count="0" type="stmt"/>
        <line num="1006" count="1" type="stmt"/>
        <line num="1007" count="0" type="stmt"/>
        <line num="1008" count="0" type="stmt"/>
        <line num="1010" count="0" type="stmt"/>
        <line num="1012" count="1" type="stmt"/>
        <line num="1013" count="0" type="stmt"/>
        <line num="1014" count="0" type="stmt"/>
        <line num="1016" count="0" type="stmt"/>
        <line num="1018" count="1" type="stmt"/>
        <line num="1019" count="0" type="stmt"/>
        <line num="1020" count="0" type="stmt"/>
        <line num="1022" count="0" type="stmt"/>
        <line num="1024" count="1" type="stmt"/>
        <line num="1025" count="0" type="stmt"/>
        <line num="1026" count="0" type="stmt"/>
        <line num="1028" count="0" type="stmt"/>
        <line num="1030" count="1" type="stmt"/>
        <line num="1031" count="0" type="stmt"/>
        <line num="1032" count="0" type="stmt"/>
        <line num="1034" count="0" type="stmt"/>
        <line num="1036" count="1" type="stmt"/>
        <line num="1039" count="1" type="stmt"/>
        <line num="1041" count="6" type="stmt"/>
        <line num="1043" count="1" type="stmt"/>
        <line num="1044" count="0" type="stmt"/>
        <line num="1045" count="0" type="stmt"/>
        <line num="1047" count="1" type="stmt"/>
        <line num="1050" count="1" type="stmt"/>
        <line num="1052" count="0" type="stmt"/>
        <line num="1053" count="0" type="stmt"/>
        <line num="1054" count="0" type="stmt"/>
        <line num="1056" count="1" type="stmt"/>
        <line num="1057" count="0" type="stmt"/>
        <line num="1059" count="1" type="stmt"/>
        <line num="1060" count="0" type="stmt"/>
        <line num="1062" count="1" type="stmt"/>
        <line num="1063" count="0" type="stmt"/>
        <line num="1065" count="1" type="stmt"/>
        <line num="1066" count="0" type="stmt"/>
        <line num="1068" count="1" type="stmt"/>
        <line num="1069" count="0" type="stmt"/>
        <line num="1071" count="1" type="stmt"/>
        <line num="1072" count="0" type="stmt"/>
        <line num="1074" count="1" type="stmt"/>
        <line num="1075" count="0" type="stmt"/>
        <line num="1077" count="1" type="stmt"/>
        <line num="1078" count="0" type="stmt"/>
        <line num="1080" count="1" type="stmt"/>
        <line num="1081" count="0" type="stmt"/>
        <line num="1083" count="1" type="stmt"/>
        <line num="1084" count="0" type="stmt"/>
        <line num="1086" count="1" type="stmt"/>
        <line num="1087" count="0" type="stmt"/>
        <line num="1089" count="1" type="stmt"/>
        <line num="1090" count="0" type="stmt"/>
        <line num="1092" count="1" type="stmt"/>
        <line num="1093" count="0" type="stmt"/>
        <line num="1095" count="1" type="stmt"/>
        <line num="1096" count="0" type="stmt"/>
        <line num="1098" count="1" type="stmt"/>
        <line num="1099" count="0" type="stmt"/>
        <line num="1101" count="1" type="stmt"/>
        <line num="1102" count="0" type="stmt"/>
        <line num="1104" count="1" type="stmt"/>
        <line num="1107" count="1" type="stmt"/>
        <line num="1109" count="6" type="stmt"/>
        <line num="1111" count="1" type="stmt"/>
        <line num="1112" count="0" type="stmt"/>
        <line num="1113" count="0" type="stmt"/>
        <line num="1115" count="1" type="stmt"/>
        <line num="1116" count="0" type="stmt"/>
        <line num="1117" count="0" type="stmt"/>
        <line num="1119" count="1" type="stmt"/>
        <line num="1120" count="0" type="stmt"/>
        <line num="1121" count="0" type="stmt"/>
        <line num="1123" count="1" type="stmt"/>
        <line num="1126" count="1" type="stmt"/>
        <line num="1128" count="6" type="stmt"/>
        <line num="1129" count="6" type="stmt"/>
        <line num="1130" count="6" type="stmt"/>
        <line num="1131" count="6" type="stmt"/>
        <line num="1133" count="1" type="stmt"/>
        <line num="1134" count="0" type="stmt"/>
        <line num="1136" count="1" type="stmt"/>
        <line num="1137" count="0" type="stmt"/>
        <line num="1139" count="1" type="stmt"/>
        <line num="1140" count="0" type="stmt"/>
        <line num="1142" count="1" type="stmt"/>
        <line num="1143" count="0" type="stmt"/>
        <line num="1145" count="1" type="stmt"/>
        <line num="1146" count="0" type="stmt"/>
        <line num="1148" count="1" type="stmt"/>
        <line num="1149" count="0" type="stmt"/>
        <line num="1151" count="1" type="stmt"/>
        <line num="1152" count="0" type="stmt"/>
        <line num="1154" count="1" type="stmt"/>
        <line num="1155" count="0" type="stmt"/>
        <line num="1157" count="1" type="stmt"/>
        <line num="1158" count="0" type="stmt"/>
        <line num="1160" count="1" type="stmt"/>
        <line num="1161" count="0" type="stmt"/>
        <line num="1163" count="1" type="stmt"/>
        <line num="1164" count="0" type="stmt"/>
        <line num="1166" count="1" type="stmt"/>
        <line num="1167" count="0" type="stmt"/>
        <line num="1169" count="1" type="stmt"/>
        <line num="1170" count="0" type="stmt"/>
        <line num="1172" count="1" type="stmt"/>
        <line num="1173" count="0" type="stmt"/>
        <line num="1175" count="1" type="stmt"/>
        <line num="1176" count="0" type="stmt"/>
        <line num="1178" count="1" type="stmt"/>
        <line num="1179" count="0" type="stmt"/>
        <line num="1181" count="1" type="stmt"/>
        <line num="1182" count="0" type="stmt"/>
        <line num="1184" count="1" type="stmt"/>
        <line num="1185" count="0" type="stmt"/>
        <line num="1187" count="1" type="stmt"/>
        <line num="1188" count="0" type="stmt"/>
        <line num="1190" count="1" type="stmt"/>
        <line num="1193" count="1" type="stmt"/>
        <line num="1195" count="6" type="stmt"/>
        <line num="1197" count="1" type="stmt"/>
        <line num="1198" count="6" type="stmt"/>
        <line num="1199" count="6" type="stmt"/>
        <line num="1200" count="6" type="stmt"/>
        <line num="1202" count="1" type="stmt"/>
        <line num="1203" count="0" type="cond" truecount="0" falsecount="2"/>
        <line num="1204" count="0" type="stmt"/>
        <line num="1206" count="0" type="stmt"/>
        <line num="1207" count="0" type="stmt"/>
        <line num="1209" count="1" type="stmt"/>
        <line num="1210" count="0" type="stmt"/>
        <line num="1211" count="0" type="stmt"/>
        <line num="1212" count="0" type="stmt"/>
        <line num="1213" count="0" type="stmt"/>
        <line num="1214" count="0" type="stmt"/>
        <line num="1216" count="1" type="stmt"/>
        <line num="1217" count="0" type="stmt"/>
        <line num="1218" count="0" type="stmt"/>
        <line num="1219" count="0" type="stmt"/>
        <line num="1220" count="0" type="stmt"/>
        <line num="1221" count="0" type="stmt"/>
        <line num="1223" count="1" type="stmt"/>
        <line num="1224" count="0" type="stmt"/>
        <line num="1225" count="0" type="stmt"/>
        <line num="1226" count="0" type="stmt"/>
        <line num="1228" count="1" type="stmt"/>
        <line num="1229" count="0" type="stmt"/>
        <line num="1230" count="0" type="stmt"/>
        <line num="1231" count="0" type="stmt"/>
        <line num="1233" count="1" type="stmt"/>
        <line num="1234" count="0" type="cond" truecount="0" falsecount="2"/>
        <line num="1235" count="0" type="stmt"/>
        <line num="1237" count="0" type="stmt"/>
        <line num="1238" count="0" type="stmt"/>
        <line num="1239" count="0" type="stmt"/>
        <line num="1241" count="1" type="stmt"/>
        <line num="1242" count="0" type="stmt"/>
        <line num="1243" count="0" type="stmt"/>
        <line num="1244" count="0" type="stmt"/>
        <line num="1245" count="0" type="stmt"/>
        <line num="1247" count="0" type="stmt"/>
        <line num="1249" count="1" type="stmt"/>
        <line num="1250" count="0" type="stmt"/>
        <line num="1251" count="0" type="stmt"/>
        <line num="1252" count="0" type="stmt"/>
        <line num="1254" count="1" type="stmt"/>
        <line num="1255" count="0" type="stmt"/>
        <line num="1257" count="1" type="stmt"/>
        <line num="1260" count="1" type="stmt"/>
        <line num="1263" count="1" type="stmt"/>
        <line num="1264" count="0" type="stmt"/>
        <line num="1265" count="0" type="stmt"/>
        <line num="1266" count="0" type="stmt"/>
        <line num="1267" count="0" type="stmt"/>
        <line num="1269" count="1" type="stmt"/>
        <line num="1272" count="1" type="stmt"/>
        <line num="1274" count="1" type="stmt"/>
        <line num="1276" count="1" type="stmt"/>
        <line num="1277" count="0" type="stmt"/>
        <line num="1279" count="1" type="stmt"/>
        <line num="1280" count="6" type="cond" truecount="3" falsecount="1"/>
        <line num="1281" count="0" type="stmt"/>
        <line num="1283" count="6" type="cond" truecount="3" falsecount="1"/>
        <line num="1284" count="0" type="stmt"/>
        <line num="1286" count="6" type="stmt"/>
        <line num="1287" count="6" type="cond" truecount="1" falsecount="1"/>
        <line num="1288" count="0" type="stmt"/>
        <line num="1289" count="0" type="stmt"/>
        <line num="1292" count="6" type="stmt"/>
        <line num="1295" count="1" type="stmt"/>
        <line num="1296" count="6" type="cond" truecount="3" falsecount="1"/>
        <line num="1297" count="0" type="stmt"/>
        <line num="1299" count="6" type="stmt"/>
        <line num="1300" count="6" type="cond" truecount="1" falsecount="1"/>
        <line num="1301" count="6" type="stmt"/>
        <line num="1304" count="0" type="stmt"/>
        <line num="1307" count="1" type="stmt"/>
        <line num="1308" count="0" type="cond" truecount="0" falsecount="4"/>
        <line num="1309" count="0" type="stmt"/>
        <line num="1311" count="0" type="cond" truecount="0" falsecount="2"/>
        <line num="1312" count="0" type="stmt"/>
        <line num="1315" count="1" type="stmt"/>
        <line num="1316" count="0" type="stmt"/>
        <line num="1317" count="0" type="stmt"/>
        <line num="1318" count="0" type="stmt"/>
        <line num="1319" count="0" type="cond" truecount="0" falsecount="2"/>
        <line num="1320" count="0" type="stmt"/>
        <line num="1323" count="0" type="stmt"/>
        <line num="1327" count="1" type="stmt"/>
        <line num="1328" count="12" type="cond" truecount="3" falsecount="1"/>
        <line num="1329" count="0" type="stmt"/>
        <line num="1331" count="12" type="stmt"/>
        <line num="1333" count="1" type="stmt"/>
        <line num="1334" count="0" type="stmt"/>
        <line num="1335" count="0" type="stmt"/>
        <line num="1336" count="0" type="stmt"/>
        <line num="1338" count="0" type="stmt"/>
        <line num="1340" count="1" type="stmt"/>
        <line num="1341" count="0" type="stmt"/>
        <line num="1342" count="0" type="stmt"/>
        <line num="1345" count="1" type="stmt"/>
        <line num="1348" count="1" type="cond" truecount="2" falsecount="1"/>
        <line num="1349" count="0" type="cond" truecount="0" falsecount="2"/>
        <line num="1350" count="0" type="stmt"/>
        <line num="1351" count="0" type="stmt"/>
        <line num="1352" count="0" type="cond" truecount="0" falsecount="2"/>
        <line num="1353" count="0" type="cond" truecount="0" falsecount="2"/>
        <line num="1356" count="1" type="cond" truecount="2" falsecount="1"/>
        <line num="1357" count="0" type="cond" truecount="0" falsecount="2"/>
        <line num="1358" count="0" type="cond" truecount="0" falsecount="2"/>
        <line num="1359" count="0" type="stmt"/>
        <line num="1361" count="0" type="cond" truecount="0" falsecount="2"/>
        <line num="1362" count="0" type="stmt"/>
        <line num="1363" count="0" type="cond" truecount="0" falsecount="9"/>
        <line num="1364" count="0" type="cond" truecount="0" falsecount="2"/>
        <line num="1365" count="0" type="stmt"/>
        <line num="1366" count="0" type="cond" truecount="0" falsecount="6"/>
        <line num="1367" count="0" type="stmt"/>
        <line num="1368" count="0" type="stmt"/>
        <line num="1369" count="0" type="stmt"/>
        <line num="1371" count="0" type="cond" truecount="0" falsecount="7"/>
        <line num="1372" count="0" type="cond" truecount="0" falsecount="6"/>
        <line num="1373" count="0" type="cond" truecount="0" falsecount="4"/>
        <line num="1374" count="0" type="cond" truecount="0" falsecount="4"/>
        <line num="1375" count="0" type="cond" truecount="0" falsecount="2"/>
        <line num="1376" count="0" type="stmt"/>
        <line num="1378" count="0" type="stmt"/>
        <line num="1379" count="0" type="stmt"/>
        <line num="1380" count="0" type="cond" truecount="0" falsecount="4"/>
        <line num="1383" count="1" type="stmt"/>
        <line num="1385" count="1" type="cond" truecount="1" falsecount="1"/>
        <line num="1386" count="1" type="cond" truecount="1" falsecount="1"/>
        <line num="1387" count="0" type="stmt"/>
        <line num="1389" count="1" type="cond" truecount="1" falsecount="1"/>
        <line num="1390" count="1" type="stmt"/>
        <line num="1392" count="0" type="cond" truecount="0" falsecount="5"/>
        <line num="1395" count="0" type="stmt"/>
        <line num="1397" count="1" type="cond" truecount="1" falsecount="1"/>
        <line num="1398" count="1" type="stmt"/>
        <line num="1400" count="0" type="cond" truecount="0" falsecount="2"/>
        <line num="1401" count="0" type="stmt"/>
        <line num="1403" count="1" type="cond" truecount="1" falsecount="1"/>
        <line num="1404" count="0" type="stmt"/>
        <line num="1406" count="1" type="cond" truecount="1" falsecount="1"/>
        <line num="1407" count="0" type="stmt"/>
        <line num="1409" count="1" type="stmt"/>
        <line num="1414" count="1" type="stmt"/>
        <line num="1415" count="1" type="stmt"/>
        <line num="1416" count="1" type="stmt"/>
        <line num="1417" count="1" type="stmt"/>
        <line num="1418" count="1" type="stmt"/>
        <line num="1419" count="1" type="stmt"/>
        <line num="1421" count="1" type="stmt"/>
        <line num="1422" count="0" type="stmt"/>
        <line num="1423" count="0" type="stmt"/>
        <line num="1424" count="0" type="stmt"/>
        <line num="1425" count="0" type="stmt"/>
        <line num="1427" count="0" type="stmt"/>
        <line num="1428" count="0" type="stmt"/>
        <line num="1429" count="0" type="stmt"/>
        <line num="1433" count="0" type="stmt"/>
        <line num="1434" count="0" type="stmt"/>
        <line num="1435" count="0" type="stmt"/>
        <line num="1437" count="1" type="stmt"/>
        <line num="1438" count="6" type="stmt"/>
        <line num="1439" count="6" type="stmt"/>
        <line num="1440" count="6" type="stmt"/>
        <line num="1442" count="6" type="stmt"/>
        <line num="1443" count="6" type="stmt"/>
        <line num="1444" count="6" type="stmt"/>
        <line num="1445" count="6" type="stmt"/>
        <line num="1446" count="6" type="stmt"/>
        <line num="1449" count="1" type="stmt"/>
        <line num="1450" count="0" type="stmt"/>
        <line num="1451" count="0" type="stmt"/>
        <line num="1452" count="0" type="stmt"/>
        <line num="1454" count="0" type="stmt"/>
        <line num="1456" count="0" type="stmt"/>
        <line num="1457" count="0" type="stmt"/>
        <line num="1459" count="0" type="stmt"/>
        <line num="1460" count="0" type="stmt"/>
        <line num="1461" count="0" type="stmt"/>
        <line num="1463" count="0" type="cond" truecount="0" falsecount="2"/>
        <line num="1464" count="0" type="stmt"/>
        <line num="1465" count="0" type="stmt"/>
        <line num="1466" count="0" type="stmt"/>
        <line num="1468" count="0" type="stmt"/>
        <line num="1469" count="0" type="stmt"/>
        <line num="1471" count="0" type="stmt"/>
        <line num="1472" count="0" type="stmt"/>
        <line num="1473" count="0" type="stmt"/>
        <line num="1478" count="1" type="stmt"/>
        <line num="1479" count="0" type="stmt"/>
        <line num="1480" count="0" type="stmt"/>
        <line num="1481" count="0" type="stmt"/>
        <line num="1482" count="0" type="stmt"/>
        <line num="1484" count="0" type="stmt"/>
        <line num="1485" count="0" type="stmt"/>
        <line num="1487" count="0" type="stmt"/>
        <line num="1488" count="0" type="stmt"/>
        <line num="1489" count="0" type="stmt"/>
        <line num="1492" count="1" type="stmt"/>
        <line num="1493" count="6" type="cond" truecount="1" falsecount="1"/>
        <line num="1494" count="6" type="stmt"/>
        <line num="1495" count="6" type="stmt"/>
        <line num="1496" count="6" type="stmt"/>
        <line num="1498" count="1" type="stmt"/>
        <line num="1499" count="0" type="stmt"/>
        <line num="1500" count="0" type="stmt"/>
        <line num="1502" count="1" type="stmt"/>
        <line num="1503" count="0" type="stmt"/>
        <line num="1504" count="0" type="stmt"/>
        <line num="1507" count="0" type="stmt"/>
        <line num="1510" count="1" type="stmt"/>
        <line num="1511" count="0" type="stmt"/>
        <line num="1513" count="1" type="stmt"/>
        <line num="1514" count="6" type="stmt"/>
        <line num="1515" count="6" type="cond" truecount="3" falsecount="1"/>
        <line num="1516" count="0" type="stmt"/>
        <line num="1518" count="6" type="stmt"/>
        <line num="1520" count="1" type="stmt"/>
        <line num="1521" count="0" type="stmt"/>
        <line num="1523" count="1" type="stmt"/>
        <line num="1524" count="0" type="stmt"/>
        <line num="1525" count="0" type="cond" truecount="0" falsecount="2"/>
        <line num="1526" count="0" type="stmt"/>
        <line num="1527" count="0" type="stmt"/>
        <line num="1528" count="0" type="stmt"/>
        <line num="1530" count="0" type="cond" truecount="0" falsecount="4"/>
        <line num="1531" count="0" type="stmt"/>
        <line num="1533" count="0" type="stmt"/>
        <line num="1535" count="1" type="stmt"/>
        <line num="1536" count="0" type="stmt"/>
        <line num="1538" count="1" type="stmt"/>
        <line num="1539" count="0" type="stmt"/>
        <line num="1540" count="0" type="cond" truecount="0" falsecount="2"/>
        <line num="1541" count="0" type="stmt"/>
        <line num="1543" count="0" type="stmt"/>
        <line num="1544" count="0" type="stmt"/>
        <line num="1546" count="1" type="stmt"/>
        <line num="1547" count="0" type="cond" truecount="0" falsecount="2"/>
        <line num="1548" count="0" type="stmt"/>
        <line num="1549" count="0" type="stmt"/>
        <line num="1551" count="1" type="stmt"/>
        <line num="1552" count="0" type="stmt"/>
        <line num="1553" count="0" type="stmt"/>
        <line num="1554" count="0" type="stmt"/>
        <line num="1556" count="0" type="cond" truecount="0" falsecount="2"/>
        <line num="1557" count="0" type="stmt"/>
        <line num="1559" count="1" type="stmt"/>
        <line num="1560" count="0" type="stmt"/>
        <line num="1562" count="1" type="stmt"/>
        <line num="1563" count="2" type="stmt"/>
        <line num="1565" count="1" type="stmt"/>
        <line num="1566" count="0" type="stmt"/>
        <line num="1568" count="1" type="stmt"/>
        <line num="1569" count="0" type="stmt"/>
        <line num="1571" count="1" type="stmt"/>
        <line num="1572" count="0" type="stmt"/>
        <line num="1574" count="1" type="stmt"/>
        <line num="1575" count="0" type="stmt"/>
        <line num="1577" count="1" type="stmt"/>
        <line num="1578" count="0" type="stmt"/>
        <line num="1580" count="1" type="stmt"/>
        <line num="1581" count="0" type="stmt"/>
        <line num="1582" count="0" type="stmt"/>
        <line num="1583" count="0" type="stmt"/>
        <line num="1585" count="1" type="stmt"/>
        <line num="1586" count="6" type="stmt"/>
        <line num="1587" count="6" type="stmt"/>
        <line num="1588" count="6" type="stmt"/>
        <line num="1590" count="6" type="stmt"/>
        <line num="1591" count="6" type="stmt"/>
        <line num="1592" count="6" type="stmt"/>
        <line num="1593" count="6" type="stmt"/>
        <line num="1594" count="6" type="stmt"/>
        <line num="1595" count="6" type="stmt"/>
        <line num="1598" count="6" type="stmt"/>
        <line num="1599" count="6" type="stmt"/>
        <line num="1600" count="0" type="stmt"/>
        <line num="1601" count="0" type="stmt"/>
        <line num="1604" count="6" type="stmt"/>
        <line num="1605" count="6" type="stmt"/>
        <line num="1606" count="0" type="stmt"/>
        <line num="1607" count="0" type="stmt"/>
        <line num="1610" count="6" type="stmt"/>
        <line num="1611" count="6" type="stmt"/>
        <line num="1612" count="0" type="stmt"/>
        <line num="1613" count="0" type="stmt"/>
        <line num="1614" count="0" type="stmt"/>
        <line num="1615" count="0" type="stmt"/>
        <line num="1618" count="6" type="stmt"/>
        <line num="1625" count="1" type="stmt"/>
        <line num="1626" count="2" type="stmt"/>
        <line num="1627" count="2" type="stmt"/>
        <line num="1629" count="2" type="stmt"/>
        <line num="1636" count="2" type="cond" truecount="1" falsecount="1"/>
        <line num="1637" count="0" type="stmt"/>
        <line num="1638" count="0" type="cond" truecount="0" falsecount="4"/>
        <line num="1639" count="0" type="stmt"/>
        <line num="1643" count="2" type="stmt"/>
        <line num="1645" count="2" type="stmt"/>
        <line num="1647" count="1" type="stmt"/>
        <line num="1648" count="2" type="stmt"/>
        <line num="1649" count="2" type="stmt"/>
        <line num="1650" count="2" type="stmt"/>
        <line num="1651" count="2" type="stmt"/>
        <line num="1652" count="2" type="stmt"/>
        <line num="1653" count="2" type="stmt"/>
        <line num="1656" count="1" type="stmt"/>
        <line num="1659" count="1" type="stmt"/>
        <line num="1661" count="6" type="stmt"/>
        <line num="1662" count="6" type="stmt"/>
        <line num="1664" count="1" type="stmt"/>
        <line num="1668" count="6" type="stmt"/>
        <line num="1669" count="6" type="cond" truecount="1" falsecount="1"/>
        <line num="1670" count="0" type="stmt"/>
        <line num="1672" count="6" type="cond" truecount="2" falsecount="0"/>
        <line num="1673" count="6" type="stmt"/>
        <line num="1674" count="6" type="stmt"/>
        <line num="1678" count="1" type="stmt"/>
        <line num="1680" count="1" type="stmt"/>
        <line num="1685" count="6" type="stmt"/>
        <line num="1686" count="6" type="stmt"/>
        <line num="1687" count="6" type="stmt"/>
        <line num="1688" count="6" type="cond" truecount="2" falsecount="2"/>
        <line num="1689" count="0" type="stmt"/>
        <line num="1691" count="6" type="cond" truecount="2" falsecount="2"/>
        <line num="1693" count="6" type="stmt"/>
        <line num="1694" count="6" type="stmt"/>
        <line num="1697" count="0" type="stmt"/>
        <line num="1702" count="6" type="stmt"/>
        <line num="1703" count="6" type="stmt"/>
        <line num="1706" count="6" type="cond" truecount="2" falsecount="0"/>
        <line num="1707" count="6" type="stmt"/>
        <line num="1708" count="6" type="stmt"/>
        <line num="1709" count="6" type="stmt"/>
        <line num="1713" count="1" type="stmt"/>
        <line num="1715" count="0" type="stmt"/>
        <line num="1716" count="0" type="stmt"/>
        <line num="1717" count="0" type="stmt"/>
        <line num="1719" count="1" type="stmt"/>
        <line num="1720" count="0" type="stmt"/>
        <line num="1722" count="1" type="stmt"/>
        <line num="1723" count="0" type="stmt"/>
        <line num="1725" count="1" type="stmt"/>
        <line num="1726" count="0" type="stmt"/>
        <line num="1728" count="1" type="stmt"/>
        <line num="1729" count="0" type="stmt"/>
        <line num="1731" count="1" type="stmt"/>
        <line num="1732" count="0" type="stmt"/>
        <line num="1734" count="1" type="stmt"/>
        <line num="1735" count="0" type="stmt"/>
        <line num="1737" count="1" type="stmt"/>
        <line num="1738" count="0" type="stmt"/>
        <line num="1740" count="1" type="stmt"/>
        <line num="1741" count="0" type="stmt"/>
        <line num="1743" count="1" type="stmt"/>
        <line num="1744" count="0" type="stmt"/>
        <line num="1746" count="1" type="stmt"/>
        <line num="1747" count="0" type="stmt"/>
        <line num="1749" count="1" type="stmt"/>
        <line num="1750" count="0" type="stmt"/>
        <line num="1752" count="1" type="stmt"/>
        <line num="1753" count="0" type="stmt"/>
        <line num="1755" count="1" type="stmt"/>
        <line num="1756" count="0" type="stmt"/>
        <line num="1758" count="1" type="stmt"/>
        <line num="1759" count="0" type="stmt"/>
        <line num="1761" count="1" type="stmt"/>
        <line num="1762" count="0" type="stmt"/>
        <line num="1764" count="1" type="stmt"/>
        <line num="1765" count="0" type="stmt"/>
        <line num="1767" count="1" type="stmt"/>
        <line num="1768" count="0" type="stmt"/>
        <line num="1770" count="1" type="stmt"/>
        <line num="1771" count="0" type="stmt"/>
        <line num="1773" count="1" type="stmt"/>
        <line num="1776" count="1" type="stmt"/>
        <line num="1778" count="0" type="stmt"/>
        <line num="1780" count="1" type="stmt"/>
        <line num="1781" count="0" type="stmt"/>
        <line num="1782" count="0" type="stmt"/>
        <line num="1783" count="0" type="stmt"/>
        <line num="1784" count="0" type="stmt"/>
        <line num="1785" count="0" type="cond" truecount="0" falsecount="4"/>
        <line num="1786" count="0" type="stmt"/>
        <line num="1788" count="0" type="cond" truecount="0" falsecount="4"/>
        <line num="1790" count="0" type="stmt"/>
        <line num="1791" count="0" type="stmt"/>
        <line num="1794" count="0" type="stmt"/>
        <line num="1799" count="0" type="stmt"/>
        <line num="1803" count="0" type="cond" truecount="0" falsecount="2"/>
        <line num="1804" count="0" type="stmt"/>
        <line num="1805" count="0" type="stmt"/>
        <line num="1806" count="0" type="stmt"/>
        <line num="1809" count="1" type="stmt"/>
        <line num="1812" count="1" type="stmt"/>
        <line num="1814" count="0" type="stmt"/>
        <line num="1815" count="0" type="stmt"/>
        <line num="1817" count="1" type="stmt"/>
        <line num="1818" count="0" type="stmt"/>
        <line num="1819" count="0" type="stmt"/>
        <line num="1820" count="0" type="stmt"/>
        <line num="1821" count="0" type="stmt"/>
        <line num="1823" count="1" type="stmt"/>
        <line num="1824" count="0" type="stmt"/>
        <line num="1826" count="1" type="stmt"/>
        <line num="1829" count="1" type="stmt"/>
        <line num="1831" count="0" type="stmt"/>
        <line num="1832" count="0" type="stmt"/>
        <line num="1834" count="1" type="stmt"/>
        <line num="1835" count="0" type="stmt"/>
        <line num="1836" count="0" type="stmt"/>
        <line num="1837" count="0" type="stmt"/>
        <line num="1839" count="0" type="stmt"/>
        <line num="1840" count="0" type="stmt"/>
        <line num="1842" count="1" type="stmt"/>
        <line num="1843" count="0" type="stmt"/>
        <line num="1844" count="0" type="stmt"/>
        <line num="1845" count="0" type="stmt"/>
        <line num="1847" count="0" type="stmt"/>
        <line num="1848" count="0" type="stmt"/>
        <line num="1850" count="1" type="stmt"/>
        <line num="1851" count="0" type="stmt"/>
        <line num="1852" count="0" type="stmt"/>
        <line num="1853" count="0" type="stmt"/>
        <line num="1855" count="0" type="stmt"/>
        <line num="1856" count="0" type="stmt"/>
        <line num="1858" count="1" type="stmt"/>
        <line num="1859" count="0" type="stmt"/>
        <line num="1860" count="0" type="stmt"/>
        <line num="1861" count="0" type="stmt"/>
        <line num="1863" count="0" type="stmt"/>
        <line num="1864" count="0" type="stmt"/>
        <line num="1866" count="1" type="stmt"/>
        <line num="1867" count="0" type="stmt"/>
        <line num="1868" count="0" type="stmt"/>
        <line num="1869" count="0" type="stmt"/>
        <line num="1871" count="0" type="stmt"/>
        <line num="1872" count="0" type="stmt"/>
        <line num="1874" count="1" type="stmt"/>
        <line num="1875" count="0" type="stmt"/>
        <line num="1876" count="0" type="stmt"/>
        <line num="1877" count="0" type="stmt"/>
        <line num="1879" count="0" type="stmt"/>
        <line num="1880" count="0" type="stmt"/>
        <line num="1882" count="1" type="stmt"/>
        <line num="1883" count="0" type="stmt"/>
        <line num="1884" count="0" type="stmt"/>
        <line num="1885" count="0" type="stmt"/>
        <line num="1887" count="0" type="stmt"/>
        <line num="1888" count="0" type="stmt"/>
        <line num="1890" count="1" type="stmt"/>
        <line num="1891" count="0" type="stmt"/>
        <line num="1892" count="0" type="stmt"/>
        <line num="1893" count="0" type="stmt"/>
        <line num="1895" count="0" type="stmt"/>
        <line num="1896" count="0" type="stmt"/>
        <line num="1898" count="1" type="stmt"/>
        <line num="1899" count="0" type="stmt"/>
        <line num="1900" count="0" type="stmt"/>
        <line num="1901" count="0" type="stmt"/>
        <line num="1903" count="0" type="stmt"/>
        <line num="1904" count="0" type="stmt"/>
        <line num="1906" count="1" type="stmt"/>
        <line num="1907" count="0" type="stmt"/>
        <line num="1908" count="0" type="stmt"/>
        <line num="1909" count="0" type="stmt"/>
        <line num="1911" count="0" type="stmt"/>
        <line num="1912" count="0" type="stmt"/>
        <line num="1914" count="1" type="stmt"/>
        <line num="1915" count="0" type="stmt"/>
        <line num="1916" count="0" type="stmt"/>
        <line num="1917" count="0" type="stmt"/>
        <line num="1919" count="0" type="stmt"/>
        <line num="1920" count="0" type="stmt"/>
        <line num="1922" count="1" type="stmt"/>
        <line num="1923" count="0" type="stmt"/>
        <line num="1924" count="0" type="stmt"/>
        <line num="1925" count="0" type="stmt"/>
        <line num="1927" count="0" type="stmt"/>
        <line num="1928" count="0" type="stmt"/>
        <line num="1930" count="1" type="stmt"/>
        <line num="1931" count="0" type="stmt"/>
        <line num="1932" count="0" type="stmt"/>
        <line num="1933" count="0" type="stmt"/>
        <line num="1935" count="0" type="stmt"/>
        <line num="1936" count="0" type="stmt"/>
        <line num="1938" count="1" type="stmt"/>
        <line num="1939" count="0" type="stmt"/>
        <line num="1940" count="0" type="stmt"/>
        <line num="1941" count="0" type="stmt"/>
        <line num="1943" count="0" type="stmt"/>
        <line num="1944" count="0" type="stmt"/>
        <line num="1946" count="1" type="stmt"/>
        <line num="1947" count="0" type="stmt"/>
        <line num="1949" count="1" type="stmt"/>
        <line num="1952" count="1" type="stmt"/>
        <line num="1954" count="0" type="stmt"/>
        <line num="1955" count="0" type="stmt"/>
        <line num="1957" count="1" type="stmt"/>
        <line num="1958" count="0" type="stmt"/>
        <line num="1960" count="1" type="stmt"/>
        <line num="1961" count="0" type="stmt"/>
        <line num="1963" count="1" type="stmt"/>
        <line num="1964" count="0" type="stmt"/>
        <line num="1966" count="1" type="stmt"/>
        <line num="1967" count="0" type="stmt"/>
        <line num="1969" count="1" type="stmt"/>
        <line num="1970" count="0" type="stmt"/>
        <line num="1972" count="1" type="stmt"/>
        <line num="1973" count="0" type="stmt"/>
        <line num="1975" count="1" type="stmt"/>
        <line num="1976" count="0" type="stmt"/>
        <line num="1978" count="1" type="stmt"/>
        <line num="1979" count="0" type="stmt"/>
        <line num="1981" count="1" type="stmt"/>
        <line num="1982" count="0" type="stmt"/>
        <line num="1984" count="1" type="stmt"/>
        <line num="1985" count="0" type="stmt"/>
        <line num="1987" count="1" type="stmt"/>
        <line num="1988" count="0" type="stmt"/>
        <line num="1990" count="1" type="stmt"/>
        <line num="1991" count="0" type="stmt"/>
        <line num="1993" count="1" type="stmt"/>
        <line num="1994" count="0" type="stmt"/>
        <line num="1996" count="1" type="stmt"/>
        <line num="1997" count="0" type="stmt"/>
        <line num="1999" count="1" type="stmt"/>
        <line num="2000" count="0" type="stmt"/>
        <line num="2002" count="1" type="stmt"/>
        <line num="2003" count="0" type="stmt"/>
        <line num="2005" count="1" type="stmt"/>
        <line num="2008" count="1" type="stmt"/>
        <line num="2010" count="0" type="stmt"/>
        <line num="2011" count="0" type="stmt"/>
        <line num="2013" count="1" type="stmt"/>
        <line num="2014" count="0" type="stmt"/>
        <line num="2015" count="0" type="stmt"/>
        <line num="2016" count="0" type="stmt"/>
        <line num="2018" count="0" type="stmt"/>
        <line num="2019" count="0" type="stmt"/>
        <line num="2020" count="0" type="stmt"/>
        <line num="2021" count="0" type="stmt"/>
        <line num="2023" count="1" type="stmt"/>
        <line num="2024" count="0" type="stmt"/>
        <line num="2025" count="0" type="stmt"/>
        <line num="2026" count="0" type="stmt"/>
        <line num="2027" count="0" type="stmt"/>
        <line num="2028" count="0" type="stmt"/>
        <line num="2029" count="0" type="stmt"/>
        <line num="2031" count="1" type="stmt"/>
        <line num="2032" count="0" type="stmt"/>
        <line num="2034" count="1" type="stmt"/>
        <line num="2038" count="0" type="stmt"/>
        <line num="2039" count="0" type="stmt"/>
        <line num="2040" count="0" type="stmt"/>
        <line num="2041" count="0" type="stmt"/>
        <line num="2042" count="0" type="stmt"/>
        <line num="2046" count="0" type="stmt"/>
        <line num="2047" count="0" type="cond" truecount="0" falsecount="2"/>
        <line num="2048" count="0" type="stmt"/>
        <line num="2052" count="0" type="stmt"/>
        <line num="2055" count="1" type="stmt"/>
        <line num="2058" count="0" type="cond" truecount="0" falsecount="4"/>
        <line num="2059" count="0" type="stmt"/>
        <line num="2061" count="0" type="cond" truecount="0" falsecount="2"/>
        <line num="2062" count="0" type="stmt"/>
        <line num="2065" count="0" type="stmt"/>
        <line num="2069" count="0" type="stmt"/>
        <line num="2071" count="0" type="stmt"/>
        <line num="2079" count="1" type="stmt"/>
        <line num="2080" count="0" type="stmt"/>
        <line num="2081" count="0" type="stmt"/>
        <line num="2082" count="0" type="stmt"/>
        <line num="2084" count="0" type="stmt"/>
        <line num="2089" count="1" type="stmt"/>
        <line num="2090" count="0" type="stmt"/>
        <line num="2091" count="0" type="stmt"/>
        <line num="2092" count="0" type="stmt"/>
        <line num="2094" count="0" type="stmt"/>
        <line num="2099" count="1" type="stmt"/>
        <line num="2100" count="0" type="stmt"/>
        <line num="2101" count="0" type="stmt"/>
        <line num="2102" count="0" type="stmt"/>
        <line num="2104" count="0" type="stmt"/>
        <line num="2109" count="1" type="stmt"/>
        <line num="2110" count="0" type="stmt"/>
        <line num="2111" count="0" type="stmt"/>
        <line num="2112" count="0" type="stmt"/>
        <line num="2114" count="0" type="stmt"/>
        <line num="2120" count="1" type="cond" truecount="1" falsecount="1"/>
        <line num="2121" count="1" type="stmt"/>
        <line num="2122" count="1" type="stmt"/>
        <line num="2123" count="1" type="stmt"/>
        <line num="2124" count="1" type="stmt"/>
        <line num="2125" count="1" type="stmt"/>
        <line num="2133" count="1" type="stmt"/>
        <line num="2138" count="1" type="stmt"/>
        <line num="2140" count="1" type="stmt"/>
        <line num="2147" count="6" type="stmt"/>
        <line num="2148" count="6" type="stmt"/>
        <line num="2149" count="6" type="cond" truecount="1" falsecount="1"/>
        <line num="2150" count="6" type="stmt"/>
        <line num="2151" count="6" type="cond" truecount="3" falsecount="1"/>
        <line num="2152" count="6" type="stmt"/>
        <line num="2153" count="6" type="stmt"/>
        <line num="2155" count="6" type="stmt"/>
        <line num="2157" count="6" type="stmt"/>
        <line num="2162" count="0" type="stmt"/>
        <line num="2165" count="1" type="stmt"/>
        <line num="2166" count="1" type="stmt"/>
        <line num="2167" count="1" type="stmt"/>
        <line num="2168" count="1" type="stmt"/>
        <line num="2169" count="1" type="stmt"/>
        <line num="2170" count="1" type="stmt"/>
        <line num="2171" count="1" type="stmt"/>
        <line num="2172" count="1" type="stmt"/>
        <line num="2173" count="1" type="stmt"/>
        <line num="2174" count="1" type="stmt"/>
        <line num="2176" count="1" type="stmt"/>
      </file>
    </package>
    <package name="src.test.demo">
      <metrics statements="1" coveredstatements="1" conditionals="0" coveredconditionals="0" methods="0" coveredmethods="0"/>
      <file name="contants.ts" path="/Users/duanguang/Documents/Front-End/legions/lerna-legion-library/packages/legions-control-container/src/test.demo/contants.ts">
        <metrics statements="1" coveredstatements="1" conditionals="0" coveredconditionals="0" methods="0" coveredmethods="0"/>
        <line num="1" count="1" type="stmt"/>
      </file>
    </package>
  </project>
</coverage>
