<?xml version="1.0" encoding="UTF-8"?>
<coverage generated="1626790639450" clover="3.2.0">
  <project timestamp="1626790639450" name="All files">
    <metrics statements="44" coveredstatements="43" conditionals="6" coveredconditionals="4" methods="18" coveredmethods="11" elements="68" coveredelements="58" complexity="0" loc="44" ncloc="44" packages="3" files="6" classes="6"/>
    <package name="api.test">
      <metrics statements="14" coveredstatements="14" conditionals="0" coveredconditionals="0" methods="4" coveredmethods="4"/>
      <file name="Katana.ts" path="/Users/duanguang/Documents/Front-End/legions/lerna-legion-library/packages/legions-control-container/api.test/Katana.ts">
        <metrics statements="7" coveredstatements="7" conditionals="0" coveredconditionals="0" methods="2" coveredmethods="2"/>
        <line num="1" count="1" type="stmt"/>
        <line num="2" count="1" type="stmt"/>
        <line num="4" count="1" type="stmt"/>
        <line num="5" count="1" type="stmt"/>
        <line num="6" count="1" type="stmt"/>
        <line num="8" count="1" type="stmt"/>
        <line num="9" count="1" type="stmt"/>
      </file>
      <file name="Shuriken.ts" path="/Users/duanguang/Documents/Front-End/legions/lerna-legion-library/packages/legions-control-container/api.test/Shuriken.ts">
        <metrics statements="6" coveredstatements="6" conditionals="0" coveredconditionals="0" methods="2" coveredmethods="2"/>
        <line num="1" count="1" type="stmt"/>
        <line num="2" count="1" type="stmt"/>
        <line num="4" count="1" type="stmt"/>
        <line num="5" count="1" type="stmt"/>
        <line num="6" count="1" type="stmt"/>
        <line num="8" count="1" type="stmt"/>
      </file>
      <file name="contants.ts" path="/Users/duanguang/Documents/Front-End/legions/lerna-legion-library/packages/legions-control-container/api.test/contants.ts">
        <metrics statements="1" coveredstatements="1" conditionals="0" coveredconditionals="0" methods="0" coveredmethods="0"/>
        <line num="1" count="1" type="stmt"/>
      </file>
    </package>
    <package name="src">
      <metrics statements="10" coveredstatements="9" conditionals="0" coveredconditionals="0" methods="10" coveredmethods="3"/>
      <file name="index.ts" path="/Users/duanguang/Documents/Front-End/legions/lerna-legion-library/packages/legions-control-container/src/index.ts">
        <metrics statements="10" coveredstatements="9" conditionals="0" coveredconditionals="0" methods="10" coveredmethods="3"/>
        <line num="1" count="1" type="stmt"/>
        <line num="2" count="3" type="stmt"/>
        <line num="3" count="1" type="stmt"/>
        <line num="4" count="1" type="stmt"/>
        <line num="5" count="1" type="stmt"/>
        <line num="6" count="7" type="stmt"/>
        <line num="8" count="3" type="stmt"/>
        <line num="9" count="1" type="stmt"/>
        <line num="10" count="1" type="stmt"/>
        <line num="11" count="0" type="stmt"/>
      </file>
    </package>
    <package name="src.core">
      <metrics statements="20" coveredstatements="20" conditionals="6" coveredconditionals="4" methods="4" coveredmethods="4"/>
      <file name="inversify.config.ts" path="/Users/duanguang/Documents/Front-End/legions/lerna-legion-library/packages/legions-control-container/src/core/inversify.config.ts">
        <metrics statements="5" coveredstatements="5" conditionals="0" coveredconditionals="0" methods="0" coveredmethods="0"/>
        <line num="1" count="1" type="stmt"/>
        <line num="2" count="1" type="stmt"/>
        <line num="3" count="1" type="stmt"/>
        <line num="9" count="1" type="stmt"/>
        <line num="10" count="1" type="stmt"/>
      </file>
      <file name="provide.ts" path="/Users/duanguang/Documents/Front-End/legions/lerna-legion-library/packages/legions-control-container/src/core/provide.ts">
        <metrics statements="15" coveredstatements="15" conditionals="6" coveredconditionals="4" methods="4" coveredmethods="4"/>
        <line num="1" count="1" type="stmt"/>
        <line num="3" count="1" type="stmt"/>
        <line num="8" count="1" type="stmt"/>
        <line num="9" count="1" type="stmt"/>
        <line num="15" count="1" type="stmt"/>
        <line num="19" count="6" type="stmt"/>
        <line num="20" count="6" type="stmt"/>
        <line num="22" count="6" type="cond" truecount="1" falsecount="1"/>
        <line num="23" count="6" type="stmt"/>
        <line num="24" count="6" type="stmt"/>
        <line num="26" count="6" type="cond" truecount="3" falsecount="1"/>
        <line num="27" count="6" type="stmt"/>
        <line num="28" count="6" type="stmt"/>
        <line num="30" count="6" type="stmt"/>
        <line num="32" count="6" type="stmt"/>
      </file>
    </package>
  </project>
</coverage>
