{"/Users/duanguang/Documents/Front-End/legions/lerna-legion-library/packages/legions-control-container/dist/legions-control-container.umd.js": {"path":"/Users/duanguang/Documents/Front-End/legions/lerna-legion-library/packages/legions-control-container/dist/legions-control-container.umd.js","statementMap":{"0":{"start":{"line":6,"column":0},"end":{"line":2178,"column":5}},"1":{"start":{"line":7,"column":4},"end":{"line":9,"column":125}},"2":{"start":{"line":12,"column":20},"end":{"line":12,"column":27}},"3":{"start":{"line":13,"column":19},"end":{"line":13,"column":25}},"4":{"start":{"line":14,"column":24},"end":{"line":14,"column":35}},"5":{"start":{"line":15,"column":23},"end":{"line":15,"column":33}},"6":{"start":{"line":16,"column":21},"end":{"line":16,"column":29}},"7":{"start":{"line":17,"column":27},"end":{"line":17,"column":41}},"8":{"start":{"line":18,"column":17},"end":{"line":18,"column":35}},"9":{"start":{"line":19,"column":22},"end":{"line":19,"column":46}},"10":{"start":{"line":20,"column":22},"end":{"line":20,"column":44}},"11":{"start":{"line":21,"column":29},"end":{"line":21,"column":48}},"12":{"start":{"line":22,"column":25},"end":{"line":22,"column":41}},"13":{"start":{"line":24,"column":28},"end":{"line":37,"column":6}},"14":{"start":{"line":39,"column":27},"end":{"line":43,"column":6}},"15":{"start":{"line":44,"column":26},"end":{"line":53,"column":6}},"16":{"start":{"line":54,"column":25},"end":{"line":58,"column":6}},"17":{"start":{"line":60,"column":20},"end":{"line":60,"column":21}},"18":{"start":{"line":62,"column":8},"end":{"line":62,"column":27}},"19":{"start":{"line":65,"column":19},"end":{"line":95,"column":7}},"20":{"start":{"line":67,"column":12},"end":{"line":67,"column":27}},"21":{"start":{"line":68,"column":12},"end":{"line":68,"column":35}},"22":{"start":{"line":69,"column":12},"end":{"line":69,"column":55}},"23":{"start":{"line":70,"column":12},"end":{"line":70,"column":31}},"24":{"start":{"line":71,"column":12},"end":{"line":71,"column":48}},"25":{"start":{"line":72,"column":12},"end":{"line":72,"column":66}},"26":{"start":{"line":72,"column":51},"end":{"line":72,"column":63}},"27":{"start":{"line":73,"column":12},"end":{"line":73,"column":43}},"28":{"start":{"line":74,"column":12},"end":{"line":74,"column":30}},"29":{"start":{"line":75,"column":12},"end":{"line":75,"column":32}},"30":{"start":{"line":76,"column":12},"end":{"line":76,"column":33}},"31":{"start":{"line":77,"column":12},"end":{"line":77,"column":37}},"32":{"start":{"line":78,"column":12},"end":{"line":78,"column":37}},"33":{"start":{"line":80,"column":8},"end":{"line":93,"column":10}},"34":{"start":{"line":81,"column":24},"end":{"line":81,"column":71}},"35":{"start":{"line":82,"column":12},"end":{"line":82,"column":36}},"36":{"start":{"line":83,"column":12},"end":{"line":83,"column":63}},"37":{"start":{"line":84,"column":12},"end":{"line":84,"column":51}},"38":{"start":{"line":85,"column":12},"end":{"line":85,"column":37}},"39":{"start":{"line":86,"column":12},"end":{"line":86,"column":35}},"40":{"start":{"line":87,"column":12},"end":{"line":87,"column":41}},"41":{"start":{"line":88,"column":12},"end":{"line":88,"column":43}},"42":{"start":{"line":89,"column":12},"end":{"line":89,"column":47}},"43":{"start":{"line":90,"column":12},"end":{"line":90,"column":51}},"44":{"start":{"line":91,"column":12},"end":{"line":91,"column":37}},"45":{"start":{"line":92,"column":12},"end":{"line":92,"column":25}},"46":{"start":{"line":94,"column":8},"end":{"line":94,"column":23}},"47":{"start":{"line":97,"column":42},"end":{"line":97,"column":94}},"48":{"start":{"line":98,"column":30},"end":{"line":98,"column":84}},"49":{"start":{"line":99,"column":24},"end":{"line":99,"column":39}},"50":{"start":{"line":100,"column":24},"end":{"line":100,"column":39}},"51":{"start":{"line":101,"column":26},"end":{"line":101,"column":72}},"52":{"start":{"line":102,"column":24},"end":{"line":102,"column":61}},"53":{"start":{"line":103,"column":25},"end":{"line":103,"column":76}},"54":{"start":{"line":104,"column":40},"end":{"line":104,"column":85}},"55":{"start":{"line":105,"column":36},"end":{"line":105,"column":93}},"56":{"start":{"line":106,"column":38},"end":{"line":110,"column":5}},"57":{"start":{"line":107,"column":8},"end":{"line":109,"column":40}},"58":{"start":{"line":111,"column":30},"end":{"line":111,"column":58}},"59":{"start":{"line":112,"column":31},"end":{"line":112,"column":54}},"60":{"start":{"line":113,"column":38},"end":{"line":113,"column":73}},"61":{"start":{"line":114,"column":36},"end":{"line":114,"column":96}},"62":{"start":{"line":115,"column":35},"end":{"line":115,"column":91}},"63":{"start":{"line":116,"column":32},"end":{"line":117,"column":36}},"64":{"start":{"line":118,"column":38},"end":{"line":119,"column":87}},"65":{"start":{"line":120,"column":36},"end":{"line":127,"column":5}},"66":{"start":{"line":121,"column":21},"end":{"line":121,"column":23}},"67":{"start":{"line":122,"column":8},"end":{"line":124,"column":null}},"68":{"start":{"line":122,"column":22},"end":{"line":122,"column":23}},"69":{"start":{"line":123,"column":12},"end":{"line":123,"column":39}},"70":{"start":{"line":125,"column":8},"end":{"line":126,"column":100}},"71":{"start":{"line":128,"column":46},"end":{"line":129,"column":28}},"72":{"start":{"line":130,"column":50},"end":{"line":131,"column":51}},"73":{"start":{"line":132,"column":57},"end":{"line":133,"column":22}},"74":{"start":{"line":134,"column":52},"end":{"line":135,"column":22}},"75":{"start":{"line":136,"column":31},"end":{"line":142,"column":5}},"76":{"start":{"line":137,"column":21},"end":{"line":137,"column":23}},"77":{"start":{"line":138,"column":8},"end":{"line":140,"column":null}},"78":{"start":{"line":138,"column":22},"end":{"line":138,"column":23}},"79":{"start":{"line":139,"column":12},"end":{"line":139,"column":39}},"80":{"start":{"line":141,"column":8},"end":{"line":141,"column":79}},"81":{"start":{"line":143,"column":41},"end":{"line":151,"column":5}},"82":{"start":{"line":144,"column":21},"end":{"line":144,"column":23}},"83":{"start":{"line":145,"column":8},"end":{"line":147,"column":null}},"84":{"start":{"line":145,"column":22},"end":{"line":145,"column":23}},"85":{"start":{"line":146,"column":12},"end":{"line":146,"column":39}},"86":{"start":{"line":148,"column":8},"end":{"line":150,"column":56}},"87":{"start":{"line":152,"column":25},"end":{"line":152,"column":59}},"88":{"start":{"line":154,"column":26},"end":{"line":170,"column":7}},"89":{"start":{"line":157,"column":8},"end":{"line":164,"column":10}},"90":{"start":{"line":158,"column":44},"end":{"line":158,"column":93}},"91":{"start":{"line":159,"column":40},"end":{"line":159,"column":84}},"92":{"start":{"line":160,"column":12},"end":{"line":163,"column":14}},"93":{"start":{"line":165,"column":8},"end":{"line":168,"column":10}},"94":{"start":{"line":166,"column":40},"end":{"line":166,"column":95}},"95":{"start":{"line":167,"column":12},"end":{"line":167,"column":41}},"96":{"start":{"line":169,"column":8},"end":{"line":169,"column":30}},"97":{"start":{"line":172,"column":23},"end":{"line":176,"column":6}},"98":{"start":{"line":179,"column":8},"end":{"line":180,"column":46}},"99":{"start":{"line":184,"column":8},"end":{"line":194,"column":null}},"100":{"start":{"line":185,"column":37},"end":{"line":185,"column":54}},"101":{"start":{"line":186,"column":12},"end":{"line":186,"column":43}},"102":{"start":{"line":188,"column":13},"end":{"line":194,"column":null}},"103":{"start":{"line":189,"column":12},"end":{"line":189,"column":48}},"104":{"start":{"line":192,"column":37},"end":{"line":192,"column":54}},"105":{"start":{"line":193,"column":12},"end":{"line":193,"column":38}},"106":{"start":{"line":197,"column":37},"end":{"line":197,"column":39}},"107":{"start":{"line":198,"column":33},"end":{"line":198,"column":74}},"108":{"start":{"line":199,"column":8},"end":{"line":211,"column":null}},"109":{"start":{"line":200,"column":12},"end":{"line":200,"column":62}},"110":{"start":{"line":201,"column":12},"end":{"line":210,"column":15}},"111":{"start":{"line":202,"column":27},"end":{"line":202,"column":35}},"112":{"start":{"line":203,"column":16},"end":{"line":205,"column":null}},"113":{"start":{"line":204,"column":20},"end":{"line":204,"column":71}},"114":{"start":{"line":206,"column":16},"end":{"line":206,"column":79}},"115":{"start":{"line":207,"column":16},"end":{"line":209,"column":null}},"116":{"start":{"line":208,"column":20},"end":{"line":208,"column":106}},"117":{"start":{"line":212,"column":8},"end":{"line":212,"column":38}},"118":{"start":{"line":215,"column":8},"end":{"line":223,"column":null}},"119":{"start":{"line":216,"column":12},"end":{"line":216,"column":25}},"120":{"start":{"line":218,"column":13},"end":{"line":223,"column":null}},"121":{"start":{"line":219,"column":12},"end":{"line":219,"column":24}},"122":{"start":{"line":222,"column":12},"end":{"line":222,"column":84}},"123":{"start":{"line":227,"column":12},"end":{"line":227,"column":null}},"124":{"start":{"line":227,"column":37},"end":{"line":227,"column":49}},"125":{"start":{"line":228,"column":36},"end":{"line":228,"column":87}},"126":{"start":{"line":229,"column":12},"end":{"line":229,"column":43}},"127":{"start":{"line":230,"column":12},"end":{"line":232,"column":null}},"128":{"start":{"line":231,"column":16},"end":{"line":231,"column":67}},"129":{"start":{"line":233,"column":12},"end":{"line":233,"column":26}},"130":{"start":{"line":235,"column":24},"end":{"line":235,"column":49}},"131":{"start":{"line":236,"column":8},"end":{"line":236,"column":49}},"132":{"start":{"line":239,"column":8},"end":{"line":247,"column":11}},"133":{"start":{"line":240,"column":12},"end":{"line":246,"column":null}},"134":{"start":{"line":241,"column":31},"end":{"line":241,"column":68}},"135":{"start":{"line":242,"column":16},"end":{"line":242,"column":70}},"136":{"start":{"line":245,"column":16},"end":{"line":245,"column":60}},"137":{"start":{"line":250,"column":8},"end":{"line":266,"column":null}},"138":{"start":{"line":251,"column":22},"end":{"line":251,"column":24}},"139":{"start":{"line":252,"column":27},"end":{"line":252,"column":47}},"140":{"start":{"line":253,"column":28},"end":{"line":253,"column":50}},"141":{"start":{"line":254,"column":12},"end":{"line":256,"column":null}},"142":{"start":{"line":255,"column":16},"end":{"line":255,"column":50}},"143":{"start":{"line":257,"column":12},"end":{"line":261,"column":null}},"144":{"start":{"line":258,"column":16},"end":{"line":260,"column":19}},"145":{"start":{"line":259,"column":20},"end":{"line":259,"column":49}},"146":{"start":{"line":262,"column":12},"end":{"line":262,"column":97}},"147":{"start":{"line":265,"column":12},"end":{"line":265,"column":49}},"148":{"start":{"line":269,"column":8},"end":{"line":276,"column":null}},"149":{"start":{"line":270,"column":12},"end":{"line":270,"column":26}},"150":{"start":{"line":273,"column":25},"end":{"line":273,"column":37}},"151":{"start":{"line":274,"column":24},"end":{"line":274,"column":61}},"152":{"start":{"line":275,"column":12},"end":{"line":275,"column":70}},"153":{"start":{"line":279,"column":19},"end":{"line":291,"column":7}},"154":{"start":{"line":281,"column":12},"end":{"line":281,"column":27}},"155":{"start":{"line":282,"column":12},"end":{"line":282,"column":39}},"156":{"start":{"line":284,"column":8},"end":{"line":286,"column":10}},"157":{"start":{"line":285,"column":12},"end":{"line":285,"column":29}},"158":{"start":{"line":287,"column":8},"end":{"line":289,"column":10}},"159":{"start":{"line":288,"column":12},"end":{"line":288,"column":49}},"160":{"start":{"line":290,"column":8},"end":{"line":290,"column":23}},"161":{"start":{"line":293,"column":20},"end":{"line":307,"column":7}},"162":{"start":{"line":295,"column":12},"end":{"line":295,"column":27}},"163":{"start":{"line":296,"column":12},"end":{"line":296,"column":31}},"164":{"start":{"line":298,"column":8},"end":{"line":305,"column":10}},"165":{"start":{"line":299,"column":12},"end":{"line":304,"column":null}},"166":{"start":{"line":300,"column":16},"end":{"line":300,"column":63}},"167":{"start":{"line":303,"column":16},"end":{"line":303,"column":96}},"168":{"start":{"line":306,"column":8},"end":{"line":306,"column":24}},"169":{"start":{"line":309,"column":16},"end":{"line":315,"column":7}},"170":{"start":{"line":311,"column":12},"end":{"line":311,"column":47}},"171":{"start":{"line":312,"column":12},"end":{"line":312,"column":43}},"172":{"start":{"line":314,"column":8},"end":{"line":314,"column":20}},"173":{"start":{"line":318,"column":26},"end":{"line":318,"column":32}},"174":{"start":{"line":319,"column":8},"end":{"line":319,"column":103}},"175":{"start":{"line":322,"column":26},"end":{"line":322,"column":37}},"176":{"start":{"line":323,"column":8},"end":{"line":323,"column":99}},"177":{"start":{"line":326,"column":41},"end":{"line":326,"column":43}},"178":{"start":{"line":327,"column":36},"end":{"line":327,"column":70}},"179":{"start":{"line":328,"column":18},"end":{"line":328,"column":115}},"180":{"start":{"line":329,"column":8},"end":{"line":331,"column":null}},"181":{"start":{"line":330,"column":12},"end":{"line":330,"column":57}},"182":{"start":{"line":332,"column":8},"end":{"line":334,"column":null}},"183":{"start":{"line":333,"column":12},"end":{"line":333,"column":92}},"184":{"start":{"line":335,"column":38},"end":{"line":335,"column":69}},"185":{"start":{"line":336,"column":8},"end":{"line":346,"column":null}},"186":{"start":{"line":337,"column":12},"end":{"line":337,"column":41}},"187":{"start":{"line":340,"column":12},"end":{"line":345,"column":null}},"188":{"start":{"line":340,"column":26},"end":{"line":340,"column":27}},"189":{"start":{"line":340,"column":57},"end":{"line":340,"column":80}},"190":{"start":{"line":341,"column":24},"end":{"line":341,"column":53}},"191":{"start":{"line":342,"column":16},"end":{"line":344,"column":null}},"192":{"start":{"line":343,"column":20},"end":{"line":343,"column":82}},"193":{"start":{"line":347,"column":8},"end":{"line":347,"column":47}},"194":{"start":{"line":348,"column":8},"end":{"line":348,"column":66}},"195":{"start":{"line":349,"column":8},"end":{"line":349,"column":90}},"196":{"start":{"line":352,"column":8},"end":{"line":352,"column":45}},"197":{"start":{"line":355,"column":8},"end":{"line":355,"column":78}},"198":{"start":{"line":355,"column":40},"end":{"line":355,"column":75}},"199":{"start":{"line":358,"column":8},"end":{"line":366,"column":null}},"200":{"start":{"line":359,"column":12},"end":{"line":359,"column":67}},"201":{"start":{"line":361,"column":13},"end":{"line":366,"column":null}},"202":{"start":{"line":362,"column":12},"end":{"line":362,"column":66}},"203":{"start":{"line":365,"column":12},"end":{"line":365,"column":43}},"204":{"start":{"line":369,"column":32},"end":{"line":377,"column":7}},"205":{"start":{"line":371,"column":12},"end":{"line":371,"column":26}},"206":{"start":{"line":373,"column":8},"end":{"line":375,"column":10}},"207":{"start":{"line":374,"column":12},"end":{"line":374,"column":30}},"208":{"start":{"line":376,"column":8},"end":{"line":376,"column":36}},"209":{"start":{"line":379,"column":8},"end":{"line":390,"column":10}},"210":{"start":{"line":380,"column":12},"end":{"line":382,"column":null}},"211":{"start":{"line":381,"column":16},"end":{"line":381,"column":74}},"212":{"start":{"line":383,"column":27},"end":{"line":383,"column":70}},"213":{"start":{"line":384,"column":12},"end":{"line":389,"column":null}},"214":{"start":{"line":385,"column":16},"end":{"line":385,"column":65}},"215":{"start":{"line":388,"column":16},"end":{"line":388,"column":57}},"216":{"start":{"line":393,"column":27},"end":{"line":416,"column":7}},"217":{"start":{"line":395,"column":12},"end":{"line":395,"column":27}},"218":{"start":{"line":397,"column":8},"end":{"line":399,"column":10}},"219":{"start":{"line":398,"column":12},"end":{"line":398,"column":56}},"220":{"start":{"line":400,"column":8},"end":{"line":405,"column":10}},"221":{"start":{"line":401,"column":32},"end":{"line":401,"column":34}},"222":{"start":{"line":402,"column":38},"end":{"line":402,"column":79}},"223":{"start":{"line":403,"column":12},"end":{"line":403,"column":66}},"224":{"start":{"line":404,"column":12},"end":{"line":404,"column":85}},"225":{"start":{"line":406,"column":8},"end":{"line":408,"column":10}},"226":{"start":{"line":407,"column":12},"end":{"line":407,"column":59}},"227":{"start":{"line":409,"column":8},"end":{"line":411,"column":10}},"228":{"start":{"line":410,"column":12},"end":{"line":410,"column":46}},"229":{"start":{"line":412,"column":8},"end":{"line":414,"column":10}},"230":{"start":{"line":413,"column":12},"end":{"line":413,"column":28}},"231":{"start":{"line":415,"column":8},"end":{"line":415,"column":31}},"232":{"start":{"line":418,"column":18},"end":{"line":500,"column":7}},"233":{"start":{"line":420,"column":12},"end":{"line":420,"column":27}},"234":{"start":{"line":421,"column":12},"end":{"line":421,"column":29}},"235":{"start":{"line":422,"column":12},"end":{"line":422,"column":55}},"236":{"start":{"line":423,"column":12},"end":{"line":423,"column":56}},"237":{"start":{"line":424,"column":12},"end":{"line":424,"column":40}},"238":{"start":{"line":425,"column":31},"end":{"line":425,"column":35}},"239":{"start":{"line":426,"column":12},"end":{"line":431,"column":null}},"240":{"start":{"line":427,"column":16},"end":{"line":427,"column":70}},"241":{"start":{"line":429,"column":17},"end":{"line":431,"column":null}},"242":{"start":{"line":430,"column":16},"end":{"line":430,"column":45}},"243":{"start":{"line":432,"column":12},"end":{"line":434,"column":null}},"244":{"start":{"line":433,"column":16},"end":{"line":433,"column":49}},"245":{"start":{"line":436,"column":8},"end":{"line":444,"column":10}},"246":{"start":{"line":437,"column":12},"end":{"line":442,"column":null}},"247":{"start":{"line":437,"column":26},"end":{"line":437,"column":27}},"248":{"start":{"line":437,"column":34},"end":{"line":437,"column":47}},"249":{"start":{"line":438,"column":24},"end":{"line":438,"column":30}},"250":{"start":{"line":439,"column":16},"end":{"line":441,"column":null}},"251":{"start":{"line":440,"column":20},"end":{"line":440,"column":32}},"252":{"start":{"line":443,"column":12},"end":{"line":443,"column":25}},"253":{"start":{"line":445,"column":8},"end":{"line":447,"column":10}},"254":{"start":{"line":446,"column":12},"end":{"line":446,"column":49}},"255":{"start":{"line":448,"column":8},"end":{"line":450,"column":10}},"256":{"start":{"line":449,"column":12},"end":{"line":449,"column":59}},"257":{"start":{"line":451,"column":8},"end":{"line":453,"column":10}},"258":{"start":{"line":452,"column":12},"end":{"line":452,"column":42}},"259":{"start":{"line":454,"column":8},"end":{"line":462,"column":10}},"260":{"start":{"line":455,"column":12},"end":{"line":461,"column":15}},"261":{"start":{"line":456,"column":16},"end":{"line":460,"column":42}},"262":{"start":{"line":463,"column":8},"end":{"line":465,"column":10}},"263":{"start":{"line":464,"column":12},"end":{"line":464,"column":55}},"264":{"start":{"line":466,"column":8},"end":{"line":471,"column":10}},"265":{"start":{"line":467,"column":12},"end":{"line":469,"column":null}},"266":{"start":{"line":468,"column":16},"end":{"line":468,"column":93}},"267":{"start":{"line":468,"column":59},"end":{"line":468,"column":86}},"268":{"start":{"line":470,"column":12},"end":{"line":470,"column":24}},"269":{"start":{"line":472,"column":8},"end":{"line":483,"column":10}},"270":{"start":{"line":473,"column":12},"end":{"line":481,"column":null}},"271":{"start":{"line":474,"column":16},"end":{"line":480,"column":19}},"272":{"start":{"line":475,"column":20},"end":{"line":479,"column":46}},"273":{"start":{"line":482,"column":12},"end":{"line":482,"column":24}},"274":{"start":{"line":484,"column":8},"end":{"line":486,"column":10}},"275":{"start":{"line":485,"column":12},"end":{"line":485,"column":52}},"276":{"start":{"line":487,"column":8},"end":{"line":498,"column":10}},"277":{"start":{"line":488,"column":24},"end":{"line":488,"column":28}},"278":{"start":{"line":489,"column":12},"end":{"line":497,"column":14}},"279":{"start":{"line":490,"column":16},"end":{"line":495,"column":null}},"280":{"start":{"line":490,"column":30},"end":{"line":490,"column":31}},"281":{"start":{"line":490,"column":38},"end":{"line":490,"column":52}},"282":{"start":{"line":491,"column":28},"end":{"line":491,"column":34}},"283":{"start":{"line":492,"column":20},"end":{"line":494,"column":null}},"284":{"start":{"line":493,"column":24},"end":{"line":493,"column":36}},"285":{"start":{"line":496,"column":16},"end":{"line":496,"column":29}},"286":{"start":{"line":499,"column":8},"end":{"line":499,"column":22}},"287":{"start":{"line":503,"column":30},"end":{"line":503,"column":51}},"288":{"start":{"line":504,"column":22},"end":{"line":504,"column":78}},"289":{"start":{"line":505,"column":8},"end":{"line":505,"column":23}},"290":{"start":{"line":508,"column":23},"end":{"line":508,"column":66}},"291":{"start":{"line":509,"column":33},"end":{"line":509,"column":67}},"292":{"start":{"line":510,"column":8},"end":{"line":513,"column":null}},"293":{"start":{"line":511,"column":22},"end":{"line":511,"column":81}},"294":{"start":{"line":512,"column":12},"end":{"line":512,"column":33}},"295":{"start":{"line":514,"column":38},"end":{"line":514,"column":68}},"296":{"start":{"line":515,"column":19},"end":{"line":515,"column":55}},"297":{"start":{"line":516,"column":48},"end":{"line":516,"column":84}},"298":{"start":{"line":517,"column":25},"end":{"line":517,"column":87}},"299":{"start":{"line":518,"column":33},"end":{"line":518,"column":147}},"300":{"start":{"line":519,"column":30},"end":{"line":519,"column":74}},"301":{"start":{"line":520,"column":22},"end":{"line":520,"column":64}},"302":{"start":{"line":521,"column":8},"end":{"line":521,"column":23}},"303":{"start":{"line":524,"column":29},"end":{"line":524,"column":76}},"304":{"start":{"line":525,"column":23},"end":{"line":525,"column":59}},"305":{"start":{"line":526,"column":24},"end":{"line":526,"column":51}},"306":{"start":{"line":527,"column":32},"end":{"line":527,"column":57}},"307":{"start":{"line":528,"column":32},"end":{"line":528,"column":71}},"308":{"start":{"line":529,"column":8},"end":{"line":529,"column":88}},"309":{"start":{"line":530,"column":8},"end":{"line":532,"column":null}},"310":{"start":{"line":531,"column":12},"end":{"line":531,"column":59}},"311":{"start":{"line":533,"column":8},"end":{"line":545,"column":null}},"312":{"start":{"line":534,"column":27},"end":{"line":534,"column":55}},"313":{"start":{"line":535,"column":29},"end":{"line":535,"column":59}},"314":{"start":{"line":536,"column":30},"end":{"line":536,"column":61}},"315":{"start":{"line":537,"column":33},"end":{"line":537,"column":70}},"316":{"start":{"line":538,"column":12},"end":{"line":541,"column":null}},"317":{"start":{"line":539,"column":26},"end":{"line":539,"column":113}},"318":{"start":{"line":540,"column":16},"end":{"line":540,"column":37}},"319":{"start":{"line":542,"column":25},"end":{"line":542,"column":111}},"320":{"start":{"line":543,"column":12},"end":{"line":543,"column":45}},"321":{"start":{"line":544,"column":12},"end":{"line":544,"column":26}},"322":{"start":{"line":546,"column":8},"end":{"line":546,"column":20}},"323":{"start":{"line":549,"column":22},"end":{"line":549,"column":24}},"324":{"start":{"line":550,"column":8},"end":{"line":556,"column":null}},"325":{"start":{"line":550,"column":21},"end":{"line":550,"column":22}},"326":{"start":{"line":551,"column":24},"end":{"line":551,"column":25}},"327":{"start":{"line":552,"column":25},"end":{"line":552,"column":133}},"328":{"start":{"line":553,"column":12},"end":{"line":555,"column":null}},"329":{"start":{"line":554,"column":16},"end":{"line":554,"column":37}},"330":{"start":{"line":557,"column":8},"end":{"line":557,"column":23}},"331":{"start":{"line":560,"column":33},"end":{"line":560,"column":86}},"332":{"start":{"line":561,"column":22},"end":{"line":561,"column":24}},"333":{"start":{"line":562,"column":19},"end":{"line":562,"column":50}},"334":{"start":{"line":563,"column":8},"end":{"line":572,"column":null}},"335":{"start":{"line":563,"column":22},"end":{"line":563,"column":23}},"336":{"start":{"line":563,"column":34},"end":{"line":563,"column":38}},"337":{"start":{"line":564,"column":22},"end":{"line":564,"column":32}},"338":{"start":{"line":565,"column":33},"end":{"line":565,"column":56}},"339":{"start":{"line":566,"column":27},"end":{"line":566,"column":72}},"340":{"start":{"line":567,"column":29},"end":{"line":567,"column":55}},"341":{"start":{"line":568,"column":37},"end":{"line":568,"column":76}},"342":{"start":{"line":569,"column":25},"end":{"line":569,"column":96}},"343":{"start":{"line":570,"column":12},"end":{"line":570,"column":45}},"344":{"start":{"line":571,"column":12},"end":{"line":571,"column":33}},"345":{"start":{"line":573,"column":30},"end":{"line":573,"column":90}},"346":{"start":{"line":574,"column":8},"end":{"line":577,"column":null}},"347":{"start":{"line":575,"column":30},"end":{"line":575,"column":85}},"348":{"start":{"line":576,"column":12},"end":{"line":576,"column":50}},"349":{"start":{"line":578,"column":8},"end":{"line":578,"column":23}},"350":{"start":{"line":581,"column":30},"end":{"line":581,"column":79}},"351":{"start":{"line":582,"column":8},"end":{"line":601,"column":null}},"352":{"start":{"line":583,"column":38},"end":{"line":583,"column":70}},"353":{"start":{"line":584,"column":26},"end":{"line":584,"column":96}},"354":{"start":{"line":585,"column":27},"end":{"line":589,"column":14}},"355":{"start":{"line":586,"column":16},"end":{"line":588,"column":19}},"356":{"start":{"line":587,"column":20},"end":{"line":587,"column":51}},"357":{"start":{"line":590,"column":33},"end":{"line":590,"column":69}},"358":{"start":{"line":591,"column":34},"end":{"line":591,"column":65}},"359":{"start":{"line":592,"column":12},"end":{"line":597,"column":null}},"360":{"start":{"line":593,"column":16},"end":{"line":593,"column":39}},"361":{"start":{"line":596,"column":16},"end":{"line":596,"column":84}},"362":{"start":{"line":600,"column":12},"end":{"line":600,"column":21}},"363":{"start":{"line":604,"column":32},"end":{"line":604,"column":34}},"364":{"start":{"line":605,"column":8},"end":{"line":607,"column":11}},"365":{"start":{"line":606,"column":12},"end":{"line":606,"column":58}},"366":{"start":{"line":608,"column":8},"end":{"line":613,"column":10}},"367":{"start":{"line":616,"column":19},"end":{"line":635,"column":7}},"368":{"start":{"line":618,"column":12},"end":{"line":618,"column":27}},"369":{"start":{"line":619,"column":12},"end":{"line":619,"column":55}},"370":{"start":{"line":620,"column":12},"end":{"line":620,"column":47}},"371":{"start":{"line":621,"column":12},"end":{"line":621,"column":47}},"372":{"start":{"line":622,"column":12},"end":{"line":622,"column":33}},"373":{"start":{"line":623,"column":12},"end":{"line":623,"column":36}},"374":{"start":{"line":624,"column":12},"end":{"line":624,"column":78}},"375":{"start":{"line":625,"column":12},"end":{"line":627,"column":23}},"376":{"start":{"line":629,"column":8},"end":{"line":633,"column":10}},"377":{"start":{"line":630,"column":24},"end":{"line":630,"column":98}},"378":{"start":{"line":631,"column":12},"end":{"line":631,"column":43}},"379":{"start":{"line":632,"column":12},"end":{"line":632,"column":25}},"380":{"start":{"line":634,"column":8},"end":{"line":634,"column":23}},"381":{"start":{"line":638,"column":8},"end":{"line":638,"column":40}},"382":{"start":{"line":641,"column":26},"end":{"line":641,"column":71}},"383":{"start":{"line":642,"column":29},"end":{"line":642,"column":73}},"384":{"start":{"line":643,"column":21},"end":{"line":643,"column":84}},"385":{"start":{"line":644,"column":8},"end":{"line":647,"column":null}},"386":{"start":{"line":645,"column":30},"end":{"line":645,"column":54}},"387":{"start":{"line":646,"column":12},"end":{"line":646,"column":46}},"388":{"start":{"line":648,"column":8},"end":{"line":648,"column":22}},"389":{"start":{"line":651,"column":23},"end":{"line":651,"column":79}},"390":{"start":{"line":652,"column":29},"end":{"line":652,"column":31}},"391":{"start":{"line":653,"column":8},"end":{"line":659,"column":null}},"392":{"start":{"line":657,"column":12},"end":{"line":657,"column":70}},"393":{"start":{"line":658,"column":12},"end":{"line":658,"column":80}},"394":{"start":{"line":660,"column":8},"end":{"line":668,"column":null}},"395":{"start":{"line":661,"column":12},"end":{"line":664,"column":15}},"396":{"start":{"line":662,"column":30},"end":{"line":662,"column":109}},"397":{"start":{"line":663,"column":16},"end":{"line":663,"column":51}},"398":{"start":{"line":667,"column":12},"end":{"line":667,"column":38}},"399":{"start":{"line":669,"column":8},"end":{"line":669,"column":105}},"400":{"start":{"line":670,"column":8},"end":{"line":670,"column":30}},"401":{"start":{"line":673,"column":8},"end":{"line":700,"column":null}},"402":{"start":{"line":675,"column":16},"end":{"line":684,"column":null}},"403":{"start":{"line":676,"column":20},"end":{"line":676,"column":36}},"404":{"start":{"line":679,"column":50},"end":{"line":679,"column":97}},"405":{"start":{"line":680,"column":30},"end":{"line":680,"column":44}},"406":{"start":{"line":681,"column":20},"end":{"line":681,"column":82}},"407":{"start":{"line":682,"column":20},"end":{"line":682,"column":119}},"408":{"start":{"line":683,"column":20},"end":{"line":683,"column":41}},"409":{"start":{"line":686,"column":16},"end":{"line":688,"column":null}},"410":{"start":{"line":687,"column":20},"end":{"line":687,"column":36}},"411":{"start":{"line":691,"column":16},"end":{"line":699,"column":null}},"412":{"start":{"line":692,"column":50},"end":{"line":692,"column":97}},"413":{"start":{"line":693,"column":30},"end":{"line":693,"column":77}},"414":{"start":{"line":694,"column":20},"end":{"line":694,"column":119}},"415":{"start":{"line":695,"column":20},"end":{"line":695,"column":41}},"416":{"start":{"line":698,"column":20},"end":{"line":698,"column":36}},"417":{"start":{"line":705,"column":8},"end":{"line":714,"column":null}},"418":{"start":{"line":706,"column":12},"end":{"line":706,"column":105}},"419":{"start":{"line":707,"column":12},"end":{"line":707,"column":97}},"420":{"start":{"line":708,"column":26},"end":{"line":708,"column":57}},"421":{"start":{"line":709,"column":12},"end":{"line":709,"column":37}},"422":{"start":{"line":712,"column":12},"end":{"line":712,"column":114}},"423":{"start":{"line":713,"column":12},"end":{"line":713,"column":107}},"424":{"start":{"line":715,"column":8},"end":{"line":739,"column":11}},"425":{"start":{"line":716,"column":34},"end":{"line":716,"column":38}},"426":{"start":{"line":717,"column":12},"end":{"line":725,"column":null}},"427":{"start":{"line":718,"column":16},"end":{"line":718,"column":107}},"428":{"start":{"line":721,"column":16},"end":{"line":723,"column":null}},"429":{"start":{"line":722,"column":20},"end":{"line":722,"column":27}},"430":{"start":{"line":724,"column":16},"end":{"line":724,"column":47}},"431":{"start":{"line":726,"column":12},"end":{"line":738,"column":null}},"432":{"start":{"line":727,"column":35},"end":{"line":727,"column":94}},"433":{"start":{"line":728,"column":16},"end":{"line":734,"column":null}},"434":{"start":{"line":729,"column":51},"end":{"line":729,"column":122}},"435":{"start":{"line":730,"column":20},"end":{"line":733,"column":null}},"436":{"start":{"line":731,"column":36},"end":{"line":731,"column":106}},"437":{"start":{"line":732,"column":24},"end":{"line":732,"column":47}},"438":{"start":{"line":735,"column":16},"end":{"line":737,"column":19}},"439":{"start":{"line":736,"column":20},"end":{"line":736,"column":130}},"440":{"start":{"line":742,"column":23},"end":{"line":742,"column":25}},"441":{"start":{"line":743,"column":32},"end":{"line":743,"column":63}},"442":{"start":{"line":744,"column":8},"end":{"line":749,"column":null}},"443":{"start":{"line":745,"column":12},"end":{"line":745,"column":64}},"444":{"start":{"line":747,"column":13},"end":{"line":749,"column":null}},"445":{"start":{"line":748,"column":12},"end":{"line":748,"column":72}},"446":{"start":{"line":750,"column":8},"end":{"line":750,"column":24}},"447":{"start":{"line":753,"column":8},"end":{"line":753,"column":null}},"448":{"start":{"line":753,"column":43},"end":{"line":753,"column":68}},"449":{"start":{"line":754,"column":22},"end":{"line":754,"column":44}},"450":{"start":{"line":755,"column":21},"end":{"line":755,"column":96}},"451":{"start":{"line":756,"column":8},"end":{"line":767,"column":null}},"452":{"start":{"line":757,"column":12},"end":{"line":757,"column":107}},"453":{"start":{"line":758,"column":12},"end":{"line":758,"column":27}},"454":{"start":{"line":761,"column":12},"end":{"line":765,"column":null}},"455":{"start":{"line":762,"column":16},"end":{"line":764,"column":null}},"456":{"start":{"line":763,"column":20},"end":{"line":763,"column":76}},"457":{"start":{"line":766,"column":12},"end":{"line":766,"column":24}},"458":{"start":{"line":770,"column":21},"end":{"line":770,"column":105}},"459":{"start":{"line":771,"column":22},"end":{"line":771,"column":44}},"460":{"start":{"line":772,"column":22},"end":{"line":772,"column":79}},"461":{"start":{"line":773,"column":8},"end":{"line":773,"column":23}},"462":{"start":{"line":777,"column":41},"end":{"line":780,"column":10}},"463":{"start":{"line":778,"column":12},"end":{"line":779,"column":75}},"464":{"start":{"line":781,"column":33},"end":{"line":781,"column":79}},"465":{"start":{"line":782,"column":8},"end":{"line":787,"column":11}},"466":{"start":{"line":783,"column":31},"end":{"line":783,"column":33}},"467":{"start":{"line":784,"column":12},"end":{"line":784,"column":49}},"468":{"start":{"line":785,"column":28},"end":{"line":785,"column":53}},"469":{"start":{"line":786,"column":12},"end":{"line":786,"column":47}},"470":{"start":{"line":788,"column":8},"end":{"line":788,"column":24}},"471":{"start":{"line":791,"column":8},"end":{"line":791,"column":74}},"472":{"start":{"line":794,"column":8},"end":{"line":802,"column":null}},"473":{"start":{"line":795,"column":23},"end":{"line":795,"column":66}},"474":{"start":{"line":796,"column":12},"end":{"line":801,"column":null}},"475":{"start":{"line":797,"column":16},"end":{"line":797,"column":37}},"476":{"start":{"line":800,"column":16},"end":{"line":800,"column":78}},"477":{"start":{"line":805,"column":21},"end":{"line":805,"column":25}},"478":{"start":{"line":806,"column":8},"end":{"line":816,"column":null}},"479":{"start":{"line":807,"column":48},"end":{"line":809,"column":14}},"480":{"start":{"line":808,"column":16},"end":{"line":808,"column":121}},"481":{"start":{"line":810,"column":40},"end":{"line":810,"column":89}},"482":{"start":{"line":811,"column":12},"end":{"line":811,"column":68}},"483":{"start":{"line":812,"column":12},"end":{"line":812,"column":78}},"484":{"start":{"line":815,"column":12},"end":{"line":815,"column":34}},"485":{"start":{"line":817,"column":8},"end":{"line":817,"column":39}},"486":{"start":{"line":818,"column":8},"end":{"line":818,"column":22}},"487":{"start":{"line":821,"column":24},"end":{"line":833,"column":5}},"488":{"start":{"line":822,"column":8},"end":{"line":832,"column":null}},"489":{"start":{"line":823,"column":12},"end":{"line":823,"column":24}},"490":{"start":{"line":826,"column":12},"end":{"line":831,"column":null}},"491":{"start":{"line":827,"column":16},"end":{"line":827,"column":107}},"492":{"start":{"line":830,"column":16},"end":{"line":830,"column":28}},"493":{"start":{"line":834,"column":26},"end":{"line":906,"column":5}},"494":{"start":{"line":835,"column":8},"end":{"line":905,"column":10}},"495":{"start":{"line":836,"column":12},"end":{"line":836,"column":61}},"496":{"start":{"line":837,"column":27},"end":{"line":837,"column":43}},"497":{"start":{"line":838,"column":32},"end":{"line":838,"column":53}},"498":{"start":{"line":839,"column":34},"end":{"line":839,"column":76}},"499":{"start":{"line":840,"column":43},"end":{"line":843,"column":92}},"500":{"start":{"line":844,"column":12},"end":{"line":904,"column":null}},"501":{"start":{"line":845,"column":16},"end":{"line":848,"column":19}},"502":{"start":{"line":846,"column":29},"end":{"line":846,"column":58}},"503":{"start":{"line":847,"column":20},"end":{"line":847,"column":44}},"504":{"start":{"line":851,"column":29},"end":{"line":851,"column":33}},"505":{"start":{"line":852,"column":16},"end":{"line":854,"column":null}},"506":{"start":{"line":853,"column":20},"end":{"line":853,"column":37}},"507":{"start":{"line":855,"column":32},"end":{"line":855,"column":43}},"508":{"start":{"line":856,"column":34},"end":{"line":856,"column":80}},"509":{"start":{"line":857,"column":41},"end":{"line":857,"column":85}},"510":{"start":{"line":858,"column":16},"end":{"line":860,"column":null}},"511":{"start":{"line":859,"column":20},"end":{"line":859,"column":43}},"512":{"start":{"line":861,"column":16},"end":{"line":865,"column":null}},"513":{"start":{"line":864,"column":20},"end":{"line":864,"column":58}},"514":{"start":{"line":866,"column":16},"end":{"line":890,"column":null}},"515":{"start":{"line":867,"column":20},"end":{"line":867,"column":45}},"516":{"start":{"line":869,"column":21},"end":{"line":890,"column":null}},"517":{"start":{"line":870,"column":20},"end":{"line":870,"column":45}},"518":{"start":{"line":872,"column":21},"end":{"line":890,"column":null}},"519":{"start":{"line":873,"column":20},"end":{"line":873,"column":58}},"520":{"start":{"line":875,"column":21},"end":{"line":890,"column":null}},"521":{"start":{"line":876,"column":20},"end":{"line":876,"column":161}},"522":{"start":{"line":876,"column":104},"end":{"line":876,"column":157}},"523":{"start":{"line":878,"column":21},"end":{"line":890,"column":null}},"524":{"start":{"line":879,"column":20},"end":{"line":879,"column":151}},"525":{"start":{"line":879,"column":99},"end":{"line":879,"column":147}},"526":{"start":{"line":881,"column":21},"end":{"line":890,"column":null}},"527":{"start":{"line":882,"column":20},"end":{"line":882,"column":153}},"528":{"start":{"line":882,"column":100},"end":{"line":882,"column":149}},"529":{"start":{"line":884,"column":21},"end":{"line":890,"column":null}},"530":{"start":{"line":885,"column":20},"end":{"line":885,"column":121}},"531":{"start":{"line":888,"column":44},"end":{"line":888,"column":99}},"532":{"start":{"line":889,"column":20},"end":{"line":889,"column":84}},"533":{"start":{"line":891,"column":16},"end":{"line":893,"column":null}},"534":{"start":{"line":892,"column":20},"end":{"line":892,"column":83}},"535":{"start":{"line":894,"column":16},"end":{"line":897,"column":null}},"536":{"start":{"line":895,"column":20},"end":{"line":895,"column":45}},"537":{"start":{"line":896,"column":20},"end":{"line":896,"column":47}},"538":{"start":{"line":898,"column":16},"end":{"line":902,"column":null}},"539":{"start":{"line":901,"column":20},"end":{"line":901,"column":59}},"540":{"start":{"line":903,"column":16},"end":{"line":903,"column":30}},"541":{"start":{"line":908,"column":17},"end":{"line":908,"column":71}},"542":{"start":{"line":909,"column":8},"end":{"line":909,"column":44}},"543":{"start":{"line":912,"column":29},"end":{"line":920,"column":5}},"544":{"start":{"line":913,"column":21},"end":{"line":913,"column":42}},"545":{"start":{"line":914,"column":8},"end":{"line":919,"column":null}},"546":{"start":{"line":915,"column":12},"end":{"line":915,"column":86}},"547":{"start":{"line":918,"column":12},"end":{"line":918,"column":25}},"548":{"start":{"line":921,"column":27},"end":{"line":927,"column":8}},"549":{"start":{"line":921,"column":44},"end":{"line":927,"column":6}},"550":{"start":{"line":922,"column":25},"end":{"line":924,"column":9}},"551":{"start":{"line":923,"column":12},"end":{"line":923,"column":104}},"552":{"start":{"line":925,"column":8},"end":{"line":925,"column":55}},"553":{"start":{"line":926,"column":8},"end":{"line":926,"column":26}},"554":{"start":{"line":928,"column":26},"end":{"line":928,"column":53}},"555":{"start":{"line":929,"column":25},"end":{"line":943,"column":8}},"556":{"start":{"line":929,"column":43},"end":{"line":943,"column":6}},"557":{"start":{"line":930,"column":22},"end":{"line":930,"column":26}},"558":{"start":{"line":931,"column":8},"end":{"line":941,"column":null}},"559":{"start":{"line":932,"column":12},"end":{"line":932,"column":42}},"560":{"start":{"line":933,"column":12},"end":{"line":940,"column":null}},"561":{"start":{"line":934,"column":40},"end":{"line":934,"column":65}},"562":{"start":{"line":935,"column":16},"end":{"line":935,"column":50}},"563":{"start":{"line":938,"column":34},"end":{"line":938,"column":72}},"564":{"start":{"line":939,"column":16},"end":{"line":939,"column":44}},"565":{"start":{"line":942,"column":8},"end":{"line":942,"column":21}},"566":{"start":{"line":945,"column":29},"end":{"line":1037,"column":7}},"567":{"start":{"line":947,"column":12},"end":{"line":947,"column":36}},"568":{"start":{"line":949,"column":8},"end":{"line":952,"column":10}},"569":{"start":{"line":950,"column":12},"end":{"line":950,"column":50}},"570":{"start":{"line":951,"column":12},"end":{"line":951,"column":54}},"571":{"start":{"line":953,"column":8},"end":{"line":956,"column":10}},"572":{"start":{"line":954,"column":12},"end":{"line":954,"column":61}},"573":{"start":{"line":955,"column":12},"end":{"line":955,"column":54}},"574":{"start":{"line":957,"column":8},"end":{"line":965,"column":10}},"575":{"start":{"line":958,"column":12},"end":{"line":963,"column":14}},"576":{"start":{"line":959,"column":38},"end":{"line":961,"column":48}},"577":{"start":{"line":962,"column":16},"end":{"line":962,"column":39}},"578":{"start":{"line":964,"column":12},"end":{"line":964,"column":54}},"579":{"start":{"line":966,"column":8},"end":{"line":969,"column":10}},"580":{"start":{"line":967,"column":12},"end":{"line":967,"column":68}},"581":{"start":{"line":968,"column":12},"end":{"line":968,"column":54}},"582":{"start":{"line":970,"column":8},"end":{"line":975,"column":10}},"583":{"start":{"line":971,"column":12},"end":{"line":973,"column":14}},"584":{"start":{"line":972,"column":16},"end":{"line":972,"column":69}},"585":{"start":{"line":974,"column":12},"end":{"line":974,"column":54}},"586":{"start":{"line":976,"column":8},"end":{"line":981,"column":10}},"587":{"start":{"line":977,"column":12},"end":{"line":979,"column":14}},"588":{"start":{"line":978,"column":16},"end":{"line":978,"column":68}},"589":{"start":{"line":980,"column":12},"end":{"line":980,"column":54}},"590":{"start":{"line":982,"column":8},"end":{"line":987,"column":10}},"591":{"start":{"line":983,"column":12},"end":{"line":985,"column":14}},"592":{"start":{"line":984,"column":16},"end":{"line":984,"column":75}},"593":{"start":{"line":986,"column":12},"end":{"line":986,"column":54}},"594":{"start":{"line":988,"column":8},"end":{"line":993,"column":10}},"595":{"start":{"line":989,"column":12},"end":{"line":991,"column":14}},"596":{"start":{"line":990,"column":16},"end":{"line":990,"column":77}},"597":{"start":{"line":992,"column":12},"end":{"line":992,"column":54}},"598":{"start":{"line":994,"column":8},"end":{"line":999,"column":10}},"599":{"start":{"line":995,"column":12},"end":{"line":997,"column":14}},"600":{"start":{"line":996,"column":16},"end":{"line":996,"column":78}},"601":{"start":{"line":998,"column":12},"end":{"line":998,"column":54}},"602":{"start":{"line":1000,"column":8},"end":{"line":1005,"column":10}},"603":{"start":{"line":1001,"column":12},"end":{"line":1003,"column":14}},"604":{"start":{"line":1002,"column":16},"end":{"line":1002,"column":74}},"605":{"start":{"line":1004,"column":12},"end":{"line":1004,"column":54}},"606":{"start":{"line":1006,"column":8},"end":{"line":1011,"column":10}},"607":{"start":{"line":1007,"column":12},"end":{"line":1009,"column":14}},"608":{"start":{"line":1008,"column":16},"end":{"line":1008,"column":75}},"609":{"start":{"line":1010,"column":12},"end":{"line":1010,"column":54}},"610":{"start":{"line":1012,"column":8},"end":{"line":1017,"column":10}},"611":{"start":{"line":1013,"column":12},"end":{"line":1015,"column":14}},"612":{"start":{"line":1014,"column":16},"end":{"line":1014,"column":81}},"613":{"start":{"line":1016,"column":12},"end":{"line":1016,"column":54}},"614":{"start":{"line":1018,"column":8},"end":{"line":1023,"column":10}},"615":{"start":{"line":1019,"column":12},"end":{"line":1021,"column":14}},"616":{"start":{"line":1020,"column":16},"end":{"line":1020,"column":82}},"617":{"start":{"line":1022,"column":12},"end":{"line":1022,"column":54}},"618":{"start":{"line":1024,"column":8},"end":{"line":1029,"column":10}},"619":{"start":{"line":1025,"column":12},"end":{"line":1027,"column":14}},"620":{"start":{"line":1026,"column":16},"end":{"line":1026,"column":63}},"621":{"start":{"line":1028,"column":12},"end":{"line":1028,"column":54}},"622":{"start":{"line":1030,"column":8},"end":{"line":1035,"column":10}},"623":{"start":{"line":1031,"column":12},"end":{"line":1033,"column":14}},"624":{"start":{"line":1032,"column":16},"end":{"line":1032,"column":64}},"625":{"start":{"line":1034,"column":12},"end":{"line":1034,"column":54}},"626":{"start":{"line":1036,"column":8},"end":{"line":1036,"column":33}},"627":{"start":{"line":1039,"column":27},"end":{"line":1048,"column":7}},"628":{"start":{"line":1041,"column":12},"end":{"line":1041,"column":36}},"629":{"start":{"line":1043,"column":8},"end":{"line":1046,"column":10}},"630":{"start":{"line":1044,"column":12},"end":{"line":1044,"column":49}},"631":{"start":{"line":1045,"column":12},"end":{"line":1045,"column":56}},"632":{"start":{"line":1047,"column":8},"end":{"line":1047,"column":31}},"633":{"start":{"line":1050,"column":31},"end":{"line":1105,"column":7}},"634":{"start":{"line":1052,"column":12},"end":{"line":1052,"column":36}},"635":{"start":{"line":1053,"column":12},"end":{"line":1053,"column":75}},"636":{"start":{"line":1054,"column":12},"end":{"line":1054,"column":71}},"637":{"start":{"line":1056,"column":8},"end":{"line":1058,"column":10}},"638":{"start":{"line":1057,"column":12},"end":{"line":1057,"column":60}},"639":{"start":{"line":1059,"column":8},"end":{"line":1061,"column":10}},"640":{"start":{"line":1060,"column":12},"end":{"line":1060,"column":65}},"641":{"start":{"line":1062,"column":8},"end":{"line":1064,"column":10}},"642":{"start":{"line":1063,"column":12},"end":{"line":1063,"column":65}},"643":{"start":{"line":1065,"column":8},"end":{"line":1067,"column":10}},"644":{"start":{"line":1066,"column":12},"end":{"line":1066,"column":72}},"645":{"start":{"line":1068,"column":8},"end":{"line":1070,"column":10}},"646":{"start":{"line":1069,"column":12},"end":{"line":1069,"column":68}},"647":{"start":{"line":1071,"column":8},"end":{"line":1073,"column":10}},"648":{"start":{"line":1072,"column":12},"end":{"line":1072,"column":65}},"649":{"start":{"line":1074,"column":8},"end":{"line":1076,"column":10}},"650":{"start":{"line":1075,"column":12},"end":{"line":1075,"column":72}},"651":{"start":{"line":1077,"column":8},"end":{"line":1079,"column":10}},"652":{"start":{"line":1078,"column":12},"end":{"line":1078,"column":71}},"653":{"start":{"line":1080,"column":8},"end":{"line":1082,"column":10}},"654":{"start":{"line":1081,"column":12},"end":{"line":1081,"column":70}},"655":{"start":{"line":1083,"column":8},"end":{"line":1085,"column":10}},"656":{"start":{"line":1084,"column":12},"end":{"line":1084,"column":70}},"657":{"start":{"line":1086,"column":8},"end":{"line":1088,"column":10}},"658":{"start":{"line":1087,"column":12},"end":{"line":1087,"column":77}},"659":{"start":{"line":1089,"column":8},"end":{"line":1091,"column":10}},"660":{"start":{"line":1090,"column":12},"end":{"line":1090,"column":69}},"661":{"start":{"line":1092,"column":8},"end":{"line":1094,"column":10}},"662":{"start":{"line":1093,"column":12},"end":{"line":1093,"column":76}},"663":{"start":{"line":1095,"column":8},"end":{"line":1097,"column":10}},"664":{"start":{"line":1096,"column":12},"end":{"line":1096,"column":78}},"665":{"start":{"line":1098,"column":8},"end":{"line":1100,"column":10}},"666":{"start":{"line":1099,"column":12},"end":{"line":1099,"column":77}},"667":{"start":{"line":1101,"column":8},"end":{"line":1103,"column":10}},"668":{"start":{"line":1102,"column":12},"end":{"line":1102,"column":63}},"669":{"start":{"line":1104,"column":8},"end":{"line":1104,"column":35}},"670":{"start":{"line":1107,"column":27},"end":{"line":1124,"column":7}},"671":{"start":{"line":1109,"column":12},"end":{"line":1109,"column":36}},"672":{"start":{"line":1111,"column":8},"end":{"line":1114,"column":10}},"673":{"start":{"line":1112,"column":12},"end":{"line":1112,"column":59}},"674":{"start":{"line":1113,"column":12},"end":{"line":1113,"column":58}},"675":{"start":{"line":1115,"column":8},"end":{"line":1118,"column":10}},"676":{"start":{"line":1116,"column":12},"end":{"line":1116,"column":61}},"677":{"start":{"line":1117,"column":12},"end":{"line":1117,"column":58}},"678":{"start":{"line":1119,"column":8},"end":{"line":1122,"column":10}},"679":{"start":{"line":1120,"column":12},"end":{"line":1120,"column":61}},"680":{"start":{"line":1121,"column":12},"end":{"line":1121,"column":58}},"681":{"start":{"line":1123,"column":8},"end":{"line":1123,"column":31}},"682":{"start":{"line":1126,"column":33},"end":{"line":1191,"column":7}},"683":{"start":{"line":1128,"column":12},"end":{"line":1128,"column":36}},"684":{"start":{"line":1129,"column":12},"end":{"line":1129,"column":75}},"685":{"start":{"line":1130,"column":12},"end":{"line":1130,"column":71}},"686":{"start":{"line":1131,"column":12},"end":{"line":1131,"column":65}},"687":{"start":{"line":1133,"column":8},"end":{"line":1135,"column":10}},"688":{"start":{"line":1134,"column":12},"end":{"line":1134,"column":58}},"689":{"start":{"line":1136,"column":8},"end":{"line":1138,"column":10}},"690":{"start":{"line":1137,"column":12},"end":{"line":1137,"column":60}},"691":{"start":{"line":1139,"column":8},"end":{"line":1141,"column":10}},"692":{"start":{"line":1140,"column":12},"end":{"line":1140,"column":60}},"693":{"start":{"line":1142,"column":8},"end":{"line":1144,"column":10}},"694":{"start":{"line":1143,"column":12},"end":{"line":1143,"column":60}},"695":{"start":{"line":1145,"column":8},"end":{"line":1147,"column":10}},"696":{"start":{"line":1146,"column":12},"end":{"line":1146,"column":65}},"697":{"start":{"line":1148,"column":8},"end":{"line":1150,"column":10}},"698":{"start":{"line":1149,"column":12},"end":{"line":1149,"column":65}},"699":{"start":{"line":1151,"column":8},"end":{"line":1153,"column":10}},"700":{"start":{"line":1152,"column":12},"end":{"line":1152,"column":72}},"701":{"start":{"line":1154,"column":8},"end":{"line":1156,"column":10}},"702":{"start":{"line":1155,"column":12},"end":{"line":1155,"column":68}},"703":{"start":{"line":1157,"column":8},"end":{"line":1159,"column":10}},"704":{"start":{"line":1158,"column":12},"end":{"line":1158,"column":65}},"705":{"start":{"line":1160,"column":8},"end":{"line":1162,"column":10}},"706":{"start":{"line":1161,"column":12},"end":{"line":1161,"column":72}},"707":{"start":{"line":1163,"column":8},"end":{"line":1165,"column":10}},"708":{"start":{"line":1164,"column":12},"end":{"line":1164,"column":71}},"709":{"start":{"line":1166,"column":8},"end":{"line":1168,"column":10}},"710":{"start":{"line":1167,"column":12},"end":{"line":1167,"column":70}},"711":{"start":{"line":1169,"column":8},"end":{"line":1171,"column":10}},"712":{"start":{"line":1170,"column":12},"end":{"line":1170,"column":70}},"713":{"start":{"line":1172,"column":8},"end":{"line":1174,"column":10}},"714":{"start":{"line":1173,"column":12},"end":{"line":1173,"column":77}},"715":{"start":{"line":1175,"column":8},"end":{"line":1177,"column":10}},"716":{"start":{"line":1176,"column":12},"end":{"line":1176,"column":69}},"717":{"start":{"line":1178,"column":8},"end":{"line":1180,"column":10}},"718":{"start":{"line":1179,"column":12},"end":{"line":1179,"column":76}},"719":{"start":{"line":1181,"column":8},"end":{"line":1183,"column":10}},"720":{"start":{"line":1182,"column":12},"end":{"line":1182,"column":78}},"721":{"start":{"line":1184,"column":8},"end":{"line":1186,"column":10}},"722":{"start":{"line":1185,"column":12},"end":{"line":1185,"column":77}},"723":{"start":{"line":1187,"column":8},"end":{"line":1189,"column":10}},"724":{"start":{"line":1188,"column":12},"end":{"line":1188,"column":63}},"725":{"start":{"line":1190,"column":8},"end":{"line":1190,"column":37}},"726":{"start":{"line":1193,"column":27},"end":{"line":1258,"column":7}},"727":{"start":{"line":1195,"column":12},"end":{"line":1195,"column":36}},"728":{"start":{"line":1197,"column":8},"end":{"line":1201,"column":10}},"729":{"start":{"line":1198,"column":12},"end":{"line":1198,"column":58}},"730":{"start":{"line":1199,"column":12},"end":{"line":1199,"column":59}},"731":{"start":{"line":1200,"column":12},"end":{"line":1200,"column":60}},"732":{"start":{"line":1202,"column":8},"end":{"line":1208,"column":10}},"733":{"start":{"line":1203,"column":12},"end":{"line":1205,"column":null}},"734":{"start":{"line":1204,"column":16},"end":{"line":1204,"column":60}},"735":{"start":{"line":1206,"column":23},"end":{"line":1206,"column":54}},"736":{"start":{"line":1207,"column":12},"end":{"line":1207,"column":33}},"737":{"start":{"line":1209,"column":8},"end":{"line":1215,"column":10}},"738":{"start":{"line":1210,"column":12},"end":{"line":1210,"column":63}},"739":{"start":{"line":1211,"column":12},"end":{"line":1211,"column":40}},"740":{"start":{"line":1212,"column":12},"end":{"line":1212,"column":46}},"741":{"start":{"line":1213,"column":12},"end":{"line":1213,"column":52}},"742":{"start":{"line":1214,"column":12},"end":{"line":1214,"column":58}},"743":{"start":{"line":1216,"column":8},"end":{"line":1222,"column":10}},"744":{"start":{"line":1217,"column":12},"end":{"line":1217,"column":62}},"745":{"start":{"line":1218,"column":12},"end":{"line":1218,"column":39}},"746":{"start":{"line":1219,"column":12},"end":{"line":1219,"column":46}},"747":{"start":{"line":1220,"column":12},"end":{"line":1220,"column":52}},"748":{"start":{"line":1221,"column":12},"end":{"line":1221,"column":60}},"749":{"start":{"line":1223,"column":8},"end":{"line":1227,"column":10}},"750":{"start":{"line":1224,"column":12},"end":{"line":1224,"column":61}},"751":{"start":{"line":1225,"column":12},"end":{"line":1225,"column":59}},"752":{"start":{"line":1226,"column":12},"end":{"line":1226,"column":58}},"753":{"start":{"line":1228,"column":8},"end":{"line":1232,"column":10}},"754":{"start":{"line":1229,"column":12},"end":{"line":1229,"column":57}},"755":{"start":{"line":1230,"column":12},"end":{"line":1230,"column":44}},"756":{"start":{"line":1231,"column":12},"end":{"line":1231,"column":58}},"757":{"start":{"line":1233,"column":8},"end":{"line":1240,"column":10}},"758":{"start":{"line":1234,"column":12},"end":{"line":1236,"column":null}},"759":{"start":{"line":1235,"column":16},"end":{"line":1235,"column":58}},"760":{"start":{"line":1237,"column":38},"end":{"line":1237,"column":64}},"761":{"start":{"line":1238,"column":12},"end":{"line":1238,"column":58}},"762":{"start":{"line":1239,"column":12},"end":{"line":1239,"column":39}},"763":{"start":{"line":1241,"column":8},"end":{"line":1248,"column":10}},"764":{"start":{"line":1242,"column":12},"end":{"line":1242,"column":57}},"765":{"start":{"line":1243,"column":12},"end":{"line":1246,"column":14}},"766":{"start":{"line":1244,"column":34},"end":{"line":1244,"column":98}},"767":{"start":{"line":1244,"column":48},"end":{"line":1244,"column":96}},"768":{"start":{"line":1245,"column":16},"end":{"line":1245,"column":35}},"769":{"start":{"line":1247,"column":12},"end":{"line":1247,"column":58}},"770":{"start":{"line":1249,"column":8},"end":{"line":1253,"column":10}},"771":{"start":{"line":1250,"column":12},"end":{"line":1250,"column":58}},"772":{"start":{"line":1251,"column":12},"end":{"line":1251,"column":46}},"773":{"start":{"line":1252,"column":12},"end":{"line":1252,"column":58}},"774":{"start":{"line":1254,"column":8},"end":{"line":1256,"column":10}},"775":{"start":{"line":1255,"column":12},"end":{"line":1255,"column":95}},"776":{"start":{"line":1255,"column":53},"end":{"line":1255,"column":91}},"777":{"start":{"line":1257,"column":8},"end":{"line":1257,"column":31}},"778":{"start":{"line":1260,"column":29},"end":{"line":1270,"column":7}},"779":{"start":{"line":1263,"column":8},"end":{"line":1268,"column":10}},"780":{"start":{"line":1264,"column":27},"end":{"line":1264,"column":50}},"781":{"start":{"line":1265,"column":12},"end":{"line":1265,"column":41}},"782":{"start":{"line":1266,"column":12},"end":{"line":1266,"column":45}},"783":{"start":{"line":1267,"column":12},"end":{"line":1267,"column":28}},"784":{"start":{"line":1269,"column":8},"end":{"line":1269,"column":33}},"785":{"start":{"line":1272,"column":18},"end":{"line":1346,"column":7}},"786":{"start":{"line":1274,"column":12},"end":{"line":1274,"column":34}},"787":{"start":{"line":1276,"column":8},"end":{"line":1278,"column":10}},"788":{"start":{"line":1277,"column":12},"end":{"line":1277,"column":29}},"789":{"start":{"line":1279,"column":8},"end":{"line":1294,"column":10}},"790":{"start":{"line":1280,"column":12},"end":{"line":1282,"column":null}},"791":{"start":{"line":1281,"column":16},"end":{"line":1281,"column":47}},"792":{"start":{"line":1283,"column":12},"end":{"line":1285,"column":null}},"793":{"start":{"line":1284,"column":16},"end":{"line":1284,"column":47}},"794":{"start":{"line":1286,"column":24},"end":{"line":1286,"column":56}},"795":{"start":{"line":1287,"column":12},"end":{"line":1293,"column":null}},"796":{"start":{"line":1288,"column":16},"end":{"line":1288,"column":34}},"797":{"start":{"line":1289,"column":16},"end":{"line":1289,"column":56}},"798":{"start":{"line":1292,"column":16},"end":{"line":1292,"column":58}},"799":{"start":{"line":1295,"column":8},"end":{"line":1306,"column":10}},"800":{"start":{"line":1296,"column":12},"end":{"line":1298,"column":null}},"801":{"start":{"line":1297,"column":16},"end":{"line":1297,"column":47}},"802":{"start":{"line":1299,"column":24},"end":{"line":1299,"column":56}},"803":{"start":{"line":1300,"column":12},"end":{"line":1305,"column":null}},"804":{"start":{"line":1301,"column":16},"end":{"line":1301,"column":29}},"805":{"start":{"line":1304,"column":16},"end":{"line":1304,"column":47}},"806":{"start":{"line":1307,"column":8},"end":{"line":1314,"column":10}},"807":{"start":{"line":1308,"column":12},"end":{"line":1310,"column":null}},"808":{"start":{"line":1309,"column":16},"end":{"line":1309,"column":47}},"809":{"start":{"line":1311,"column":12},"end":{"line":1313,"column":null}},"810":{"start":{"line":1312,"column":16},"end":{"line":1312,"column":47}},"811":{"start":{"line":1315,"column":8},"end":{"line":1326,"column":10}},"812":{"start":{"line":1316,"column":24},"end":{"line":1316,"column":28}},"813":{"start":{"line":1317,"column":12},"end":{"line":1325,"column":15}},"814":{"start":{"line":1318,"column":37},"end":{"line":1318,"column":99}},"815":{"start":{"line":1318,"column":71},"end":{"line":1318,"column":96}},"816":{"start":{"line":1319,"column":16},"end":{"line":1324,"column":null}},"817":{"start":{"line":1320,"column":20},"end":{"line":1320,"column":56}},"818":{"start":{"line":1323,"column":20},"end":{"line":1323,"column":43}},"819":{"start":{"line":1327,"column":8},"end":{"line":1332,"column":10}},"820":{"start":{"line":1328,"column":12},"end":{"line":1330,"column":null}},"821":{"start":{"line":1329,"column":16},"end":{"line":1329,"column":47}},"822":{"start":{"line":1331,"column":12},"end":{"line":1331,"column":52}},"823":{"start":{"line":1333,"column":8},"end":{"line":1339,"column":10}},"824":{"start":{"line":1334,"column":23},"end":{"line":1334,"column":35}},"825":{"start":{"line":1335,"column":12},"end":{"line":1337,"column":15}},"826":{"start":{"line":1336,"column":16},"end":{"line":1336,"column":81}},"827":{"start":{"line":1336,"column":45},"end":{"line":1336,"column":77}},"828":{"start":{"line":1338,"column":12},"end":{"line":1338,"column":24}},"829":{"start":{"line":1340,"column":8},"end":{"line":1344,"column":10}},"830":{"start":{"line":1341,"column":12},"end":{"line":1343,"column":15}},"831":{"start":{"line":1342,"column":16},"end":{"line":1342,"column":33}},"832":{"start":{"line":1345,"column":8},"end":{"line":1345,"column":22}},"833":{"start":{"line":1348,"column":20},"end":{"line":1355,"column":5}},"834":{"start":{"line":1349,"column":8},"end":{"line":1354,"column":11}},"835":{"start":{"line":1350,"column":40},"end":{"line":1350,"column":102}},"836":{"start":{"line":1350,"column":46},"end":{"line":1350,"column":74}},"837":{"start":{"line":1350,"column":89},"end":{"line":1350,"column":99}},"838":{"start":{"line":1351,"column":39},"end":{"line":1351,"column":105}},"839":{"start":{"line":1351,"column":45},"end":{"line":1351,"column":77}},"840":{"start":{"line":1351,"column":92},"end":{"line":1351,"column":102}},"841":{"start":{"line":1352,"column":36},"end":{"line":1352,"column":153}},"842":{"start":{"line":1352,"column":101},"end":{"line":1352,"column":123}},"843":{"start":{"line":1353,"column":12},"end":{"line":1353,"column":82}},"844":{"start":{"line":1356,"column":22},"end":{"line":1382,"column":5}},"845":{"start":{"line":1357,"column":16},"end":{"line":1357,"column":108}},"846":{"start":{"line":1357,"column":47},"end":{"line":1357,"column":72}},"847":{"start":{"line":1357,"column":61},"end":{"line":1357,"column":72}},"848":{"start":{"line":1357,"column":73},"end":{"line":1357,"column":85}},"849":{"start":{"line":1358,"column":8},"end":{"line":1358,"column":161}},"850":{"start":{"line":1358,"column":142},"end":{"line":1358,"column":154}},"851":{"start":{"line":1359,"column":27},"end":{"line":1359,"column":72}},"852":{"start":{"line":1359,"column":49},"end":{"line":1359,"column":69}},"853":{"start":{"line":1361,"column":12},"end":{"line":1361,"column":74}},"854":{"start":{"line":1361,"column":19},"end":{"line":1361,"column":74}},"855":{"start":{"line":1362,"column":12},"end":{"line":1379,"column":null}},"856":{"start":{"line":1362,"column":22},"end":{"line":1379,"column":null}},"857":{"start":{"line":1363,"column":16},"end":{"line":1363,"column":131}},"858":{"start":{"line":1363,"column":122},"end":{"line":1363,"column":131}},"859":{"start":{"line":1364,"column":16},"end":{"line":1364,"column":48}},"860":{"start":{"line":1364,"column":30},"end":{"line":1364,"column":48}},"861":{"start":{"line":1365,"column":16},"end":{"line":1377,"column":null}},"862":{"start":{"line":1366,"column":36},"end":{"line":1366,"column":43}},"863":{"start":{"line":1366,"column":44},"end":{"line":1366,"column":50}},"864":{"start":{"line":1367,"column":28},"end":{"line":1367,"column":38}},"865":{"start":{"line":1367,"column":39},"end":{"line":1367,"column":76}},"866":{"start":{"line":1368,"column":28},"end":{"line":1368,"column":38}},"867":{"start":{"line":1368,"column":39},"end":{"line":1368,"column":49}},"868":{"start":{"line":1368,"column":50},"end":{"line":1368,"column":59}},"869":{"start":{"line":1368,"column":60},"end":{"line":1368,"column":69}},"870":{"start":{"line":1369,"column":28},"end":{"line":1369,"column":45}},"871":{"start":{"line":1369,"column":46},"end":{"line":1369,"column":59}},"872":{"start":{"line":1369,"column":60},"end":{"line":1369,"column":69}},"873":{"start":{"line":1371,"column":24},"end":{"line":1371,"column":null}},"874":{"start":{"line":1371,"column":114},"end":{"line":1371,"column":120}},"875":{"start":{"line":1371,"column":121},"end":{"line":1371,"column":130}},"876":{"start":{"line":1372,"column":24},"end":{"line":1372,"column":null}},"877":{"start":{"line":1372,"column":85},"end":{"line":1372,"column":101}},"878":{"start":{"line":1372,"column":102},"end":{"line":1372,"column":108}},"879":{"start":{"line":1373,"column":24},"end":{"line":1373,"column":null}},"880":{"start":{"line":1373,"column":61},"end":{"line":1373,"column":76}},"881":{"start":{"line":1373,"column":77},"end":{"line":1373,"column":84}},"882":{"start":{"line":1373,"column":85},"end":{"line":1373,"column":91}},"883":{"start":{"line":1374,"column":24},"end":{"line":1374,"column":null}},"884":{"start":{"line":1374,"column":51},"end":{"line":1374,"column":66}},"885":{"start":{"line":1374,"column":67},"end":{"line":1374,"column":82}},"886":{"start":{"line":1374,"column":83},"end":{"line":1374,"column":89}},"887":{"start":{"line":1375,"column":24},"end":{"line":1375,"column":46}},"888":{"start":{"line":1375,"column":34},"end":{"line":1375,"column":46}},"889":{"start":{"line":1376,"column":24},"end":{"line":1376,"column":37}},"890":{"start":{"line":1376,"column":38},"end":{"line":1376,"column":47}},"891":{"start":{"line":1378,"column":16},"end":{"line":1378,"column":43}},"892":{"start":{"line":1379,"column":26},"end":{"line":1379,"column":38}},"893":{"start":{"line":1379,"column":39},"end":{"line":1379,"column":45}},"894":{"start":{"line":1379,"column":58},"end":{"line":1379,"column":68}},"895":{"start":{"line":1380,"column":12},"end":{"line":1380,"column":39}},"896":{"start":{"line":1380,"column":27},"end":{"line":1380,"column":39}},"897":{"start":{"line":1380,"column":40},"end":{"line":1380,"column":93}},"898":{"start":{"line":1383,"column":21},"end":{"line":1657,"column":7}},"899":{"start":{"line":1385,"column":26},"end":{"line":1385,"column":48}},"900":{"start":{"line":1386,"column":12},"end":{"line":1388,"column":null}},"901":{"start":{"line":1387,"column":16},"end":{"line":1387,"column":74}},"902":{"start":{"line":1389,"column":12},"end":{"line":1396,"column":null}},"903":{"start":{"line":1390,"column":16},"end":{"line":1390,"column":66}},"904":{"start":{"line":1392,"column":17},"end":{"line":1396,"column":null}},"905":{"start":{"line":1395,"column":16},"end":{"line":1395,"column":78}},"906":{"start":{"line":1397,"column":12},"end":{"line":1402,"column":null}},"907":{"start":{"line":1398,"column":16},"end":{"line":1398,"column":51}},"908":{"start":{"line":1400,"column":17},"end":{"line":1402,"column":null}},"909":{"start":{"line":1401,"column":16},"end":{"line":1401,"column":85}},"910":{"start":{"line":1403,"column":12},"end":{"line":1408,"column":null}},"911":{"start":{"line":1404,"column":16},"end":{"line":1404,"column":52}},"912":{"start":{"line":1406,"column":17},"end":{"line":1408,"column":null}},"913":{"start":{"line":1407,"column":16},"end":{"line":1407,"column":80}},"914":{"start":{"line":1409,"column":12},"end":{"line":1413,"column":14}},"915":{"start":{"line":1414,"column":12},"end":{"line":1414,"column":27}},"916":{"start":{"line":1415,"column":12},"end":{"line":1415,"column":51}},"917":{"start":{"line":1416,"column":12},"end":{"line":1416,"column":33}},"918":{"start":{"line":1417,"column":12},"end":{"line":1417,"column":36}},"919":{"start":{"line":1418,"column":12},"end":{"line":1418,"column":31}},"920":{"start":{"line":1419,"column":12},"end":{"line":1419,"column":56}},"921":{"start":{"line":1421,"column":8},"end":{"line":1436,"column":10}},"922":{"start":{"line":1422,"column":28},"end":{"line":1422,"column":43}},"923":{"start":{"line":1423,"column":36},"end":{"line":1423,"column":67}},"924":{"start":{"line":1424,"column":37},"end":{"line":1424,"column":69}},"925":{"start":{"line":1425,"column":37},"end":{"line":1425,"column":69}},"926":{"start":{"line":1427,"column":16},"end":{"line":1431,"column":19}},"927":{"start":{"line":1428,"column":20},"end":{"line":1430,"column":23}},"928":{"start":{"line":1429,"column":24},"end":{"line":1429,"column":84}},"929":{"start":{"line":1433,"column":12},"end":{"line":1433,"column":66}},"930":{"start":{"line":1434,"column":12},"end":{"line":1434,"column":66}},"931":{"start":{"line":1435,"column":12},"end":{"line":1435,"column":29}},"932":{"start":{"line":1437,"column":8},"end":{"line":1448,"column":10}},"933":{"start":{"line":1438,"column":26},"end":{"line":1438,"column":28}},"934":{"start":{"line":1439,"column":12},"end":{"line":1441,"column":null}},"935":{"start":{"line":1439,"column":26},"end":{"line":1439,"column":27}},"936":{"start":{"line":1440,"column":16},"end":{"line":1440,"column":44}},"937":{"start":{"line":1442,"column":29},"end":{"line":1442,"column":69}},"938":{"start":{"line":1443,"column":12},"end":{"line":1447,"column":null}},"939":{"start":{"line":1443,"column":26},"end":{"line":1443,"column":27}},"940":{"start":{"line":1443,"column":41},"end":{"line":1443,"column":48}},"941":{"start":{"line":1444,"column":36},"end":{"line":1444,"column":49}},"942":{"start":{"line":1445,"column":45},"end":{"line":1445,"column":73}},"943":{"start":{"line":1446,"column":16},"end":{"line":1446,"column":194}},"944":{"start":{"line":1449,"column":8},"end":{"line":1477,"column":10}},"945":{"start":{"line":1450,"column":26},"end":{"line":1450,"column":28}},"946":{"start":{"line":1451,"column":12},"end":{"line":1453,"column":null}},"947":{"start":{"line":1451,"column":26},"end":{"line":1451,"column":27}},"948":{"start":{"line":1452,"column":16},"end":{"line":1452,"column":44}},"949":{"start":{"line":1454,"column":12},"end":{"line":1476,"column":15}},"950":{"start":{"line":1456,"column":16},"end":{"line":1475,"column":19}},"951":{"start":{"line":1457,"column":20},"end":{"line":1474,"column":null}},"952":{"start":{"line":1459,"column":28},"end":{"line":1459,"column":82}},"953":{"start":{"line":1460,"column":28},"end":{"line":1460,"column":56}},"954":{"start":{"line":1461,"column":28},"end":{"line":1461,"column":41}},"955":{"start":{"line":1463,"column":28},"end":{"line":1463,"column":72}},"956":{"start":{"line":1463,"column":58},"end":{"line":1463,"column":72}},"957":{"start":{"line":1464,"column":28},"end":{"line":1464,"column":58}},"958":{"start":{"line":1465,"column":28},"end":{"line":1465,"column":82}},"959":{"start":{"line":1466,"column":28},"end":{"line":1466,"column":218}},"960":{"start":{"line":1468,"column":28},"end":{"line":1468,"column":38}},"961":{"start":{"line":1469,"column":28},"end":{"line":1469,"column":41}},"962":{"start":{"line":1471,"column":28},"end":{"line":1471,"column":33}},"963":{"start":{"line":1472,"column":28},"end":{"line":1472,"column":42}},"964":{"start":{"line":1473,"column":32},"end":{"line":1473,"column":43}},"965":{"start":{"line":1478,"column":8},"end":{"line":1491,"column":10}},"966":{"start":{"line":1479,"column":24},"end":{"line":1479,"column":28}},"967":{"start":{"line":1480,"column":26},"end":{"line":1480,"column":28}},"968":{"start":{"line":1481,"column":12},"end":{"line":1483,"column":null}},"969":{"start":{"line":1481,"column":26},"end":{"line":1481,"column":27}},"970":{"start":{"line":1482,"column":16},"end":{"line":1482,"column":44}},"971":{"start":{"line":1484,"column":35},"end":{"line":1486,"column":16}},"972":{"start":{"line":1484,"column":57},"end":{"line":1486,"column":14}},"973":{"start":{"line":1485,"column":16},"end":{"line":1485,"column":50}},"974":{"start":{"line":1487,"column":12},"end":{"line":1490,"column":15}},"975":{"start":{"line":1488,"column":32},"end":{"line":1488,"column":59}},"976":{"start":{"line":1489,"column":16},"end":{"line":1489,"column":70}},"977":{"start":{"line":1492,"column":8},"end":{"line":1497,"column":10}},"978":{"start":{"line":1493,"column":24},"end":{"line":1493,"column":79}},"979":{"start":{"line":1494,"column":26},"end":{"line":1494,"column":63}},"980":{"start":{"line":1495,"column":12},"end":{"line":1495,"column":68}},"981":{"start":{"line":1496,"column":12},"end":{"line":1496,"column":48}},"982":{"start":{"line":1498,"column":8},"end":{"line":1501,"column":10}},"983":{"start":{"line":1499,"column":12},"end":{"line":1499,"column":43}},"984":{"start":{"line":1500,"column":12},"end":{"line":1500,"column":48}},"985":{"start":{"line":1502,"column":8},"end":{"line":1509,"column":10}},"986":{"start":{"line":1503,"column":12},"end":{"line":1508,"column":null}},"987":{"start":{"line":1504,"column":16},"end":{"line":1504,"column":66}},"988":{"start":{"line":1507,"column":16},"end":{"line":1507,"column":103}},"989":{"start":{"line":1510,"column":8},"end":{"line":1512,"column":10}},"990":{"start":{"line":1511,"column":12},"end":{"line":1511,"column":51}},"991":{"start":{"line":1513,"column":8},"end":{"line":1519,"column":10}},"992":{"start":{"line":1514,"column":24},"end":{"line":1514,"column":73}},"993":{"start":{"line":1515,"column":12},"end":{"line":1517,"column":null}},"994":{"start":{"line":1516,"column":16},"end":{"line":1516,"column":63}},"995":{"start":{"line":1518,"column":12},"end":{"line":1518,"column":25}},"996":{"start":{"line":1520,"column":8},"end":{"line":1522,"column":10}},"997":{"start":{"line":1521,"column":12},"end":{"line":1521,"column":75}},"998":{"start":{"line":1523,"column":8},"end":{"line":1534,"column":10}},"999":{"start":{"line":1524,"column":24},"end":{"line":1524,"column":29}},"1000":{"start":{"line":1525,"column":12},"end":{"line":1529,"column":null}},"1001":{"start":{"line":1526,"column":31},"end":{"line":1526,"column":77}},"1002":{"start":{"line":1527,"column":32},"end":{"line":1527,"column":86}},"1003":{"start":{"line":1528,"column":16},"end":{"line":1528,"column":88}},"1004":{"start":{"line":1528,"column":53},"end":{"line":1528,"column":84}},"1005":{"start":{"line":1530,"column":12},"end":{"line":1532,"column":null}},"1006":{"start":{"line":1531,"column":16},"end":{"line":1531,"column":81}},"1007":{"start":{"line":1533,"column":12},"end":{"line":1533,"column":25}},"1008":{"start":{"line":1535,"column":8},"end":{"line":1537,"column":10}},"1009":{"start":{"line":1536,"column":12},"end":{"line":1536,"column":106}},"1010":{"start":{"line":1538,"column":8},"end":{"line":1545,"column":10}},"1011":{"start":{"line":1539,"column":27},"end":{"line":1539,"column":48}},"1012":{"start":{"line":1540,"column":12},"end":{"line":1542,"column":null}},"1013":{"start":{"line":1541,"column":16},"end":{"line":1541,"column":61}},"1014":{"start":{"line":1543,"column":12},"end":{"line":1543,"column":56}},"1015":{"start":{"line":1544,"column":12},"end":{"line":1544,"column":51}},"1016":{"start":{"line":1546,"column":8},"end":{"line":1550,"column":10}},"1017":{"start":{"line":1547,"column":24},"end":{"line":1547,"column":71}},"1018":{"start":{"line":1548,"column":12},"end":{"line":1548,"column":32}},"1019":{"start":{"line":1549,"column":12},"end":{"line":1549,"column":25}},"1020":{"start":{"line":1551,"column":8},"end":{"line":1558,"column":10}},"1021":{"start":{"line":1552,"column":30},"end":{"line":1552,"column":32}},"1022":{"start":{"line":1553,"column":12},"end":{"line":1555,"column":null}},"1023":{"start":{"line":1553,"column":26},"end":{"line":1553,"column":27}},"1024":{"start":{"line":1554,"column":16},"end":{"line":1554,"column":48}},"1025":{"start":{"line":1556,"column":26},"end":{"line":1556,"column":88}},"1026":{"start":{"line":1557,"column":12},"end":{"line":1557,"column":105}},"1027":{"start":{"line":1557,"column":74},"end":{"line":1557,"column":92}},"1028":{"start":{"line":1559,"column":8},"end":{"line":1561,"column":10}},"1029":{"start":{"line":1560,"column":12},"end":{"line":1560,"column":50}},"1030":{"start":{"line":1562,"column":8},"end":{"line":1564,"column":10}},"1031":{"start":{"line":1563,"column":12},"end":{"line":1563,"column":87}},"1032":{"start":{"line":1565,"column":8},"end":{"line":1567,"column":10}},"1033":{"start":{"line":1566,"column":12},"end":{"line":1566,"column":99}},"1034":{"start":{"line":1568,"column":8},"end":{"line":1570,"column":10}},"1035":{"start":{"line":1569,"column":12},"end":{"line":1569,"column":71}},"1036":{"start":{"line":1571,"column":8},"end":{"line":1573,"column":10}},"1037":{"start":{"line":1572,"column":12},"end":{"line":1572,"column":85}},"1038":{"start":{"line":1574,"column":8},"end":{"line":1576,"column":10}},"1039":{"start":{"line":1575,"column":12},"end":{"line":1575,"column":98}},"1040":{"start":{"line":1577,"column":8},"end":{"line":1579,"column":10}},"1041":{"start":{"line":1578,"column":12},"end":{"line":1578,"column":74}},"1042":{"start":{"line":1580,"column":8},"end":{"line":1584,"column":10}},"1043":{"start":{"line":1581,"column":32},"end":{"line":1581,"column":50}},"1044":{"start":{"line":1582,"column":12},"end":{"line":1582,"column":61}},"1045":{"start":{"line":1583,"column":12},"end":{"line":1583,"column":58}},"1046":{"start":{"line":1585,"column":8},"end":{"line":1624,"column":10}},"1047":{"start":{"line":1586,"column":24},"end":{"line":1586,"column":28}},"1048":{"start":{"line":1587,"column":30},"end":{"line":1589,"column":13}},"1049":{"start":{"line":1588,"column":16},"end":{"line":1588,"column":61}},"1050":{"start":{"line":1590,"column":34},"end":{"line":1597,"column":13}},"1051":{"start":{"line":1591,"column":16},"end":{"line":1596,"column":18}},"1052":{"start":{"line":1592,"column":32},"end":{"line":1592,"column":54}},"1053":{"start":{"line":1593,"column":42},"end":{"line":1593,"column":66}},"1054":{"start":{"line":1594,"column":20},"end":{"line":1594,"column":59}},"1055":{"start":{"line":1595,"column":20},"end":{"line":1595,"column":43}},"1056":{"start":{"line":1598,"column":36},"end":{"line":1603,"column":13}},"1057":{"start":{"line":1599,"column":16},"end":{"line":1602,"column":18}},"1058":{"start":{"line":1600,"column":34},"end":{"line":1600,"column":58}},"1059":{"start":{"line":1601,"column":20},"end":{"line":1601,"column":47}},"1060":{"start":{"line":1604,"column":37},"end":{"line":1609,"column":13}},"1061":{"start":{"line":1605,"column":16},"end":{"line":1608,"column":18}},"1062":{"start":{"line":1606,"column":35},"end":{"line":1606,"column":60}},"1063":{"start":{"line":1607,"column":20},"end":{"line":1607,"column":55}},"1064":{"start":{"line":1610,"column":36},"end":{"line":1617,"column":13}},"1065":{"start":{"line":1611,"column":16},"end":{"line":1616,"column":18}},"1066":{"start":{"line":1612,"column":34},"end":{"line":1612,"column":58}},"1067":{"start":{"line":1613,"column":42},"end":{"line":1613,"column":68}},"1068":{"start":{"line":1614,"column":20},"end":{"line":1614,"column":59}},"1069":{"start":{"line":1615,"column":20},"end":{"line":1615,"column":43}},"1070":{"start":{"line":1618,"column":12},"end":{"line":1623,"column":18}},"1071":{"start":{"line":1618,"column":36},"end":{"line":1623,"column":15}},"1072":{"start":{"line":1625,"column":8},"end":{"line":1646,"column":10}},"1073":{"start":{"line":1626,"column":25},"end":{"line":1626,"column":29}},"1074":{"start":{"line":1627,"column":30},"end":{"line":1635,"column":14}},"1075":{"start":{"line":1629,"column":57},"end":{"line":1629,"column":72}},"1076":{"start":{"line":1636,"column":12},"end":{"line":1644,"column":null}},"1077":{"start":{"line":1637,"column":16},"end":{"line":1637,"column":55}},"1078":{"start":{"line":1638,"column":16},"end":{"line":1640,"column":null}},"1079":{"start":{"line":1639,"column":20},"end":{"line":1639,"column":63}},"1080":{"start":{"line":1643,"column":16},"end":{"line":1643,"column":61}},"1081":{"start":{"line":1645,"column":12},"end":{"line":1645,"column":26}},"1082":{"start":{"line":1647,"column":8},"end":{"line":1655,"column":10}},"1083":{"start":{"line":1648,"column":24},"end":{"line":1648,"column":28}},"1084":{"start":{"line":1649,"column":12},"end":{"line":1654,"column":14}},"1085":{"start":{"line":1650,"column":30},"end":{"line":1650,"column":170}},"1086":{"start":{"line":1651,"column":16},"end":{"line":1651,"column":59}},"1087":{"start":{"line":1652,"column":29},"end":{"line":1652,"column":45}},"1088":{"start":{"line":1653,"column":16},"end":{"line":1653,"column":30}},"1089":{"start":{"line":1656,"column":8},"end":{"line":1656,"column":25}},"1090":{"start":{"line":1659,"column":27},"end":{"line":1665,"column":7}},"1091":{"start":{"line":1661,"column":12},"end":{"line":1661,"column":27}},"1092":{"start":{"line":1662,"column":12},"end":{"line":1662,"column":37}},"1093":{"start":{"line":1664,"column":8},"end":{"line":1664,"column":31}},"109
[...]
umn":58},"end":{"line":1788,"column":85}}]},"200":{"loc":{"start":{"line":1803,"column":39},"end":{"line":1803,"column":91}},"type":"binary-expr","locations":[{"start":{"line":1803,"column":39},"end":{"line":1803,"column":91}},{"start":{"line":1803,"column":95},"end":{"line":1803,"column":97}}]},"201":{"loc":{"start":{"line":2047,"column":34},"end":{"line":2047,"column":86}},"type":"binary-expr","locations":[{"start":{"line":2047,"column":34},"end":{"line":2047,"column":86}},{"start":{"line":2047,"column":90},"end":{"line":2047,"column":92}}]},"202":{"loc":{"start":{"line":2058,"column":12},"end":{"line":2060,"column":null}},"type":"if","locations":[{"start":{"line":2058,"column":12},"end":{"line":2060,"column":null}},{"start":{"line":2058,"column":12},"end":{"line":2060,"column":null}}]},"203":{"loc":{"start":{"line":2058,"column":16},"end":{"line":2058,"column":23}},"type":"binary-expr","locations":[{"start":{"line":2058,"column":16},"end":{"line":2058,"column":23}},{"start":{"line":2058,"column":27},"end":{"line":2058,"column":69}}]},"204":{"loc":{"start":{"line":2061,"column":12},"end":{"line":2066,"column":null}},"type":"if","locations":[{"start":{"line":2061,"column":12},"end":{"line":2066,"column":null}},{"start":{"line":2061,"column":12},"end":{"line":2066,"column":null}}]},"205":{"loc":{"start":{"line":2120,"column":8},"end":{"line":2120,"column":null}},"type":"if","locations":[{"start":{"line":2120,"column":8},"end":{"line":2120,"column":null}},{"start":{"line":2120,"column":8},"end":{"line":2120,"column":null}}]},"206":{"loc":{"start":{"line":2149,"column":34},"end":{"line":2149,"column":86}},"type":"binary-expr","locations":[{"start":{"line":2149,"column":34},"end":{"line":2149,"column":86}},{"start":{"line":2149,"column":90},"end":{"line":2149,"column":92}}]},"207":{"loc":{"start":{"line":2151,"column":12},"end":{"line":2156,"column":null}},"type":"if","locations":[{"start":{"line":2151,"column":12},"end":{"line":2156,"column":null}},{"start":{"line":2151,"column":12},"end":{"line":2156,"column":null}}]},"208":{"loc":{"start":{"line":2151,"column":16},"end":{"line":2151,"column":24}},"type":"binary-expr","locations":[{"start":{"line":2151,"column":16},"end":{"line":2151,"column":24}},{"start":{"line":2151,"column":28},"end":{"line":2151,"column":72}}]}},"s":{"0":1,"1":1,"2":1,"3":1,"4":1,"5":1,"6":1,"7":1,"8":1,"9":1,"10":1,"11":1,"12":1,"13":1,"14":1,"15":1,"16":1,"17":1,"18":33,"19":1,"20":6,"21":6,"22":6,"23":6,"24":6,"25":6,"26":6,"27":6,"28":6,"29":6,"30":6,"31":6,"32":6,"33":1,"34":0,"35":0,"36":0,"37":0,"38":0,"39":0,"40":0,"41":0,"42":0,"43":0,"44":0,"45":0,"46":1,"47":1,"48":1,"49":1,"50":1,"51":1,"52":1,"53":1,"54":1,"55":1,"56":1,"57":0,"58":1,"59":1,"60":1,"61":1,"62":1,"63":1,"64":1,"65":1,"66":0,"67":0,"68":0,"69":0,"70":0,"71":1,"72":1,"73":1,"74":1,"75":1,"76":0,"77":0,"78":0,"79":0,"80":0,"81":1,"82":0,"83":0,"84":0,"85":0,"86":0,"87":1,"88":1,"89":1,"90":6,"91":6,"92":6,"93":1,"94":6,"95":6,"96":1,"97":1,"98":0,"99":0,"100":0,"101":0,"102":0,"103":0,"104":0,"105":0,"106":0,"107":0,"108":0,"109":0,"110":0,"111":0,"112":0,"113":0,"114":0,"115":0,"116":0,"117":0,"118":0,"119":0,"120":0,"121":0,"122":0,"123":0,"124":0,"125":0,"126":0,"127":0,"128":0,"129":0,"130":0,"131":0,"132":0,"133":0,"134":0,"135":0,"136":0,"137":0,"138":0,"139":0,"140":0,"141":0,"142":0,"143":0,"144":0,"145":0,"146":0,"147":0,"148":6,"149":6,"150":0,"151":0,"152":0,"153":1,"154":2,"155":2,"156":1,"157":2,"158":1,"159":6,"160":1,"161":1,"162":4,"163":4,"164":1,"165":0,"166":0,"167":0,"168":1,"169":1,"170":2,"171":2,"172":1,"173":2,"174":2,"175":0,"176":0,"177":2,"178":2,"179":2,"180":2,"181":0,"182":2,"183":1,"184":2,"185":2,"186":2,"187":0,"188":0,"189":0,"190":0,"191":0,"192":0,"193":2,"194":2,"195":2,"196":12,"197":0,"198":0,"199":12,"200":0,"201":12,"202":0,"203":12,"204":1,"205":0,"206":1,"207":0,"208":1,"209":2,"210":2,"211":0,"212":2,"213":2,"214":2,"215":0,"216":1,"217":6,"218":1,"219":0,"220":1,"221":0,"222":0,"223":0,"224":0,"225":1,"226":0,"227":1,"228":0,"229":1,"230":0,"231":1,"232":1,"233":6,"234":6,"235":6,"236":6,"237":6,"238":6,"239":6,"240":0,"241":6,"242":2,"243":6,"244":2,"245":1,"246":18,"247":18,"248":18,"249":12,"250":12,"251":0,"252":18,"253":1,"254":18,"255":1,"256":4,"257":1,"258":0,"259":1,"260":0,"261":0,"262":1,"263":6,"264":1,"265":0,"266":0,"267":0,"268":0,"269":1,"270":0,"271":0,"272":0,"273":0,"274":1,"275":0,"276":1,"277":10,"278":10,"279":10,"280":10,"281":10,"282":8,"283":8,"284":0,"285":10,"286":1,"287":6,"288":6,"289":6,"290":6,"291":6,"292":6,"293":0,"294":0,"295":6,"296":6,"297":6,"298":6,"299":6,"300":6,"301":6,"302":6,"303":4,"304":4,"305":4,"306":4,"307":4,"308":4,"309":4,"310":0,"311":4,"312":4,"313":4,"314":4,"315":4,"316":4,"317":0,"318":0,"319":4,"320":4,"321":4,"322":0,"323":6,"324":6,"325":6,"326":4,"327":4,"328":4,"329":4,"330":6,"331":6,"332":6,"333":6,"334":6,"335":6,"336":6,"337":0,"338":0,"339":0,"340":0,"341":0,"342":0,"343":0,"344":0,"345":6,"346":6,"347":0,"348":0,"349":6,"350":0,"351":0,"352":0,"353":0,"354":0,"355":0,"356":0,"357":0,"358":0,"359":0,"360":0,"361":0,"362":0,"363":4,"364":4,"365":2,"366":4,"367":1,"368":12,"369":12,"370":12,"371":12,"372":12,"373":12,"374":12,"375":12,"376":1,"377":4,"378":4,"379":4,"380":1,"381":6,"382":2,"383":2,"384":2,"385":2,"386":0,"387":0,"388":2,"389":6,"390":6,"391":6,"392":0,"393":0,"394":6,"395":6,"396":6,"397":6,"398":0,"399":6,"400":6,"401":6,"402":0,"403":0,"404":0,"405":0,"406":0,"407":0,"408":0,"409":6,"410":6,"411":0,"412":0,"413":0,"414":0,"415":0,"416":0,"417":6,"418":2,"419":2,"420":2,"421":2,"422":4,"423":4,"424":6,"425":6,"426":6,"427":0,"428":6,"429":0,"430":6,"431":6,"432":6,"433":6,"434":0,"435":0,"436":0,"437":0,"438":6,"439":4,"440":6,"441":6,"442":6,"443":6,"444":0,"445":0,"446":6,"447":2,"448":0,"449":2,"450":2,"451":2,"452":2,"453":2,"454":0,"455":0,"456":0,"457":0,"458":0,"459":0,"460":0,"461":0,"462":2,"463":4,"464":2,"465":2,"466":0,"467":0,"468":0,"469":0,"470":2,"471":2,"472":6,"473":0,"474":0,"475":0,"476":0,"477":6,"478":6,"479":2,"480":4,"481":2,"482":2,"483":2,"484":4,"485":6,"486":6,"487":1,"488":0,"489":0,"490":0,"491":0,"492":0,"493":1,"494":8,"495":6,"496":6,"497":6,"498":6,"499":6,"500":6,"501":0,"502":0,"503":0,"504":6,"505":6,"506":0,"507":6,"508":6,"509":6,"510":6,"511":0,"512":6,"513":0,"514":6,"515":0,"516":6,"517":0,"518":6,"519":0,"520":6,"521":0,"522":0,"523":6,"524":0,"525":0,"526":6,"527":0,"528":0,"529":6,"530":6,"531":0,"532":0,"533":6,"534":0,"535":6,"536":0,"537":0,"538":6,"539":0,"540":6,"541":2,"542":2,"543":1,"544":0,"545":0,"546":0,"547":0,"548":1,"549":1,"550":0,"551":0,"552":0,"553":0,"554":1,"555":1,"556":0,"557":0,"558":0,"559":0,"560":0,"561":0,"562":0,"563":0,"564":0,"565":0,"566":1,"567":6,"568":1,"569":0,"570":0,"571":1,"572":0,"573":0,"574":1,"575":0,"576":0,"577":0,"578":0,"579":1,"580":0,"581":0,"582":1,"583":0,"584":0,"585":0,"586":1,"587":0,"588":0,"589":0,"590":1,"591":0,"592":0,"593":0,"594":1,"595":0,"596":0,"597":0,"598":1,"599":0,"600":0,"601":0,"602":1,"603":0,"604":0,"605":0,"606":1,"607":0,"608":0,"609":0,"610":1,"611":0,"612":0,"613":0,"614":1,"615":0,"616":0,"617":0,"618":1,"619":0,"620":0,"621":0,"622":1,"623":0,"624":0,"625":0,"626":1,"627":1,"628":6,"629":1,"630":0,"631":0,"632":1,"633":1,"634":0,"635":0,"636":0,"637":1,"638":0,"639":1,"640":0,"641":1,"642":0,"643":1,"644":0,"645":1,"646":0,"647":1,"648":0,"649":1,"650":0,"651":1,"652":0,"653":1,"654":0,"655":1,"656":0,"657":1,"658":0,"659":1,"660":0,"661":1,"662":0,"663":1,"664":0,"665":1,"666":0,"667":1,"668":0,"669":1,"670":1,"671":6,"672":1,"673":0,"674":0,"675":1,"676":0,"677":0,"678":1,"679":0,"680":0,"681":1,"682":1,"683":6,"684":6,"685":6,"686":6,"687":1,"688":0,"689":1,"690":0,"691":1,"692":0,"693":1,"694":0,"695":1,"696":0,"697":1,"698":0,"699":1,"700":0,"701":1,"702":0,"703":1,"704":0,"705":1,"706":0,"707":1,"708":0,"709":1,"710":0,"711":1,"712":0,"713":1,"714":0,"715":1,"716":0,"717":1,"718":0,"719":1,"720":0,"721":1,"722":0,"723":1,"724":0,"725":1,"726":1,"727":6,"728":1,"729":6,"730":6,"731":6,"732":1,"733":0,"734":0,"735":0,"736":0,"737":1,"738":0,"739":0,"740":0,"741":0,"742":0,"743":1,"744":0,"745":0,"746":0,"747":0,"748":0,"749":1,"750":0,"751":0,"752":0,"753":1,"754":0,"755":0,"756":0,"757":1,"758":0,"759":0,"760":0,"761":0,"762":0,"763":1,"764":0,"765":0,"766":0,"767":0,"768":0,"769":0,"770":1,"771":0,"772":0,"773":0,"774":1,"775":0,"776":0,"777":1,"778":1,"779":1,"780":0,"781":0,"782":0,"783":0,"784":1,"785":1,"786":1,"787":1,"788":0,"789":1,"790":6,"791":0,"792":6,"793":0,"794":6,"795":6,"796":0,"797":0,"798":6,"799":1,"800":6,"801":0,"802":6,"803":6,"804":6,"805":0,"806":1,"807":0,"808":0,"809":0,"810":0,"811":1,"812":0,"813":0,"814":0,"815":0,"816":0,"817":0,"818":0,"819":1,"820":12,"821":0,"822":12,"823":1,"824":0,"825":0,"826":0,"827":0,"828":0,"829":1,"830":0,"831":0,"832":1,"833":1,"834":0,"835":0,"836":0,"837":0,"838":0,"839":0,"840":0,"841":0,"842":0,"843":0,"844":1,"845":0,"846":0,"847":0,"848":0,"849":0,"850":0,"851":0,"852":0,"853":0,"854":0,"855":0,"856":0,"857":0,"858":0,"859":0,"860":0,"861":0,"862":0,"863":0,"864":0,"865":0,"866":0,"867":0,"868":0,"869":0,"870":0,"871":0,"872":0,"873":0,"874":0,"875":0,"876":0,"877":0,"878":0,"879":0,"880":0,"881":0,"882":0,"883":0,"884":0,"885":0,"886":0,"887":0,"888":0,"889":0,"890":0,"891":0,"892":0,"893":0,"894":0,"895":0,"896":0,"897":0,"898":1,"899":1,"900":1,"901":0,"902":1,"903":1,"904":0,"905":0,"906":1,"907":1,"908":0,"909":0,"910":1,"911":0,"912":1,"913":0,"914":1,"915":1,"916":1,"917":1,"918":1,"919":1,"920":1,"921":1,"922":0,"923":0,"924":0,"925":0,"926":0,"927":0,"928":0,"929":0,"930":0,"931":0,"932":1,"933":6,"934":6,"935":6,"936":6,"937":6,"938":6,"939":6,"940":6,"941":6,"942":6,"943":6,"944":1,"945":0,"946":0,"947":0,"948":0,"949":0,"950":0,"951":0,"952":0,"953":0,"954":0,"955":0,"956":0,"957":0,"958":0,"959":0,"960":0,"961":0,"962":0,"963":0,"964":0,"965":1,"966":0,"967":0,"968":0,"969":0,"970":0,"971":0,"972":0,"973":0,"974":0,"975":0,"976":0,"977":1,"978":6,"979":6,"980":6,"981":6,"982":1,"983":0,"984":0,"985":1,"986":0,"987":0,"988":0,"989":1,"990":0,"991":1,"992":6,"993":6,"994":0,"995":6,"996":1,"997":0,"998":1,"999":0,"1000":0,"1001":0,"1002":0,"1003":0,"1004":0,"1005":0,"1006":0,"1007":0,"1008":1,"1009":0,"1010":1,"1011":0,"1012":0,"1013":0,"1014":0,"1015":0,"1016":1,"1017":0,"1018":0,"1019":0,"1020":1,"1021":0,"1022":0,"1023":0,"1024":0,"1025":0,"1026":0,"1027":0,"1028":1,"1029":0,"1030":1,"1031":2,"1032":1,"1033":0,"1034":1,"1035":0,"1036":1,"1037":0,"1038":1,"1039":0,"1040":1,"1041":0,"1042":1,"1043":0,"1044":0,"1045":0,"1046":1,"1047":6,"1048":6,"1049":6,"1050":6,"1051":6,"1052":6,"1053":6,"1054":6,"1055":6,"1056":6,"1057":6,"1058":0,"1059":0,"1060":6,"1061":6,"1062":0,"1063":0,"1064":6,"1065":6,"1066":0,"1067":0,"1068":0,"1069":0,"1070":6,"1071":6,"1072":1,"1073":2,"1074":2,"1075":2,"1076":2,"1077":0,"1078":0,"1079":0,"1080":2,"1081":2,"1082":1,"1083":2,"1084":2,"1085":2,"1086":2,"1087":2,"1088":2,"1089":1,"1090":1,"1091":6,"1092":6,"1093":1,"1094":6,"1095":6,"1096":0,"1097":6,"1098":6,"1099":6,"1100":1,"1101":1,"1102":6,"1103":6,"1104":6,"1105":6,"1106":0,"1107":6,"1108":6,"1109":6,"1110":0,"1111":6,"1112":6,"1113":6,"1114":6,"1115":6,"1116":6,"1117":1,"1118":0,"1119":0,"1120":0,"1121":1,"1122":0,"1123":1,"1124":0,"1125":1,"1126":0,"1127":1,"1128":0,"1129":1,"1130":0,"1131":1,"1132":0,"1133":1,"1134":0,"1135":1,"1136":0,"1137":1,"1138":0,"1139":1,"1140":0,"1141":1,"1142":0,"1143":1,"1144":0,"1145":1,"1146":0,"1147":1,"1148":0,"1149":1,"1150":0,"1151":1,"1152":0,"1153":1,"1154":0,"1155":1,"1156":0,"1157":1,"1158":1,"1159":0,"1160":1,"1161":0,"1162":0,"1163":0,"1164":0,"1165":0,"1166":0,"1167":0,"1168":0,"1169":0,"1170":0,"1171":0,"1172":0,"1173":0,"1174":0,"1175":0,"1176":1,"1177":1,"1178":0,"1179":0,"1180":1,"1181":0,"1182":0,"1183":0,"1184":0,"1185":0,"1186":1,"1187":0,"1188":1,"1189":1,"1190":0,"1191":0,"1192":1,"1193":0,"1194":0,"1195":0,"1196":0,"1197":0,"1198":1,"1199":0,"1200":0,"1201":0,"1202":0,"1203":0,"1204":1,"1205":0,"1206":0,"1207":0,"1208":0,"1209":0,"1210":1,"1211":0,"1212":0,"1213":0,"1214":0,"1215":0,"1216":1,"1217":0,"1218":0,"1219":0,"1220":0,"1221":0,"1222":1,"1223":0,"1224":0,"1225":0,"1226":0,"1227":0,"1228":1,"1229":0,"1230":0,"1231":0,"1232":0,"1233":0,"1234":1,"1235":0,"1236":0,"1237":0,"1238":0,"1239":0,"1240":1,"1241":0,"1242":0,"1243":0,"1244":0,"1245":0,"1246":1,"1247":0,"1248":0,"1249":0,"1250":0,"1251":0,"1252":1,"1253":0,"1254":0,"1255":0,"1256":0,"1257":0,"1258":1,"1259":0,"1260":0,"1261":0,"1262":0,"1263":0,"1264":1,"1265":0,"1266":0,"1267":0,"1268":0,"1269":0,"1270":1,"1271":0,"1272":0,"1273":0,"1274":0,"1275":0,"1276":1,"1277":0,"1278":1,"1279":1,"1280":0,"1281":0,"1282":1,"1283":0,"1284":1,"1285":0,"1286":1,"1287":0,"1288":1,"1289":0,"1290":1,"1291":0,"1292":1,"1293":0,"1294":1,"1295":0,"1296":1,"1297":0,"1298":1,"1299":0,"1300":1,"1301":0,"1302":1,"1303":0,"1304":1,"1305":0,"1306":1,"1307":0,"1308":1,"1309":0,"1310":1,"1311":0,"1312":1,"1313":0,"1314":1,"1315":1,"1316":0,"1317":0,"1318":1,"1319":0,"1320":0,"1321":0,"1322":0,"1323":0,"1324":0,"1325":0,"1326":1,"1327":0,"1328":0,"1329":0,"1330":0,"1331":0,"1332":0,"1333":0,"1334":1,"1335":0,"1336":1,"1337":0,"1338":0,"1339":0,"1340":0,"1341":0,"1342":0,"1343":0,"1344":0,"1345":0,"1346":0,"1347":0,"1348":0,"1349":0,"1350":1,"1351":0,"1352":0,"1353":0,"1354":0,"1355":0,"1356":0,"1357":0,"1358":1,"1359":0,"1360":0,"1361":0,"1362":0,"1363":1,"1364":0,"1365":0,"1366":0,"1367":0,"1368":1,"1369":0,"1370":0,"1371":0,"1372":0,"1373":1,"1374":0,"1375":0,"1376":0,"1377":0,"1378":1,"1379":1,"1380":1,"1381":1,"1382":1,"1383":1,"1384":1,"1385":1,"1386":1,"1387":1,"1388":6,"1389":6,"1390":6,"1391":6,"1392":6,"1393":6,"1394":6,"1395":6,"1396":6,"1397":6,"1398":0,"1399":1,"1400":1,"1401":1,"1402":1,"1403":1,"1404":1,"1405":1,"1406":1,"1407":1,"1408":1,"1409":1},"f":{"0":1,"1":1,"2":33,"3":1,"4":6,"5":6,"6":0,"7":0,"8":0,"9":0,"10":0,"11":1,"12":1,"13":6,"14":6,"15":0,"16":0,"17":0,"18":0,"19":0,"20":0,"21":0,"22":0,"23":0,"24":0,"25":0,"26":6,"27":1,"28":2,"29":2,"30":6,"31":1,"32":4,"33":0,"34":1,"35":2,"36":2,"37":0,"38":2,"39":12,"40":0,"41":0,"42":12,"43":1,"44":0,"45":0,"46":2,"47":2,"48":1,"49":6,"50":0,"51":0,"52":0,"53":0,"54":0,"55":1,"56":6,"57":18,"58":18,"59":4,"60":0,"61":0,"62":0,"63":6,"64":0,"65":0,"66":0,"67":0,"68":0,"69":10,"70":10,"71":6,"72":6,"73":4,"74":6,"75":6,"76":0,"77":0,"78":0,"79":4,"80":2,"81":1,"82":12,"83":4,"84":6,"85":2,"86":6,"87":6,"88":6,"89":6,"90":6,"91":4,"92":6,"93":2,"94":0,"95":2,"96":4,"97":0,"98":2,"99":6,"100":6,"101":4,"102":0,"103":8,"104":6,"105":0,"106":0,"107":0,"108":0,"109":2,"110":0,"111":1,"112":0,"113":0,"114":0,"115":0,"116":1,"117":6,"118":0,"119":0,"120":0,"121":0,"122":0,"123":0,"124":0,"125":0,"126":0,"127":0,"128":0,"129":0,"130":0,"131":0,"132":0,"133":0,"134":0,"135":0,"136":0,"137":0,"138":0,"139":0,"140":0,"141":0,"142":0,"143":0,"144":0,"145":1,"146":6,"147":0,"148":1,"149":0,"150":0,"151":0,"152":0,"153":0,"154":0,"155":0,"156":0,"157":0,"158":0,"159":0,"160":0,"161":0,"162":0,"163":0,"164":0,"165":0,"166":1,"167":6,"168":0,"169":0,"170":0,"171":1,"172":6,"173":0,"174":0,"175":0,"176":0,"177":0,"178":0,"179":0,"180":0,"181":0,"182":0,"183":0,"184":0,"185":0,"186":0,"187":0,"188":0,"189":0,"190":0,"191":0,"192":1,"193":6,"194":6,"195":0,"196":0,"197":0,"198":0,"199":0,"200":0,"201":0,"202":0,"203":0,"204":0,"205":0,"206":0,"207":1,"208":0,"209":0,"210":1,"211":1,"212":0,"213":6,"214":6,"215":0,"216":0,"217":0,"218":0,"219":12,"220":0,"221":0,"222":0,"223":0,"224":0,"225":0,"226":0,"227":0,"228":0,"229":0,"230":0,"231":0,"232":0,"233":0,"234":0,"235":0,"236":0,"237":1,"238":1,"239":0,"240":0,"241":0,"242":0,"243":6,"244":0,"245":0,"246":0,"247":0,"248":0,"249":0,"250":0,"251":6,"252":0,"253":0,"254":0,"255":6,"256":0,"257":0,"258":0,"259":0,"260":0,"261":0,"262":0,"263":0,"264":0,"265":2,"266":0,"267":0,"268":0,"269":0,"270":0,"271":0,"272":6,"273":6,"274":6,"275":6,"276":6,"277":0,"278":6,"279":0,"280":6,"281":0,"282":6,"283":2,"284":2,"285":2,"286":2,"287":1,"288":6,"289":6,"290":6,"291":6,"292":6,"293":6,"294":1,"295":0,"296":0,"297":0,"298":0,"299":0,"300":0,"301":0,"302":0,"303":0,"304":0,"305":0,"306":0,"307":0,"308":0,"309":0,"310":0,"311":0,"312":0,"313":0,"314":1,"315":0,"316":0,"317":0,"318":1,"319":0,"320":0,"321":0,"322":0,"323":1,"324":0,"325":0,"326":0,"327":0,"328":0,"329":0,"330":0,"331":0,"332":0,"333":0,"334":0,"335":0,"336":0,"337":0,"338":0,"339":0,"340":0,"341":0,"342":0,"343":0,"344":0,"345":0,"346":0,"347":0,"348":0,"349":0,"350":0,"351":0,"352":0,"353":0,"354":1,"355":0,"356":0,"357":0,"358":0,"359":0,"360":0,"361":0,"362":0,"363":0,"364":0,"365":0,"366":0,"367":0,"368":0,"369":0,"370":0,"371":0,"372":1,"373":0,"374":0,"375":0,"376":0,"377":0,"378":0,"379":0,"380":0,"381":0,"382":0,"383":0,"384":0,"385":0,"386":0,"387":0,"388":0,"389":0,"390":1,"391":0,"392":0,"393":0,"394":1,"395":0,"396":0,"397":0,"398":1,"399":0,"400":0,"401":0,"402":1,"403":0,"404":0,"405":0,"406":1,"407":6,"408":6,"409":6,"410":6,"411":0},"b":{"0":[1,0],"1":[1,1],"2":[0,0],"3":[0,0],"4":[0,0],"5":[0,0],"6":[6,5],"7":[6,6],"8":[0,0],"9":[0,0],"10":[0,0],"11":[0,0],"12":[0,0],"13":[0,0],"14":[0,0],"15":[0,0],"16":[0,0],"17":[0,0],"18":[0,0],"19":[0,0],"20":[0,0],"21":[0,0],"22":[0,0],"23":[6,0],"24":[0,0],"25":[0,0],"26":[2,0],"27":[2,2],"28":[0,2],"29":[2,2],"30":[1,1],"31":[2,0],"32":[0,0],"33":[0,12],"34":[0,12],"35":[0,2],"36":[2,0],"37":[6,6],"38":[0,6],"39":[2,4],"40":[2,4],"41":[0,12],"42":[0,0,0,0,0],"43":[0,0],"44":[0,0],"45":[0,0,0,0,0],"46":[0,8],"47":[8,0],"48":[0,6],"49":[6,4],"50":[0,6],"51":[4,2],"52":[4,2],"53":[2,2],"54":[0,4],"55":[4,0],"56":[4,4,4],"57":[0,4],"58":[4,4],"59":[4,0],"60":[0,0],"61":[0,0],"62":[0,6],"63":[0,0],"64":[0,0],"65":[6,6],"66":[4,8],"67":[0,2],"68":[0,2],"69":[0,6],"70":[6,0,0,0],"71":[6,0],"72":[0,6,0,0],"73":[0,0],"74":[6,0],"75":[0,0],"76":[2,4],"77":[0,6],"78":[0,6],"79":[6,0],"80":[6,6],"81":[0,6],"82":[0,0],"83":[6,0],"84":[0,0],"85":[0,2],"86":[0,0],"87":[0,0],"88":[4,4],"89":[0,6],"90":[2,4],"91":[4,4],"92":[0,0],"93":[6,6],"94":[6,4,4,4],"95":[0,6],"96":[6,0],"97":[0,6],"98":[6,0],"99":[0,6],"100":[6,0],"101":[0,6],"102":[6,0,0],"103":[0,6],"104":[0,6],"105":[0,6],"106":[0,6],"107":[6,0],"108":[0,6],"109":[6,0],"110":[0,6],"111":[6,0],"112":[6,0],"113":[6,6],"114":[0,6],"115":[0,6],"116":[0,6],"117":[6,0,0],"118":[0,0],"119":[0,0],"120":[0,0,0],"121":[0,0],"122":[0,0],"123":[0,0,0],"124":[0,0],"125":[0,0],"126":[0,6],"127":[6,6],"128":[0,6],"129":[6,6],"130":[0,6],"131":[0,6],"132":[6,6],"133":[6,0],"134":[0,0],"135":[0,0],"136":[0,0],"137":[0,0],"138":[0,12],"139":[12,12],"140":[1,0,1],"141":[0,0],"142":[0,0],"143":[0,0],"144":[1,0,1],"145":[0,0],"146":[0,0],"147":[0,0],"148":[0,0],"149":[0,0,0],"150":[0,0],"151":[0,0],"152":[0,0],"153":[0,0,0,0,0,0],"154":[0,0],"155":[0,0,0],"156":[0,0],"157":[0,0],"158":[0,0,0,0],"159":[0,0],"160":[0,0],"161":[0,0],"162":[0,0],"163":[0,0],"164":[0,0],"165":[0,0],"166":[1,0],"167":[0,1],"168":[1,0],"169":[0,0],"170":[0,0,0],"171":[1,0],"172":[0,0],"173":[0,1],"174":[0,1],"175":[0,0,0,0,0],"176":[0,0],"177":[6,0],"178":[0,6],"179":[6,6],"180":[0,0],"181":[0,0],"182":[0,0],"183":[0,0],"184":[0,0],"185":[0,0],"186":[0,2],"187":[0,0],"188":[0,0],"189":[0,6],"190":[6,4],"191":[0,6],"192":[6,0],"193":[0,6],"194":[6,0],"195":[6,1],"196":[0,0],"197":[0,0],"198":[0,0],"199":[0,0],"200":[0,0],"201":[0,0],"202":[0,0],"203":[0,0],"204":[0,0],"205":[1,0],"206":[6,0],"207":[6,0],"208":[6,6]}}
,"/Users/duanguang/Documents/Front-End/legions/lerna-legion-library/packages/legions-control-container/src/test.demo/contants.ts": {"path":"/Users/duanguang/Documents/Front-End/legions/lerna-legion-library/packages/legions-control-container/src/test.demo/contants.ts","statementMap":{"0":{"start":{"line":1,"column":11},"end":{"line":5,"column":2}}},"fnMap":{},"branchMap":{},"s":{"0":1},"f":{},"b":{}}
}
