{"/Users/duanguang/Documents/Front-End/legions/lerna-legion-library/packages/legions-control-container/api.test/Katana.ts": {"path":"/Users/duanguang/Documents/Front-End/legions/lerna-legion-library/packages/legions-control-container/api.test/Katana.ts","statementMap":{"0":{"start":{"line":1,"column":0},"end":{"line":1,"column":55}},"1":{"start":{"line":2,"column":0},"end":{"line":2,"column":26}},"2":{"start":{"line":4,"column":0},"end":{"line":4,"column":6}},"3":{"start":{"line":4,"column":6},"end":{"line":4,"column":null}},"4":{"start":{"line":5,"column":9},"end":{"line":7,"column":null}},"5":{"start":{"line":6,"column":4},"end":{"line":6,"column":24}},"6":{"start":{"line":4,"column":6},"end":{"line":8,"column":null}},"7":{"start":{"line":8,"column":0},"end":{"line":8,"column":null}},"8":{"start":{"line":9,"column":21},"end":{"line":9,"column":27}}},"fnMap":{"0":{"name":"(anonymous_0)","decl":{"start":{"line":4,"column":0},"end":{"line":4,"column":6}},"loc":{"start":{"line":4,"column":0},"end":{"line":4,"column":6}}},"1":{"name":"(anonymous_2)","decl":{"start":{"line":5,"column":2},"end":{"line":5,"column":9}},"loc":{"start":{"line":5,"column":2},"end":{"line":7,"column":3}}}},"branchMap":{},"s":{"0":1,"1":1,"2":1,"3":1,"4":1,"5":1,"6":1,"7":1,"8":1},"f":{"0":2,"1":1},"b":{}}
,"/Users/duanguang/Documents/Front-End/legions/lerna-legion-library/packages/legions-control-container/api.test/Shuriken.ts": {"path":"/Users/duanguang/Documents/Front-End/legions/lerna-legion-library/packages/legions-control-container/api.test/Shuriken.ts","statementMap":{"0":{"start":{"line":1,"column":0},"end":{"line":1,"column":55}},"1":{"start":{"line":2,"column":0},"end":{"line":2,"column":26}},"2":{"start":{"line":4,"column":0},"end":{"line":4,"column":13}},"3":{"start":{"line":4,"column":13},"end":{"line":4,"column":null}},"4":{"start":{"line":5,"column":9},"end":{"line":7,"column":null}},"5":{"start":{"line":6,"column":4},"end":{"line":6,"column":18}},"6":{"start":{"line":4,"column":13},"end":{"line":8,"column":null}},"7":{"start":{"line":8,"column":0},"end":{"line":8,"column":null}},"8":{"start":{"line":4,"column":13},"end":{"line":4,"column":21}}},"fnMap":{"0":{"name":"(anonymous_0)","decl":{"start":{"line":4,"column":0},"end":{"line":4,"column":13}},"loc":{"start":{"line":4,"column":0},"end":{"line":4,"column":13}}},"1":{"name":"(anonymous_2)","decl":{"start":{"line":5,"column":2},"end":{"line":5,"column":9}},"loc":{"start":{"line":5,"column":2},"end":{"line":7,"column":3}}}},"branchMap":{},"s":{"0":1,"1":1,"2":1,"3":1,"4":1,"5":1,"6":1,"7":1,"8":1},"f":{"0":2,"1":1},"b":{}}
,"/Users/duanguang/Documents/Front-End/legions/lerna-legion-library/packages/legions-control-container/api.test/contants.ts": {"path":"/Users/duanguang/Documents/Front-End/legions/lerna-legion-library/packages/legions-control-container/api.test/contants.ts","statementMap":{"0":{"start":{"line":1,"column":11},"end":{"line":5,"column":2}}},"fnMap":{},"branchMap":{},"s":{"0":1},"f":{},"b":{}}
,"/Users/duanguang/Documents/Front-End/legions/lerna-legion-library/packages/legions-control-container/src/index.ts": {"path":"/Users/duanguang/Documents/Front-End/legions/lerna-legion-library/packages/legions-control-container/src/index.ts","statementMap":{"0":{"start":{"line":1,"column":0},"end":{"line":1,"column":26}},"1":{"start":{"line":2,"column":0},"end":{"line":2,"column":9}},"2":{"start":{"line":2,"column":9},"end":{"line":2,"column":33}},"3":{"start":{"line":2,"column":33},"end":{"line":2,"column":41}},"4":{"start":{"line":2,"column":41},"end":{"line":2,"column":69}},"5":{"start":{"line":3,"column":0},"end":{"line":3,"column":9}},"6":{"start":{"line":9,"column":9},"end":{"line":3,"column":67}},"7":{"start":{"line":4,"column":0},"end":{"line":4,"column":9}},"8":{"start":{"line":4,"column":9},"end":{"line":4,"column":18}},"9":{"start":{"line":4,"column":18},"end":{"line":4,"column":70}},"10":{"start":{"line":5,"column":0},"end":{"line":5,"column":59}},"11":{"start":{"line":6,"column":0},"end":{"line":6,"column":9}},"12":{"start":{"line":6,"column":9},"end":{"line":6,"column":46}},"13":{"start":{"line":8,"column":0},"end":{"line":8,"column":9}},"14":{"start":{"line":8,"column":9},"end":{"line":8,"column":27}},"15":{"start":{"line":8,"column":27},"end":{"line":8,"column":71}},"16":{"start":{"line":11,"column":2},"end":{"line":11,"column":47}},"17":{"start":{"line":10,"column":0},"end":{"line":10,"column":16}}},"fnMap":{"0":{"name":"(anonymous_0)","decl":{"start":{"line":2,"column":9},"end":{"line":2,"column":19}},"loc":{"start":{"line":2,"column":9},"end":{"line":2,"column":33}}},"1":{"name":"(anonymous_1)","decl":{"start":{"line":2,"column":33},"end":{"line":2,"column":39}},"loc":{"start":{"line":2,"column":33},"end":{"line":2,"column":41}}},"2":{"name":"(anonymous_2)","decl":{"start":{"line":2,"column":41},"end":{"line":2,"column":49}},"loc":{"start":{"line":2,"column":41},"end":{"line":2,"column":69}}},"3":{"name":"(anonymous_3)","decl":{"start":{"line":9,"column":9},"end":{"line":9,"column":28}},"loc":{"start":{"line":9,"column":9},"end":{"line":3,"column":67}}},"4":{"name":"(anonymous_4)","decl":{"start":{"line":4,"column":9},"end":{"line":4,"column":16}},"loc":{"start":{"line":4,"column":9},"end":{"line":4,"column":18}}},"5":{"name":"(anonymous_5)","decl":{"start":{"line":4,"column":18},"end":{"line":4,"column":31}},"loc":{"start":{"line":4,"column":18},"end":{"line":4,"column":70}}},"6":{"name":"(anonymous_6)","decl":{"start":{"line":6,"column":9},"end":{"line":6,"column":21}},"loc":{"start":{"line":6,"column":9},"end":{"line":6,"column":46}}},"7":{"name":"(anonymous_7)","decl":{"start":{"line":8,"column":9},"end":{"line":8,"column":25}},"loc":{"start":{"line":8,"column":9},"end":{"line":8,"column":27}}},"8":{"name":"(anonymous_8)","decl":{"start":{"line":8,"column":27},"end":{"line":8,"column":37}},"loc":{"start":{"line":8,"column":27},"end":{"line":8,"column":71}}},"9":{"name":"loadProviderModule","decl":{"start":{"line":10,"column":16},"end":{"line":10,"column":34}},"loc":{"start":{"line":10,"column":34},"end":{"line":12,"column":1}}}},"branchMap":{},"s":{"0":1,"1":1,"2":1,"3":3,"4":1,"5":1,"6":1,"7":1,"8":1,"9":1,"10":1,"11":1,"12":7,"13":1,"14":3,"15":1,"16":0,"17":1},"f":{"0":0,"1":2,"2":0,"3":0,"4":0,"5":0,"6":6,"7":2,"8":0,"9":0},"b":{}}
,"/Users/duanguang/Documents/Front-End/legions/lerna-legion-library/packages/legions-control-container/src/core/inversify.config.ts": {"path":"/Users/duanguang/Documents/Front-End/legions/lerna-legion-library/packages/legions-control-container/src/core/inversify.config.ts","statementMap":{"0":{"start":{"line":1,"column":0},"end":{"line":1,"column":38}},"1":{"start":{"line":2,"column":0},"end":{"line":2,"column":56}},"2":{"start":{"line":3,"column":25},"end":{"line":5,"column":2}},"3":{"start":{"line":10,"column":9},"end":{"line":10,"column":25}},"4":{"start":{"line":9,"column":4},"end":{"line":9,"column":36}},"5":{"start":{"line":10,"column":27},"end":{"line":10,"column":37}}},"fnMap":{},"branchMap":{},"s":{"0":1,"1":1,"2":1,"3":1,"4":1,"5":1},"f":{},"b":{}}
,"/Users/duanguang/Documents/Front-End/legions/lerna-legion-library/packages/legions-control-container/src/core/provide.ts": {"path":"/Users/duanguang/Documents/Front-End/legions/lerna-legion-library/packages/legions-control-container/src/core/provide.ts","statementMap":{"0":{"start":{"line":1,"column":0},"end":{"line":1,"column":55}},"1":{"start":{"line":3,"column":0},"end":{"line":3,"column":null}},"2":{"start":{"line":8,"column":0},"end":{"line":8,"column":54}},"3":{"start":{"line":9,"column":21},"end":{"line":11,"column":2}},"4":{"start":{"line":19,"column":2},"end":{"line":33,"column":4}},"5":{"start":{"line":20,"column":4},"end":{"line":20,"column":56}},"6":{"start":{"line":22,"column":6},"end":{"line":22,"column":62}},"7":{"start":{"line":23,"column":21},"end":{"line":24,"column":null}},"8":{"start":{"line":24,"column":14},"end":{"line":24,"column":null}},"9":{"start":{"line":26,"column":4},"end":{"line":31,"column":null}},"10":{"start":{"line":27,"column":23},"end":{"line":29,"column":8}},"11":{"start":{"line":28,"column":8},"end":{"line":28,"column":63}},"12":{"start":{"line":30,"column":6},"end":{"line":30,"column":38}},"13":{"start":{"line":32,"column":4},"end":{"line":32,"column":18}},"14":{"start":{"line":15,"column":0},"end":{"line":15,"column":16}}},"fnMap":{"0":{"name":"fullProvider","decl":{"start":{"line":15,"column":16},"end":{"line":15,"column":28}},"loc":{"start":{"line":17,"column":17},"end":{"line":34,"column":1}}},"1":{"name":"(anonymous_1)","decl":{"start":{"line":19,"column":9},"end":{"line":19,"column":19}},"loc":{"start":{"line":19,"column":30},"end":{"line":33,"column":3}}},"2":{"name":"(anonymous_2)","decl":{"start":{"line":24,"column":6},"end":{"line":24,"column":10}},"loc":{"start":{"line":24,"column":10},"end":{"line":24,"column":18}}},"3":{"name":"(anonymous_3)","decl":{"start":{"line":27,"column":43},"end":{"line":27,"column":44}},"loc":{"start":{"line":27,"column":74},"end":{"line":29,"column":7}}}},"branchMap":{"0":{"loc":{"start":{"line":22,"column":6},"end":{"line":22,"column":56}},"type":"binary-expr","locations":[{"start":{"line":22,"column":6},"end":{"line":22,"column":56}},{"start":{"line":22,"column":60},"end":{"line":22,"column":62}}]},"1":{"loc":{"start":{"line":26,"column":4},"end":{"line":31,"column":null}},"type":"if","locations":[{"start":{"line":26,"column":4},"end":{"line":31,"column":null}},{"start":{"line":26,"column":4},"end":{"line":31,"column":null}}]},"2":{"loc":{"start":{"line":26,"column":8},"end":{"line":26,"column":16}},"type":"binary-expr","locations":[{"start":{"line":26,"column":8},"end":{"line":26,"column":16}},{"start":{"line":26,"column":20},"end":{"line":26,"column":64}}]}},"s":{"0":1,"1":1,"2":1,"3":1,"4":6,"5":6,"6":6,"7":6,"8":6,"9":6,"10":6,"11":6,"12":6,"13":6,"14":1},"f":{"0":6,"1":6,"2":6,"3":6},"b":{"0":[6,0],"1":[6,0],"2":[6,6]}}
}
