TN:
SF:/Users/duanguang/Documents/Front-End/legions/lerna-legion-library/packages/legions-control-container/api.test/Katana.ts
FN:4,(anonymous_0)
FN:5,(anonymous_2)
FNF:2
FNH:2
FNDA:2,(anonymous_0)
FNDA:1,(anonymous_2)
DA:1,1
DA:2,1
DA:4,1
DA:5,1
DA:6,1
DA:8,1
DA:9,1
LF:7
LH:7
BRF:0
BRH:0
end_of_record
TN:
SF:/Users/duanguang/Documents/Front-End/legions/lerna-legion-library/packages/legions-control-container/api.test/Shuriken.ts
FN:4,(anonymous_0)
FN:5,(anonymous_2)
FNF:2
FNH:2
FNDA:2,(anonymous_0)
FNDA:1,(anonymous_2)
DA:1,1
DA:2,1
DA:4,1
DA:5,1
DA:6,1
DA:8,1
LF:6
LH:6
BRF:0
BRH:0
end_of_record
TN:
SF:/Users/duanguang/Documents/Front-End/legions/lerna-legion-library/packages/legions-control-container/api.test/contants.ts
FNF:0
FNH:0
DA:1,1
LF:1
LH:1
BRF:0
BRH:0
end_of_record
TN:
SF:/Users/duanguang/Documents/Front-End/legions/lerna-legion-library/packages/legions-control-container/src/index.ts
FN:2,(anonymous_0)
FN:2,(anonymous_1)
FN:2,(anonymous_2)
FN:9,(anonymous_3)
FN:4,(anonymous_4)
FN:4,(anonymous_5)
FN:6,(anonymous_6)
FN:8,(anonymous_7)
FN:8,(anonymous_8)
FN:10,loadProviderModule
FNF:10
FNH:3
FNDA:0,(anonymous_0)
FNDA:2,(anonymous_1)
FNDA:0,(anonymous_2)
FNDA:0,(anonymous_3)
FNDA:0,(anonymous_4)
FNDA:0,(anonymous_5)
FNDA:6,(anonymous_6)
FNDA:2,(anonymous_7)
FNDA:0,(anonymous_8)
FNDA:0,loadProviderModule
DA:1,1
DA:2,3
DA:3,1
DA:4,1
DA:5,1
DA:6,7
DA:8,3
DA:9,1
DA:10,1
DA:11,0
LF:10
LH:9
BRF:0
BRH:0
end_of_record
TN:
SF:/Users/duanguang/Documents/Front-End/legions/lerna-legion-library/packages/legions-control-container/src/core/inversify.config.ts
FNF:0
FNH:0
DA:1,1
DA:2,1
DA:3,1
DA:9,1
DA:10,1
LF:5
LH:5
BRF:0
BRH:0
end_of_record
TN:
SF:/Users/duanguang/Documents/Front-End/legions/lerna-legion-library/packages/legions-control-container/src/core/provide.ts
FN:15,fullProvider
FN:19,(anonymous_1)
FN:24,(anonymous_2)
FN:27,(anonymous_3)
FNF:4
FNH:4
FNDA:6,fullProvider
FNDA:6,(anonymous_1)
FNDA:6,(anonymous_2)
FNDA:6,(anonymous_3)
DA:1,1
DA:3,1
DA:8,1
DA:9,1
DA:15,1
DA:19,6
DA:20,6
DA:22,6
DA:23,6
DA:24,6
DA:26,6
DA:27,6
DA:28,6
DA:30,6
DA:32,6
LF:15
LH:15
BRDA:22,0,0,6
BRDA:22,0,1,0
BRDA:26,1,0,6
BRDA:26,1,1,0
BRDA:26,2,0,6
BRDA:26,2,1,6
BRF:6
BRH:4
end_of_record
