TN:
SF:/Users/duanguang/Documents/Front-End/legions/lerna-legion-library/packages/legions-control-container/dist/legions-control-container.umd.js
FN:6,(anonymous_0)
FN:10,(anonymous_1)
FN:61,id
FN:65,(anonymous_3)
FN:66,Binding
FN:72,(anonymous_5)
FN:80,(anonymous_6)
FN:106,(anonymous_7)
FN:120,(anonymous_8)
FN:136,(anonymous_9)
FN:143,(anonymous_10)
FN:154,(anonymous_11)
FN:155,MetadataReader
FN:157,(anonymous_13)
FN:165,(anonymous_14)
FN:178,isStackOverflowExeption
FN:183,getServiceIdentifierAsString
FN:196,listRegisteredBindingsForServiceIdentifier
FN:201,(anonymous_18)
FN:214,alreadyDependencyChain
FN:225,dependencyChainToString
FN:226,_createStringArr
FN:238,circularDependencyToException
FN:239,(anonymous_23)
FN:249,listMetadataForTarget
FN:258,(anonymous_25)
FN:268,getFunctionName
FN:279,(anonymous_27)
FN:280,Context
FN:284,(anonymous_29)
FN:287,(anonymous_30)
FN:293,(anonymous_31)
FN:294,Metadata
FN:298,(anonymous_33)
FN:309,(anonymous_34)
FN:310,Plan
FN:317,tagParameter
FN:321,tagProperty
FN:325,_tagParameterOrProperty
FN:351,_decorate
FN:354,_param
FN:355,(anonymous_41)
FN:357,decorate
FN:369,(anonymous_43)
FN:370,LazyServiceIdentifer
FN:373,(anonymous_45)
FN:378,inject
FN:379,(anonymous_47)
FN:393,(anonymous_48)
FN:394,QueryableString
FN:397,(anonymous_50)
FN:400,(anonymous_51)
FN:406,(anonymous_52)
FN:409,(anonymous_53)
FN:412,(anonymous_54)
FN:418,(anonymous_55)
FN:419,Target
FN:436,(anonymous_57)
FN:445,(anonymous_58)
FN:448,(anonymous_59)
FN:451,(anonymous_60)
FN:454,(anonymous_61)
FN:455,(anonymous_62)
FN:463,(anonymous_63)
FN:466,(anonymous_64)
FN:468,(anonymous_65)
FN:472,(anonymous_66)
FN:474,(anonymous_67)
FN:484,(anonymous_68)
FN:487,(anonymous_69)
FN:489,(anonymous_70)
FN:502,getDependencies
FN:507,getTargets
FN:523,getConstructorArgsAsTarget
FN:548,getConstructorArgsAsTargets
FN:559,getClassPropsAsTargets
FN:580,getBaseClassDependencyCount
FN:585,(anonymous_77)
FN:586,(anonymous_78)
FN:603,formatTargetMetadata
FN:605,(anonymous_80)
FN:616,(anonymous_81)
FN:617,Request
FN:629,(anonymous_83)
FN:637,getBindingDictionary
FN:640,_createTarget
FN:650,_getActiveBindings
FN:661,(anonymous_87)
FN:672,_validateActiveBindingCount
FN:702,_createSubRequests
FN:715,(anonymous_90)
FN:735,(anonymous_91)
FN:741,getBindings
FN:752,plan
FN:769,createMockRequest
FN:776,_injectProperties
FN:777,(anonymous_96)
FN:782,(anonymous_97)
FN:790,_createInstance
FN:793,_postConstruct
FN:804,resolveInstance
FN:807,(anonymous_101)
FN:821,(anonymous_102)
FN:834,(anonymous_103)
FN:835,(anonymous_104)
FN:845,(anonymous_105)
FN:876,(anonymous_106)
FN:879,(anonymous_107)
FN:882,(anonymous_108)
FN:907,resolve
FN:912,(anonymous_110)
FN:921,(anonymous_111)
FN:921,(anonymous_112)
FN:922,(anonymous_113)
FN:929,(anonymous_114)
FN:929,(anonymous_115)
FN:945,(anonymous_116)
FN:946,BindingWhenSyntax
FN:949,(anonymous_118)
FN:953,(anonymous_119)
FN:957,(anonymous_120)
FN:958,(anonymous_121)
FN:966,(anonymous_122)
FN:970,(anonymous_123)
FN:971,(anonymous_124)
FN:976,(anonymous_125)
FN:977,(anonymous_126)
FN:982,(anonymous_127)
FN:983,(anonymous_128)
FN:988,(anonymous_129)
FN:989,(anonymous_130)
FN:994,(anonymous_131)
FN:995,(anonymous_132)
FN:1000,(anonymous_133)
FN:1001,(anonymous_134)
FN:1006,(anonymous_135)
FN:1007,(anonymous_136)
FN:1012,(anonymous_137)
FN:1013,(anonymous_138)
FN:1018,(anonymous_139)
FN:1019,(anonymous_140)
FN:1024,(anonymous_141)
FN:1025,(anonymous_142)
FN:1030,(anonymous_143)
FN:1031,(anonymous_144)
FN:1039,(anonymous_145)
FN:1040,BindingOnSyntax
FN:1043,(anonymous_147)
FN:1050,(anonymous_148)
FN:1051,BindingWhenOnSyntax
FN:1056,(anonymous_150)
FN:1059,(anonymous_151)
FN:1062,(anonymous_152)
FN:1065,(anonymous_153)
FN:1068,(anonymous_154)
FN:1071,(anonymous_155)
FN:1074,(anonymous_156)
FN:1077,(anonymous_157)
FN:1080,(anonymous_158)
FN:1083,(anonymous_159)
FN:1086,(anonymous_160)
FN:1089,(anonymous_161)
FN:1092,(anonymous_162)
FN:1095,(anonymous_163)
FN:1098,(anonymous_164)
FN:1101,(anonymous_165)
FN:1107,(anonymous_166)
FN:1108,BindingInSyntax
FN:1111,(anonymous_168)
FN:1115,(anonymous_169)
FN:1119,(anonymous_170)
FN:1126,(anonymous_171)
FN:1127,BindingInWhenOnSyntax
FN:1133,(anonymous_173)
FN:1136,(anonymous_174)
FN:1139,(anonymous_175)
FN:1142,(anonymous_176)
FN:1145,(anonymous_177)
FN:1148,(anonymous_178)
FN:1151,(anonymous_179)
FN:1154,(anonymous_180)
FN:1157,(anonymous_181)
FN:1160,(anonymous_182)
FN:1163,(anonymous_183)
FN:1166,(anonymous_184)
FN:1169,(anonymous_185)
FN:1172,(anonymous_186)
FN:1175,(anonymous_187)
FN:1178,(anonymous_188)
FN:1181,(anonymous_189)
FN:1184,(anonymous_190)
FN:1187,(anonymous_191)
FN:1193,(anonymous_192)
FN:1194,BindingToSyntax
FN:1197,(anonymous_194)
FN:1202,(anonymous_195)
FN:1209,(anonymous_196)
FN:1216,(anonymous_197)
FN:1223,(anonymous_198)
FN:1228,(anonymous_199)
FN:1233,(anonymous_200)
FN:1241,(anonymous_201)
FN:1243,(anonymous_202)
FN:1244,(anonymous_203)
FN:1249,(anonymous_204)
FN:1254,(anonymous_205)
FN:1255,(anonymous_206)
FN:1260,(anonymous_207)
FN:1261,ContainerSnapshot
FN:1263,(anonymous_209)
FN:1272,(anonymous_210)
FN:1273,Lookup
FN:1276,(anonymous_212)
FN:1279,(anonymous_213)
FN:1295,(anonymous_214)
FN:1307,(anonymous_215)
FN:1315,(anonymous_216)
FN:1317,(anonymous_217)
FN:1318,(anonymous_218)
FN:1327,(anonymous_219)
FN:1333,(anonymous_220)
FN:1335,(anonymous_221)
FN:1336,(anonymous_222)
FN:1340,(anonymous_223)
FN:1341,(anonymous_224)
FN:1348,(anonymous_225)
FN:1349,(anonymous_226)
FN:1350,fulfilled
FN:1351,rejected
FN:1352,step
FN:1352,(anonymous_230)
FN:1356,(anonymous_231)
FN:1357,(anonymous_232)
FN:1358,(anonymous_233)
FN:1359,verb
FN:1359,(anonymous_235)
FN:1360,step
FN:1383,(anonymous_237)
FN:1384,Container
FN:1421,(anonymous_239)
FN:1426,copyDictionary
FN:1427,(anonymous_241)
FN:1428,(anonymous_242)
FN:1437,(anonymous_243)
FN:1449,(anonymous_244)
FN:1454,(anonymous_245)
FN:1456,(anonymous_246)
FN:1478,(anonymous_247)
FN:1484,(anonymous_248)
FN:1484,(anonymous_249)
FN:1487,(anonymous_250)
FN:1492,(anonymous_251)
FN:1498,(anonymous_252)
FN:1502,(anonymous_253)
FN:1510,(anonymous_254)
FN:1513,(anonymous_255)
FN:1520,(anonymous_256)
FN:1523,(anonymous_257)
FN:1528,(anonymous_258)
FN:1535,(anonymous_259)
FN:1538,(anonymous_260)
FN:1546,(anonymous_261)
FN:1551,(anonymous_262)
FN:1557,(anonymous_263)
FN:1559,(anonymous_264)
FN:1562,(anonymous_265)
FN:1565,(anonymous_266)
FN:1568,(anonymous_267)
FN:1571,(anonymous_268)
FN:1574,(anonymous_269)
FN:1577,(anonymous_270)
FN:1580,(anonymous_271)
FN:1585,(anonymous_272)
FN:1587,(anonymous_273)
FN:1590,(anonymous_274)
FN:1591,(anonymous_275)
FN:1598,(anonymous_276)
FN:1599,(anonymous_277)
FN:1604,(anonymous_278)
FN:1605,(anonymous_279)
FN:1610,(anonymous_280)
FN:1611,(anonymous_281)
FN:1618,(anonymous_282)
FN:1625,(anonymous_283)
FN:1629,(anonymous_284)
FN:1647,(anonymous_285)
FN:1649,(anonymous_286)
FN:1659,(anonymous_287)
FN:1660,ContainerModule
FN:1667,injectable
FN:1668,(anonymous_290)
FN:1684,provide
FN:1685,(anonymous_292)
FN:1703,(anonymous_293)
FN:1713,(anonymous_294)
FN:1714,ProvideInWhenOnSyntax
FN:1719,(anonymous_296)
FN:1722,(anonymous_297)
FN:1725,(anonymous_298)
FN:1728,(anonymous_299)
FN:1731,(anonymous_300)
FN:1734,(anonymous_301)
FN:1737,(anonymous_302)
FN:1740,(anonymous_303)
FN:1743,(anonymous_304)
FN:1746,(anonymous_305)
FN:1749,(anonymous_306)
FN:1752,(anonymous_307)
FN:1755,(anonymous_308)
FN:1758,(anonymous_309)
FN:1761,(anonymous_310)
FN:1764,(anonymous_311)
FN:1767,(anonymous_312)
FN:1770,(anonymous_313)
FN:1776,(anonymous_314)
FN:1777,ProvideDoneSyntax
FN:1780,(anonymous_316)
FN:1782,(anonymous_317)
FN:1812,(anonymous_318)
FN:1813,ProvideOnSyntax
FN:1817,(anonymous_320)
FN:1819,(anonymous_321)
FN:1823,(anonymous_322)
FN:1829,(anonymous_323)
FN:1830,ProvideWhenSyntax
FN:1834,(anonymous_325)
FN:1836,(anonymous_326)
FN:1842,(anonymous_327)
FN:1844,(anonymous_328)
FN:1850,(anonymous_329)
FN:1852,(anonymous_330)
FN:1858,(anonymous_331)
FN:1860,(anonymous_332)
FN:1866,(anonymous_333)
FN:1868,(anonymous_334)
FN:1874,(anonymous_335)
FN:1876,(anonymous_336)
FN:1882,(anonymous_337)
FN:1884,(anonymous_338)
FN:1890,(anonymous_339)
FN:1892,(anonymous_340)
FN:1898,(anonymous_341)
FN:1900,(anonymous_342)
FN:1906,(anonymous_343)
FN:1908,(anonymous_344)
FN:1914,(anonymous_345)
FN:1916,(anonymous_346)
FN:1922,(anonymous_347)
FN:1924,(anonymous_348)
FN:1930,(anonymous_349)
FN:1932,(anonymous_350)
FN:1938,(anonymous_351)
FN:1940,(anonymous_352)
FN:1946,(anonymous_353)
FN:1952,(anonymous_354)
FN:1953,ProvideWhenOnSyntax
FN:1957,(anonymous_356)
FN:1960,(anonymous_357)
FN:1963,(anonymous_358)
FN:1966,(anonymous_359)
FN:1969,(anonymous_360)
FN:1972,(anonymous_361)
FN:1975,(anonymous_362)
FN:1978,(anonymous_363)
FN:1981,(anonymous_364)
FN:1984,(anonymous_365)
FN:1987,(anonymous_366)
FN:1990,(anonymous_367)
FN:1993,(anonymous_368)
FN:1996,(anonymous_369)
FN:1999,(anonymous_370)
FN:2002,(anonymous_371)
FN:2008,(anonymous_372)
FN:2009,ProvideInSyntax
FN:2013,(anonymous_374)
FN:2015,(anonymous_375)
FN:2023,(anonymous_376)
FN:2025,(anonymous_377)
FN:2031,(anonymous_378)
FN:2037,fluentProvide
FN:2038,(anonymous_380)
FN:2039,(anonymous_381)
FN:2041,(anonymous_382)
FN:2045,buildProviderModule
FN:2046,(anonymous_384)
FN:2048,(anonymous_385)
FN:2051,resolve$1
FN:2056,_proxyGetter
FN:2057,getter
FN:2068,setter
FN:2078,makePropertyInjectDecorator
FN:2079,(anonymous_391)
FN:2080,(anonymous_392)
FN:2081,(anonymous_393)
FN:2088,makePropertyInjectNamedDecorator
FN:2089,(anonymous_395)
FN:2090,(anonymous_396)
FN:2091,(anonymous_397)
FN:2098,makePropertyInjectTaggedDecorator
FN:2099,(anonymous_399)
FN:2100,(anonymous_400)
FN:2101,(anonymous_401)
FN:2108,makePropertyMultiInjectDecorator
FN:2109,(anonymous_403)
FN:2110,(anonymous_404)
FN:2111,(anonymous_405)
FN:2119,getDecorators
FN:2146,fullProvider
FN:2147,(anonymous_408)
FN:2150,(anonymous_409)
FN:2152,(anonymous_410)
FN:2161,loadProviderModule
FNF:412
FNH:129
FNDA:1,(anonymous_0)
FNDA:1,(anonymous_1)
FNDA:41,id
FNDA:1,(anonymous_3)
FNDA:6,Binding
FNDA:8,(anonymous_5)
FNDA:0,(anonymous_6)
FNDA:0,(anonymous_7)
FNDA:0,(anonymous_8)
FNDA:0,(anonymous_9)
FNDA:0,(anonymous_10)
FNDA:1,(anonymous_11)
FNDA:1,MetadataReader
FNDA:8,(anonymous_13)
FNDA:8,(anonymous_14)
FNDA:0,isStackOverflowExeption
FNDA:0,getServiceIdentifierAsString
FNDA:0,listRegisteredBindingsForServiceIdentifier
FNDA:0,(anonymous_18)
FNDA:0,alreadyDependencyChain
FNDA:0,dependencyChainToString
FNDA:0,_createStringArr
FNDA:0,circularDependencyToException
FNDA:0,(anonymous_23)
FNDA:0,listMetadataForTarget
FNDA:0,(anonymous_25)
FNDA:8,getFunctionName
FNDA:1,(anonymous_27)
FNDA:4,Context
FNDA:4,(anonymous_29)
FNDA:8,(anonymous_30)
FNDA:1,(anonymous_31)
FNDA:6,Metadata
FNDA:0,(anonymous_33)
FNDA:1,(anonymous_34)
FNDA:4,Plan
FNDA:2,tagParameter
FNDA:0,tagProperty
FNDA:2,_tagParameterOrProperty
FNDA:12,_decorate
FNDA:0,_param
FNDA:0,(anonymous_41)
FNDA:12,decorate
FNDA:1,(anonymous_43)
FNDA:0,LazyServiceIdentifer
FNDA:0,(anonymous_45)
FNDA:2,inject
FNDA:2,(anonymous_47)
FNDA:1,(anonymous_48)
FNDA:8,QueryableString
FNDA:0,(anonymous_50)
FNDA:0,(anonymous_51)
FNDA:0,(anonymous_52)
FNDA:0,(anonymous_53)
FNDA:0,(anonymous_54)
FNDA:1,(anonymous_55)
FNDA:8,Target
FNDA:24,(anonymous_57)
FNDA:24,(anonymous_58)
FNDA:4,(anonymous_59)
FNDA:0,(anonymous_60)
FNDA:0,(anonymous_61)
FNDA:0,(anonymous_62)
FNDA:8,(anonymous_63)
FNDA:0,(anonymous_64)
FNDA:0,(anonymous_65)
FNDA:0,(anonymous_66)
FNDA:0,(anonymous_67)
FNDA:0,(anonymous_68)
FNDA:12,(anonymous_69)
FNDA:12,(anonymous_70)
FNDA:8,getDependencies
FNDA:8,getTargets
FNDA:4,getConstructorArgsAsTarget
FNDA:8,getConstructorArgsAsTargets
FNDA:8,getClassPropsAsTargets
FNDA:0,getBaseClassDependencyCount
FNDA:0,(anonymous_77)
FNDA:0,(anonymous_78)
FNDA:4,formatTargetMetadata
FNDA:2,(anonymous_80)
FNDA:1,(anonymous_81)
FNDA:16,Request
FNDA:4,(anonymous_83)
FNDA:8,getBindingDictionary
FNDA:4,_createTarget
FNDA:8,_getActiveBindings
FNDA:8,(anonymous_87)
FNDA:8,_validateActiveBindingCount
FNDA:8,_createSubRequests
FNDA:8,(anonymous_90)
FNDA:4,(anonymous_91)
FNDA:8,getBindings
FNDA:4,plan
FNDA:0,createMockRequest
FNDA:2,_injectProperties
FNDA:4,(anonymous_96)
FNDA:0,(anonymous_97)
FNDA:2,_createInstance
FNDA:8,_postConstruct
FNDA:8,resolveInstance
FNDA:4,(anonymous_101)
FNDA:0,(anonymous_102)
FNDA:12,(anonymous_103)
FNDA:8,(anonymous_104)
FNDA:0,(anonymous_105)
FNDA:0,(anonymous_106)
FNDA:0,(anonymous_107)
FNDA:0,(anonymous_108)
FNDA:4,resolve
FNDA:0,(anonymous_110)
FNDA:1,(anonymous_111)
FNDA:0,(anonymous_112)
FNDA:0,(anonymous_113)
FNDA:0,(anonymous_114)
FNDA:0,(anonymous_115)
FNDA:1,(anonymous_116)
FNDA:6,BindingWhenSyntax
FNDA:0,(anonymous_118)
FNDA:0,(anonymous_119)
FNDA:0,(anonymous_120)
FNDA:0,(anonymous_121)
FNDA:0,(anonymous_122)
FNDA:0,(anonymous_123)
FNDA:0,(anonymous_124)
FNDA:0,(anonymous_125)
FNDA:0,(anonymous_126)
FNDA:0,(anonymous_127)
FNDA:0,(anonymous_128)
FNDA:0,(anonymous_129)
FNDA:0,(anonymous_130)
FNDA:0,(anonymous_131)
FNDA:0,(anonymous_132)
FNDA:0,(anonymous_133)
FNDA:0,(anonymous_134)
FNDA:0,(anonymous_135)
FNDA:0,(anonymous_136)
FNDA:0,(anonymous_137)
FNDA:0,(anonymous_138)
FNDA:0,(anonymous_139)
FNDA:0,(anonymous_140)
FNDA:0,(anonymous_141)
FNDA:0,(anonymous_142)
FNDA:0,(anonymous_143)
FNDA:0,(anonymous_144)
FNDA:1,(anonymous_145)
FNDA:6,BindingOnSyntax
FNDA:0,(anonymous_147)
FNDA:1,(anonymous_148)
FNDA:0,BindingWhenOnSyntax
FNDA:0,(anonymous_150)
FNDA:0,(anonymous_151)
FNDA:0,(anonymous_152)
FNDA:0,(anonymous_153)
FNDA:0,(anonymous_154)
FNDA:0,(anonymous_155)
FNDA:0,(anonymous_156)
FNDA:0,(anonymous_157)
FNDA:0,(anonymous_158)
FNDA:0,(anonymous_159)
FNDA:0,(anonymous_160)
FNDA:0,(anonymous_161)
FNDA:0,(anonymous_162)
FNDA:0,(anonymous_163)
FNDA:0,(anonymous_164)
FNDA:0,(anonymous_165)
FNDA:1,(anonymous_166)
FNDA:6,BindingInSyntax
FNDA:0,(anonymous_168)
FNDA:0,(anonymous_169)
FNDA:0,(anonymous_170)
FNDA:1,(anonymous_171)
FNDA:6,BindingInWhenOnSyntax
FNDA:0,(anonymous_173)
FNDA:0,(anonymous_174)
FNDA:0,(anonymous_175)
FNDA:0,(anonymous_176)
FNDA:0,(anonymous_177)
FNDA:0,(anonymous_178)
FNDA:0,(anonymous_179)
FNDA:0,(anonymous_180)
FNDA:0,(anonymous_181)
FNDA:0,(anonymous_182)
FNDA:0,(anonymous_183)
FNDA:0,(anonymous_184)
FNDA:0,(anonymous_185)
FNDA:0,(anonymous_186)
FNDA:0,(anonymous_187)
FNDA:0,(anonymous_188)
FNDA:0,(anonymous_189)
FNDA:0,(anonymous_190)
FNDA:0,(anonymous_191)
FNDA:1,(anonymous_192)
FNDA:6,BindingToSyntax
FNDA:6,(anonymous_194)
FNDA:0,(anonymous_195)
FNDA:0,(anonymous_196)
FNDA:0,(anonymous_197)
FNDA:0,(anonymous_198)
FNDA:0,(anonymous_199)
FNDA:0,(anonymous_200)
FNDA:0,(anonymous_201)
FNDA:0,(anonymous_202)
FNDA:0,(anonymous_203)
FNDA:0,(anonymous_204)
FNDA:0,(anonymous_205)
FNDA:0,(anonymous_206)
FNDA:1,(anonymous_207)
FNDA:0,ContainerSnapshot
FNDA:0,(anonymous_209)
FNDA:1,(anonymous_210)
FNDA:1,Lookup
FNDA:0,(anonymous_212)
FNDA:6,(anonymous_213)
FNDA:8,(anonymous_214)
FNDA:0,(anonymous_215)
FNDA:0,(anonymous_216)
FNDA:0,(anonymous_217)
FNDA:0,(anonymous_218)
FNDA:14,(anonymous_219)
FNDA:0,(anonymous_220)
FNDA:0,(anonymous_221)
FNDA:0,(anonymous_222)
FNDA:0,(anonymous_223)
FNDA:0,(anonymous_224)
FNDA:0,(anonymous_225)
FNDA:0,(anonymous_226)
FNDA:0,fulfilled
FNDA:0,rejected
FNDA:0,step
FNDA:0,(anonymous_230)
FNDA:0,(anonymous_231)
FNDA:0,(anonymous_232)
FNDA:0,(anonymous_233)
FNDA:0,verb
FNDA:0,(anonymous_235)
FNDA:0,step
FNDA:1,(anonymous_237)
FNDA:1,Container
FNDA:0,(anonymous_239)
FNDA:0,copyDictionary
FNDA:0,(anonymous_241)
FNDA:0,(anonymous_242)
FNDA:6,(anonymous_243)
FNDA:0,(anonymous_244)
FNDA:0,(anonymous_245)
FNDA:0,(anonymous_246)
FNDA:0,(anonymous_247)
FNDA:0,(anonymous_248)
FNDA:0,(anonymous_249)
FNDA:0,(anonymous_250)
FNDA:6,(anonymous_251)
FNDA:0,(anonymous_252)
FNDA:0,(anonymous_253)
FNDA:0,(anonymous_254)
FNDA:6,(anonymous_255)
FNDA:0,(anonymous_256)
FNDA:0,(anonymous_257)
FNDA:0,(anonymous_258)
FNDA:0,(anonymous_259)
FNDA:0,(anonymous_260)
FNDA:0,(anonymous_261)
FNDA:0,(anonymous_262)
FNDA:0,(anonymous_263)
FNDA:0,(anonymous_264)
FNDA:4,(anonymous_265)
FNDA:0,(anonymous_266)
FNDA:0,(anonymous_267)
FNDA:0,(anonymous_268)
FNDA:0,(anonymous_269)
FNDA:0,(anonymous_270)
FNDA:0,(anonymous_271)
FNDA:6,(anonymous_272)
FNDA:6,(anonymous_273)
FNDA:6,(anonymous_274)
FNDA:6,(anonymous_275)
FNDA:6,(anonymous_276)
FNDA:0,(anonymous_277)
FNDA:6,(anonymous_278)
FNDA:0,(anonymous_279)
FNDA:6,(anonymous_280)
FNDA:0,(anonymous_281)
FNDA:6,(anonymous_282)
FNDA:4,(anonymous_283)
FNDA:4,(anonymous_284)
FNDA:4,(anonymous_285)
FNDA:4,(anonymous_286)
FNDA:1,(anonymous_287)
FNDA:6,ContainerModule
FNDA:6,injectable
FNDA:6,(anonymous_290)
FNDA:6,provide
FNDA:6,(anonymous_292)
FNDA:6,(anonymous_293)
FNDA:1,(anonymous_294)
FNDA:0,ProvideInWhenOnSyntax
FNDA:0,(anonymous_296)
FNDA:0,(anonymous_297)
FNDA:0,(anonymous_298)
FNDA:0,(anonymous_299)
FNDA:0,(anonymous_300)
FNDA:0,(anonymous_301)
FNDA:0,(anonymous_302)
FNDA:0,(anonymous_303)
FNDA:0,(anonymous_304)
FNDA:0,(anonymous_305)
FNDA:0,(anonymous_306)
FNDA:0,(anonymous_307)
FNDA:0,(anonymous_308)
FNDA:0,(anonymous_309)
FNDA:0,(anonymous_310)
FNDA:0,(anonymous_311)
FNDA:0,(anonymous_312)
FNDA:0,(anonymous_313)
FNDA:1,(anonymous_314)
FNDA:0,ProvideDoneSyntax
FNDA:0,(anonymous_316)
FNDA:0,(anonymous_317)
FNDA:1,(anonymous_318)
FNDA:0,ProvideOnSyntax
FNDA:0,(anonymous_320)
FNDA:0,(anonymous_321)
FNDA:0,(anonymous_322)
FNDA:1,(anonymous_323)
FNDA:0,ProvideWhenSyntax
FNDA:0,(anonymous_325)
FNDA:0,(anonymous_326)
FNDA:0,(anonymous_327)
FNDA:0,(anonymous_328)
FNDA:0,(anonymous_329)
FNDA:0,(anonymous_330)
FNDA:0,(anonymous_331)
FNDA:0,(anonymous_332)
FNDA:0,(anonymous_333)
FNDA:0,(anonymous_334)
FNDA:0,(anonymous_335)
FNDA:0,(anonymous_336)
FNDA:0,(anonymous_337)
FNDA:0,(anonymous_338)
FNDA:0,(anonymous_339)
FNDA:0,(anonymous_340)
FNDA:0,(anonymous_341)
FNDA:0,(anonymous_342)
FNDA:0,(anonymous_343)
FNDA:0,(anonymous_344)
FNDA:0,(anonymous_345)
FNDA:0,(anonymous_346)
FNDA:0,(anonymous_347)
FNDA:0,(anonymous_348)
FNDA:0,(anonymous_349)
FNDA:0,(anonymous_350)
FNDA:0,(anonymous_351)
FNDA:0,(anonymous_352)
FNDA:0,(anonymous_353)
FNDA:1,(anonymous_354)
FNDA:0,ProvideWhenOnSyntax
FNDA:0,(anonymous_356)
FNDA:0,(anonymous_357)
FNDA:0,(anonymous_358)
FNDA:0,(anonymous_359)
FNDA:0,(anonymous_360)
FNDA:0,(anonymous_361)
FNDA:0,(anonymous_362)
FNDA:0,(anonymous_363)
FNDA:0,(anonymous_364)
FNDA:0,(anonymous_365)
FNDA:0,(anonymous_366)
FNDA:0,(anonymous_367)
FNDA:0,(anonymous_368)
FNDA:0,(anonymous_369)
FNDA:0,(anonymous_370)
FNDA:0,(anonymous_371)
FNDA:1,(anonymous_372)
FNDA:0,ProvideInSyntax
FNDA:0,(anonymous_374)
FNDA:0,(anonymous_375)
FNDA:0,(anonymous_376)
FNDA:0,(anonymous_377)
FNDA:0,(anonymous_378)
FNDA:0,fluentProvide
FNDA:0,(anonymous_380)
FNDA:0,(anonymous_381)
FNDA:0,(anonymous_382)
FNDA:0,buildProviderModule
FNDA:0,(anonymous_384)
FNDA:0,(anonymous_385)
FNDA:0,resolve$1
FNDA:2,_proxyGetter
FNDA:2,getter
FNDA:0,setter
FNDA:1,makePropertyInjectDecorator
FNDA:2,(anonymous_391)
FNDA:2,(anonymous_392)
FNDA:2,(anonymous_393)
FNDA:1,makePropertyInjectNamedDecorator
FNDA:0,(anonymous_395)
FNDA:0,(anonymous_396)
FNDA:0,(anonymous_397)
FNDA:1,makePropertyInjectTaggedDecorator
FNDA:0,(anonymous_399)
FNDA:0,(anonymous_400)
FNDA:0,(anonymous_401)
FNDA:1,makePropertyMultiInjectDecorator
FNDA:0,(anonymous_403)
FNDA:0,(anonymous_404)
FNDA:0,(anonymous_405)
FNDA:1,getDecorators
FNDA:6,fullProvider
FNDA:6,(anonymous_408)
FNDA:6,(anonymous_409)
FNDA:6,(anonymous_410)
FNDA:0,loadProviderModule
DA:6,1
DA:7,1
DA:12,1
DA:13,1
DA:14,1
DA:15,1
DA:16,1
DA:17,1
DA:18,1
DA:19,1
DA:20,1
DA:21,1
DA:22,1
DA:24,1
DA:39,1
DA:44,1
DA:54,1
DA:60,1
DA:62,41
DA:65,1
DA:67,6
DA:68,6
DA:69,6
DA:70,6
DA:71,6
DA:72,8
DA:73,6
DA:74,6
DA:75,6
DA:76,6
DA:77,6
DA:78,6
DA:80,1
DA:81,0
DA:82,0
DA:83,0
DA:84,0
DA:85,0
DA:86,0
DA:87,0
DA:88,0
DA:89,0
DA:90,0
DA:91,0
DA:92,0
DA:94,1
DA:97,1
DA:98,1
DA:99,1
DA:100,1
DA:101,1
DA:102,1
DA:103,1
DA:104,1
DA:105,1
DA:106,1
DA:107,0
DA:111,1
DA:112,1
DA:113,1
DA:114,1
DA:115,1
DA:116,1
DA:118,1
DA:120,1
DA:121,0
DA:122,0
DA:123,0
DA:125,0
DA:128,1
DA:130,1
DA:132,1
DA:134,1
DA:136,1
DA:137,0
DA:138,0
DA:139,0
DA:141,0
DA:143,1
DA:144,0
DA:145,0
DA:146,0
DA:148,0
DA:152,1
DA:154,1
DA:157,1
DA:158,8
DA:159,8
DA:160,8
DA:165,1
DA:166,8
DA:167,8
DA:169,1
DA:172,1
DA:179,0
DA:184,0
DA:185,0
DA:186,0
DA:188,0
DA:189,0
DA:192,0
DA:193,0
DA:197,0
DA:198,0
DA:199,0
DA:200,0
DA:201,0
DA:202,0
DA:203,0
DA:204,0
DA:206,0
DA:207,0
DA:208,0
DA:212,0
DA:215,0
DA:216,0
DA:218,0
DA:219,0
DA:222,0
DA:227,0
DA:228,0
DA:229,0
DA:230,0
DA:231,0
DA:233,0
DA:235,0
DA:236,0
DA:239,0
DA:240,0
DA:241,0
DA:242,0
DA:245,0
DA:250,0
DA:251,0
DA:252,0
DA:253,0
DA:254,0
DA:255,0
DA:257,0
DA:258,0
DA:259,0
DA:262,0
DA:265,0
DA:269,8
DA:270,8
DA:273,0
DA:274,0
DA:275,0
DA:279,1
DA:281,4
DA:282,4
DA:284,1
DA:285,4
DA:287,1
DA:288,8
DA:290,1
DA:293,1
DA:295,6
DA:296,6
DA:298,1
DA:299,0
DA:300,0
DA:303,0
DA:306,1
DA:309,1
DA:311,4
DA:312,4
DA:314,1
DA:318,2
DA:319,2
DA:322,0
DA:323,0
DA:326,2
DA:327,2
DA:328,2
DA:329,2
DA:330,0
DA:332,2
DA:333,1
DA:335,2
DA:336,2
DA:337,2
DA:340,0
DA:341,0
DA:342,0
DA:343,0
DA:347,2
DA:348,2
DA:349,2
DA:352,12
DA:355,0
DA:358,12
DA:359,0
DA:361,12
DA:362,0
DA:365,12
DA:369,1
DA:371,0
DA:373,1
DA:374,0
DA:376,1
DA:379,2
DA:380,2
DA:381,0
DA:383,2
DA:384,2
DA:385,2
DA:388,0
DA:393,1
DA:395,8
DA:397,1
DA:398,0
DA:400,1
DA:401,0
DA:402,0
DA:403,0
DA:404,0
DA:406,1
DA:407,0
DA:409,1
DA:410,0
DA:412,1
DA:413,0
DA:415,1
DA:418,1
DA:420,8
DA:421,8
DA:422,8
DA:423,8
DA:424,8
DA:425,8
DA:426,8
DA:427,0
DA:429,8
DA:430,4
DA:432,8
DA:433,4
DA:436,1
DA:437,24
DA:438,18
DA:439,18
DA:440,0
DA:443,24
DA:445,1
DA:446,24
DA:448,1
DA:449,4
DA:451,1
DA:452,0
DA:454,1
DA:455,0
DA:456,0
DA:463,1
DA:464,8
DA:466,1
DA:467,0
DA:468,0
DA:470,0
DA:472,1
DA:473,0
DA:474,0
DA:475,0
DA:482,0
DA:484,1
DA:485,0
DA:487,1
DA:488,12
DA:489,12
DA:490,12
DA:491,10
DA:492,10
DA:493,0
DA:496,12
DA:499,1
DA:503,8
DA:504,8
DA:505,8
DA:508,8
DA:509,8
DA:510,8
DA:511,0
DA:512,0
DA:514,8
DA:515,8
DA:516,8
DA:517,8
DA:518,8
DA:519,8
DA:520,8
DA:521,8
DA:524,4
DA:525,4
DA:526,4
DA:527,4
DA:528,4
DA:529,4
DA:530,4
DA:531,0
DA:533,4
DA:534,4
DA:535,4
DA:536,4
DA:537,4
DA:538,4
DA:539,0
DA:540,0
DA:542,4
DA:543,4
DA:544,4
DA:546,0
DA:549,8
DA:550,8
DA:551,4
DA:552,4
DA:553,4
DA:554,4
DA:557,8
DA:560,8
DA:561,8
DA:562,8
DA:563,8
DA:564,0
DA:565,0
DA:566,0
DA:567,0
DA:568,0
DA:569,0
DA:570,0
DA:571,0
DA:573,8
DA:574,8
DA:575,0
DA:576,0
DA:578,8
DA:581,0
DA:582,0
DA:583,0
DA:584,0
DA:585,0
DA:586,0
DA:587,0
DA:590,0
DA:591,0
DA:592,0
DA:593,0
DA:596,0
DA:600,0
DA:604,4
DA:605,4
DA:606,2
DA:608,4
DA:616,1
DA:618,16
DA:619,16
DA:620,16
DA:621,16
DA:622,16
DA:623,16
DA:624,16
DA:625,16
DA:629,1
DA:630,4
DA:631,4
DA:632,4
DA:634,1
DA:638,8
DA:641,4
DA:642,4
DA:643,4
DA:644,4
DA:645,0
DA:646,0
DA:648,4
DA:651,8
DA:652,8
DA:653,8
DA:657,0
DA:658,0
DA:660,8
DA:661,8
DA:662,8
DA:663,8
DA:667,0
DA:669,8
DA:670,8
DA:673,8
DA:675,0
DA:676,0
DA:679,0
DA:680,0
DA:681,0
DA:682,0
DA:683,0
DA:686,8
DA:687,8
DA:691,0
DA:692,0
DA:693,0
DA:694,0
DA:695,0
DA:698,0
DA:705,8
DA:706,4
DA:707,4
DA:708,4
DA:709,4
DA:712,4
DA:713,4
DA:715,8
DA:716,8
DA:717,8
DA:718,0
DA:721,8
DA:722,0
DA:724,8
DA:726,8
DA:727,8
DA:728,8
DA:729,0
DA:730,0
DA:731,0
DA:732,0
DA:735,8
DA:736,4
DA:742,8
DA:743,8
DA:744,8
DA:745,8
DA:747,0
DA:748,0
DA:750,8
DA:753,4
DA:754,4
DA:755,4
DA:756,4
DA:757,4
DA:758,4
DA:761,0
DA:762,0
DA:763,0
DA:766,0
DA:770,0
DA:771,0
DA:772,0
DA:773,0
DA:777,2
DA:778,4
DA:781,2
DA:782,2
DA:783,0
DA:784,0
DA:785,0
DA:786,0
DA:788,2
DA:791,2
DA:794,8
DA:795,0
DA:796,0
DA:797,0
DA:800,0
DA:805,8
DA:806,8
DA:807,2
DA:808,4
DA:810,2
DA:811,2
DA:812,2
DA:815,6
DA:817,8
DA:818,8
DA:821,1
DA:822,0
DA:823,0
DA:826,0
DA:827,0
DA:830,0
DA:834,1
DA:835,12
DA:836,8
DA:837,8
DA:838,8
DA:839,8
DA:840,8
DA:844,8
DA:845,0
DA:846,0
DA:847,0
DA:851,8
DA:852,8
DA:853,0
DA:855,8
DA:856,8
DA:857,8
DA:858,8
DA:859,0
DA:861,8
DA:864,0
DA:866,8
DA:867,0
DA:869,8
DA:870,0
DA:872,8
DA:873,0
DA:875,8
DA:876,0
DA:878,8
DA:879,0
DA:881,8
DA:882,0
DA:884,8
DA:885,8
DA:888,0
DA:889,0
DA:891,8
DA:892,0
DA:894,8
DA:895,0
DA:896,0
DA:898,8
DA:901,0
DA:903,8
DA:908,4
DA:909,4
DA:912,1
DA:913,0
DA:914,0
DA:915,0
DA:918,0
DA:921,1
DA:922,0
DA:923,0
DA:925,0
DA:926,0
DA:928,1
DA:929,1
DA:930,0
DA:931,0
DA:932,0
DA:933,0
DA:934,0
DA:935,0
DA:938,0
DA:939,0
DA:942,0
DA:945,1
DA:947,6
DA:949,1
DA:950,0
DA:951,0
DA:953,1
DA:954,0
DA:955,0
DA:957,1
DA:958,0
DA:959,0
DA:962,0
DA:964,0
DA:966,1
DA:967,0
DA:968,0
DA:970,1
DA:971,0
DA:972,0
DA:974,0
DA:976,1
DA:977,0
DA:978,0
DA:980,0
DA:982,1
DA:983,0
DA:984,0
DA:986,0
DA:988,1
DA:989,0
DA:990,0
DA:992,0
DA:994,1
DA:995,0
DA:996,0
DA:998,0
DA:1000,1
DA:1001,0
DA:1002,0
DA:1004,0
DA:1006,1
DA:1007,0
DA:1008,0
DA:1010,0
DA:1012,1
DA:1013,0
DA:1014,0
DA:1016,0
DA:1018,1
DA:1019,0
DA:1020,0
DA:1022,0
DA:1024,1
DA:1025,0
DA:1026,0
DA:1028,0
DA:1030,1
DA:1031,0
DA:1032,0
DA:1034,0
DA:1036,1
DA:1039,1
DA:1041,6
DA:1043,1
DA:1044,0
DA:1045,0
DA:1047,1
DA:1050,1
DA:1052,0
DA:1053,0
DA:1054,0
DA:1056,1
DA:1057,0
DA:1059,1
DA:1060,0
DA:1062,1
DA:1063,0
DA:1065,1
DA:1066,0
DA:1068,1
DA:1069,0
DA:1071,1
DA:1072,0
DA:1074,1
DA:1075,0
DA:1077,1
DA:1078,0
DA:1080,1
DA:1081,0
DA:1083,1
DA:1084,0
DA:1086,1
DA:1087,0
DA:1089,1
DA:1090,0
DA:1092,1
DA:1093,0
DA:1095,1
DA:1096,0
DA:1098,1
DA:1099,0
DA:1101,1
DA:1102,0
DA:1104,1
DA:1107,1
DA:1109,6
DA:1111,1
DA:1112,0
DA:1113,0
DA:1115,1
DA:1116,0
DA:1117,0
DA:1119,1
DA:1120,0
DA:1121,0
DA:1123,1
DA:1126,1
DA:1128,6
DA:1129,6
DA:1130,6
DA:1131,6
DA:1133,1
DA:1134,0
DA:1136,1
DA:1137,0
DA:1139,1
DA:1140,0
DA:1142,1
DA:1143,0
DA:1145,1
DA:1146,0
DA:1148,1
DA:1149,0
DA:1151,1
DA:1152,0
DA:1154,1
DA:1155,0
DA:1157,1
DA:1158,0
DA:1160,1
DA:1161,0
DA:1163,1
DA:1164,0
DA:1166,1
DA:1167,0
DA:1169,1
DA:1170,0
DA:1172,1
DA:1173,0
DA:1175,1
DA:1176,0
DA:1178,1
DA:1179,0
DA:1181,1
DA:1182,0
DA:1184,1
DA:1185,0
DA:1187,1
DA:1188,0
DA:1190,1
DA:1193,1
DA:1195,6
DA:1197,1
DA:1198,6
DA:1199,6
DA:1200,6
DA:1202,1
DA:1203,0
DA:1204,0
DA:1206,0
DA:1207,0
DA:1209,1
DA:1210,0
DA:1211,0
DA:1212,0
DA:1213,0
DA:1214,0
DA:1216,1
DA:1217,0
DA:1218,0
DA:1219,0
DA:1220,0
DA:1221,0
DA:1223,1
DA:1224,0
DA:1225,0
DA:1226,0
DA:1228,1
DA:1229,0
DA:1230,0
DA:1231,0
DA:1233,1
DA:1234,0
DA:1235,0
DA:1237,0
DA:1238,0
DA:1239,0
DA:1241,1
DA:1242,0
DA:1243,0
DA:1244,0
DA:1245,0
DA:1247,0
DA:1249,1
DA:1250,0
DA:1251,0
DA:1252,0
DA:1254,1
DA:1255,0
DA:1257,1
DA:1260,1
DA:1263,1
DA:1264,0
DA:1265,0
DA:1266,0
DA:1267,0
DA:1269,1
DA:1272,1
DA:1274,1
DA:1276,1
DA:1277,0
DA:1279,1
DA:1280,6
DA:1281,0
DA:1283,6
DA:1284,0
DA:1286,6
DA:1287,6
DA:1288,0
DA:1289,0
DA:1292,6
DA:1295,1
DA:1296,8
DA:1297,0
DA:1299,8
DA:1300,8
DA:1301,8
DA:1304,0
DA:1307,1
DA:1308,0
DA:1309,0
DA:1311,0
DA:1312,0
DA:1315,1
DA:1316,0
DA:1317,0
DA:1318,0
DA:1319,0
DA:1320,0
DA:1323,0
DA:1327,1
DA:1328,14
DA:1329,0
DA:1331,14
DA:1333,1
DA:1334,0
DA:1335,0
DA:1336,0
DA:1338,0
DA:1340,1
DA:1341,0
DA:1342,0
DA:1345,1
DA:1348,1
DA:1349,0
DA:1350,0
DA:1351,0
DA:1352,0
DA:1353,0
DA:1356,1
DA:1357,0
DA:1358,0
DA:1359,0
DA:1361,0
DA:1362,0
DA:1363,0
DA:1364,0
DA:1365,0
DA:1366,0
DA:1367,0
DA:1368,0
DA:1369,0
DA:1371,0
DA:1372,0
DA:1373,0
DA:1374,0
DA:1375,0
DA:1376,0
DA:1378,0
DA:1379,0
DA:1380,0
DA:1383,1
DA:1385,1
DA:1386,1
DA:1387,0
DA:1389,1
DA:1390,1
DA:1392,0
DA:1395,0
DA:1397,1
DA:1398,1
DA:1400,0
DA:1401,0
DA:1403,1
DA:1404,0
DA:1406,1
DA:1407,0
DA:1409,1
DA:1414,1
DA:1415,1
DA:1416,1
DA:1417,1
DA:1418,1
DA:1419,1
DA:1421,1
DA:1422,0
DA:1423,0
DA:1424,0
DA:1425,0
DA:1427,0
DA:1428,0
DA:1429,0
DA:1433,0
DA:1434,0
DA:1435,0
DA:1437,1
DA:1438,6
DA:1439,6
DA:1440,6
DA:1442,6
DA:1443,6
DA:1444,6
DA:1445,6
DA:1446,6
DA:1449,1
DA:1450,0
DA:1451,0
DA:1452,0
DA:1454,0
DA:1456,0
DA:1457,0
DA:1459,0
DA:1460,0
DA:1461,0
DA:1463,0
DA:1464,0
DA:1465,0
DA:1466,0
DA:1468,0
DA:1469,0
DA:1471,0
DA:1472,0
DA:1473,0
DA:1478,1
DA:1479,0
DA:1480,0
DA:1481,0
DA:1482,0
DA:1484,0
DA:1485,0
DA:1487,0
DA:1488,0
DA:1489,0
DA:1492,1
DA:1493,6
DA:1494,6
DA:1495,6
DA:1496,6
DA:1498,1
DA:1499,0
DA:1500,0
DA:1502,1
DA:1503,0
DA:1504,0
DA:1507,0
DA:1510,1
DA:1511,0
DA:1513,1
DA:1514,6
DA:1515,6
DA:1516,0
DA:1518,6
DA:1520,1
DA:1521,0
DA:1523,1
DA:1524,0
DA:1525,0
DA:1526,0
DA:1527,0
DA:1528,0
DA:1530,0
DA:1531,0
DA:1533,0
DA:1535,1
DA:1536,0
DA:1538,1
DA:1539,0
DA:1540,0
DA:1541,0
DA:1543,0
DA:1544,0
DA:1546,1
DA:1547,0
DA:1548,0
DA:1549,0
DA:1551,1
DA:1552,0
DA:1553,0
DA:1554,0
DA:1556,0
DA:1557,0
DA:1559,1
DA:1560,0
DA:1562,1
DA:1563,4
DA:1565,1
DA:1566,0
DA:1568,1
DA:1569,0
DA:1571,1
DA:1572,0
DA:1574,1
DA:1575,0
DA:1577,1
DA:1578,0
DA:1580,1
DA:1581,0
DA:1582,0
DA:1583,0
DA:1585,1
DA:1586,6
DA:1587,6
DA:1588,6
DA:1590,6
DA:1591,6
DA:1592,6
DA:1593,6
DA:1594,6
DA:1595,6
DA:1598,6
DA:1599,6
DA:1600,0
DA:1601,0
DA:1604,6
DA:1605,6
DA:1606,0
DA:1607,0
DA:1610,6
DA:1611,6
DA:1612,0
DA:1613,0
DA:1614,0
DA:1615,0
DA:1618,6
DA:1625,1
DA:1626,4
DA:1627,4
DA:1629,4
DA:1636,4
DA:1637,0
DA:1638,0
DA:1639,0
DA:1643,4
DA:1645,4
DA:1647,1
DA:1648,4
DA:1649,4
DA:1650,4
DA:1651,4
DA:1652,4
DA:1653,4
DA:1656,1
DA:1659,1
DA:1661,6
DA:1662,6
DA:1664,1
DA:1668,6
DA:1669,6
DA:1670,0
DA:1672,6
DA:1673,6
DA:1674,6
DA:1678,1
DA:1680,1
DA:1685,6
DA:1686,6
DA:1687,6
DA:1688,6
DA:1689,0
DA:1691,6
DA:1693,6
DA:1694,6
DA:1697,0
DA:1702,6
DA:1703,6
DA:1706,6
DA:1707,6
DA:1708,6
DA:1709,6
DA:1713,1
DA:1715,0
DA:1716,0
DA:1717,0
DA:1719,1
DA:1720,0
DA:1722,1
DA:1723,0
DA:1725,1
DA:1726,0
DA:1728,1
DA:1729,0
DA:1731,1
DA:1732,0
DA:1734,1
DA:1735,0
DA:1737,1
DA:1738,0
DA:1740,1
DA:1741,0
DA:1743,1
DA:1744,0
DA:1746,1
DA:1747,0
DA:1749,1
DA:1750,0
DA:1752,1
DA:1753,0
DA:1755,1
DA:1756,0
DA:1758,1
DA:1759,0
DA:1761,1
DA:1762,0
DA:1764,1
DA:1765,0
DA:1767,1
DA:1768,0
DA:1770,1
DA:1771,0
DA:1773,1
DA:1776,1
DA:1778,0
DA:1780,1
DA:1781,0
DA:1782,0
DA:1783,0
DA:1784,0
DA:1785,0
DA:1786,0
DA:1788,0
DA:1790,0
DA:1791,0
DA:1794,0
DA:1799,0
DA:1803,0
DA:1804,0
DA:1805,0
DA:1806,0
DA:1809,1
DA:1812,1
DA:1814,0
DA:1815,0
DA:1817,1
DA:1818,0
DA:1819,0
DA:1820,0
DA:1821,0
DA:1823,1
DA:1824,0
DA:1826,1
DA:1829,1
DA:1831,0
DA:1832,0
DA:1834,1
DA:1835,0
DA:1836,0
DA:1837,0
DA:1839,0
DA:1840,0
DA:1842,1
DA:1843,0
DA:1844,0
DA:1845,0
DA:1847,0
DA:1848,0
DA:1850,1
DA:1851,0
DA:1852,0
DA:1853,0
DA:1855,0
DA:1856,0
DA:1858,1
DA:1859,0
DA:1860,0
DA:1861,0
DA:1863,0
DA:1864,0
DA:1866,1
DA:1867,0
DA:1868,0
DA:1869,0
DA:1871,0
DA:1872,0
DA:1874,1
DA:1875,0
DA:1876,0
DA:1877,0
DA:1879,0
DA:1880,0
DA:1882,1
DA:1883,0
DA:1884,0
DA:1885,0
DA:1887,0
DA:1888,0
DA:1890,1
DA:1891,0
DA:1892,0
DA:1893,0
DA:1895,0
DA:1896,0
DA:1898,1
DA:1899,0
DA:1900,0
DA:1901,0
DA:1903,0
DA:1904,0
DA:1906,1
DA:1907,0
DA:1908,0
DA:1909,0
DA:1911,0
DA:1912,0
DA:1914,1
DA:1915,0
DA:1916,0
DA:1917,0
DA:1919,0
DA:1920,0
DA:1922,1
DA:1923,0
DA:1924,0
DA:1925,0
DA:1927,0
DA:1928,0
DA:1930,1
DA:1931,0
DA:1932,0
DA:1933,0
DA:1935,0
DA:1936,0
DA:1938,1
DA:1939,0
DA:1940,0
DA:1941,0
DA:1943,0
DA:1944,0
DA:1946,1
DA:1947,0
DA:1949,1
DA:1952,1
DA:1954,0
DA:1955,0
DA:1957,1
DA:1958,0
DA:1960,1
DA:1961,0
DA:1963,1
DA:1964,0
DA:1966,1
DA:1967,0
DA:1969,1
DA:1970,0
DA:1972,1
DA:1973,0
DA:1975,1
DA:1976,0
DA:1978,1
DA:1979,0
DA:1981,1
DA:1982,0
DA:1984,1
DA:1985,0
DA:1987,1
DA:1988,0
DA:1990,1
DA:1991,0
DA:1993,1
DA:1994,0
DA:1996,1
DA:1997,0
DA:1999,1
DA:2000,0
DA:2002,1
DA:2003,0
DA:2005,1
DA:2008,1
DA:2010,0
DA:2011,0
DA:2013,1
DA:2014,0
DA:2015,0
DA:2016,0
DA:2018,0
DA:2019,0
DA:2020,0
DA:2021,0
DA:2023,1
DA:2024,0
DA:2025,0
DA:2026,0
DA:2027,0
DA:2028,0
DA:2029,0
DA:2031,1
DA:2032,0
DA:2034,1
DA:2038,0
DA:2039,0
DA:2040,0
DA:2041,0
DA:2042,0
DA:2046,0
DA:2047,0
DA:2048,0
DA:2052,0
DA:2055,1
DA:2058,2
DA:2059,2
DA:2061,2
DA:2062,2
DA:2065,0
DA:2069,0
DA:2071,2
DA:2079,1
DA:2080,2
DA:2081,2
DA:2082,2
DA:2084,2
DA:2089,1
DA:2090,0
DA:2091,0
DA:2092,0
DA:2094,0
DA:2099,1
DA:2100,0
DA:2101,0
DA:2102,0
DA:2104,0
DA:2109,1
DA:2110,0
DA:2111,0
DA:2112,0
DA:2114,0
DA:2120,1
DA:2121,1
DA:2122,1
DA:2123,1
DA:2124,1
DA:2125,1
DA:2133,1
DA:2138,1
DA:2140,1
DA:2147,6
DA:2148,6
DA:2149,6
DA:2150,6
DA:2151,6
DA:2152,6
DA:2153,6
DA:2155,6
DA:2157,6
DA:2162,0
DA:2165,1
DA:2166,1
DA:2167,1
DA:2168,1
DA:2169,1
DA:2170,1
DA:2171,1
DA:2172,1
DA:2173,1
DA:2175,1
LF:1327
LH:651
BRDA:7,0,0,1
BRDA:7,0,1,0
BRDA:7,1,0,1
BRDA:7,1,1,1
BRDA:8,2,0,0
BRDA:8,2,1,0
BRDA:8,3,0,0
BRDA:8,3,1,0
BRDA:9,4,0,0
BRDA:9,4,1,0
BRDA:9,5,0,0
BRDA:9,5,1,0
BRDA:162,6,0,8
BRDA:162,6,1,7
BRDA:166,7,0,8
BRDA:166,7,1,8
BRDA:179,8,0,0
BRDA:179,8,1,0
BRDA:184,9,0,0
BRDA:184,9,1,0
BRDA:188,10,0,0
BRDA:188,10,1,0
BRDA:199,11,0,0
BRDA:199,11,1,0
BRDA:203,12,0,0
BRDA:203,12,1,0
BRDA:207,13,0,0
BRDA:207,13,1,0
BRDA:215,14,0,0
BRDA:215,14,1,0
BRDA:218,15,0,0
BRDA:218,15,1,0
BRDA:227,16,0,0
BRDA:227,16,1,0
BRDA:230,17,0,0
BRDA:230,17,1,0
BRDA:240,18,0,0
BRDA:240,18,1,0
BRDA:250,19,0,0
BRDA:250,19,1,0
BRDA:250,20,0,0
BRDA:250,20,1,0
BRDA:254,21,0,0
BRDA:254,21,1,0
BRDA:257,22,0,0
BRDA:257,22,1,0
BRDA:269,23,0,8
BRDA:269,23,1,0
BRDA:275,24,0,0
BRDA:275,24,1,0
BRDA:299,25,0,0
BRDA:299,25,1,0
BRDA:328,26,0,2
BRDA:328,26,1,0
BRDA:328,27,0,2
BRDA:328,27,1,2
BRDA:329,28,0,0
BRDA:329,28,1,2
BRDA:329,29,0,2
BRDA:329,29,1,2
BRDA:332,30,0,1
BRDA:332,30,1,1
BRDA:336,31,0,2
BRDA:336,31,1,0
BRDA:342,32,0,0
BRDA:342,32,1,0
BRDA:358,33,0,0
BRDA:358,33,1,12
BRDA:361,34,0,0
BRDA:361,34,1,12
BRDA:380,35,0,0
BRDA:380,35,1,2
BRDA:384,36,0,2
BRDA:384,36,1,0
BRDA:423,37,0,8
BRDA:423,37,1,8
BRDA:426,38,0,0
BRDA:426,38,1,8
BRDA:429,39,0,4
BRDA:429,39,1,4
BRDA:432,40,0,4
BRDA:432,40,1,4
BRDA:439,41,0,0
BRDA:439,41,1,18
BRDA:456,42,0,0
BRDA:456,42,1,0
BRDA:456,42,2,0
BRDA:456,42,3,0
BRDA:456,42,4,0
BRDA:467,43,0,0
BRDA:467,43,1,0
BRDA:473,44,0,0
BRDA:473,44,1,0
BRDA:475,45,0,0
BRDA:475,45,1,0
BRDA:475,45,2,0
BRDA:475,45,3,0
BRDA:475,45,4,0
BRDA:492,46,0,0
BRDA:492,46,1,10
BRDA:492,47,0,10
BRDA:492,47,1,0
BRDA:510,48,0,0
BRDA:510,48,1,8
BRDA:516,49,0,8
BRDA:516,49,1,6
BRDA:517,50,0,0
BRDA:517,50,1,8
BRDA:524,51,0,4
BRDA:524,51,1,2
BRDA:528,52,0,4
BRDA:528,52,1,2
BRDA:529,53,0,2
BRDA:529,53,1,2
BRDA:530,54,0,0
BRDA:530,54,1,4
BRDA:533,55,0,4
BRDA:533,55,1,0
BRDA:537,56,0,4
BRDA:537,56,1,4
BRDA:537,56,2,4
BRDA:538,57,0,0
BRDA:538,57,1,4
BRDA:538,58,0,4
BRDA:538,58,1,4
BRDA:553,59,0,4
BRDA:553,59,1,0
BRDA:567,60,0,0
BRDA:567,60,1,0
BRDA:568,61,0,0
BRDA:568,61,1,0
BRDA:574,62,0,0
BRDA:574,62,1,8
BRDA:582,63,0,0
BRDA:582,63,1,0
BRDA:592,64,0,0
BRDA:592,64,1,0
BRDA:624,65,0,8
BRDA:624,65,1,8
BRDA:626,66,0,8
BRDA:626,66,1,8
BRDA:641,67,0,0
BRDA:641,67,1,4
BRDA:644,68,0,0
BRDA:644,68,1,4
BRDA:653,69,0,0
BRDA:653,69,1,8
BRDA:653,70,0,8
BRDA:653,70,1,0
BRDA:653,70,2,0
BRDA:653,70,3,0
BRDA:660,71,0,8
BRDA:660,71,1,0
BRDA:674,72,0,0
BRDA:674,72,1,8
BRDA:674,72,2,0
BRDA:674,72,3,0
BRDA:675,73,0,0
BRDA:675,73,1,0
BRDA:686,74,0,8
BRDA:686,74,1,0
BRDA:691,75,0,0
BRDA:691,75,1,0
BRDA:705,76,0,4
BRDA:705,76,1,4
BRDA:717,77,0,0
BRDA:717,77,1,8
BRDA:721,78,0,0
BRDA:721,78,1,8
BRDA:726,79,0,8
BRDA:726,79,1,0
BRDA:726,80,0,8
BRDA:726,80,1,8
BRDA:728,81,0,0
BRDA:728,81,1,8
BRDA:730,82,0,0
BRDA:730,82,1,0
BRDA:744,83,0,8
BRDA:744,83,1,0
BRDA:747,84,0,0
BRDA:747,84,1,0
BRDA:753,85,0,0
BRDA:753,85,1,4
BRDA:761,86,0,0
BRDA:761,86,1,0
BRDA:762,87,0,0
BRDA:762,87,1,0
BRDA:778,88,0,4
BRDA:778,88,1,4
BRDA:794,89,0,0
BRDA:794,89,1,8
BRDA:806,90,0,2
BRDA:806,90,1,6
BRDA:808,91,0,4
BRDA:808,91,1,4
BRDA:826,92,0,0
BRDA:826,92,1,0
BRDA:839,93,0,8
BRDA:839,93,1,8
BRDA:840,94,0,8
BRDA:840,94,1,4
BRDA:840,94,2,4
BRDA:840,94,3,4
BRDA:844,95,0,0
BRDA:844,95,1,8
BRDA:844,96,0,8
BRDA:844,96,1,0
BRDA:852,97,0,0
BRDA:852,97,1,8
BRDA:852,98,0,8
BRDA:852,98,1,0
BRDA:858,99,0,0
BRDA:858,99,1,8
BRDA:858,100,0,8
BRDA:858,100,1,0
BRDA:861,101,0,0
BRDA:861,101,1,8
BRDA:861,102,0,8
BRDA:861,102,1,0
BRDA:861,102,2,0
BRDA:866,103,0,0
BRDA:866,103,1,8
BRDA:869,104,0,0
BRDA:869,104,1,8
BRDA:872,105,0,0
BRDA:872,105,1,8
BRDA:875,106,0,0
BRDA:875,106,1,8
BRDA:875,107,0,8
BRDA:875,107,1,0
BRDA:878,108,0,0
BRDA:878,108,1,8
BRDA:878,109,0,8
BRDA:878,109,1,0
BRDA:881,110,0,0
BRDA:881,110,1,8
BRDA:881,111,0,8
BRDA:881,111,1,0
BRDA:884,112,0,8
BRDA:884,112,1,0
BRDA:884,113,0,8
BRDA:884,113,1,8
BRDA:891,114,0,0
BRDA:891,114,1,8
BRDA:894,115,0,0
BRDA:894,115,1,8
BRDA:898,116,0,0
BRDA:898,116,1,8
BRDA:898,117,0,8
BRDA:898,117,1,0
BRDA:898,117,2,0
BRDA:914,118,0,0
BRDA:914,118,1,0
BRDA:915,119,0,0
BRDA:915,119,1,0
BRDA:923,120,0,0
BRDA:923,120,1,0
BRDA:923,120,2,0
BRDA:931,121,0,0
BRDA:931,121,1,0
BRDA:933,122,0,0
BRDA:933,122,1,0
BRDA:959,123,0,0
BRDA:959,123,1,0
BRDA:959,123,2,0
BRDA:1203,124,0,0
BRDA:1203,124,1,0
BRDA:1234,125,0,0
BRDA:1234,125,1,0
BRDA:1280,126,0,0
BRDA:1280,126,1,6
BRDA:1280,127,0,6
BRDA:1280,127,1,6
BRDA:1283,128,0,0
BRDA:1283,128,1,6
BRDA:1283,129,0,6
BRDA:1283,129,1,6
BRDA:1287,130,0,0
BRDA:1287,130,1,6
BRDA:1296,131,0,0
BRDA:1296,131,1,8
BRDA:1296,132,0,8
BRDA:1296,132,1,8
BRDA:1300,133,0,8
BRDA:1300,133,1,0
BRDA:1308,134,0,0
BRDA:1308,134,1,0
BRDA:1308,135,0,0
BRDA:1308,135,1,0
BRDA:1311,136,0,0
BRDA:1311,136,1,0
BRDA:1319,137,0,0
BRDA:1319,137,1,0
BRDA:1328,138,0,0
BRDA:1328,138,1,14
BRDA:1328,139,0,14
BRDA:1328,139,1,14
BRDA:1348,140,0,1
BRDA:1348,140,1,0
BRDA:1348,140,2,1
BRDA:1349,141,0,0
BRDA:1349,141,1,0
BRDA:1352,142,0,0
BRDA:1352,142,1,0
BRDA:1353,143,0,0
BRDA:1353,143,1,0
BRDA:1356,144,0,1
BRDA:1356,144,1,0
BRDA:1356,144,2,1
BRDA:1357,145,0,0
BRDA:1357,145,1,0
BRDA:1358,146,0,0
BRDA:1358,146,1,0
BRDA:1361,147,0,0
BRDA:1361,147,1,0
BRDA:1363,148,0,0
BRDA:1363,148,1,0
BRDA:1363,149,0,0
BRDA:1363,149,1,0
BRDA:1363,149,2,0
BRDA:1363,150,0,0
BRDA:1363,150,1,0
BRDA:1363,151,0,0
BRDA:1363,151,1,0
BRDA:1364,152,0,0
BRDA:1364,152,1,0
BRDA:1366,153,0,0
BRDA:1366,153,1,0
BRDA:1366,153,2,0
BRDA:1366,153,3,0
BRDA:1366,153,4,0
BRDA:1366,153,5,0
BRDA:1371,154,0,0
BRDA:1371,154,1,0
BRDA:1371,155,0,0
BRDA:1371,155,1,0
BRDA:1371,155,2,0
BRDA:1371,156,0,0
BRDA:1371,156,1,0
BRDA:1372,157,0,0
BRDA:1372,157,1,0
BRDA:1372,158,0,0
BRDA:1372,158,1,0
BRDA:1372,158,2,0
BRDA:1372,158,3,0
BRDA:1373,159,0,0
BRDA:1373,159,1,0
BRDA:1373,160,0,0
BRDA:1373,160,1,0
BRDA:1374,161,0,0
BRDA:1374,161,1,0
BRDA:1374,162,0,0
BRDA:1374,162,1,0
BRDA:1375,163,0,0
BRDA:1375,163,1,0
BRDA:1380,164,0,0
BRDA:1380,164,1,0
BRDA:1380,165,0,0
BRDA:1380,165,1,0
BRDA:1385,166,0,1
BRDA:1385,166,1,0
BRDA:1386,167,0,0
BRDA:1386,167,1,1
BRDA:1389,168,0,1
BRDA:1389,168,1,0
BRDA:1392,169,0,0
BRDA:1392,169,1,0
BRDA:1392,170,0,0
BRDA:1392,170,1,0
BRDA:1392,170,2,0
BRDA:1397,171,0,1
BRDA:1397,171,1,0
BRDA:1400,172,0,0
BRDA:1400,172,1,0
BRDA:1403,173,0,0
BRDA:1403,173,1,1
BRDA:1406,174,0,0
BRDA:1406,174,1,1
BRDA:1458,175,0,0
BRDA:1458,175,1,0
BRDA:1458,175,2,0
BRDA:1458,175,3,0
BRDA:1458,175,4,0
BRDA:1463,176,0,0
BRDA:1463,176,1,0
BRDA:1493,177,0,6
BRDA:1493,177,1,0
BRDA:1515,178,0,0
BRDA:1515,178,1,6
BRDA:1515,179,0,6
BRDA:1515,179,1,6
BRDA:1525,180,0,0
BRDA:1525,180,1,0
BRDA:1530,181,0,0
BRDA:1530,181,1,0
BRDA:1530,182,0,0
BRDA:1530,182,1,0
BRDA:1540,183,0,0
BRDA:1540,183,1,0
BRDA:1547,184,0,0
BRDA:1547,184,1,0
BRDA:1556,185,0,0
BRDA:1556,185,1,0
BRDA:1636,186,0,0
BRDA:1636,186,1,4
BRDA:1638,187,0,0
BRDA:1638,187,1,0
BRDA:1638,188,0,0
BRDA:1638,188,1,0
BRDA:1669,189,0,0
BRDA:1669,189,1,6
BRDA:1672,190,0,6
BRDA:1672,190,1,4
BRDA:1688,191,0,0
BRDA:1688,191,1,6
BRDA:1688,192,0,6
BRDA:1688,192,1,0
BRDA:1691,193,0,0
BRDA:1691,193,1,6
BRDA:1691,194,0,6
BRDA:1691,194,1,0
BRDA:1706,195,0,6
BRDA:1706,195,1,1
BRDA:1785,196,0,0
BRDA:1785,196,1,0
BRDA:1785,197,0,0
BRDA:1785,197,1,0
BRDA:1788,198,0,0
BRDA:1788,198,1,0
BRDA:1788,199,0,0
BRDA:1788,199,1,0
BRDA:1803,200,0,0
BRDA:1803,200,1,0
BRDA:2047,201,0,0
BRDA:2047,201,1,0
BRDA:2058,202,0,2
BRDA:2058,202,1,0
BRDA:2058,203,0,2
BRDA:2058,203,1,2
BRDA:2061,204,0,2
BRDA:2061,204,1,0
BRDA:2120,205,0,1
BRDA:2120,205,1,0
BRDA:2149,206,0,6
BRDA:2149,206,1,0
BRDA:2151,207,0,6
BRDA:2151,207,1,0
BRDA:2151,208,0,6
BRDA:2151,208,1,6
BRF:449
BRH:156
end_of_record
TN:
SF:/Users/duanguang/Documents/Front-End/legions/lerna-legion-library/packages/legions-control-container/src/test.demo/Katana.ts
FN:4,(anonymous_0)
FN:5,(anonymous_2)
FNF:2
FNH:2
FNDA:2,(anonymous_0)
FNDA:1,(anonymous_2)
DA:1,1
DA:2,1
DA:4,1
DA:5,1
DA:6,1
DA:8,1
DA:9,1
LF:7
LH:7
BRF:0
BRH:0
end_of_record
TN:
SF:/Users/duanguang/Documents/Front-End/legions/lerna-legion-library/packages/legions-control-container/src/test.demo/Shuriken.ts
FN:4,(anonymous_0)
FN:5,(anonymous_2)
FNF:2
FNH:2
FNDA:2,(anonymous_0)
FNDA:1,(anonymous_2)
DA:1,1
DA:2,1
DA:4,1
DA:5,1
DA:6,1
DA:8,1
LF:6
LH:6
BRF:0
BRH:0
end_of_record
TN:
SF:/Users/duanguang/Documents/Front-End/legions/lerna-legion-library/packages/legions-control-container/src/test.demo/contants.ts
FNF:0
FNH:0
DA:1,1
LF:1
LH:1
BRF:0
BRH:0
end_of_record
TN:
SF:/Users/duanguang/Documents/Front-End/legions/lerna-legion-library/packages/legions-control-container/src/test.demo/container.provider/Ninja.Provider.ts
FN:19,(anonymous_0)
FN:28,NinjaProvider
FN:36,(anonymous_2)
FN:39,(anonymous_3)
FN:42,(anonymous_4)
FN:45,(anonymous_5)
FNF:6
FNH:6
FNDA:1,(anonymous_0)
FNDA:1,NinjaProvider
FNDA:1,(anonymous_2)
FNDA:1,(anonymous_3)
FNDA:1,(anonymous_4)
FNDA:1,(anonymous_5)
DA:2,1
DA:7,1
DA:19,1
DA:24,1
DA:26,1
DA:32,1
DA:33,1
DA:36,1
DA:37,1
DA:39,1
DA:40,1
DA:42,1
DA:43,1
DA:45,1
DA:46,1
DA:48,1
LF:16
LH:16
BRF:0
BRH:0
end_of_record
TN:
SF:/Users/duanguang/Documents/Front-End/legions/lerna-legion-library/packages/legions-control-container/src/test.demo/container.provider/Shuriken.Provider.ts
FN:8,(anonymous_0)
FN:9,(anonymous_2)
FNF:2
FNH:2
FNDA:3,(anonymous_0)
FNDA:2,(anonymous_2)
DA:2,1
DA:3,1
DA:8,1
DA:9,1
DA:10,2
DA:12,1
LF:6
LH:6
BRF:0
BRH:0
end_of_record
TN:
SF:/Users/duanguang/Documents/Front-End/legions/lerna-legion-library/packages/legions-control-container/src/test.demo/container.provider/katana.Provider.ts
FN:10,(anonymous_0)
FN:11,(anonymous_2)
FNF:2
FNH:2
FNDA:3,(anonymous_0)
FNDA:2,(anonymous_2)
DA:2,1
DA:3,1
DA:10,1
DA:11,1
DA:12,2
DA:14,1
LF:6
LH:6
BRF:0
BRH:0
end_of_record
